opt
 Namespace(accumulated_batches=1, batch_size=8, cfg='cfg/yolov3_864x480.cfg', data_cfg='cfg/ccmcpe.json', epochs=30, lr=0.01, print_interval=40, resume=True, test_interval=10, unfreeze_bn=False)
================================================================================
dataset summary
OrderedDict([('mot17', 547.0), ('caltech', 1043.0), ('citypersons', 0), ('cuhksysu', 11931.0), ('prw', 933.0), ('eth', 0)])
total # identities: 14455
start index
OrderedDict([('mot17', 0), ('caltech', 547.0), ('citypersons', 1590.0), ('cuhksysu', 1590.0), ('prw', 13521.0), ('eth', 14454.0)])
================================================================================
Loading finetune weight... /home/master/kuanzi/weights/jde_864x480_uncertainty.pt
model weight loaded
classifer_param
 <generator object Module.parameters at 0x7ff60d2f3c50>
classifer_param_value
 [140694830206912, 140694810873928]
base_params
 <filter object at 0x7ff61039f048>
chk epoch:
 59

layer                                               name  gradient   parameters                shape           mu        sigma
    0                             module.0.conv_0.weight      True          864        [32, 3, 3, 3]     -0.00309        0.372
    1                       module.0.batch_norm_0.weight     False           32                 [32]        0.436        0.286
    2                         module.0.batch_norm_0.bias     False           32                 [32]            0            0
    3                             module.1.conv_1.weight      True        18432       [64, 32, 3, 3]     -0.00908       0.0849
    4                       module.1.batch_norm_1.weight     False           64                 [64]         0.47        0.266
    5                         module.1.batch_norm_1.bias     False           64                 [64]            0            0
    6                             module.2.conv_2.weight      True         2048       [32, 64, 1, 1]      -0.0189        0.169
    7                       module.2.batch_norm_2.weight     False           32                 [32]        0.446        0.284
    8                         module.2.batch_norm_2.bias     False           32                 [32]            0            0
    9                             module.3.conv_3.weight      True        18432       [64, 32, 3, 3]     -0.00355       0.0832
   10                       module.3.batch_norm_3.weight     False           64                 [64]        0.514        0.308
   11                         module.3.batch_norm_3.bias     False           64                 [64]            0            0
   12                             module.5.conv_5.weight      True        73728      [128, 64, 3, 3]     -0.00278       0.0546
   13                       module.5.batch_norm_5.weight     False          128                [128]        0.499        0.293
   14                         module.5.batch_norm_5.bias     False          128                [128]            0            0
   15                             module.6.conv_6.weight      True         8192      [64, 128, 1, 1]     -0.00546       0.0857
   16                       module.6.batch_norm_6.weight     False           64                 [64]        0.546         0.31
   17                         module.6.batch_norm_6.bias     False           64                 [64]            0            0
   18                             module.7.conv_7.weight      True        73728      [128, 64, 3, 3]     -0.00373       0.0469
   19                       module.7.batch_norm_7.weight     False          128                [128]        0.492        0.311
   20                         module.7.batch_norm_7.bias     False          128                [128]            0            0
   21                             module.9.conv_9.weight      True         8192      [64, 128, 1, 1]     -0.00703       0.0962
   22                       module.9.batch_norm_9.weight     False           64                 [64]        0.469          0.3
   23                         module.9.batch_norm_9.bias     False           64                 [64]            0            0
   24                           module.10.conv_10.weight      True        73728      [128, 64, 3, 3]     -0.00286       0.0439
   25                     module.10.batch_norm_10.weight     False          128                [128]        0.463        0.306
   26                       module.10.batch_norm_10.bias     False          128                [128]            0            0
   27                           module.12.conv_12.weight      True       294912     [256, 128, 3, 3]     2.84e-05       0.0344
   28                     module.12.batch_norm_12.weight     False          256                [256]        0.495        0.277
   29                       module.12.batch_norm_12.bias     False          256                [256]            0            0
   30                           module.13.conv_13.weight      True        32768     [128, 256, 1, 1]     -0.00114       0.0484
   31                     module.13.batch_norm_13.weight     False          128                [128]        0.465        0.283
   32                       module.13.batch_norm_13.bias     False          128                [128]            0            0
   33                           module.14.conv_14.weight      True       294912     [256, 128, 3, 3]     -0.00178       0.0278
   34                     module.14.batch_norm_14.weight     False          256                [256]        0.515        0.281
   35                       module.14.batch_norm_14.bias     False          256                [256]            0            0
   36                           module.16.conv_16.weight      True        32768     [128, 256, 1, 1]      -0.0024       0.0537
   37                     module.16.batch_norm_16.weight     False          128                [128]        0.474        0.289
   38                       module.16.batch_norm_16.bias     False          128                [128]            0            0
   39                           module.17.conv_17.weight      True       294912     [256, 128, 3, 3]     -0.00166       0.0283
   40                     module.17.batch_norm_17.weight     False          256                [256]        0.513        0.279
   41                       module.17.batch_norm_17.bias     False          256                [256]            0            0
   42                           module.19.conv_19.weight      True        32768     [128, 256, 1, 1]     -0.00286       0.0535
   43                     module.19.batch_norm_19.weight     False          128                [128]        0.478        0.283
   44                       module.19.batch_norm_19.bias     False          128                [128]            0            0
   45                           module.20.conv_20.weight      True       294912     [256, 128, 3, 3]     -0.00175       0.0269
   46                     module.20.batch_norm_20.weight     False          256                [256]        0.491        0.298
   47                       module.20.batch_norm_20.bias     False          256                [256]            0            0
   48                           module.22.conv_22.weight      True        32768     [128, 256, 1, 1]     -0.00367       0.0549
   49                     module.22.batch_norm_22.weight     False          128                [128]          0.5        0.268
   50                       module.22.batch_norm_22.bias     False          128                [128]            0            0
   51                           module.23.conv_23.weight      True       294912     [256, 128, 3, 3]     -0.00165       0.0271
   52                     module.23.batch_norm_23.weight     False          256                [256]        0.502        0.285
   53                       module.23.batch_norm_23.bias     False          256                [256]            0            0
   54                           module.25.conv_25.weight      True        32768     [128, 256, 1, 1]     -0.00279       0.0544
   55                     module.25.batch_norm_25.weight     False          128                [128]         0.47        0.279
   56                       module.25.batch_norm_25.bias     False          128                [128]            0            0
   57                           module.26.conv_26.weight      True       294912     [256, 128, 3, 3]     -0.00163       0.0264
   58                     module.26.batch_norm_26.weight     False          256                [256]        0.518        0.284
   59                       module.26.batch_norm_26.bias     False          256                [256]            0            0
   60                           module.28.conv_28.weight      True        32768     [128, 256, 1, 1]     -0.00333       0.0535
   61                     module.28.batch_norm_28.weight     False          128                [128]        0.483         0.27
   62                       module.28.batch_norm_28.bias     False          128                [128]            0            0
   63                           module.29.conv_29.weight      True       294912     [256, 128, 3, 3]     -0.00158       0.0253
   64                     module.29.batch_norm_29.weight     False          256                [256]        0.486        0.292
   65                       module.29.batch_norm_29.bias     False          256                [256]            0            0
   66                           module.31.conv_31.weight      True        32768     [128, 256, 1, 1]     -0.00343       0.0531
   67                     module.31.batch_norm_31.weight     False          128                [128]         0.49        0.299
   68                       module.31.batch_norm_31.bias     False          128                [128]            0            0
   69                           module.32.conv_32.weight      True       294912     [256, 128, 3, 3]     -0.00146       0.0242
   70                     module.32.batch_norm_32.weight     False          256                [256]        0.511        0.301
   71                       module.32.batch_norm_32.bias     False          256                [256]            0            0
   72                           module.34.conv_34.weight      True        32768     [128, 256, 1, 1]      -0.0023       0.0515
   73                     module.34.batch_norm_34.weight     False          128                [128]        0.542        0.288
   74                       module.34.batch_norm_34.bias     False          128                [128]            0            0
   75                           module.35.conv_35.weight      True       294912     [256, 128, 3, 3]     -0.00128       0.0235
   76                     module.35.batch_norm_35.weight     False          256                [256]        0.494        0.289
   77                       module.35.batch_norm_35.bias     False          256                [256]            0            0
   78                           module.37.conv_37.weight      True  1.17965e+06     [512, 256, 3, 3]     0.000212       0.0202
   79                     module.37.batch_norm_37.weight     False          512                [512]        0.481        0.291
   80                       module.37.batch_norm_37.bias     False          512                [512]            0            0
   81                           module.38.conv_38.weight      True       131072     [256, 512, 1, 1]    -0.000479       0.0287
   82                     module.38.batch_norm_38.weight     False          256                [256]        0.495        0.291
   83                       module.38.batch_norm_38.bias     False          256                [256]            0            0
   84                           module.39.conv_39.weight      True  1.17965e+06     [512, 256, 3, 3]     -0.00095       0.0158
   85                     module.39.batch_norm_39.weight     False          512                [512]        0.498        0.285
   86                       module.39.batch_norm_39.bias     False          512                [512]            0            0
   87                           module.41.conv_41.weight      True       131072     [256, 512, 1, 1]    -0.000741        0.029
   88                     module.41.batch_norm_41.weight     False          256                [256]        0.475        0.292
   89                       module.41.batch_norm_41.bias     False          256                [256]            0            0
   90                           module.42.conv_42.weight      True  1.17965e+06     [512, 256, 3, 3]    -0.000852       0.0151
   91                     module.42.batch_norm_42.weight     False          512                [512]        0.497        0.287
   92                       module.42.batch_norm_42.bias     False          512                [512]            0            0
   93                           module.44.conv_44.weight      True       131072     [256, 512, 1, 1]     -0.00127       0.0309
   94                     module.44.batch_norm_44.weight     False          256                [256]        0.483        0.279
   95                       module.44.batch_norm_44.bias     False          256                [256]            0            0
   96                           module.45.conv_45.weight      True  1.17965e+06     [512, 256, 3, 3]    -0.000867       0.0156
   97                     module.45.batch_norm_45.weight     False          512                [512]        0.505        0.289
   98                       module.45.batch_norm_45.bias     False          512                [512]            0            0
   99                           module.47.conv_47.weight      True       131072     [256, 512, 1, 1]     -0.00123       0.0316
  100                     module.47.batch_norm_47.weight     False          256                [256]        0.505        0.292
  101                       module.47.batch_norm_47.bias     False          256                [256]            0            0
  102                           module.48.conv_48.weight      True  1.17965e+06     [512, 256, 3, 3]     -0.00086       0.0157
  103                     module.48.batch_norm_48.weight     False          512                [512]        0.508        0.286
  104                       module.48.batch_norm_48.bias     False          512                [512]            0            0
  105                           module.50.conv_50.weight      True       131072     [256, 512, 1, 1]     -0.00104       0.0315
  106                     module.50.batch_norm_50.weight     False          256                [256]        0.488        0.298
  107                       module.50.batch_norm_50.bias     False          256                [256]            0            0
  108                           module.51.conv_51.weight      True  1.17965e+06     [512, 256, 3, 3]    -0.000892       0.0151
  109                     module.51.batch_norm_51.weight     False          512                [512]        0.487         0.28
  110                       module.51.batch_norm_51.bias     False          512                [512]            0            0
  111                           module.53.conv_53.weight      True       131072     [256, 512, 1, 1]     -0.00108       0.0315
  112                     module.53.batch_norm_53.weight     False          256                [256]        0.514        0.291
  113                       module.53.batch_norm_53.bias     False          256                [256]            0            0
  114                           module.54.conv_54.weight      True  1.17965e+06     [512, 256, 3, 3]    -0.000778        0.015
  115                     module.54.batch_norm_54.weight     False          512                [512]        0.503        0.297
  116                       module.54.batch_norm_54.bias     False          512                [512]            0            0
  117                           module.56.conv_56.weight      True       131072     [256, 512, 1, 1]    -0.000711        0.032
  118                     module.56.batch_norm_56.weight     False          256                [256]        0.527        0.292
  119                       module.56.batch_norm_56.bias     False          256                [256]            0            0
  120                           module.57.conv_57.weight      True  1.17965e+06     [512, 256, 3, 3]    -0.000773       0.0149
  121                     module.57.batch_norm_57.weight     False          512                [512]        0.494        0.287
  122                       module.57.batch_norm_57.bias     False          512                [512]            0            0
  123                           module.59.conv_59.weight      True       131072     [256, 512, 1, 1]     -0.00149        0.032
  124                     module.59.batch_norm_59.weight     False          256                [256]        0.486        0.298
  125                       module.59.batch_norm_59.bias     False          256                [256]            0            0
  126                           module.60.conv_60.weight      True  1.17965e+06     [512, 256, 3, 3]    -0.000639       0.0147
  127                     module.60.batch_norm_60.weight     False          512                [512]        0.515        0.291
  128                       module.60.batch_norm_60.bias     False          512                [512]            0            0
  129                           module.62.conv_62.weight      True  4.71859e+06    [1024, 512, 3, 3]    -0.000135      0.00976
  130                     module.62.batch_norm_62.weight     False         1024               [1024]        0.512        0.287
  131                       module.62.batch_norm_62.bias     False         1024               [1024]            0            0
  132                           module.63.conv_63.weight      True       524288    [512, 1024, 1, 1]    -0.000282       0.0158
  133                     module.63.batch_norm_63.weight     False          512                [512]        0.522        0.286
  134                       module.63.batch_norm_63.bias     False          512                [512]            0            0
  135                           module.64.conv_64.weight      True  4.71859e+06    [1024, 512, 3, 3]    -0.000399      0.00801
  136                     module.64.batch_norm_64.weight     False         1024               [1024]         0.51        0.286
  137                       module.64.batch_norm_64.bias     False         1024               [1024]            0            0
  138                           module.66.conv_66.weight      True       524288    [512, 1024, 1, 1]    -0.000318       0.0156
  139                     module.66.batch_norm_66.weight     False          512                [512]        0.495        0.284
  140                       module.66.batch_norm_66.bias     False          512                [512]            0            0
  141                           module.67.conv_67.weight      True  4.71859e+06    [1024, 512, 3, 3]    -0.000345      0.00758
  142                     module.67.batch_norm_67.weight     False         1024               [1024]        0.508        0.285
  143                       module.67.batch_norm_67.bias     False         1024               [1024]            0            0
  144                           module.69.conv_69.weight      True       524288    [512, 1024, 1, 1]    -0.000524       0.0157
  145                     module.69.batch_norm_69.weight     False          512                [512]        0.497        0.282
  146                       module.69.batch_norm_69.bias     False          512                [512]            0            0
  147                           module.70.conv_70.weight      True  4.71859e+06    [1024, 512, 3, 3]    -0.000277      0.00744
  148                     module.70.batch_norm_70.weight     False         1024               [1024]          0.5        0.284
  149                       module.70.batch_norm_70.bias     False         1024               [1024]            0            0
  150                           module.72.conv_72.weight      True       524288    [512, 1024, 1, 1]     -0.00025       0.0158
  151                     module.72.batch_norm_72.weight     False          512                [512]        0.523        0.298
  152                       module.72.batch_norm_72.bias     False          512                [512]            0            0
  153                           module.73.conv_73.weight      True  4.71859e+06    [1024, 512, 3, 3]    -0.000305      0.00734
  154                     module.73.batch_norm_73.weight     False         1024               [1024]          0.5        0.291
  155                       module.73.batch_norm_73.bias     False         1024               [1024]            0            0
  156                           module.75.conv_75.weight      True       524288    [512, 1024, 1, 1]     -0.00115       0.0215
  157                     module.75.batch_norm_75.weight     False          512                [512]        0.496        0.293
  158                       module.75.batch_norm_75.bias     False          512                [512]            0            0
  159                           module.76.conv_76.weight      True  4.71859e+06    [1024, 512, 3, 3]    -0.000175      0.00903
  160                     module.76.batch_norm_76.weight     False         1024               [1024]        0.488        0.289
  161                       module.76.batch_norm_76.bias     False         1024               [1024]            0            0
  162                           module.77.conv_77.weight      True       524288    [512, 1024, 1, 1]     -0.00042       0.0199
  163                     module.77.batch_norm_77.weight     False          512                [512]        0.489         0.29
  164                       module.77.batch_norm_77.bias     False          512                [512]            0            0
  165                           module.78.conv_78.weight      True  4.71859e+06    [1024, 512, 3, 3]    -0.000261      0.00924
  166                     module.78.batch_norm_78.weight     False         1024               [1024]        0.498        0.288
  167                       module.78.batch_norm_78.bias     False         1024               [1024]            0            0
  168                           module.79.conv_79.weight      True       524288    [512, 1024, 1, 1]    -0.000943        0.023
  169                     module.79.batch_norm_79.weight     False          512                [512]        0.482         0.29
  170                       module.79.batch_norm_79.bias     False          512                [512]            0            0
  171                           module.80.conv_80.weight      True  4.71859e+06    [1024, 512, 3, 3]    -0.000633      0.00958
  172                     module.80.batch_norm_80.weight     False         1024               [1024]        0.507        0.286
  173                       module.80.batch_norm_80.bias     False         1024               [1024]            0            0
  174                           module.81.conv_81.weight      True        24576     [24, 1024, 1, 1]    -0.000501        0.124
  175                             module.81.conv_81.bias      True           24                 [24]      -0.0588         1.19
  176                           module.83.conv_83.weight      True   2.3593e+06     [512, 512, 3, 3]      6.4e-06      0.00735
  177                             module.83.conv_83.bias      True          512                [512]     -0.00129        0.015
  178                              module.85.yolo_85.s_c      True            1                  [1]        -7.65          nan
  179                              module.85.yolo_85.s_r      True            1                  [1]        -7.45          nan
  180                             module.85.yolo_85.s_id      True            1                  [1]         0.54          nan
  181                           module.87.conv_87.weight      True       131072     [256, 512, 1, 1]     -0.00108       0.0226
  182                     module.87.batch_norm_87.weight     False          256                [256]        0.514        0.283
  183                       module.87.batch_norm_87.bias     False          256                [256]            0            0
  184                           module.90.conv_90.weight      True       196608     [256, 768, 1, 1]     -0.00169       0.0393
  185                     module.90.batch_norm_90.weight     False          256                [256]        0.495        0.3062020-03-12 19:17:04 [INFO]:    Epoch       Batch       box      conf        id     total  nTargets      time

  186                       module.90.batch_norm_90.bias     False          256                [256]            0            0
  187                           module.91.conv_91.weight      True  1.17965e+06     [512, 256, 3, 3]    -0.000812       0.0194
  188                     module.91.batch_norm_91.weight     False          512                [512]         0.51        0.294
  189                       module.91.batch_norm_91.bias     False          512                [512]            0            0
  190                           module.92.conv_92.weight      True       131072     [256, 512, 1, 1]     -0.00166       0.0412
  191                     module.92.batch_norm_92.weight     False          256                [256]        0.506        0.267
  192                       module.92.batch_norm_92.bias     False          256                [256]            0            0
  193                           module.93.conv_93.weight      True  1.17965e+06     [512, 256, 3, 3]    -0.000816       0.0176
  194                     module.93.batch_norm_93.weight     False          512                [512]        0.501        0.287
  195                       module.93.batch_norm_93.bias     False          512                [512]            0            0
  196                           module.94.conv_94.weight      True       131072     [256, 512, 1, 1]     -0.00196       0.0401
  197                     module.94.batch_norm_94.weight     False          256                [256]        0.496        0.291
  198                       module.94.batch_norm_94.bias     False          256                [256]            0            0
  199                           module.95.conv_95.weight      True  1.17965e+06     [512, 256, 3, 3]     -0.00138       0.0148
  200                     module.95.batch_norm_95.weight     False          512                [512]        0.495        0.291
  201                       module.95.batch_norm_95.bias     False          512                [512]            0            0
  202                           module.96.conv_96.weight      True        12288      [24, 512, 1, 1]    -0.000944        0.147
  203                             module.96.conv_96.bias      True           24                 [24]     -0.00664        0.592
  204                           module.98.conv_98.weight      True  1.17965e+06     [512, 256, 3, 3]     3.29e-06      0.00984
  205                             module.98.conv_98.bias      True          512                [512]     -0.00029       0.0113
  206                            module.100.yolo_100.s_c      True            1                  [1]        -6.99          nan
  207                            module.100.yolo_100.s_r      True            1                  [1]        -6.39          nan
  208                           module.100.yolo_100.s_id      True            1                  [1]        0.957          nan
  209                         module.102.conv_102.weight      True        32768     [128, 256, 1, 1]    -0.000564       0.0433
  210                   module.102.batch_norm_102.weight     False          128                [128]        0.517        0.274
  211                     module.102.batch_norm_102.bias     False          128                [128]            0            0
  212                         module.105.conv_105.weight      True        49152     [128, 384, 1, 1]      -0.0022       0.0617
  213                   module.105.batch_norm_105.weight     False          128                [128]        0.497        0.279
  214                     module.105.batch_norm_105.bias     False          128                [128]            0            0
  215                         module.106.conv_106.weight      True       294912     [256, 128, 3, 3]     -0.00161       0.0304
  216                   module.106.batch_norm_106.weight     False          256                [256]        0.515        0.269
  217                     module.106.batch_norm_106.bias     False          256                [256]            0            0
  218                         module.107.conv_107.weight      True        32768     [128, 256, 1, 1]      -0.0012       0.0638
  219                   module.107.batch_norm_107.weight     False          128                [128]        0.505        0.275
  220                     module.107.batch_norm_107.bias     False          128                [128]            0            0
  221                         module.108.conv_108.weight      True       294912     [256, 128, 3, 3]     -0.00101       0.0281
  222                   module.108.batch_norm_108.weight     False          256                [256]        0.509        0.285
  223                     module.108.batch_norm_108.bias     False          256                [256]            0            0
  224                         module.109.conv_109.weight      True        32768     [128, 256, 1, 1]     -0.00259        0.066
  225                   module.109.batch_norm_109.weight     False          128                [128]        0.494        0.303
  226                     module.109.batch_norm_109.bias     False          128                [128]            0            0
  227                         module.110.conv_110.weight      True       294912     [256, 128, 3, 3]     -0.00195       0.0235
  228                   module.110.batch_norm_110.weight     False          256                [256]        0.468        0.287
  229                     module.110.batch_norm_110.bias     False          256                [256]            0            0
  230                         module.111.conv_111.weight      True         6144      [24, 256, 1, 1]      -0.0019        0.164
  231                           module.111.conv_111.bias      True           24                 [24]       0.0282         1.07
  232                         module.113.conv_113.weight      True       589824     [512, 128, 3, 3]     2.45e-05       0.0165
  233                           module.113.conv_113.bias      True          512                [512]     4.99e-05       0.0179
  234                            module.115.yolo_115.s_c      True            1                  [1]         -8.1          nan
  235                            module.115.yolo_115.s_r      True            1                  [1]        -5.92          nan
  236                           module.115.yolo_115.s_id      True            1                  [1]       -0.459          nan
  237                           module.classifier.weight      True  7.40096e+06         [14455, 512]     9.26e-06       0.0255
  238                             module.classifier.bias      True        14455              [14455]     0.000283       0.0254
Model Summary: 239 layers, 7.30802e+07 parameters, 7.30276e+07 gradients

/home/master/.conda/envs/mot/lib/python3.6/site-packages/torch/nn/parallel/_functions.py:61: UserWarning: Was asked to gather along dimension 0, but all input tensors were scalars; will instead unsqueeze and return a vector.
  warnings.warn('Was asked to gather along dimension 0, but all '
2020-03-12 19:17:38 [INFO]:    60/29      0/6688   0.00652   0.00366      28.8     -1.75        13      33.4
2020-03-12 19:18:44 [INFO]:    60/29     40/6688   0.00601   0.00201      22.7     -7.22      20.4      10.9
2020-03-12 19:20:08 [INFO]:    60/29     80/6688   0.00601   0.00206      22.3     -8.05      20.4      4.35
2020-03-12 19:21:42 [INFO]:    60/29    120/6688   0.00586   0.00198      21.8     -8.87      19.5      0.27
2020-03-12 19:22:58 [INFO]:    60/29    160/6688   0.00567   0.00204      21.2     -9.46      19.4     0.267
2020-03-12 19:24:36 [INFO]:    60/29    200/6688   0.00567     0.002      20.6     -9.94      19.5     0.282
2020-03-12 19:26:00 [INFO]:    60/29    240/6688   0.00563   0.00196      20.2     -10.3      19.8     0.264
2020-03-12 19:27:27 [INFO]:    60/29    280/6688   0.00563   0.00192      19.8     -10.7      19.8     0.276
2020-03-12 19:29:00 [INFO]:    60/29    320/6688   0.00566   0.00195      19.6     -10.9      19.8     0.279
2020-03-12 19:30:40 [INFO]:    60/29    360/6688    0.0057   0.00198      19.2     -11.1      19.7      0.28
2020-03-12 19:32:21 [INFO]:    60/29    400/6688   0.00574   0.00202      18.9     -11.2        20     0.273
2020-03-12 19:33:59 [INFO]:    60/29    440/6688   0.00579   0.00209      18.7     -11.3        20     0.289
2020-03-12 19:35:38 [INFO]:    60/29    480/6688   0.00576    0.0021      18.4     -11.4        20     0.285
2020-03-12 19:37:17 [INFO]:    60/29    520/6688   0.00579   0.00211      18.3     -11.5      20.1     0.282
2020-03-12 19:38:50 [INFO]:    60/29    560/6688   0.00576   0.00209      18.1     -11.7        20     0.274
2020-03-12 19:40:24 [INFO]:    60/29    600/6688   0.00576   0.00209      17.9     -11.8        20      0.28
2020-03-12 19:41:55 [INFO]:    60/29    640/6688   0.00572   0.00209      17.8     -11.9      19.8     0.288
2020-03-12 19:43:26 [INFO]:    60/29    680/6688   0.00571   0.00209      17.6       -12      19.9     0.288
2020-03-12 19:45:08 [INFO]:    60/29    720/6688   0.00571   0.00207      17.4     -12.1      19.8      0.28
2020-03-12 19:46:48 [INFO]:    60/29    760/6688   0.00571   0.00206      17.2     -12.2      19.8     0.284
2020-03-12 19:48:28 [INFO]:    60/29    800/6688   0.00569   0.00207      17.1     -12.3      19.8      0.29
2020-03-12 19:50:10 [INFO]:    60/29    840/6688   0.00568   0.00205      16.9     -12.4      19.8      0.28
2020-03-12 19:51:47 [INFO]:    60/29    880/6688   0.00568   0.00206      16.7     -12.4      19.9     0.277
2020-03-12 19:53:18 [INFO]:    60/29    920/6688   0.00567   0.00204      16.6     -12.5      19.9     0.274
2020-03-12 19:54:55 [INFO]:    60/29    960/6688   0.00568   0.00206      16.5     -12.5        20     0.284
2020-03-12 19:55:40 [INFO]:    60/29   1000/6688   0.00569   0.00205      16.4     -12.6        20     0.284
2020-03-12 19:57:18 [INFO]:    60/29   1040/6688   0.00568   0.00206      16.3     -12.6        20     0.288
2020-03-12 19:59:00 [INFO]:    60/29   1080/6688   0.00569   0.00207      16.2     -12.7        20     0.279
2020-03-12 20:00:39 [INFO]:    60/29   1120/6688   0.00568   0.00207      16.1     -12.7        20     0.273
2020-03-12 20:02:09 [INFO]:    60/29   1160/6688   0.00568   0.00205        16     -12.8        20     0.282
2020-03-12 20:02:41 [INFO]:    60/29   1200/6688   0.00568   0.00205      15.9     -12.8      20.1     0.316
2020-03-12 20:03:17 [INFO]:    60/29   1240/6688   0.00566   0.00204      15.8     -12.9      20.1      0.29
2020-03-12 20:04:41 [INFO]:    60/29   1280/6688   0.00566   0.00203      15.7     -12.9        20     0.497
2020-03-12 20:06:03 [INFO]:    60/29   1320/6688   0.00568   0.00204      15.6     -12.9        20     0.303
2020-03-12 20:07:28 [INFO]:    60/29   1360/6688   0.00568   0.00203      15.5       -13        20      4.59
2020-03-12 20:08:50 [INFO]:    60/29   1400/6688   0.00569   0.00205      15.4       -13      20.1      2.75
2020-03-12 20:10:09 [INFO]:    60/29   1440/6688   0.00568   0.00205      15.4       -13        20     0.293
2020-03-12 20:11:32 [INFO]:    60/29   1480/6688   0.00568   0.00205      15.3       -13      20.1     0.512
2020-03-12 20:12:54 [INFO]:    60/29   1520/6688   0.00566   0.00205      15.2     -13.1        20     0.281
2020-03-12 20:14:14 [INFO]:    60/29   1560/6688   0.00566   0.00204      15.1     -13.1        20     0.278
2020-03-12 20:15:36 [INFO]:    60/29   1600/6688   0.00565   0.00204        15     -13.2        20     0.276
2020-03-12 20:16:58 [INFO]:    60/29   1640/6688   0.00565   0.00204      14.9     -13.2        20     0.322
2020-03-12 20:18:22 [INFO]:    60/29   1680/6688   0.00564   0.00204      14.9     -13.2        20      2.31
2020-03-12 20:19:42 [INFO]:    60/29   1720/6688   0.00563   0.00203      14.8     -13.2        20     0.275
2020-03-12 20:21:04 [INFO]:    60/29   1760/6688   0.00562   0.00202      14.7     -13.3        20     0.278
2020-03-12 20:22:28 [INFO]:    60/29   1800/6688   0.00561   0.00203      14.6     -13.3        20     0.266
2020-03-12 20:23:53 [INFO]:    60/29   1840/6688    0.0056   0.00204      14.5     -13.3        20     0.265
2020-03-12 20:25:10 [INFO]:    60/29   1880/6688   0.00559   0.00203      14.5     -13.3        20     0.279
2020-03-12 20:26:32 [INFO]:    60/29   1920/6688    0.0056   0.00202      14.4     -13.4      19.9      1.41
2020-03-12 20:27:52 [INFO]:    60/29   1960/6688   0.00559   0.00201      14.3     -13.4      19.9     0.288
2020-03-12 20:29:14 [INFO]:    60/29   2000/6688   0.00559   0.00202      14.3     -13.4        20     0.277
2020-03-12 20:30:36 [INFO]:    60/29   2040/6688   0.00559   0.00202      14.2     -13.4        20     0.288
2020-03-12 20:31:33 [INFO]:    60/29   2080/6688   0.00559   0.00203      14.2     -13.4        20     0.269
2020-03-12 20:32:14 [INFO]:    60/29   2120/6688   0.00558   0.00203      14.1     -13.5        20      2.58
2020-03-12 20:33:40 [INFO]:    60/29   2160/6688   0.00557   0.00203      14.1     -13.5        20     0.289
2020-03-12 20:35:04 [INFO]:    60/29   2200/6688   0.00556   0.00202        14     -13.5        20     0.285
2020-03-12 20:36:28 [INFO]:    60/29   2240/6688   0.00555   0.00201      13.9     -13.5        20     0.297
2020-03-12 20:37:53 [INFO]:    60/29   2280/6688   0.00555     0.002      13.9     -13.5      20.1     0.264
2020-03-12 20:39:22 [INFO]:    60/29   2320/6688   0.00555     0.002      13.9     -13.6      20.1      6.37
2020-03-12 20:40:46 [INFO]:    60/29   2360/6688   0.00555     0.002      13.8     -13.6      20.1      5.86
2020-03-12 20:42:08 [INFO]:    60/29   2400/6688   0.00555     0.002      13.8     -13.6      20.1     0.454
2020-03-12 20:43:31 [INFO]:    60/29   2440/6688   0.00555   0.00199      13.7     -13.6      20.2     0.275
2020-03-12 20:44:59 [INFO]:    60/29   2480/6688   0.00554   0.00199      13.6     -13.6      20.2     0.278
2020-03-12 20:46:28 [INFO]:    60/29   2520/6688   0.00555   0.00199      13.6     -13.6      20.2     0.288
2020-03-12 20:47:57 [INFO]:    60/29   2560/6688   0.00555   0.00199      13.6     -13.7      20.2     0.283
2020-03-12 20:49:21 [INFO]:    60/29   2600/6688   0.00555   0.00199      13.5     -13.7      20.2     0.287
2020-03-12 20:50:44 [INFO]:    60/29   2640/6688   0.00554   0.00199      13.4     -13.7      20.1     0.318
2020-03-12 20:52:13 [INFO]:    60/29   2680/6688   0.00554   0.00199      13.4     -13.7      20.2     0.282
2020-03-12 20:53:40 [INFO]:    60/29   2720/6688   0.00554     0.002      13.3     -13.7      20.2     0.266
2020-03-12 20:55:11 [INFO]:    60/29   2760/6688   0.00553     0.002      13.3     -13.7      20.2     0.258
2020-03-12 20:56:34 [INFO]:    60/29   2800/6688   0.00553     0.002      13.2     -13.7      20.2     0.281
2020-03-12 20:58:02 [INFO]:    60/29   2840/6688   0.00553     0.002      13.2     -13.7      20.2     0.274
2020-03-12 20:59:29 [INFO]:    60/29   2880/6688   0.00553     0.002      13.1     -13.8      20.2     0.282
2020-03-12 21:01:01 [INFO]:    60/29   2920/6688   0.00552     0.002      13.1     -13.8      20.2     0.283
2020-03-12 21:02:31 [INFO]:    60/29   2960/6688   0.00552     0.002      13.1     -13.8      20.2      1.23
2020-03-12 21:04:01 [INFO]:    60/29   3000/6688   0.00552     0.002        13     -13.8      20.2      0.28
2020-03-12 21:05:31 [INFO]:    60/29   3040/6688   0.00551   0.00199        13     -13.8      20.2     0.273
2020-03-12 21:07:02 [INFO]:    60/29   3080/6688    0.0055   0.00199      12.9     -13.8      20.2      0.27
2020-03-12 21:07:29 [INFO]:    60/29   3120/6688   0.00549   0.00199      12.9     -13.8      20.2     0.283
2020-03-12 21:08:49 [INFO]:    60/29   3160/6688   0.00549   0.00198      12.8     -13.9      20.2      1.48
2020-03-12 21:10:16 [INFO]:    60/29   3200/6688   0.00549   0.00198      12.8     -13.9      20.2      2.41
2020-03-12 21:11:48 [INFO]:    60/29   3240/6688   0.00548   0.00198      12.7     -13.9      20.2       4.3
2020-03-12 21:13:20 [INFO]:    60/29   3280/6688   0.00549   0.00198      12.7     -13.9      20.2      5.61
2020-03-12 21:14:49 [INFO]:    60/29   3320/6688   0.00549   0.00198      12.7     -13.9      20.2      8.65
2020-03-12 21:16:18 [INFO]:    60/29   3360/6688   0.00548   0.00198      12.6     -13.9      20.2      8.51
2020-03-12 21:17:49 [INFO]:    60/29   3400/6688   0.00548   0.00198      12.6     -13.9      20.2      13.5
2020-03-12 21:19:21 [INFO]:    60/29   3440/6688   0.00548   0.00198      12.6     -13.9      20.2        15
2020-03-12 21:20:47 [INFO]:    60/29   3480/6688   0.00548   0.00199      12.5     -13.9      20.2      13.6
2020-03-12 21:22:15 [INFO]:    60/29   3520/6688   0.00548   0.00198      12.5     -13.9      20.2      14.9
2020-03-12 21:23:43 [INFO]:    60/29   3560/6688   0.00548   0.00199      12.5       -14      20.2      13.1
2020-03-12 21:25:06 [INFO]:    60/29   3600/6688   0.00548   0.00199      12.4       -14      20.2      12.4
2020-03-12 21:26:34 [INFO]:    60/29   3640/6688   0.00547   0.00199      12.4       -14      20.2      12.2
2020-03-12 21:28:01 [INFO]:    60/29   3680/6688   0.00548   0.00199      12.4       -14      20.1      12.4
2020-03-12 21:29:29 [INFO]:    60/29   3720/6688   0.00548   0.00199      12.4       -14      20.2      9.66
2020-03-12 21:32:09 [INFO]:    60/29   3760/6688   0.00548   0.00199      12.3       -14      20.2      17.8
2020-03-12 21:35:03 [INFO]:    60/29   3800/6688   0.00548   0.00199      12.3       -14      20.2        28
2020-03-12 21:37:40 [INFO]:    60/29   3840/6688   0.00548   0.00199      12.3       -14      20.2      19.9
2020-03-12 21:39:13 [INFO]:    60/29   3880/6688   0.00548   0.00199      12.2       -14      20.2      12.9
2020-03-12 21:40:45 [INFO]:    60/29   3920/6688   0.00548   0.00199      12.2       -14      20.1      13.4
2020-03-12 21:42:18 [INFO]:    60/29   3960/6688   0.00549   0.00199      12.2       -14      20.1      15.8
2020-03-12 21:43:49 [INFO]:    60/29   4000/6688   0.00549     0.002      12.2       -14      20.1      11.9
2020-03-12 21:45:21 [INFO]:    60/29   4040/6688   0.00549     0.002      12.1       -14      20.1      14.8
2020-03-12 21:46:18 [INFO]:    60/29   4080/6688    0.0055     0.002      12.1       -14      20.1     0.279
2020-03-12 21:47:08 [INFO]:    60/29   4120/6688    0.0055     0.002      12.1       -14      20.2      4.71
2020-03-12 21:48:43 [INFO]:    60/29   4160/6688    0.0055   0.00201      12.1       -14      20.1      7.22
2020-03-12 21:50:12 [INFO]:    60/29   4200/6688    0.0055     0.002        12       -14      20.1      5.77
2020-03-12 21:51:44 [INFO]:    60/29   4240/6688    0.0055     0.002        12     -14.1      20.1      6.76
2020-03-12 21:53:13 [INFO]:    60/29   4280/6688   0.00549     0.002        12     -14.1      20.1     0.999
2020-03-12 21:54:47 [INFO]:    60/29   4320/6688   0.00549     0.002        12     -14.1      20.1     0.278
2020-03-12 21:56:19 [INFO]:    60/29   4360/6688   0.00549     0.002      11.9     -14.1      20.1      0.28
2020-03-12 21:57:55 [INFO]:    60/29   4400/6688   0.00549     0.002      11.9     -14.1      20.1     0.292
2020-03-12 22:00:12 [INFO]:    60/29   4440/6688   0.00549     0.002      11.9     -14.1      20.1     0.276
2020-03-12 22:02:06 [INFO]:    60/29   4480/6688   0.00549     0.002      11.9     -14.1      20.1     0.278
2020-03-12 22:03:41 [INFO]:    60/29   4520/6688   0.00549     0.002      11.8     -14.1      20.1     0.281
2020-03-12 22:05:12 [INFO]:    60/29   4560/6688   0.00549     0.002      11.8     -14.1      20.1     0.268
2020-03-12 22:06:43 [INFO]:    60/29   4600/6688   0.00549     0.002      11.8     -14.1      20.1     0.275
2020-03-12 22:08:11 [INFO]:    60/29   4640/6688   0.00549     0.002      11.8     -14.1      20.1     0.288
2020-03-12 22:09:41 [INFO]:    60/29   4680/6688   0.00548     0.002      11.7     -14.1      20.1     0.287
2020-03-12 22:11:16 [INFO]:    60/29   4720/6688   0.00548     0.002      11.7     -14.1      20.1     0.285
2020-03-12 22:12:54 [INFO]:    60/29   4760/6688   0.00548     0.002      11.7     -14.1      20.1     0.276
2020-03-12 22:14:22 [INFO]:    60/29   4800/6688   0.00548     0.002      11.7     -14.1      20.1     0.287
2020-03-12 22:15:55 [INFO]:    60/29   4840/6688   0.00548     0.002      11.6     -14.1      20.1     0.278
2020-03-12 22:17:29 [INFO]:    60/29   4880/6688   0.00548     0.002      11.6     -14.1      20.1     0.273
2020-03-12 22:18:54 [INFO]:    60/29   4920/6688   0.00548     0.002      11.6     -14.2      20.1     0.269
2020-03-12 22:20:21 [INFO]:    60/29   4960/6688   0.00548     0.002      11.6     -14.2      20.1     0.284
2020-03-12 22:21:52 [INFO]:    60/29   5000/6688   0.00548     0.002      11.6     -14.2        20     0.273
2020-03-12 22:23:09 [INFO]:    60/29   5040/6688   0.00548     0.002      11.5     -14.2        20     0.294
2020-03-12 22:23:46 [INFO]:    60/29   5080/6688   0.00548     0.002      11.5     -14.2        20     0.645
2020-03-12 22:25:25 [INFO]:    60/29   5120/6688   0.00548     0.002      11.5     -14.2        20     0.282
2020-03-12 22:26:54 [INFO]:    60/29   5160/6688   0.00548     0.002      11.5     -14.2        20     0.276
2020-03-12 22:28:31 [INFO]:    60/29   5200/6688   0.00548     0.002      11.5     -14.2        20     0.283
2020-03-12 22:30:03 [INFO]:    60/29   5240/6688   0.00548   0.00199      11.4     -14.2        20     0.275
2020-03-12 22:31:36 [INFO]:    60/29   5280/6688   0.00547     0.002      11.4     -14.2        20     0.265
2020-03-12 22:33:18 [INFO]:    60/29   5320/6688   0.00547   0.00199      11.4     -14.2        20     0.287
2020-03-12 22:34:57 [INFO]:    60/29   5360/6688   0.00547   0.00199      11.4     -14.2        20     0.273
2020-03-12 22:36:33 [INFO]:    60/29   5400/6688   0.00547   0.00199      11.3     -14.2        20     0.279
2020-03-12 22:38:21 [INFO]:    60/29   5440/6688   0.00547   0.00199      11.3     -14.2        20     0.285
2020-03-12 22:40:01 [INFO]:    60/29   5480/6688   0.00547   0.00199      11.3     -14.2        20     0.276
2020-03-12 22:41:37 [INFO]:    60/29   5520/6688   0.00548     0.002      11.3     -14.2        20     0.277
2020-03-12 22:43:15 [INFO]:    60/29   5560/6688   0.00548     0.002      11.3     -14.2        20     0.277
2020-03-12 22:44:52 [INFO]:    60/29   5600/6688   0.00548     0.002      11.2     -14.2        20     0.297
2020-03-12 22:46:35 [INFO]:    60/29   5640/6688   0.00547   0.00199      11.2     -14.2        20     0.262
2020-03-12 22:48:15 [INFO]:    60/29   5680/6688   0.00548   0.00199      11.2     -14.2      20.1     0.287
2020-03-12 22:50:00 [INFO]:    60/29   5720/6688   0.00547     0.002      11.2     -14.3      20.1     0.644
2020-03-12 22:51:40 [INFO]:    60/29   5760/6688   0.00547     0.002      11.2     -14.3      20.1     0.284
2020-03-12 22:53:20 [INFO]:    60/29   5800/6688   0.00547     0.002      11.1     -14.3        20     0.274
2020-03-12 22:55:08 [INFO]:    60/29   5840/6688   0.00547     0.002      11.1     -14.3        20     0.268
2020-03-12 22:56:46 [INFO]:    60/29   5880/6688   0.00547     0.002      11.1     -14.3        20     0.308
2020-03-12 22:58:27 [INFO]:    60/29   5920/6688   0.00547     0.002      11.1     -14.3        20     0.289
2020-03-12 23:00:08 [INFO]:    60/29   5960/6688   0.00547     0.002      11.1     -14.3        20     0.266
2020-03-12 23:01:00 [INFO]:    60/29   6000/6688   0.00547     0.002      11.1     -14.3        20     0.309
2020-03-12 23:02:08 [INFO]:    60/29   6040/6688   0.00547     0.002        11     -14.3        20      3.22
2020-03-12 23:03:52 [INFO]:    60/29   6080/6688   0.00547     0.002        11     -14.3        20      0.27
2020-03-12 23:05:32 [INFO]:    60/29   6120/6688   0.00548     0.002        11     -14.3        20     0.279
2020-03-12 23:07:15 [INFO]:    60/29   6160/6688   0.00548     0.002        11     -14.3      20.1      0.28
2020-03-12 23:08:52 [INFO]:    60/29   6200/6688   0.00548     0.002        11     -14.3        20     0.282
2020-03-12 23:10:36 [INFO]:    60/29   6240/6688   0.00548     0.002      10.9     -14.3        20     0.275
2020-03-12 23:12:17 [INFO]:    60/29   6280/6688   0.00548     0.002      10.9     -14.3        20      0.28
2020-03-12 23:14:03 [INFO]:    60/29   6320/6688   0.00548   0.00199      10.9     -14.3        20     0.274
2020-03-12 23:15:41 [INFO]:    60/29   6360/6688   0.00548   0.00199      10.9     -14.3        20      0.28
2020-03-12 23:17:19 [INFO]:    60/29   6400/6688   0.00548   0.00199      10.9     -14.3        20     0.272
2020-03-12 23:18:57 [INFO]:    60/29   6440/6688   0.00548   0.00199      10.9     -14.3        20     0.287
2020-03-12 23:20:34 [INFO]:    60/29   6480/6688   0.00548   0.00199      10.8     -14.3        20     0.276
2020-03-12 23:22:15 [INFO]:    60/29   6520/6688   0.00548   0.00199      10.8     -14.3        20     0.474
2020-03-12 23:23:55 [INFO]:    60/29   6560/6688   0.00548   0.00199      10.8     -14.3        20     0.278
2020-03-12 23:25:35 [INFO]:    60/29   6600/6688   0.00547   0.00199      10.8     -14.3        20     0.275
2020-03-12 23:27:14 [INFO]:    60/29   6640/6688   0.00547   0.00198      10.8     -14.4        20     0.396
2020-03-12 23:28:54 [INFO]:    60/29   6680/6688   0.00547   0.00198      10.7     -14.4        20     0.279
================================================================================
dataset summary
OrderedDict([('caltech', 1311.0), ('citypersons', 0)])
total # identities: 1312
start index
OrderedDict([('caltech', 0), ('citypersons', 1311.0)])
================================================================================
      Image      Total          P          R        mAP
          8      30353          0          0          0      0.266s
        328      30353      0.712      0.621      0.592      0.196s
        648      30353       0.77      0.582      0.564      0.184s
        968      30353      0.791      0.605      0.589      0.183s
       1288      30353      0.828      0.708      0.696      0.191s
       1608      30353      0.837      0.737      0.726      0.191s
       1928      30353      0.817      0.725      0.714      0.191s
       2248      30353      0.815      0.735      0.722       0.18s
       2568      30353      0.795      0.734      0.719       0.19s
       2888      30353      0.782      0.731      0.715      0.202s
       3208      30353      0.779      0.739      0.723      0.175s
       3528      30353      0.784      0.748      0.732      0.196s
       3848      30353      0.793       0.75      0.735      0.194s
       4168      30353      0.799      0.764      0.748      0.185s
       4488      30353      0.806      0.773      0.758      0.184s
       4808      30353      0.806      0.764       0.75      0.188s
       5128      30353      0.805      0.762      0.749       0.18s
       5448      30353      0.801       0.75      0.737      0.216s
       5768      30353      0.803      0.746      0.732      0.203s
       6088      30353      0.814      0.747      0.733      0.195s
       6408      30353      0.822       0.75      0.737      0.189s
       6728      30353      0.822       0.75      0.738      0.203s
       7048      30353      0.824      0.754      0.742      0.188s
       7368      30353      0.828      0.757      0.745      0.202s
       7688      30353      0.834      0.765      0.753      0.201s
       8008      30353      0.839      0.773      0.761      0.194s
       8328      30353      0.841      0.778      0.766      0.208s
       8648      30353      0.843       0.78      0.767      0.207s
       8968      30353      0.841      0.778      0.765       0.17s
       9288      30353       0.84       0.78      0.767      0.212s
       9608      30353       0.84       0.78      0.767      0.174s
       9928      30353      0.837      0.776      0.762      0.197s
      10248      30353      0.835      0.776      0.762       0.19s
      10568      30353      0.838      0.781      0.768      0.217s
      10888      30353      0.832      0.782      0.768      0.215s
      11208      30353      0.825      0.783      0.767      0.227s
      11528      30353      0.824      0.787       0.77      0.227s
      11848      30353      0.827      0.791      0.774      0.219s
      12168      30353       0.83      0.793      0.777      0.204s
      12488      30353      0.832      0.796      0.779      0.214s
      12808      30353      0.832        0.8      0.784      0.206s
      13128      30353      0.832        0.8      0.784       0.21s
      13448      30353      0.834      0.801      0.785      0.194s
      13768      30353      0.835      0.801      0.785      0.229s
      14088      30353      0.837      0.801      0.785      0.233s
      14408      30353       0.83      0.796      0.779       0.17s
      14728      30353       0.83      0.797      0.781      0.218s
      15048      30353      0.832      0.799      0.783      0.206s
      15368      30353      0.834      0.801      0.786      0.222s
      15688      30353      0.836      0.804      0.789      0.208s
      16008      30353      0.836      0.804      0.789      0.226s
      16328      30353      0.839      0.807      0.792      0.222s
      16648      30353      0.841       0.81      0.796      0.228s
      16968      30353      0.845      0.814        0.8      0.229s
      17288      30353      0.846      0.815      0.801      0.175s
      17608      30353      0.846      0.816      0.802      0.228s
      17928      30353      0.848      0.819      0.805       0.23s
      18248      30353       0.85      0.822      0.809      0.221s
      18568      30353      0.851      0.824      0.811      0.192s
      18888      30353       0.85      0.823      0.809      0.232s
      19208      30353      0.851       0.82      0.807      0.228s
      19528      30353      0.852      0.819      0.806      0.238s
      19848      30353      0.853      0.818      0.805      0.219s
      20168      30353      0.853      0.819      0.806      0.188s
      20488      30353      0.854      0.821      0.808      0.224s
      20808      30353      0.854      0.822       0.81      0.227s
      21128      30353      0.855      0.824      0.811      0.232s
      21448      30353      0.856      0.826      0.813      0.186s
      21768      30353      0.856      0.826      0.813       0.24s
      22088      30353      0.855      0.825      0.813       0.18s
      22408      30353      0.856      0.825      0.813      0.218s
      22728      30353      0.856      0.826      0.814      0.212s
      23048      30353      0.856      0.826      0.814       0.19s
      23368      30353      0.854      0.824      0.812      0.202s
      23688      30353      0.854      0.824      0.812      0.176s
      24008      30353      0.854      0.824      0.812      0.245s
      24328      30353      0.855      0.824      0.812      0.187s
      24648      30353      0.854      0.824      0.812      0.251s
      24968      30353      0.849      0.821      0.809      0.247s
      25288      30353      0.844      0.818      0.806      0.206s
      25608      30353      0.845       0.82      0.808      0.227s
      25928      30353      0.846      0.821      0.809      0.215s
      26248      30353      0.847      0.822       0.81      0.245s
      26568      30353      0.847      0.822       0.81      0.234s
      26888      30353      0.848      0.822       0.81      0.178s
      27208      30353      0.849      0.821       0.81      0.245s
      27528      30353       0.85      0.821      0.809      0.238s
      27848      30353       0.85       0.82      0.809      0.171s
      28168      30353       0.85      0.819      0.807      0.178s
      28488      30353      0.849      0.818      0.806      0.225s
      28808      30353      0.849      0.818      0.806      0.261s
      29128      30353      0.849      0.818      0.806      0.258s
      29448      30353       0.85      0.818      0.806      0.236s
      29768      30353      0.849      0.816      0.804      0.228s
      30088      30353      0.849      0.813      0.801      0.236s
      Image      Total          P          R        mAP
AP: 0.7990


test.test:	 [0.79897134] 	 [0.8111133] 	 [0.84847959]
================================================================================
dataset summary
OrderedDict([('caltech', 393.0), ('cuhksysu', 11934.0), ('prw', 934.0)])
total # identities: 13262
start index
OrderedDict([('caltech', 0), ('cuhksysu', 393.0), ('prw', 12327.0)])
================================================================================
Extracting pedestrain features...
Extracting 0/1750, # of instances 16, time 0.46 sec.
Extracting 40/1750, # of instances 740, time 0.17 sec.
Extracting 80/1750, # of instances 1562, time 0.18 sec.
Extracting 120/1750, # of instances 2167, time 0.17 sec.
Extracting 160/1750, # of instances 2625, time 0.18 sec.
Traceback (most recent call last):
  File "train_exp.py", line 214, in <module>
    opt=opt,
  File "train_exp.py", line 179, in train
    test.test_emb(cfg, data_cfg, weights=latest, batch_size=batch_size, print_interval=40)
  File "/media/master//kuanzi/Towards-Realtime-MOT/test.py", line 192, in test_emb
    feat, label = out[:-1], out[-1].long()
IndexError: dimension specified as 0 but tensor has no dimensions
