Namespace(cfg='cfg/yolov3_864x480.cfg', conf_thres=0.5, iou_thres=0.5, min_box_area=200, nms_thres=0.4, save_images=False, save_videos=False, test_mot15=False, test_mot16=False, test_mot17=True, track_buffer=30, weights='../weights/81_epoch_arcface.pt')

2020-03-20 03:45:50 [INFO]: start seq: MOT17-02-SDP
2020-03-20 03:45:55 [INFO]: Processing frame 0 (100000.00 fps)
2020-03-20 03:45:57 [INFO]: Processing frame 20 (18.52 fps)
2020-03-20 03:45:58 [INFO]: Processing frame 40 (20.67 fps)
2020-03-20 03:46:00 [INFO]: Processing frame 60 (21.85 fps)
2020-03-20 03:46:01 [INFO]: Processing frame 80 (22.52 fps)
2020-03-20 03:46:03 [INFO]: Processing frame 100 (22.88 fps)
2020-03-20 03:46:05 [INFO]: Processing frame 120 (23.11 fps)
2020-03-20 03:46:06 [INFO]: Processing frame 140 (23.31 fps)
2020-03-20 03:46:08 [INFO]: Processing frame 160 (23.38 fps)
2020-03-20 03:46:09 [INFO]: Processing frame 180 (23.42 fps)
2020-03-20 03:46:11 [INFO]: Processing frame 200 (23.44 fps)
2020-03-20 03:46:13 [INFO]: Processing frame 220 (23.43 fps)
2020-03-20 03:46:14 [INFO]: Processing frame 240 (23.40 fps)
2020-03-20 03:46:16 [INFO]: Processing frame 260 (23.40 fps)
2020-03-20 03:46:17 [INFO]: Processing frame 280 (23.35 fps)
2020-03-20 03:46:19 [INFO]: Processing frame 300 (23.33 fps)
2020-03-20 03:46:21 [INFO]: Processing frame 320 (23.34 fps)
2020-03-20 03:46:22 [INFO]: Processing frame 340 (23.30 fps)
2020-03-20 03:46:24 [INFO]: Processing frame 360 (23.24 fps)
2020-03-20 03:46:25 [INFO]: Processing frame 380 (23.23 fps)
2020-03-20 03:46:27 [INFO]: Processing frame 400 (23.21 fps)
2020-03-20 03:46:29 [INFO]: Processing frame 420 (23.20 fps)
2020-03-20 03:46:30 [INFO]: Processing frame 440 (23.17 fps)
2020-03-20 03:46:32 [INFO]: Processing frame 460 (23.10 fps)
2020-03-20 03:46:34 [INFO]: Processing frame 480 (23.00 fps)
2020-03-20 03:46:35 [INFO]: Processing frame 500 (22.95 fps)
2020-03-20 03:46:37 [INFO]: Processing frame 520 (22.90 fps)
2020-03-20 03:46:39 [INFO]: Processing frame 540 (22.88 fps)
2020-03-20 03:46:40 [INFO]: Processing frame 560 (22.85 fps)
2020-03-20 03:46:42 [INFO]: Processing frame 580 (22.82 fps)
2020-03-20 03:46:44 [INFO]: save results to /home/master/JDEdata/MOT17/images/train/../results/weights/MOT17-02-SDP.txt
2020-03-20 03:46:44 [INFO]: Evaluate seq: MOT17-02-SDP
2020-03-20 03:46:45 [INFO]: start seq: MOT17-04-SDP
2020-03-20 03:46:46 [INFO]: Processing frame 0 (100000.00 fps)
2020-03-20 03:46:47 [INFO]: Processing frame 20 (24.01 fps)
2020-03-20 03:46:49 [INFO]: Processing frame 40 (23.55 fps)
2020-03-20 03:46:51 [INFO]: Processing frame 60 (23.30 fps)
2020-03-20 03:46:52 [INFO]: Processing frame 80 (23.20 fps)
2020-03-20 03:46:54 [INFO]: Processing frame 100 (23.12 fps)
2020-03-20 03:46:56 [INFO]: Processing frame 120 (23.03 fps)
2020-03-20 03:46:57 [INFO]: Processing frame 140 (23.03 fps)
2020-03-20 03:46:59 [INFO]: Processing frame 160 (23.10 fps)
2020-03-20 03:47:01 [INFO]: Processing frame 180 (23.11 fps)
2020-03-20 03:47:02 [INFO]: Processing frame 200 (22.99 fps)
2020-03-20 03:47:04 [INFO]: Processing frame 220 (22.86 fps)
2020-03-20 03:47:06 [INFO]: Processing frame 240 (22.82 fps)
2020-03-20 03:47:07 [INFO]: Processing frame 260 (22.76 fps)
2020-03-20 03:47:09 [INFO]: Processing frame 280 (22.70 fps)
2020-03-20 03:47:11 [INFO]: Processing frame 300 (22.62 fps)
2020-03-20 03:47:13 [INFO]: Processing frame 320 (22.55 fps)
2020-03-20 03:47:15 [INFO]: Processing frame 340 (22.42 fps)
2020-03-20 03:47:16 [INFO]: Processing frame 360 (22.43 fps)
2020-03-20 03:47:18 [INFO]: Processing frame 380 (22.36 fps)
2020-03-20 03:47:20 [INFO]: Processing frame 400 (22.31 fps)
2020-03-20 03:47:21 [INFO]: Processing frame 420 (22.31 fps)
2020-03-20 03:47:23 [INFO]: Processing frame 440 (22.32 fps)
2020-03-20 03:47:25 [INFO]: Processing frame 460 (22.29 fps)
2020-03-20 03:47:26 [INFO]: Processing frame 480 (22.26 fps)
2020-03-20 03:47:28 [INFO]: Processing frame 500 (22.18 fps)
2020-03-20 03:47:30 [INFO]: Processing frame 520 (22.13 fps)
2020-03-20 03:47:32 [INFO]: Processing frame 540 (22.08 fps)
2020-03-20 03:47:33 [INFO]: Processing frame 560 (22.07 fps)
2020-03-20 03:47:35 [INFO]: Processing frame 580 (22.04 fps)
2020-03-20 03:47:37 [INFO]: Processing frame 600 (22.00 fps)
2020-03-20 03:47:39 [INFO]: Processing frame 620 (21.97 fps)
2020-03-20 03:47:40 [INFO]: Processing frame 640 (21.94 fps)
2020-03-20 03:47:42 [INFO]: Processing frame 660 (21.92 fps)
2020-03-20 03:47:44 [INFO]: Processing frame 680 (21.91 fps)
2020-03-20 03:47:45 [INFO]: Processing frame 700 (21.91 fps)
2020-03-20 03:47:47 [INFO]: Processing frame 720 (21.91 fps)
2020-03-20 03:47:49 [INFO]: Processing frame 740 (21.91 fps)
2020-03-20 03:47:51 [INFO]: Processing frame 760 (21.91 fps)
2020-03-20 03:47:52 [INFO]: Processing frame 780 (21.91 fps)
2020-03-20 03:47:54 [INFO]: Processing frame 800 (21.89 fps)
2020-03-20 03:47:56 [INFO]: Processing frame 820 (21.86 fps)
2020-03-20 03:47:58 [INFO]: Processing frame 840 (21.84 fps)
2020-03-20 03:48:00 [INFO]: Processing frame 860 (21.80 fps)
2020-03-20 03:48:01 [INFO]: Processing frame 880 (21.77 fps)
2020-03-20 03:48:03 [INFO]: Processing frame 900 (21.73 fps)
2020-03-20 03:48:05 [INFO]: Processing frame 920 (21.70 fps)
2020-03-20 03:48:07 [INFO]: Processing frame 940 (21.68 fps)
2020-03-20 03:48:08 [INFO]: Processing frame 960 (21.65 fps)
2020-03-20 03:48:10 [INFO]: Processing frame 980 (21.62 fps)
2020-03-20 03:48:12 [INFO]: Processing frame 1000 (21.58 fps)
2020-03-20 03:48:14 [INFO]: Processing frame 1020 (21.56 fps)
2020-03-20 03:48:15 [INFO]: Processing frame 1040 (21.57 fps)
2020-03-20 03:48:16 [INFO]: save results to /home/master/JDEdata/MOT17/images/train/../results/weights/MOT17-04-SDP.txt
2020-03-20 03:48:16 [INFO]: Evaluate seq: MOT17-04-SDP
2020-03-20 03:48:18 [INFO]: start seq: MOT17-05-SDP
2020-03-20 03:48:19 [INFO]: Processing frame 0 (100000.00 fps)
2020-03-20 03:48:20 [INFO]: Processing frame 20 (30.75 fps)
2020-03-20 03:48:21 [INFO]: Processing frame 40 (30.38 fps)
2020-03-20 03:48:22 [INFO]: Processing frame 60 (30.54 fps)
2020-03-20 03:48:23 [INFO]: Processing frame 80 (30.68 fps)
2020-03-20 03:48:23 [INFO]: Processing frame 100 (30.60 fps)
2020-03-20 03:48:24 [INFO]: Processing frame 120 (30.57 fps)
2020-03-20 03:48:25 [INFO]: Processing frame 140 (30.54 fps)
2020-03-20 03:48:26 [INFO]: Processing frame 160 (30.52 fps)
2020-03-20 03:48:26 [INFO]: Processing frame 180 (30.52 fps)
2020-03-20 03:48:27 [INFO]: Processing frame 200 (30.50 fps)
2020-03-20 03:48:28 [INFO]: Processing frame 220 (30.55 fps)
2020-03-20 03:48:29 [INFO]: Processing frame 240 (30.56 fps)
2020-03-20 03:48:29 [INFO]: Processing frame 260 (30.49 fps)
2020-03-20 03:48:30 [INFO]: Processing frame 280 (30.44 fps)
2020-03-20 03:48:31 [INFO]: Processing frame 300 (30.40 fps)
2020-03-20 03:48:32 [INFO]: Processing frame 320 (30.33 fps)
2020-03-20 03:48:33 [INFO]: Processing frame 340 (30.31 fps)
2020-03-20 03:48:33 [INFO]: Processing frame 360 (30.31 fps)
2020-03-20 03:48:34 [INFO]: Processing frame 380 (30.33 fps)
2020-03-20 03:48:35 [INFO]: Processing frame 400 (30.32 fps)
2020-03-20 03:48:36 [INFO]: Processing frame 420 (30.35 fps)
2020-03-20 03:48:36 [INFO]: Processing frame 440 (30.38 fps)
2020-03-20 03:48:37 [INFO]: Processing frame 460 (30.38 fps)
2020-03-20 03:48:38 [INFO]: Processing frame 480 (30.40 fps)
2020-03-20 03:48:39 [INFO]: Processing frame 500 (30.44 fps)
2020-03-20 03:48:39 [INFO]: Processing frame 520 (30.46 fps)
2020-03-20 03:48:40 [INFO]: Processing frame 540 (30.45 fps)
2020-03-20 03:48:41 [INFO]: Processing frame 560 (30.44 fps)
2020-03-20 03:48:42 [INFO]: Processing frame 580 (30.44 fps)
2020-03-20 03:48:42 [INFO]: Processing frame 600 (30.45 fps)
2020-03-20 03:48:43 [INFO]: Processing frame 620 (30.47 fps)
2020-03-20 03:48:44 [INFO]: Processing frame 640 (30.48 fps)
2020-03-20 03:48:45 [INFO]: Processing frame 660 (30.50 fps)
2020-03-20 03:48:45 [INFO]: Processing frame 680 (30.51 fps)
2020-03-20 03:48:46 [INFO]: Processing frame 700 (30.50 fps)
2020-03-20 03:48:47 [INFO]: Processing frame 720 (30.49 fps)
2020-03-20 03:48:48 [INFO]: Processing frame 740 (30.47 fps)
2020-03-20 03:48:48 [INFO]: Processing frame 760 (30.46 fps)
2020-03-20 03:48:49 [INFO]: Processing frame 780 (30.43 fps)
2020-03-20 03:48:50 [INFO]: Processing frame 800 (30.39 fps)
2020-03-20 03:48:51 [INFO]: Processing frame 820 (30.36 fps)
2020-03-20 03:48:52 [INFO]: save results to /home/master/JDEdata/MOT17/images/train/../results/weights/MOT17-05-SDP.txt
2020-03-20 03:48:52 [INFO]: Evaluate seq: MOT17-05-SDP
2020-03-20 03:48:52 [INFO]: start seq: MOT17-09-SDP
2020-03-20 03:48:53 [INFO]: Processing frame 0 (100000.00 fps)
2020-03-20 03:48:54 [INFO]: Processing frame 20 (31.13 fps)
2020-03-20 03:48:56 [INFO]: Processing frame 40 (31.04 fps)
2020-03-20 03:48:57 [INFO]: Processing frame 60 (30.88 fps)
2020-03-20 03:48:58 [INFO]: Processing frame 80 (30.82 fps)
2020-03-20 03:49:00 [INFO]: Processing frame 100 (30.82 fps)
2020-03-20 03:49:01 [INFO]: Processing frame 120 (30.82 fps)
2020-03-20 03:49:02 [INFO]: Processing frame 140 (30.83 fps)
2020-03-20 03:49:03 [INFO]: Processing frame 160 (30.69 fps)
2020-03-20 03:49:05 [INFO]: Processing frame 180 (30.60 fps)
2020-03-20 03:49:06 [INFO]: Processing frame 200 (30.44 fps)
2020-03-20 03:49:07 [INFO]: Processing frame 220 (30.30 fps)
2020-03-20 03:49:09 [INFO]: Processing frame 240 (30.21 fps)
2020-03-20 03:49:10 [INFO]: Processing frame 260 (30.16 fps)
2020-03-20 03:49:11 [INFO]: Processing frame 280 (30.15 fps)
2020-03-20 03:49:12 [INFO]: Processing frame 300 (30.16 fps)
2020-03-20 03:49:14 [INFO]: Processing frame 320 (30.17 fps)
2020-03-20 03:49:15 [INFO]: Processing frame 340 (30.17 fps)
2020-03-20 03:49:16 [INFO]: Processing frame 360 (30.18 fps)
2020-03-20 03:49:18 [INFO]: Processing frame 380 (30.18 fps)
2020-03-20 03:49:19 [INFO]: Processing frame 400 (30.19 fps)
2020-03-20 03:49:20 [INFO]: Processing frame 420 (30.21 fps)
2020-03-20 03:49:21 [INFO]: Processing frame 440 (30.23 fps)
2020-03-20 03:49:23 [INFO]: Processing frame 460 (30.23 fps)
2020-03-20 03:49:24 [INFO]: Processing frame 480 (30.22 fps)
2020-03-20 03:49:25 [INFO]: Processing frame 500 (30.20 fps)
2020-03-20 03:49:27 [INFO]: Processing frame 520 (30.20 fps)
2020-03-20 03:49:27 [INFO]: save results to /home/master/JDEdata/MOT17/images/train/../results/weights/MOT17-09-SDP.txt
2020-03-20 03:49:27 [INFO]: Evaluate seq: MOT17-09-SDP
2020-03-20 03:49:27 [INFO]: start seq: MOT17-10-SDP
2020-03-20 03:49:28 [INFO]: Processing frame 0 (100000.00 fps)
2020-03-20 03:49:30 [INFO]: Processing frame 20 (27.90 fps)
2020-03-20 03:49:31 [INFO]: Processing frame 40 (26.69 fps)
2020-03-20 03:49:33 [INFO]: Processing frame 60 (25.94 fps)
2020-03-20 03:49:34 [INFO]: Processing frame 80 (26.39 fps)
2020-03-20 03:49:35 [INFO]: Processing frame 100 (26.79 fps)
2020-03-20 03:49:37 [INFO]: Processing frame 120 (27.07 fps)
2020-03-20 03:49:38 [INFO]: Processing frame 140 (27.05 fps)
2020-03-20 03:49:39 [INFO]: Processing frame 160 (26.94 fps)
2020-03-20 03:49:41 [INFO]: Processing frame 180 (26.77 fps)
2020-03-20 03:49:42 [INFO]: Processing frame 200 (26.57 fps)
2020-03-20 03:49:44 [INFO]: Processing frame 220 (26.41 fps)
2020-03-20 03:49:45 [INFO]: Processing frame 240 (26.20 fps)
2020-03-20 03:49:47 [INFO]: Processing frame 260 (26.06 fps)
2020-03-20 03:49:48 [INFO]: Processing frame 280 (26.00 fps)
2020-03-20 03:49:50 [INFO]: Processing frame 300 (25.89 fps)
2020-03-20 03:49:51 [INFO]: Processing frame 320 (25.23 fps)
2020-03-20 03:49:53 [INFO]: Processing frame 340 (24.38 fps)
2020-03-20 03:49:55 [INFO]: Processing frame 360 (23.68 fps)
2020-03-20 03:49:57 [INFO]: Processing frame 380 (23.11 fps)
2020-03-20 03:49:59 [INFO]: Processing frame 400 (22.66 fps)
2020-03-20 03:50:01 [INFO]: Processing frame 420 (22.20 fps)
2020-03-20 03:50:03 [INFO]: Processing frame 440 (21.82 fps)
2020-03-20 03:50:05 [INFO]: Processing frame 460 (21.48 fps)
2020-03-20 03:50:07 [INFO]: Processing frame 480 (21.19 fps)
2020-03-20 03:50:08 [INFO]: Processing frame 500 (20.91 fps)
2020-03-20 03:50:10 [INFO]: Processing frame 520 (20.66 fps)
2020-03-20 03:50:12 [INFO]: Processing frame 540 (20.43 fps)
2020-03-20 03:50:14 [INFO]: Processing frame 560 (20.23 fps)
2020-03-20 03:50:16 [INFO]: Processing frame 580 (20.04 fps)
2020-03-20 03:50:18 [INFO]: Processing frame 600 (19.88 fps)
2020-03-20 03:50:20 [INFO]: Processing frame 620 (19.73 fps)
2020-03-20 03:50:22 [INFO]: Processing frame 640 (19.58 fps)
2020-03-20 03:50:23 [INFO]: save results to /home/master/JDEdata/MOT17/images/train/../results/weights/MOT17-10-SDP.txt
2020-03-20 03:50:23 [INFO]: Evaluate seq: MOT17-10-SDP
2020-03-20 03:50:24 [INFO]: start seq: MOT17-11-SDP
2020-03-20 03:50:25 [INFO]: Processing frame 0 (100000.00 fps)
2020-03-20 03:50:27 [INFO]: Processing frame 20 (15.90 fps)
2020-03-20 03:50:29 [INFO]: Processing frame 40 (15.78 fps)
2020-03-20 03:50:31 [INFO]: Processing frame 60 (15.68 fps)
2020-03-20 03:50:33 [INFO]: Processing frame 80 (16.44 fps)
2020-03-20 03:50:35 [INFO]: Processing frame 100 (17.07 fps)
2020-03-20 03:50:36 [INFO]: Processing frame 120 (17.11 fps)
2020-03-20 03:50:38 [INFO]: Processing frame 140 (17.40 fps)
2020-03-20 03:50:40 [INFO]: Processing frame 160 (17.51 fps)
2020-03-20 03:50:42 [INFO]: Processing frame 180 (17.44 fps)
2020-03-20 03:50:43 [INFO]: Processing frame 200 (17.47 fps)
2020-03-20 03:50:45 [INFO]: Processing frame 220 (17.52 fps)
2020-03-20 03:50:47 [INFO]: Processing frame 240 (17.50 fps)
2020-03-20 03:50:49 [INFO]: Processing frame 260 (17.52 fps)
2020-03-20 03:50:51 [INFO]: Processing frame 280 (17.50 fps)
2020-03-20 03:50:53 [INFO]: Processing frame 300 (17.47 fps)
2020-03-20 03:50:55 [INFO]: Processing frame 320 (17.43 fps)
2020-03-20 03:50:56 [INFO]: Processing frame 340 (17.45 fps)
2020-03-20 03:50:58 [INFO]: Processing frame 360 (17.47 fps)
2020-03-20 03:51:00 [INFO]: Processing frame 380 (17.49 fps)
2020-03-20 03:51:02 [INFO]: Processing frame 400 (17.47 fps)
2020-03-20 03:51:04 [INFO]: Processing frame 420 (17.44 fps)
2020-03-20 03:51:06 [INFO]: Processing frame 440 (17.47 fps)
2020-03-20 03:51:07 [INFO]: Processing frame 460 (17.50 fps)
2020-03-20 03:51:09 [INFO]: Processing frame 480 (17.49 fps)
2020-03-20 03:51:11 [INFO]: Processing frame 500 (17.57 fps)
2020-03-20 03:51:13 [INFO]: Processing frame 520 (17.61 fps)
2020-03-20 03:51:14 [INFO]: Processing frame 540 (17.65 fps)
2020-03-20 03:51:16 [INFO]: Processing frame 560 (17.77 fps)
2020-03-20 03:51:17 [INFO]: Processing frame 580 (17.90 fps)
2020-03-20 03:51:19 [INFO]: Processing frame 600 (18.00 fps)
2020-03-20 03:51:21 [INFO]: Processing frame 620 (18.06 fps)
2020-03-20 03:51:22 [INFO]: Processing frame 640 (18.10 fps)
2020-03-20 03:51:24 [INFO]: Processing frame 660 (18.19 fps)
2020-03-20 03:51:26 [INFO]: Processing frame 680 (18.27 fps)
2020-03-20 03:51:27 [INFO]: Processing frame 700 (18.34 fps)
2020-03-20 03:51:29 [INFO]: Processing frame 720 (18.43 fps)
2020-03-20 03:51:30 [INFO]: Processing frame 740 (18.48 fps)
2020-03-20 03:51:32 [INFO]: Processing frame 760 (18.56 fps)
2020-03-20 03:51:34 [INFO]: Processing frame 780 (18.60 fps)
2020-03-20 03:51:35 [INFO]: Processing frame 800 (18.62 fps)
2020-03-20 03:51:37 [INFO]: Processing frame 820 (18.63 fps)
2020-03-20 03:51:39 [INFO]: Processing frame 840 (18.62 fps)
2020-03-20 03:51:41 [INFO]: Processing frame 860 (18.60 fps)
2020-03-20 03:51:42 [INFO]: Processing frame 880 (18.60 fps)
2020-03-20 03:51:44 [INFO]: save results to /home/master/JDEdata/MOT17/images/train/../results/weights/MOT17-11-SDP.txt
2020-03-20 03:51:44 [INFO]: Evaluate seq: MOT17-11-SDP
2020-03-20 03:51:45 [INFO]: start seq: MOT17-13-SDP
2020-03-20 03:51:46 [INFO]: Processing frame 0 (100000.00 fps)
2020-03-20 03:51:48 [INFO]: Processing frame 20 (19.89 fps)
2020-03-20 03:51:49 [INFO]: Processing frame 40 (19.40 fps)
2020-03-20 03:51:51 [INFO]: Processing frame 60 (18.69 fps)
2020-03-20 03:51:53 [INFO]: Processing frame 80 (18.53 fps)
2020-03-20 03:51:55 [INFO]: Processing frame 100 (17.82 fps)
2020-03-20 03:51:57 [INFO]: Processing frame 120 (17.34 fps)
2020-03-20 03:51:59 [INFO]: Processing frame 140 (17.80 fps)
2020-03-20 03:52:01 [INFO]: Processing frame 160 (18.01 fps)
2020-03-20 03:52:03 [INFO]: Processing frame 180 (17.79 fps)
2020-03-20 03:52:04 [INFO]: Processing frame 200 (17.68 fps)
2020-03-20 03:52:06 [INFO]: Processing frame 220 (17.61 fps)
2020-03-20 03:52:08 [INFO]: Processing frame 240 (17.65 fps)
2020-03-20 03:52:10 [INFO]: Processing frame 260 (17.63 fps)
2020-03-20 03:52:12 [INFO]: Processing frame 280 (17.57 fps)
2020-03-20 03:52:14 [INFO]: Processing frame 300 (17.57 fps)
2020-03-20 03:52:16 [INFO]: Processing frame 320 (17.46 fps)
2020-03-20 03:52:18 [INFO]: Processing frame 340 (17.34 fps)
2020-03-20 03:52:20 [INFO]: Processing frame 360 (17.27 fps)
2020-03-20 03:52:22 [INFO]: Processing frame 380 (17.13 fps)
2020-03-20 03:52:24 [INFO]: Processing frame 400 (17.03 fps)
2020-03-20 03:52:26 [INFO]: Processing frame 420 (16.93 fps)
2020-03-20 03:52:28 [INFO]: Processing frame 440 (16.85 fps)
2020-03-20 03:52:30 [INFO]: Processing frame 460 (16.77 fps)
2020-03-20 03:52:32 [INFO]: Processing frame 480 (16.74 fps)
2020-03-20 03:52:34 [INFO]: Processing frame 500 (16.79 fps)
2020-03-20 03:52:36 [INFO]: Processing frame 520 (16.85 fps)
2020-03-20 03:52:38 [INFO]: Processing frame 540 (16.84 fps)
2020-03-20 03:52:40 [INFO]: Processing frame 560 (16.85 fps)
2020-03-20 03:52:41 [INFO]: Processing frame 580 (16.90 fps)
2020-03-20 03:52:43 [INFO]: Processing frame 600 (16.89 fps)
2020-03-20 03:52:45 [INFO]: Processing frame 620 (16.89 fps)
2020-03-20 03:52:47 [INFO]: Processing frame 640 (16.89 fps)
2020-03-20 03:52:49 [INFO]: Processing frame 660 (16.89 fps)
2020-03-20 03:52:51 [INFO]: Processing frame 680 (16.89 fps)
2020-03-20 03:52:53 [INFO]: Processing frame 700 (16.89 fps)
2020-03-20 03:52:55 [INFO]: Processing frame 720 (16.89 fps)
2020-03-20 03:52:57 [INFO]: Processing frame 740 (16.88 fps)
2020-03-20 03:52:57 [INFO]: save results to /home/master/JDEdata/MOT17/images/train/../results/weights/MOT17-13-SDP.txt
2020-03-20 03:52:57 [INFO]: Evaluate seq: MOT17-13-SDP
2020-03-20 03:52:58 [INFO]: Time elapsed: 246.32 seconds, FPS: 21.58
              IDF1   IDP   IDR  Rcll  Prcn  GT  MT  PT ML   FP    FN  IDs    FM  MOTA  MOTP IDt IDa IDm
MOT17-02-SDP 48.5% 54.8% 43.5% 69.9% 88.1%  62  20  37  5 1762  5597  329   486 58.6% 0.215 150 109  16
MOT17-04-SDP 76.4% 84.9% 69.3% 78.3% 95.8%  83  42  30 11 1612 10341  162   349 74.5% 0.178  56  62   5
MOT17-05-SDP 76.0% 80.3% 72.1% 84.4% 94.0% 133  75  52  6  371  1078  159   218 76.8% 0.197  78  74  22
MOT17-09-SDP 56.1% 63.2% 50.4% 75.1% 94.2%  26  12  13  1  248  1328  132   163 67.9% 0.186  81  35   5
MOT17-10-SDP 58.2% 63.5% 53.7% 77.1% 91.1%  57  24  31  2  961  2942  349   633 66.9% 0.223 140 105   9
MOT17-11-SDP 78.3% 80.6% 76.1% 89.8% 95.2%  75  50  21  4  425   961   78   170 84.5% 0.157  28  38   4
MOT17-13-SDP 68.2% 77.4% 60.9% 72.4% 92.1% 110  45  54 11  721  3211  276   699 63.9% 0.224 139  95  34
OVERALL      68.1% 75.2% 62.2% 77.3% 93.4% 546 268 238 40 6100 25458 1485  2718 70.6% 0.193 672 518  95
