Namespace(cfg='cfg/yolov3_864x480.cfg', conf_thres=0.5, iou_thres=0.5, min_box_area=200, nms_thres=0.4, save_images=False, save_videos=False, test_mot15=False, test_mot16=False, test_mot17=True, track_buffer=30, weights='/home/master/koi/weights/66_epoch_arcface_arc_margin.pt')

2020-03-20 12:58:48 [INFO]: start seq: MOT17-02-SDP
2020-03-20 12:58:59 [INFO]: Processing frame 0 (100000.00 fps)
2020-03-20 12:59:01 [INFO]: Processing frame 20 (16.20 fps)
2020-03-20 12:59:02 [INFO]: Processing frame 40 (19.01 fps)
2020-03-20 12:59:04 [INFO]: Processing frame 60 (19.66 fps)
2020-03-20 12:59:06 [INFO]: Processing frame 80 (19.05 fps)
2020-03-20 12:59:08 [INFO]: Processing frame 100 (18.28 fps)
2020-03-20 12:59:10 [INFO]: Processing frame 120 (17.72 fps)
2020-03-20 12:59:12 [INFO]: Processing frame 140 (17.48 fps)
2020-03-20 12:59:14 [INFO]: Processing frame 160 (17.38 fps)
2020-03-20 12:59:16 [INFO]: Processing frame 180 (17.03 fps)
2020-03-20 12:59:18 [INFO]: Processing frame 200 (16.46 fps)
2020-03-20 12:59:21 [INFO]: Processing frame 220 (16.11 fps)
2020-03-20 12:59:23 [INFO]: Processing frame 240 (15.92 fps)
2020-03-20 12:59:25 [INFO]: Processing frame 260 (15.67 fps)
2020-03-20 12:59:27 [INFO]: Processing frame 280 (15.39 fps)
2020-03-20 12:59:30 [INFO]: Processing frame 300 (15.17 fps)
2020-03-20 12:59:32 [INFO]: Processing frame 320 (15.05 fps)
2020-03-20 12:59:34 [INFO]: Processing frame 340 (14.99 fps)
2020-03-20 12:59:36 [INFO]: Processing frame 360 (14.90 fps)
2020-03-20 12:59:38 [INFO]: Processing frame 380 (14.84 fps)
2020-03-20 12:59:41 [INFO]: Processing frame 400 (14.74 fps)
2020-03-20 12:59:43 [INFO]: Processing frame 420 (14.70 fps)
2020-03-20 12:59:45 [INFO]: Processing frame 440 (14.71 fps)
2020-03-20 12:59:47 [INFO]: Processing frame 460 (14.59 fps)
2020-03-20 12:59:49 [INFO]: Processing frame 480 (14.47 fps)
2020-03-20 12:59:51 [INFO]: Processing frame 500 (14.44 fps)
2020-03-20 12:59:53 [INFO]: Processing frame 520 (14.48 fps)
2020-03-20 12:59:56 [INFO]: Processing frame 540 (14.33 fps)
2020-03-20 12:59:58 [INFO]: Processing frame 560 (14.28 fps)
2020-03-20 13:00:01 [INFO]: Processing frame 580 (14.17 fps)
2020-03-20 13:00:03 [INFO]: save results to /home/master/JDEdata/MOT17/images/train/../results/weights/MOT17-02-SDP.txt
2020-03-20 13:00:03 [INFO]: Evaluate seq: MOT17-02-SDP
2020-03-20 13:00:04 [INFO]: start seq: MOT17-04-SDP
2020-03-20 13:00:06 [INFO]: Processing frame 0 (100000.00 fps)
2020-03-20 13:00:08 [INFO]: Processing frame 20 (11.92 fps)
2020-03-20 13:00:11 [INFO]: Processing frame 40 (11.62 fps)
2020-03-20 13:00:13 [INFO]: Processing frame 60 (11.82 fps)
2020-03-20 13:00:16 [INFO]: Processing frame 80 (11.83 fps)
2020-03-20 13:00:18 [INFO]: Processing frame 100 (11.78 fps)
2020-03-20 13:00:21 [INFO]: Processing frame 120 (11.76 fps)
2020-03-20 13:00:23 [INFO]: Processing frame 140 (11.67 fps)
2020-03-20 13:00:26 [INFO]: Processing frame 160 (11.70 fps)
2020-03-20 13:00:28 [INFO]: Processing frame 180 (11.71 fps)
2020-03-20 13:00:31 [INFO]: Processing frame 200 (11.79 fps)
2020-03-20 13:00:33 [INFO]: Processing frame 220 (11.78 fps)
2020-03-20 13:00:36 [INFO]: Processing frame 240 (11.75 fps)
2020-03-20 13:00:38 [INFO]: Processing frame 260 (11.73 fps)
2020-03-20 13:00:41 [INFO]: Processing frame 280 (11.74 fps)
2020-03-20 13:00:43 [INFO]: Processing frame 300 (11.71 fps)
2020-03-20 13:00:46 [INFO]: Processing frame 320 (11.71 fps)
2020-03-20 13:00:48 [INFO]: Processing frame 340 (11.67 fps)
2020-03-20 13:00:51 [INFO]: Processing frame 360 (11.65 fps)
2020-03-20 13:00:53 [INFO]: Processing frame 380 (11.65 fps)
2020-03-20 13:00:56 [INFO]: Processing frame 400 (11.66 fps)
2020-03-20 13:00:58 [INFO]: Processing frame 420 (11.65 fps)
2020-03-20 13:01:01 [INFO]: Processing frame 440 (11.67 fps)
2020-03-20 13:01:03 [INFO]: Processing frame 460 (11.63 fps)
2020-03-20 13:01:06 [INFO]: Processing frame 480 (11.55 fps)
2020-03-20 13:01:09 [INFO]: Processing frame 500 (11.49 fps)
2020-03-20 13:01:12 [INFO]: Processing frame 520 (11.41 fps)
2020-03-20 13:01:14 [INFO]: Processing frame 540 (11.35 fps)
2020-03-20 13:01:17 [INFO]: Processing frame 560 (11.32 fps)
2020-03-20 13:01:20 [INFO]: Processing frame 580 (11.28 fps)
2020-03-20 13:01:22 [INFO]: Processing frame 600 (11.25 fps)
2020-03-20 13:01:25 [INFO]: Processing frame 620 (11.22 fps)
2020-03-20 13:01:28 [INFO]: Processing frame 640 (11.19 fps)
2020-03-20 13:01:30 [INFO]: Processing frame 660 (11.18 fps)
2020-03-20 13:01:33 [INFO]: Processing frame 680 (11.16 fps)
2020-03-20 13:01:36 [INFO]: Processing frame 700 (11.14 fps)
2020-03-20 13:01:38 [INFO]: Processing frame 720 (11.13 fps)
2020-03-20 13:01:41 [INFO]: Processing frame 740 (11.12 fps)
2020-03-20 13:01:43 [INFO]: Processing frame 760 (11.11 fps)
2020-03-20 13:01:46 [INFO]: Processing frame 780 (11.10 fps)
2020-03-20 13:01:49 [INFO]: Processing frame 800 (11.08 fps)
2020-03-20 13:01:51 [INFO]: Processing frame 820 (11.07 fps)
2020-03-20 13:01:54 [INFO]: Processing frame 840 (11.05 fps)
2020-03-20 13:01:57 [INFO]: Processing frame 860 (11.03 fps)
2020-03-20 13:01:59 [INFO]: Processing frame 880 (11.05 fps)
2020-03-20 13:02:02 [INFO]: Processing frame 900 (11.03 fps)
2020-03-20 13:02:04 [INFO]: Processing frame 920 (11.03 fps)
2020-03-20 13:02:07 [INFO]: Processing frame 940 (11.03 fps)
2020-03-20 13:02:10 [INFO]: Processing frame 960 (11.00 fps)
2020-03-20 13:02:12 [INFO]: Processing frame 980 (10.98 fps)
2020-03-20 13:02:15 [INFO]: Processing frame 1000 (10.95 fps)
2020-03-20 13:02:18 [INFO]: Processing frame 1020 (10.95 fps)
2020-03-20 13:02:20 [INFO]: Processing frame 1040 (10.99 fps)
2020-03-20 13:02:21 [INFO]: save results to /home/master/JDEdata/MOT17/images/train/../results/weights/MOT17-04-SDP.txt
2020-03-20 13:02:21 [INFO]: Evaluate seq: MOT17-04-SDP
2020-03-20 13:02:24 [INFO]: start seq: MOT17-05-SDP
2020-03-20 13:02:25 [INFO]: Processing frame 0 (100000.00 fps)
2020-03-20 13:02:26 [INFO]: Processing frame 20 (20.96 fps)
2020-03-20 13:02:27 [INFO]: Processing frame 40 (20.60 fps)
2020-03-20 13:02:28 [INFO]: Processing frame 60 (20.87 fps)
2020-03-20 13:02:29 [INFO]: Processing frame 80 (21.13 fps)
2020-03-20 13:02:30 [INFO]: Processing frame 100 (21.09 fps)
2020-03-20 13:02:32 [INFO]: Processing frame 120 (20.98 fps)
2020-03-20 13:02:33 [INFO]: Processing frame 140 (20.88 fps)
2020-03-20 13:02:34 [INFO]: Processing frame 160 (20.82 fps)
2020-03-20 13:02:35 [INFO]: Processing frame 180 (20.79 fps)
2020-03-20 13:02:36 [INFO]: Processing frame 200 (20.75 fps)
2020-03-20 13:02:37 [INFO]: Processing frame 220 (20.74 fps)
2020-03-20 13:02:38 [INFO]: Processing frame 240 (20.73 fps)
2020-03-20 13:02:39 [INFO]: Processing frame 260 (20.67 fps)
2020-03-20 13:02:40 [INFO]: Processing frame 280 (20.62 fps)
2020-03-20 13:02:42 [INFO]: Processing frame 300 (20.59 fps)
2020-03-20 13:02:43 [INFO]: Processing frame 320 (20.54 fps)
2020-03-20 13:02:44 [INFO]: Processing frame 340 (20.52 fps)
2020-03-20 13:02:45 [INFO]: Processing frame 360 (20.44 fps)
2020-03-20 13:02:46 [INFO]: Processing frame 380 (20.44 fps)
2020-03-20 13:02:47 [INFO]: Processing frame 400 (20.43 fps)
2020-03-20 13:02:48 [INFO]: Processing frame 420 (20.43 fps)
2020-03-20 13:02:49 [INFO]: Processing frame 440 (20.44 fps)
2020-03-20 13:02:51 [INFO]: Processing frame 460 (20.44 fps)
2020-03-20 13:02:52 [INFO]: Processing frame 480 (20.45 fps)
2020-03-20 13:02:53 [INFO]: Processing frame 500 (20.47 fps)
2020-03-20 13:02:54 [INFO]: Processing frame 520 (20.48 fps)
2020-03-20 13:02:55 [INFO]: Processing frame 540 (20.50 fps)
2020-03-20 13:02:56 [INFO]: Processing frame 560 (20.50 fps)
2020-03-20 13:02:57 [INFO]: Processing frame 580 (20.50 fps)
2020-03-20 13:02:58 [INFO]: Processing frame 600 (20.50 fps)
2020-03-20 13:02:59 [INFO]: Processing frame 620 (20.64 fps)
2020-03-20 13:03:00 [INFO]: Processing frame 640 (20.82 fps)
2020-03-20 13:03:01 [INFO]: Processing frame 660 (21.00 fps)
2020-03-20 13:03:02 [INFO]: Processing frame 680 (21.05 fps)
2020-03-20 13:03:03 [INFO]: Processing frame 700 (20.87 fps)
2020-03-20 13:03:05 [INFO]: Processing frame 720 (20.70 fps)
2020-03-20 13:03:06 [INFO]: Processing frame 740 (20.52 fps)
2020-03-20 13:03:07 [INFO]: Processing frame 760 (20.36 fps)
2020-03-20 13:03:09 [INFO]: Processing frame 780 (20.20 fps)
2020-03-20 13:03:10 [INFO]: Processing frame 800 (20.05 fps)
2020-03-20 13:03:12 [INFO]: Processing frame 820 (19.92 fps)
2020-03-20 13:03:13 [INFO]: save results to /home/master/JDEdata/MOT17/images/train/../results/weights/MOT17-05-SDP.txt
2020-03-20 13:03:13 [INFO]: Evaluate seq: MOT17-05-SDP
2020-03-20 13:03:14 [INFO]: start seq: MOT17-09-SDP
2020-03-20 13:03:15 [INFO]: Processing frame 0 (100000.00 fps)
2020-03-20 13:03:16 [INFO]: Processing frame 20 (19.55 fps)
2020-03-20 13:03:18 [INFO]: Processing frame 40 (18.51 fps)
2020-03-20 13:03:20 [INFO]: Processing frame 60 (18.77 fps)
2020-03-20 13:03:22 [INFO]: Processing frame 80 (18.37 fps)
2020-03-20 13:03:24 [INFO]: Processing frame 100 (18.64 fps)
2020-03-20 13:03:26 [INFO]: Processing frame 120 (18.43 fps)
2020-03-20 13:03:27 [INFO]: Processing frame 140 (18.31 fps)
2020-03-20 13:03:29 [INFO]: Processing frame 160 (18.07 fps)
2020-03-20 13:03:31 [INFO]: Processing frame 180 (18.06 fps)
2020-03-20 13:03:33 [INFO]: Processing frame 200 (17.85 fps)
2020-03-20 13:03:35 [INFO]: Processing frame 220 (17.65 fps)
2020-03-20 13:03:37 [INFO]: Processing frame 240 (17.52 fps)
2020-03-20 13:03:39 [INFO]: Processing frame 260 (17.40 fps)
2020-03-20 13:03:41 [INFO]: Processing frame 280 (17.36 fps)
2020-03-20 13:03:43 [INFO]: Processing frame 300 (17.36 fps)
2020-03-20 13:03:45 [INFO]: Processing frame 320 (17.27 fps)
2020-03-20 13:03:47 [INFO]: Processing frame 340 (17.27 fps)
2020-03-20 13:03:48 [INFO]: Processing frame 360 (17.37 fps)
2020-03-20 13:03:50 [INFO]: Processing frame 380 (17.42 fps)
2020-03-20 13:03:52 [INFO]: Processing frame 400 (17.43 fps)
2020-03-20 13:03:54 [INFO]: Processing frame 420 (17.39 fps)
2020-03-20 13:03:56 [INFO]: Processing frame 440 (17.33 fps)
2020-03-20 13:03:58 [INFO]: Processing frame 460 (17.28 fps)
2020-03-20 13:04:00 [INFO]: Processing frame 480 (17.27 fps)
2020-03-20 13:04:02 [INFO]: Processing frame 500 (17.29 fps)
2020-03-20 13:04:04 [INFO]: Processing frame 520 (17.27 fps)
2020-03-20 13:04:04 [INFO]: save results to /home/master/JDEdata/MOT17/images/train/../results/weights/MOT17-09-SDP.txt
2020-03-20 13:04:04 [INFO]: Evaluate seq: MOT17-09-SDP
2020-03-20 13:04:05 [INFO]: start seq: MOT17-10-SDP
2020-03-20 13:04:06 [INFO]: Processing frame 0 (100000.00 fps)
2020-03-20 13:04:08 [INFO]: Processing frame 20 (23.58 fps)
2020-03-20 13:04:10 [INFO]: Processing frame 40 (18.20 fps)
2020-03-20 13:04:12 [INFO]: Processing frame 60 (16.75 fps)
2020-03-20 13:04:14 [INFO]: Processing frame 80 (16.26 fps)
2020-03-20 13:04:16 [INFO]: Processing frame 100 (16.14 fps)
2020-03-20 13:04:18 [INFO]: Processing frame 120 (16.03 fps)
2020-03-20 13:04:20 [INFO]: Processing frame 140 (15.91 fps)
2020-03-20 13:04:22 [INFO]: Processing frame 160 (15.82 fps)
2020-03-20 13:04:24 [INFO]: Processing frame 180 (15.71 fps)
2020-03-20 13:04:26 [INFO]: Processing frame 200 (15.60 fps)
2020-03-20 13:04:28 [INFO]: Processing frame 220 (15.53 fps)
2020-03-20 13:04:30 [INFO]: Processing frame 240 (15.46 fps)
2020-03-20 13:04:32 [INFO]: Processing frame 260 (15.41 fps)
2020-03-20 13:04:34 [INFO]: Processing frame 280 (15.38 fps)
2020-03-20 13:04:36 [INFO]: Processing frame 300 (15.34 fps)
2020-03-20 13:04:38 [INFO]: Processing frame 320 (15.30 fps)
2020-03-20 13:04:40 [INFO]: Processing frame 340 (15.26 fps)
2020-03-20 13:04:42 [INFO]: Processing frame 360 (15.26 fps)
2020-03-20 13:04:44 [INFO]: Processing frame 380 (15.24 fps)
2020-03-20 13:04:46 [INFO]: Processing frame 400 (15.23 fps)
2020-03-20 13:04:48 [INFO]: Processing frame 420 (15.21 fps)
2020-03-20 13:04:50 [INFO]: Processing frame 440 (15.25 fps)
2020-03-20 13:04:52 [INFO]: Processing frame 460 (15.27 fps)
2020-03-20 13:04:54 [INFO]: Processing frame 480 (15.29 fps)
2020-03-20 13:04:56 [INFO]: Processing frame 500 (15.29 fps)
2020-03-20 13:04:58 [INFO]: Processing frame 520 (15.34 fps)
2020-03-20 13:05:00 [INFO]: Processing frame 540 (15.54 fps)
2020-03-20 13:05:02 [INFO]: Processing frame 560 (15.52 fps)
2020-03-20 13:05:04 [INFO]: Processing frame 580 (15.51 fps)
2020-03-20 13:05:06 [INFO]: Processing frame 600 (15.50 fps)
2020-03-20 13:05:08 [INFO]: Processing frame 620 (15.52 fps)
2020-03-20 13:05:10 [INFO]: Processing frame 640 (15.51 fps)
2020-03-20 13:05:11 [INFO]: save results to /home/master/JDEdata/MOT17/images/train/../results/weights/MOT17-10-SDP.txt
2020-03-20 13:05:11 [INFO]: Evaluate seq: MOT17-10-SDP
2020-03-20 13:05:12 [INFO]: start seq: MOT17-11-SDP
2020-03-20 13:05:13 [INFO]: Processing frame 0 (100000.00 fps)
2020-03-20 13:05:15 [INFO]: Processing frame 20 (15.28 fps)
2020-03-20 13:05:17 [INFO]: Processing frame 40 (15.20 fps)
2020-03-20 13:05:19 [INFO]: Processing frame 60 (15.17 fps)
2020-03-20 13:05:21 [INFO]: Processing frame 80 (15.19 fps)
2020-03-20 13:05:23 [INFO]: Processing frame 100 (15.24 fps)
2020-03-20 13:05:25 [INFO]: Processing frame 120 (15.25 fps)
2020-03-20 13:05:27 [INFO]: Processing frame 140 (15.33 fps)
2020-03-20 13:05:29 [INFO]: Processing frame 160 (15.39 fps)
2020-03-20 13:05:31 [INFO]: Processing frame 180 (15.44 fps)
2020-03-20 13:05:33 [INFO]: Processing frame 200 (15.47 fps)
2020-03-20 13:05:35 [INFO]: Processing frame 220 (15.50 fps)
2020-03-20 13:05:37 [INFO]: Processing frame 240 (15.52 fps)
2020-03-20 13:05:39 [INFO]: Processing frame 260 (15.58 fps)
2020-03-20 13:05:41 [INFO]: Processing frame 280 (15.57 fps)
2020-03-20 13:05:43 [INFO]: Processing frame 300 (15.58 fps)
2020-03-20 13:05:45 [INFO]: Processing frame 320 (15.60 fps)
2020-03-20 13:05:47 [INFO]: Processing frame 340 (15.60 fps)
2020-03-20 13:05:49 [INFO]: Processing frame 360 (15.65 fps)
2020-03-20 13:05:51 [INFO]: Processing frame 380 (15.66 fps)
2020-03-20 13:05:53 [INFO]: Processing frame 400 (15.67 fps)
2020-03-20 13:05:55 [INFO]: Processing frame 420 (15.70 fps)
2020-03-20 13:05:57 [INFO]: Processing frame 440 (15.71 fps)
2020-03-20 13:05:58 [INFO]: Processing frame 460 (15.73 fps)
2020-03-20 13:06:00 [INFO]: Processing frame 480 (15.77 fps)
2020-03-20 13:06:02 [INFO]: Processing frame 500 (16.04 fps)
2020-03-20 13:06:04 [INFO]: Processing frame 520 (16.03 fps)
2020-03-20 13:06:06 [INFO]: Processing frame 540 (16.04 fps)
2020-03-20 13:06:08 [INFO]: Processing frame 560 (16.05 fps)
2020-03-20 13:06:09 [INFO]: Processing frame 580 (16.09 fps)
2020-03-20 13:06:11 [INFO]: Processing frame 600 (16.12 fps)
2020-03-20 13:06:13 [INFO]: Processing frame 620 (16.11 fps)
2020-03-20 13:06:15 [INFO]: Processing frame 640 (16.12 fps)
2020-03-20 13:06:17 [INFO]: Processing frame 660 (16.11 fps)
2020-03-20 13:06:19 [INFO]: Processing frame 680 (16.10 fps)
2020-03-20 13:06:21 [INFO]: Processing frame 700 (16.10 fps)
2020-03-20 13:06:23 [INFO]: Processing frame 720 (16.13 fps)
2020-03-20 13:06:25 [INFO]: Processing frame 740 (16.14 fps)
2020-03-20 13:06:27 [INFO]: Processing frame 760 (16.13 fps)
2020-03-20 13:06:29 [INFO]: Processing frame 780 (16.12 fps)
2020-03-20 13:06:31 [INFO]: Processing frame 800 (16.11 fps)
2020-03-20 13:06:33 [INFO]: Processing frame 820 (16.10 fps)
2020-03-20 13:06:35 [INFO]: Processing frame 840 (16.12 fps)
2020-03-20 13:06:37 [INFO]: Processing frame 860 (16.16 fps)
2020-03-20 13:06:39 [INFO]: Processing frame 880 (16.16 fps)
2020-03-20 13:06:41 [INFO]: save results to /home/master/JDEdata/MOT17/images/train/../results/weights/MOT17-11-SDP.txt
2020-03-20 13:06:41 [INFO]: Evaluate seq: MOT17-11-SDP
2020-03-20 13:06:42 [INFO]: start seq: MOT17-13-SDP
2020-03-20 13:06:43 [INFO]: Processing frame 0 (100000.00 fps)
2020-03-20 13:06:45 [INFO]: Processing frame 20 (18.14 fps)
2020-03-20 13:06:47 [INFO]: Processing frame 40 (17.42 fps)
2020-03-20 13:06:49 [INFO]: Processing frame 60 (17.02 fps)
2020-03-20 13:06:51 [INFO]: Processing frame 80 (17.39 fps)
2020-03-20 13:06:53 [INFO]: Processing frame 100 (17.46 fps)
2020-03-20 13:06:55 [INFO]: Processing frame 120 (17.43 fps)
2020-03-20 13:06:57 [INFO]: Processing frame 140 (17.25 fps)
2020-03-20 13:06:59 [INFO]: Processing frame 160 (17.15 fps)
2020-03-20 13:07:01 [INFO]: Processing frame 180 (17.12 fps)
2020-03-20 13:07:02 [INFO]: Processing frame 200 (17.25 fps)
2020-03-20 13:07:04 [INFO]: Processing frame 220 (17.20 fps)
2020-03-20 13:07:06 [INFO]: Processing frame 240 (17.01 fps)
2020-03-20 13:07:08 [INFO]: Processing frame 260 (16.97 fps)
2020-03-20 13:07:10 [INFO]: Processing frame 280 (16.87 fps)
2020-03-20 13:07:12 [INFO]: Processing frame 300 (16.85 fps)
2020-03-20 13:07:14 [INFO]: Processing frame 320 (16.80 fps)
2020-03-20 13:07:16 [INFO]: Processing frame 340 (16.73 fps)
2020-03-20 13:07:18 [INFO]: Processing frame 360 (16.68 fps)
2020-03-20 13:07:20 [INFO]: Processing frame 380 (16.67 fps)
2020-03-20 13:07:22 [INFO]: Processing frame 400 (16.69 fps)
2020-03-20 13:07:24 [INFO]: Processing frame 420 (16.74 fps)
2020-03-20 13:07:26 [INFO]: Processing frame 440 (16.82 fps)
2020-03-20 13:07:28 [INFO]: Processing frame 460 (16.78 fps)
2020-03-20 13:07:30 [INFO]: Processing frame 480 (16.97 fps)
2020-03-20 13:07:32 [INFO]: Processing frame 500 (16.96 fps)
2020-03-20 13:07:33 [INFO]: Processing frame 520 (16.93 fps)
2020-03-20 13:07:35 [INFO]: Processing frame 540 (16.89 fps)
2020-03-20 13:07:37 [INFO]: Processing frame 560 (16.86 fps)
2020-03-20 13:07:39 [INFO]: Processing frame 580 (16.85 fps)
2020-03-20 13:07:41 [INFO]: Processing frame 600 (16.82 fps)
2020-03-20 13:07:43 [INFO]: Processing frame 620 (16.81 fps)
2020-03-20 13:07:45 [INFO]: Processing frame 640 (16.79 fps)
2020-03-20 13:07:47 [INFO]: Processing frame 660 (16.78 fps)
2020-03-20 13:07:49 [INFO]: Processing frame 680 (16.78 fps)
2020-03-20 13:07:51 [INFO]: Processing frame 700 (16.76 fps)
2020-03-20 13:07:53 [INFO]: Processing frame 720 (16.73 fps)
2020-03-20 13:07:55 [INFO]: Processing frame 740 (16.70 fps)
2020-03-20 13:07:56 [INFO]: save results to /home/master/JDEdata/MOT17/images/train/../results/weights/MOT17-13-SDP.txt
2020-03-20 13:07:56 [INFO]: Evaluate seq: MOT17-13-SDP
2020-03-20 13:07:57 [INFO]: Time elapsed: 353.51 seconds, FPS: 15.04
              IDF1   IDP   IDR  Rcll  Prcn  GT  MT  PT ML   FP    FN  IDs    FM  MOTA  MOTP IDt IDa IDm
MOT17-02-SDP 46.6% 52.5% 41.9% 69.8% 87.5%  62  21  33  8 1862  5605  298   509 58.2% 0.227 153  78  20
MOT17-04-SDP 75.3% 83.7% 68.3% 78.0% 95.6%  83  44  28 11 1703 10460  107   376 74.2% 0.179  53  40   5
MOT17-05-SDP 72.7% 76.4% 69.4% 84.7% 93.3% 133  76  48  9  422  1060  145   219 76.5% 0.204  91  47  30
MOT17-09-SDP 52.6% 59.0% 47.5% 75.7% 94.1%  26  14  12  0  252  1292  120   147 68.8% 0.196  74  27   6
MOT17-10-SDP 59.7% 65.6% 54.7% 76.3% 91.5%  57  23  32  2  914  3046  369   651 66.3% 0.229 179  80  10
MOT17-11-SDP 78.4% 81.3% 75.7% 89.0% 95.5%  75  47  24  4  395  1038   71   180 84.1% 0.172  24  30   6
MOT17-13-SDP 66.2% 73.8% 60.0% 73.5% 90.5% 110  49  50 11  895  3081  299   687 63.3% 0.228 174  74  38
OVERALL      66.9% 73.8% 61.2% 77.2% 93.1% 546 274 227 45 6443 25582 1409  2769 70.2% 0.198 748 376 115
