Namespace(cfg='cfg/yolov3_864x480.cfg', conf_thres=0.5, iou_thres=0.5, min_box_area=200, nms_thres=0.4, save_images=False, save_videos=False, test_mot15=False, test_mot16=False, test_mot17=True, track_buffer=30, weights='../weights/69_epoch_diou_arcface_resume.pt')

2020-03-20 19:55:29 [INFO]: start seq: MOT17-02-SDP
2020-03-20 19:55:36 [INFO]: Processing frame 0 (100000.00 fps)
2020-03-20 19:55:39 [INFO]: Processing frame 20 (8.55 fps)
2020-03-20 19:55:41 [INFO]: Processing frame 40 (9.36 fps)
2020-03-20 19:55:44 [INFO]: Processing frame 60 (9.71 fps)
2020-03-20 19:55:47 [INFO]: Processing frame 80 (9.93 fps)
2020-03-20 19:55:49 [INFO]: Processing frame 100 (10.09 fps)
2020-03-20 19:55:52 [INFO]: Processing frame 120 (10.19 fps)
2020-03-20 19:55:55 [INFO]: Processing frame 140 (10.20 fps)
2020-03-20 19:55:57 [INFO]: Processing frame 160 (10.31 fps)
2020-03-20 19:56:00 [INFO]: Processing frame 180 (10.36 fps)
2020-03-20 19:56:02 [INFO]: Processing frame 200 (10.37 fps)
2020-03-20 19:56:05 [INFO]: Processing frame 220 (10.31 fps)
2020-03-20 19:56:08 [INFO]: Processing frame 240 (10.32 fps)
2020-03-20 19:56:10 [INFO]: Processing frame 260 (10.34 fps)
2020-03-20 19:56:13 [INFO]: Processing frame 280 (10.32 fps)
2020-03-20 19:56:16 [INFO]: Processing frame 300 (10.26 fps)
2020-03-20 19:56:19 [INFO]: Processing frame 320 (10.27 fps)
2020-03-20 19:56:22 [INFO]: Processing frame 340 (10.20 fps)
2020-03-20 19:56:24 [INFO]: Processing frame 360 (10.15 fps)
2020-03-20 19:56:27 [INFO]: Processing frame 380 (10.14 fps)
2020-03-20 19:56:30 [INFO]: Processing frame 400 (10.16 fps)
2020-03-20 19:56:33 [INFO]: Processing frame 420 (10.13 fps)
2020-03-20 19:56:35 [INFO]: Processing frame 440 (10.12 fps)
2020-03-20 19:56:38 [INFO]: Processing frame 460 (10.15 fps)
2020-03-20 19:56:41 [INFO]: Processing frame 480 (10.12 fps)
2020-03-20 19:56:43 [INFO]: Processing frame 500 (10.13 fps)
2020-03-20 19:56:46 [INFO]: Processing frame 520 (10.15 fps)
2020-03-20 19:56:49 [INFO]: Processing frame 540 (10.12 fps)
2020-03-20 19:56:52 [INFO]: Processing frame 560 (10.12 fps)
2020-03-20 19:56:54 [INFO]: Processing frame 580 (10.10 fps)
2020-03-20 19:56:57 [INFO]: save results to /home/master/JDEdata/MOT17/images/train/../results/weights/MOT17-02-SDP.txt
2020-03-20 19:56:57 [INFO]: Evaluate seq: MOT17-02-SDP
2020-03-20 19:56:58 [INFO]: start seq: MOT17-04-SDP
2020-03-20 19:57:00 [INFO]: Processing frame 0 (100000.00 fps)
2020-03-20 19:57:03 [INFO]: Processing frame 20 (9.10 fps)
2020-03-20 19:57:06 [INFO]: Processing frame 40 (9.66 fps)
2020-03-20 19:57:09 [INFO]: Processing frame 60 (9.52 fps)
2020-03-20 19:57:12 [INFO]: Processing frame 80 (9.68 fps)
2020-03-20 19:57:14 [INFO]: Processing frame 100 (9.63 fps)
2020-03-20 19:57:17 [INFO]: Processing frame 120 (9.81 fps)
2020-03-20 19:57:20 [INFO]: Processing frame 140 (9.68 fps)
2020-03-20 19:57:23 [INFO]: Processing frame 160 (9.63 fps)
2020-03-20 19:57:26 [INFO]: Processing frame 180 (9.66 fps)
2020-03-20 19:57:29 [INFO]: Processing frame 200 (9.71 fps)
2020-03-20 19:57:31 [INFO]: Processing frame 220 (9.77 fps)
2020-03-20 19:57:34 [INFO]: Processing frame 240 (9.83 fps)
2020-03-20 19:57:37 [INFO]: Processing frame 260 (9.86 fps)
2020-03-20 19:57:40 [INFO]: Processing frame 280 (9.86 fps)
2020-03-20 19:57:43 [INFO]: Processing frame 300 (9.85 fps)
2020-03-20 19:57:45 [INFO]: Processing frame 320 (9.84 fps)
2020-03-20 19:57:48 [INFO]: Processing frame 340 (9.87 fps)
2020-03-20 19:57:51 [INFO]: Processing frame 360 (9.86 fps)
2020-03-20 19:57:54 [INFO]: Processing frame 380 (9.87 fps)
2020-03-20 19:57:57 [INFO]: Processing frame 400 (9.86 fps)
2020-03-20 19:57:59 [INFO]: Processing frame 420 (9.88 fps)
2020-03-20 19:58:02 [INFO]: Processing frame 440 (9.85 fps)
2020-03-20 19:58:05 [INFO]: Processing frame 460 (9.85 fps)
2020-03-20 19:58:08 [INFO]: Processing frame 480 (9.88 fps)
2020-03-20 19:58:11 [INFO]: Processing frame 500 (9.90 fps)
2020-03-20 19:58:13 [INFO]: Processing frame 520 (9.90 fps)
2020-03-20 19:58:16 [INFO]: Processing frame 540 (9.91 fps)
2020-03-20 19:58:19 [INFO]: Processing frame 560 (9.93 fps)
2020-03-20 19:58:22 [INFO]: Processing frame 580 (9.90 fps)
2020-03-20 19:58:25 [INFO]: Processing frame 600 (9.89 fps)
2020-03-20 19:58:28 [INFO]: Processing frame 620 (9.89 fps)
2020-03-20 19:58:30 [INFO]: Processing frame 640 (9.90 fps)
2020-03-20 19:58:33 [INFO]: Processing frame 660 (9.92 fps)
2020-03-20 19:58:36 [INFO]: Processing frame 680 (9.94 fps)
2020-03-20 19:58:38 [INFO]: Processing frame 700 (9.96 fps)
2020-03-20 19:58:41 [INFO]: Processing frame 720 (9.95 fps)
2020-03-20 19:58:44 [INFO]: Processing frame 740 (9.97 fps)
2020-03-20 19:58:46 [INFO]: Processing frame 760 (9.99 fps)
2020-03-20 19:58:49 [INFO]: Processing frame 780 (10.00 fps)
2020-03-20 19:58:52 [INFO]: Processing frame 800 (10.02 fps)
2020-03-20 19:58:54 [INFO]: Processing frame 820 (10.03 fps)
2020-03-20 19:58:57 [INFO]: Processing frame 840 (10.05 fps)
2020-03-20 19:59:00 [INFO]: Processing frame 860 (10.06 fps)
2020-03-20 19:59:03 [INFO]: Processing frame 880 (10.07 fps)
2020-03-20 19:59:05 [INFO]: Processing frame 900 (10.06 fps)
2020-03-20 19:59:08 [INFO]: Processing frame 920 (10.06 fps)
2020-03-20 19:59:11 [INFO]: Processing frame 940 (10.05 fps)
2020-03-20 19:59:14 [INFO]: Processing frame 960 (10.04 fps)
2020-03-20 19:59:17 [INFO]: Processing frame 980 (10.03 fps)
2020-03-20 19:59:20 [INFO]: Processing frame 1000 (10.02 fps)
2020-03-20 19:59:22 [INFO]: Processing frame 1020 (10.01 fps)
2020-03-20 19:59:25 [INFO]: Processing frame 1040 (9.99 fps)
2020-03-20 19:59:27 [INFO]: save results to /home/master/JDEdata/MOT17/images/train/../results/weights/MOT17-04-SDP.txt
2020-03-20 19:59:27 [INFO]: Evaluate seq: MOT17-04-SDP
2020-03-20 19:59:30 [INFO]: start seq: MOT17-05-SDP
2020-03-20 19:59:31 [INFO]: Processing frame 0 (100000.00 fps)
2020-03-20 19:59:33 [INFO]: Processing frame 20 (12.54 fps)
2020-03-20 19:59:35 [INFO]: Processing frame 40 (12.23 fps)
2020-03-20 19:59:36 [INFO]: Processing frame 60 (12.66 fps)
2020-03-20 19:59:38 [INFO]: Processing frame 80 (12.53 fps)
2020-03-20 19:59:40 [INFO]: Processing frame 100 (12.54 fps)
2020-03-20 19:59:42 [INFO]: Processing frame 120 (12.60 fps)
2020-03-20 19:59:43 [INFO]: Processing frame 140 (12.58 fps)
2020-03-20 19:59:45 [INFO]: Processing frame 160 (12.60 fps)
2020-03-20 19:59:47 [INFO]: Processing frame 180 (12.51 fps)
2020-03-20 19:59:48 [INFO]: Processing frame 200 (12.64 fps)
2020-03-20 19:59:50 [INFO]: Processing frame 220 (12.60 fps)
2020-03-20 19:59:52 [INFO]: Processing frame 240 (12.58 fps)
2020-03-20 19:59:54 [INFO]: Processing frame 260 (12.51 fps)
2020-03-20 19:59:56 [INFO]: Processing frame 280 (12.47 fps)
2020-03-20 19:59:57 [INFO]: Processing frame 300 (12.47 fps)
2020-03-20 19:59:59 [INFO]: Processing frame 320 (12.50 fps)
2020-03-20 20:00:01 [INFO]: Processing frame 340 (12.47 fps)
2020-03-20 20:00:03 [INFO]: Processing frame 360 (12.47 fps)
2020-03-20 20:00:04 [INFO]: Processing frame 380 (12.45 fps)
2020-03-20 20:00:06 [INFO]: Processing frame 400 (12.46 fps)
2020-03-20 20:00:08 [INFO]: Processing frame 420 (12.46 fps)
2020-03-20 20:00:10 [INFO]: Processing frame 440 (12.44 fps)
2020-03-20 20:00:11 [INFO]: Processing frame 460 (12.44 fps)
2020-03-20 20:00:13 [INFO]: Processing frame 480 (12.43 fps)
2020-03-20 20:00:15 [INFO]: Processing frame 500 (12.49 fps)
2020-03-20 20:00:17 [INFO]: Processing frame 520 (12.49 fps)
2020-03-20 20:00:18 [INFO]: Processing frame 540 (12.48 fps)
2020-03-20 20:00:20 [INFO]: Processing frame 560 (12.52 fps)
2020-03-20 20:00:22 [INFO]: Processing frame 580 (12.49 fps)
2020-03-20 20:00:23 [INFO]: Processing frame 600 (12.50 fps)
2020-03-20 20:00:25 [INFO]: Processing frame 620 (12.54 fps)
2020-03-20 20:00:27 [INFO]: Processing frame 640 (12.54 fps)
2020-03-20 20:00:28 [INFO]: Processing frame 660 (12.56 fps)
2020-03-20 20:00:30 [INFO]: Processing frame 680 (12.56 fps)
2020-03-20 20:00:32 [INFO]: Processing frame 700 (12.54 fps)
2020-03-20 20:00:34 [INFO]: Processing frame 720 (12.56 fps)
2020-03-20 20:00:35 [INFO]: Processing frame 740 (12.57 fps)
2020-03-20 20:00:37 [INFO]: Processing frame 760 (12.57 fps)
2020-03-20 20:00:39 [INFO]: Processing frame 780 (12.55 fps)
2020-03-20 20:00:40 [INFO]: Processing frame 800 (12.56 fps)
2020-03-20 20:00:42 [INFO]: Processing frame 820 (12.55 fps)
2020-03-20 20:00:44 [INFO]: save results to /home/master/JDEdata/MOT17/images/train/../results/weights/MOT17-05-SDP.txt
2020-03-20 20:00:44 [INFO]: Evaluate seq: MOT17-05-SDP
2020-03-20 20:00:45 [INFO]: start seq: MOT17-09-SDP
2020-03-20 20:00:46 [INFO]: Processing frame 0 (100000.00 fps)
2020-03-20 20:00:49 [INFO]: Processing frame 20 (10.96 fps)
2020-03-20 20:00:51 [INFO]: Processing frame 40 (11.00 fps)
2020-03-20 20:00:54 [INFO]: Processing frame 60 (11.15 fps)
2020-03-20 20:00:56 [INFO]: Processing frame 80 (11.02 fps)
2020-03-20 20:00:59 [INFO]: Processing frame 100 (11.15 fps)
2020-03-20 20:01:01 [INFO]: Processing frame 120 (11.02 fps)
2020-03-20 20:01:04 [INFO]: Processing frame 140 (11.05 fps)
2020-03-20 20:01:07 [INFO]: Processing frame 160 (10.97 fps)
2020-03-20 20:01:09 [INFO]: Processing frame 180 (11.01 fps)
2020-03-20 20:01:12 [INFO]: Processing frame 200 (10.92 fps)
2020-03-20 20:01:15 [INFO]: Processing frame 220 (10.86 fps)
2020-03-20 20:01:17 [INFO]: Processing frame 240 (10.85 fps)
2020-03-20 20:01:20 [INFO]: Processing frame 260 (10.86 fps)
2020-03-20 20:01:23 [INFO]: Processing frame 280 (10.78 fps)
2020-03-20 20:01:25 [INFO]: Processing frame 300 (10.75 fps)
2020-03-20 20:01:28 [INFO]: Processing frame 320 (10.73 fps)
2020-03-20 20:01:30 [INFO]: Processing frame 340 (10.74 fps)
2020-03-20 20:01:33 [INFO]: Processing frame 360 (10.71 fps)
2020-03-20 20:01:36 [INFO]: Processing frame 380 (10.71 fps)
2020-03-20 20:01:38 [INFO]: Processing frame 400 (10.69 fps)
2020-03-20 20:01:41 [INFO]: Processing frame 420 (10.68 fps)
2020-03-20 20:01:44 [INFO]: Processing frame 440 (10.65 fps)
2020-03-20 20:01:46 [INFO]: Processing frame 460 (10.65 fps)
2020-03-20 20:01:49 [INFO]: Processing frame 480 (10.63 fps)
2020-03-20 20:01:52 [INFO]: Processing frame 500 (10.58 fps)
2020-03-20 20:01:55 [INFO]: Processing frame 520 (10.58 fps)
2020-03-20 20:01:55 [INFO]: save results to /home/master/JDEdata/MOT17/images/train/../results/weights/MOT17-09-SDP.txt
2020-03-20 20:01:55 [INFO]: Evaluate seq: MOT17-09-SDP
2020-03-20 20:01:56 [INFO]: start seq: MOT17-10-SDP
2020-03-20 20:01:57 [INFO]: Processing frame 0 (100000.00 fps)
2020-03-20 20:02:00 [INFO]: Processing frame 20 (9.72 fps)
2020-03-20 20:02:03 [INFO]: Processing frame 40 (10.03 fps)
2020-03-20 20:02:05 [INFO]: Processing frame 60 (10.12 fps)
2020-03-20 20:02:08 [INFO]: Processing frame 80 (10.09 fps)
2020-03-20 20:02:11 [INFO]: Processing frame 100 (10.14 fps)
2020-03-20 20:02:13 [INFO]: Processing frame 120 (10.17 fps)
2020-03-20 20:02:16 [INFO]: Processing frame 140 (10.17 fps)
2020-03-20 20:02:19 [INFO]: Processing frame 160 (10.16 fps)
2020-03-20 20:02:21 [INFO]: Processing frame 180 (10.16 fps)
2020-03-20 20:02:24 [INFO]: Processing frame 200 (10.09 fps)
2020-03-20 20:02:27 [INFO]: Processing frame 220 (10.00 fps)
2020-03-20 20:02:30 [INFO]: Processing frame 240 (10.00 fps)
2020-03-20 20:02:33 [INFO]: Processing frame 260 (10.00 fps)
2020-03-20 20:02:35 [INFO]: Processing frame 280 (9.95 fps)
2020-03-20 20:02:38 [INFO]: Processing frame 300 (9.93 fps)
2020-03-20 20:02:41 [INFO]: Processing frame 320 (9.93 fps)
2020-03-20 20:02:44 [INFO]: Processing frame 340 (9.95 fps)
2020-03-20 20:02:46 [INFO]: Processing frame 360 (9.94 fps)
2020-03-20 20:02:49 [INFO]: Processing frame 380 (9.91 fps)
2020-03-20 20:02:52 [INFO]: Processing frame 400 (9.91 fps)
2020-03-20 20:02:55 [INFO]: Processing frame 420 (9.89 fps)
2020-03-20 20:02:58 [INFO]: Processing frame 440 (9.89 fps)
2020-03-20 20:03:00 [INFO]: Processing frame 460 (9.90 fps)
2020-03-20 20:03:03 [INFO]: Processing frame 480 (9.92 fps)
2020-03-20 20:03:06 [INFO]: Processing frame 500 (9.91 fps)
2020-03-20 20:03:08 [INFO]: Processing frame 520 (9.93 fps)
2020-03-20 20:03:11 [INFO]: Processing frame 540 (9.93 fps)
2020-03-20 20:03:14 [INFO]: Processing frame 560 (9.92 fps)
2020-03-20 20:03:17 [INFO]: Processing frame 580 (9.93 fps)
2020-03-20 20:03:19 [INFO]: Processing frame 600 (9.92 fps)
2020-03-20 20:03:22 [INFO]: Processing frame 620 (9.91 fps)
2020-03-20 20:03:25 [INFO]: Processing frame 640 (9.90 fps)
2020-03-20 20:03:27 [INFO]: save results to /home/master/JDEdata/MOT17/images/train/../results/weights/MOT17-10-SDP.txt
2020-03-20 20:03:27 [INFO]: Evaluate seq: MOT17-10-SDP
2020-03-20 20:03:28 [INFO]: start seq: MOT17-11-SDP
2020-03-20 20:03:29 [INFO]: Processing frame 0 (100000.00 fps)
2020-03-20 20:03:32 [INFO]: Processing frame 20 (10.51 fps)
2020-03-20 20:03:34 [INFO]: Processing frame 40 (10.09 fps)
2020-03-20 20:03:37 [INFO]: Processing frame 60 (9.94 fps)
2020-03-20 20:03:40 [INFO]: Processing frame 80 (9.86 fps)
2020-03-20 20:03:42 [INFO]: Processing frame 100 (10.09 fps)
2020-03-20 20:03:45 [INFO]: Processing frame 120 (10.18 fps)
2020-03-20 20:03:48 [INFO]: Processing frame 140 (10.20 fps)
2020-03-20 20:03:50 [INFO]: Processing frame 160 (10.16 fps)
2020-03-20 20:03:53 [INFO]: Processing frame 180 (10.29 fps)
2020-03-20 20:03:56 [INFO]: Processing frame 200 (10.26 fps)
2020-03-20 20:03:58 [INFO]: Processing frame 220 (10.36 fps)
2020-03-20 20:04:00 [INFO]: Processing frame 240 (10.41 fps)
2020-03-20 20:04:03 [INFO]: Processing frame 260 (10.43 fps)
2020-03-20 20:04:06 [INFO]: Processing frame 280 (10.45 fps)
2020-03-20 20:04:08 [INFO]: Processing frame 300 (10.44 fps)
2020-03-20 20:04:11 [INFO]: Processing frame 320 (10.42 fps)
2020-03-20 20:04:14 [INFO]: Processing frame 340 (10.41 fps)
2020-03-20 20:04:16 [INFO]: Processing frame 360 (10.40 fps)
2020-03-20 20:04:19 [INFO]: Processing frame 380 (10.40 fps)
2020-03-20 20:04:22 [INFO]: Processing frame 400 (10.41 fps)
2020-03-20 20:04:24 [INFO]: Processing frame 420 (10.41 fps)
2020-03-20 20:04:27 [INFO]: Processing frame 440 (10.47 fps)
2020-03-20 20:04:29 [INFO]: Processing frame 460 (10.47 fps)
2020-03-20 20:04:32 [INFO]: Processing frame 480 (10.47 fps)
2020-03-20 20:04:34 [INFO]: Processing frame 500 (10.48 fps)
2020-03-20 20:04:37 [INFO]: Processing frame 520 (10.47 fps)
2020-03-20 20:04:40 [INFO]: Processing frame 540 (10.47 fps)
2020-03-20 20:04:42 [INFO]: Processing frame 560 (10.47 fps)
2020-03-20 20:04:45 [INFO]: Processing frame 580 (10.49 fps)
2020-03-20 20:04:48 [INFO]: Processing frame 600 (10.46 fps)
2020-03-20 20:04:50 [INFO]: Processing frame 620 (10.45 fps)
2020-03-20 20:04:53 [INFO]: Processing frame 640 (10.48 fps)
2020-03-20 20:04:56 [INFO]: Processing frame 660 (10.47 fps)
2020-03-20 20:04:58 [INFO]: Processing frame 680 (10.48 fps)
2020-03-20 20:05:01 [INFO]: Processing frame 700 (10.50 fps)
2020-03-20 20:05:03 [INFO]: Processing frame 720 (10.50 fps)
2020-03-20 20:05:06 [INFO]: Processing frame 740 (10.50 fps)
2020-03-20 20:05:09 [INFO]: Processing frame 760 (10.50 fps)
2020-03-20 20:05:12 [INFO]: Processing frame 780 (10.49 fps)
2020-03-20 20:05:14 [INFO]: Processing frame 800 (10.50 fps)
2020-03-20 20:05:17 [INFO]: Processing frame 820 (10.51 fps)
2020-03-20 20:05:19 [INFO]: Processing frame 840 (10.51 fps)
2020-03-20 20:05:22 [INFO]: Processing frame 860 (10.50 fps)
2020-03-20 20:05:25 [INFO]: Processing frame 880 (10.50 fps)
2020-03-20 20:05:27 [INFO]: save results to /home/master/JDEdata/MOT17/images/train/../results/weights/MOT17-11-SDP.txt
2020-03-20 20:05:27 [INFO]: Evaluate seq: MOT17-11-SDP
2020-03-20 20:05:28 [INFO]: start seq: MOT17-13-SDP
2020-03-20 20:05:30 [INFO]: Processing frame 0 (100000.00 fps)
2020-03-20 20:05:33 [INFO]: Processing frame 20 (9.58 fps)
2020-03-20 20:05:35 [INFO]: Processing frame 40 (9.85 fps)
2020-03-20 20:05:38 [INFO]: Processing frame 60 (9.83 fps)
2020-03-20 20:05:41 [INFO]: Processing frame 80 (9.78 fps)
2020-03-20 20:05:44 [INFO]: Processing frame 100 (9.75 fps)
2020-03-20 20:05:47 [INFO]: Processing frame 120 (9.72 fps)
2020-03-20 20:05:49 [INFO]: Processing frame 140 (9.73 fps)
2020-03-20 20:05:52 [INFO]: Processing frame 160 (9.71 fps)
2020-03-20 20:05:55 [INFO]: Processing frame 180 (9.71 fps)
2020-03-20 20:05:58 [INFO]: Processing frame 200 (9.71 fps)
2020-03-20 20:06:01 [INFO]: Processing frame 220 (9.72 fps)
2020-03-20 20:06:04 [INFO]: Processing frame 240 (9.71 fps)
2020-03-20 20:06:06 [INFO]: Processing frame 260 (9.72 fps)
2020-03-20 20:06:09 [INFO]: Processing frame 280 (9.71 fps)
2020-03-20 20:06:12 [INFO]: Processing frame 300 (9.73 fps)
2020-03-20 20:06:15 [INFO]: Processing frame 320 (9.73 fps)
2020-03-20 20:06:18 [INFO]: Processing frame 340 (9.73 fps)
2020-03-20 20:06:20 [INFO]: Processing frame 360 (9.72 fps)
2020-03-20 20:06:23 [INFO]: Processing frame 380 (9.71 fps)
2020-03-20 20:06:26 [INFO]: Processing frame 400 (9.73 fps)
2020-03-20 20:06:29 [INFO]: Processing frame 420 (9.76 fps)
2020-03-20 20:06:32 [INFO]: Processing frame 440 (9.75 fps)
2020-03-20 20:06:34 [INFO]: Processing frame 460 (9.77 fps)
2020-03-20 20:06:37 [INFO]: Processing frame 480 (9.80 fps)
2020-03-20 20:06:40 [INFO]: Processing frame 500 (9.82 fps)
2020-03-20 20:06:42 [INFO]: Processing frame 520 (9.86 fps)
2020-03-20 20:06:45 [INFO]: Processing frame 540 (9.86 fps)
2020-03-20 20:06:48 [INFO]: Processing frame 560 (9.86 fps)
2020-03-20 20:06:51 [INFO]: Processing frame 580 (9.86 fps)
2020-03-20 20:06:53 [INFO]: Processing frame 600 (9.88 fps)
2020-03-20 20:06:56 [INFO]: Processing frame 620 (9.89 fps)
2020-03-20 20:06:59 [INFO]: Processing frame 640 (9.93 fps)
2020-03-20 20:07:01 [INFO]: Processing frame 660 (9.94 fps)
2020-03-20 20:07:04 [INFO]: Processing frame 680 (9.93 fps)
2020-03-20 20:07:07 [INFO]: Processing frame 700 (9.97 fps)
2020-03-20 20:07:09 [INFO]: Processing frame 720 (9.97 fps)
2020-03-20 20:07:12 [INFO]: Processing frame 740 (10.00 fps)
2020-03-20 20:07:13 [INFO]: save results to /home/master/JDEdata/MOT17/images/train/../results/weights/MOT17-13-SDP.txt
2020-03-20 20:07:13 [INFO]: Evaluate seq: MOT17-13-SDP
2020-03-20 20:07:14 [INFO]: Time elapsed: 507.54 seconds, FPS: 10.47
              IDF1   IDP   IDR  Rcll  Prcn  GT  MT  PT ML   FP    FN  IDs    FM  MOTA  MOTP IDt IDa IDm
MOT17-02-SDP 46.6% 53.3% 41.4% 68.9% 88.7%  62  19  36  7 1633  5783  335   490 58.3% 0.224 140  99  18
MOT17-04-SDP 71.8% 80.4% 64.9% 77.1% 95.6%  83  42  27 14 1694 10883  167   369 73.2% 0.190  55  64   4
MOT17-05-SDP 76.6% 81.7% 72.1% 83.3% 94.5% 133  72  52  9  333  1152  154   223 76.3% 0.209  76  63  22
MOT17-09-SDP 58.7% 66.1% 52.8% 74.6% 93.4%  26  13  13  0  283  1350  121   157 67.1% 0.197  64  34   8
MOT17-10-SDP 61.5% 67.3% 56.6% 76.8% 91.4%  57  27  29  1  930  2974  354   606 66.8% 0.233 148  97   7
MOT17-11-SDP 77.4% 80.1% 74.9% 89.0% 95.3%  75  48  23  4  416  1035   91   170 83.7% 0.170  34  38   6
MOT17-13-SDP 66.5% 75.0% 59.8% 72.8% 91.2% 110  46  54 10  815  3168  302   704 63.2% 0.235 165  98  36
OVERALL      66.2% 73.5% 60.2% 76.5% 93.4% 546 267 234 45 6104 26345 1524  2719 69.7% 0.204 682 493 101
