Traceback (most recent call last):
  File "track.py", line 3, in <module>
    import cv2
ModuleNotFoundError: No module named 'cv2'
Namespace(cfg='cfg/yolov3_864x480.cfg', conf_thres=0.5, iou_thres=0.5, min_box_area=200, nms_thres=0.4, save_images=False, save_videos=False, test_mot15=True, test_mot16=False, test_mot17=False, track_buffer=30, weights='../weights/60_epoch_diou_arcface_add.pt')

2020-03-21 17:00:01 [INFO]: start seq: KITTI-13
2020-03-21 17:02:20 [INFO]: Processing frame 0 (100000.00 fps)
2020-03-21 17:02:23 [INFO]: Processing frame 20 (8.41 fps)
2020-03-21 17:02:24 [INFO]: Processing frame 40 (13.00 fps)
2020-03-21 17:02:25 [INFO]: Processing frame 60 (16.04 fps)
2020-03-21 17:02:26 [INFO]: Processing frame 80 (18.04 fps)
2020-03-21 17:02:27 [INFO]: Processing frame 100 (19.57 fps)
2020-03-21 17:02:28 [INFO]: Processing frame 120 (20.88 fps)
2020-03-21 17:02:29 [INFO]: Processing frame 140 (22.01 fps)
2020-03-21 17:02:30 [INFO]: Processing frame 160 (22.96 fps)
2020-03-21 17:02:31 [INFO]: Processing frame 180 (22.79 fps)
2020-03-21 17:02:33 [INFO]: Processing frame 200 (21.18 fps)
2020-03-21 17:02:34 [INFO]: Processing frame 220 (20.76 fps)
2020-03-21 17:02:36 [INFO]: Processing frame 240 (19.84 fps)
2020-03-21 17:02:38 [INFO]: Processing frame 260 (18.76 fps)
2020-03-21 17:02:40 [INFO]: Processing frame 280 (17.97 fps)
2020-03-21 17:02:42 [INFO]: Processing frame 300 (17.91 fps)
2020-03-21 17:02:44 [INFO]: Processing frame 320 (17.35 fps)
2020-03-21 17:02:46 [INFO]: save results to /home/master/JDEdata/2DMOT2015/train/../results/weights/KITTI-13.txt
2020-03-21 17:02:46 [INFO]: Evaluate seq: KITTI-13
2020-03-21 17:02:46 [INFO]: start seq: KITTI-17
2020-03-21 17:02:48 [INFO]: Processing frame 0 (100000.00 fps)
2020-03-21 17:02:50 [INFO]: Processing frame 20 (11.44 fps)
2020-03-21 17:02:52 [INFO]: Processing frame 40 (12.27 fps)
2020-03-21 17:02:53 [INFO]: Processing frame 60 (12.68 fps)
2020-03-21 17:02:55 [INFO]: Processing frame 80 (12.13 fps)
2020-03-21 17:02:58 [INFO]: Processing frame 100 (11.77 fps)
2020-03-21 17:03:00 [INFO]: Processing frame 120 (11.62 fps)
2020-03-21 17:03:01 [INFO]: Processing frame 140 (12.44 fps)
2020-03-21 17:03:01 [INFO]: save results to /home/master/JDEdata/2DMOT2015/train/../results/weights/KITTI-17.txt
2020-03-21 17:03:01 [INFO]: Evaluate seq: KITTI-17
2020-03-21 17:03:02 [INFO]: start seq: ADL-Rundle-6
2020-03-21 17:03:03 [INFO]: Processing frame 0 (100000.00 fps)
2020-03-21 17:03:05 [INFO]: Processing frame 20 (11.22 fps)
2020-03-21 17:03:08 [INFO]: Processing frame 40 (11.12 fps)
2020-03-21 17:03:10 [INFO]: Processing frame 60 (11.11 fps)
2020-03-21 17:03:13 [INFO]: Processing frame 80 (11.38 fps)
2020-03-21 17:03:15 [INFO]: Processing frame 100 (11.76 fps)
2020-03-21 17:03:17 [INFO]: Processing frame 120 (11.91 fps)
2020-03-21 17:03:19 [INFO]: Processing frame 140 (12.23 fps)
2020-03-21 17:03:21 [INFO]: Processing frame 160 (12.15 fps)
2020-03-21 17:03:24 [INFO]: Processing frame 180 (12.11 fps)
2020-03-21 17:03:26 [INFO]: Processing frame 200 (12.04 fps)
2020-03-21 17:03:29 [INFO]: Processing frame 220 (11.91 fps)
2020-03-21 17:03:31 [INFO]: Processing frame 240 (11.85 fps)
2020-03-21 17:03:34 [INFO]: Processing frame 260 (11.87 fps)
2020-03-21 17:03:36 [INFO]: Processing frame 280 (11.91 fps)
2020-03-21 17:03:38 [INFO]: Processing frame 300 (11.90 fps)
2020-03-21 17:03:41 [INFO]: Processing frame 320 (11.89 fps)
2020-03-21 17:03:43 [INFO]: Processing frame 340 (11.86 fps)
2020-03-21 17:03:46 [INFO]: Processing frame 360 (11.83 fps)
2020-03-21 17:03:48 [INFO]: Processing frame 380 (11.85 fps)
2020-03-21 17:03:50 [INFO]: Processing frame 400 (11.93 fps)
2020-03-21 17:03:53 [INFO]: Processing frame 420 (11.88 fps)
2020-03-21 17:03:55 [INFO]: Processing frame 440 (11.95 fps)
2020-03-21 17:03:57 [INFO]: Processing frame 460 (12.01 fps)
2020-03-21 17:04:00 [INFO]: Processing frame 480 (11.96 fps)
2020-03-21 17:04:02 [INFO]: Processing frame 500 (11.94 fps)
2020-03-21 17:04:05 [INFO]: Processing frame 520 (11.88 fps)
2020-03-21 17:04:05 [INFO]: save results to /home/master/JDEdata/2DMOT2015/train/../results/weights/ADL-Rundle-6.txt
2020-03-21 17:04:05 [INFO]: Evaluate seq: ADL-Rundle-6
2020-03-21 17:04:06 [INFO]: start seq: PETS09-S2L1
2020-03-21 17:04:07 [INFO]: Processing frame 0 (100000.00 fps)
2020-03-21 17:04:09 [INFO]: Processing frame 20 (12.16 fps)
2020-03-21 17:04:10 [INFO]: Processing frame 40 (12.50 fps)
2020-03-21 17:04:12 [INFO]: Processing frame 60 (12.82 fps)
2020-03-21 17:04:14 [INFO]: Processing frame 80 (12.94 fps)
2020-03-21 17:04:16 [INFO]: Processing frame 100 (12.36 fps)
2020-03-21 17:04:18 [INFO]: Processing frame 120 (12.73 fps)
2020-03-21 17:04:19 [INFO]: Processing frame 140 (13.06 fps)
2020-03-21 17:04:21 [INFO]: Processing frame 160 (12.68 fps)
2020-03-21 17:04:24 [INFO]: Processing frame 180 (12.45 fps)
2020-03-21 17:04:25 [INFO]: Processing frame 200 (12.39 fps)
2020-03-21 17:04:27 [INFO]: Processing frame 220 (12.68 fps)
2020-03-21 17:04:29 [INFO]: Processing frame 240 (12.51 fps)
2020-03-21 17:04:31 [INFO]: Processing frame 260 (12.32 fps)
2020-03-21 17:04:33 [INFO]: Processing frame 280 (12.29 fps)
2020-03-21 17:04:35 [INFO]: Processing frame 300 (12.36 fps)
2020-03-21 17:04:37 [INFO]: Processing frame 320 (12.44 fps)
2020-03-21 17:04:39 [INFO]: Processing frame 340 (12.33 fps)
2020-03-21 17:04:41 [INFO]: Processing frame 360 (12.25 fps)
2020-03-21 17:04:43 [INFO]: Processing frame 380 (12.25 fps)
2020-03-21 17:04:44 [INFO]: Processing frame 400 (12.44 fps)
2020-03-21 17:04:46 [INFO]: Processing frame 420 (12.36 fps)
2020-03-21 17:04:48 [INFO]: Processing frame 440 (12.40 fps)
2020-03-21 17:04:50 [INFO]: Processing frame 460 (12.33 fps)
2020-03-21 17:04:52 [INFO]: Processing frame 480 (12.41 fps)
2020-03-21 17:04:54 [INFO]: Processing frame 500 (12.35 fps)
2020-03-21 17:04:56 [INFO]: Processing frame 520 (12.31 fps)
2020-03-21 17:04:58 [INFO]: Processing frame 540 (12.34 fps)
2020-03-21 17:05:00 [INFO]: Processing frame 560 (12.31 fps)
2020-03-21 17:05:01 [INFO]: Processing frame 580 (12.34 fps)
2020-03-21 17:05:03 [INFO]: Processing frame 600 (12.29 fps)
2020-03-21 17:05:05 [INFO]: Processing frame 620 (12.29 fps)
2020-03-21 17:05:07 [INFO]: Processing frame 640 (12.27 fps)
2020-03-21 17:05:09 [INFO]: Processing frame 660 (12.35 fps)
2020-03-21 17:05:11 [INFO]: Processing frame 680 (12.30 fps)
2020-03-21 17:05:13 [INFO]: Processing frame 700 (12.29 fps)
2020-03-21 17:05:14 [INFO]: Processing frame 720 (12.37 fps)
2020-03-21 17:05:17 [INFO]: Processing frame 740 (12.33 fps)
2020-03-21 17:05:19 [INFO]: Processing frame 760 (12.28 fps)
2020-03-21 17:05:21 [INFO]: Processing frame 780 (12.24 fps)
2020-03-21 17:05:22 [INFO]: save results to /home/master/JDEdata/2DMOT2015/train/../results/weights/PETS09-S2L1.txt
2020-03-21 17:05:22 [INFO]: Evaluate seq: PETS09-S2L1
2020-03-21 17:05:22 [INFO]: start seq: TUD-Campus
2020-03-21 17:05:24 [INFO]: Processing frame 0 (100000.00 fps)
2020-03-21 17:05:26 [INFO]: Processing frame 20 (11.34 fps)
2020-03-21 17:05:27 [INFO]: Processing frame 40 (13.19 fps)
2020-03-21 17:05:29 [INFO]: Processing frame 60 (12.77 fps)
2020-03-21 17:05:30 [INFO]: save results to /home/master/JDEdata/2DMOT2015/train/../results/weights/TUD-Campus.txt
2020-03-21 17:05:30 [INFO]: Evaluate seq: TUD-Campus
2020-03-21 17:05:30 [INFO]: start seq: TUD-Stadtmitte
2020-03-21 17:05:31 [INFO]: Processing frame 0 (100000.00 fps)
2020-03-21 17:05:33 [INFO]: Processing frame 20 (11.15 fps)
2020-03-21 17:05:34 [INFO]: Processing frame 40 (13.67 fps)
2020-03-21 17:05:36 [INFO]: Processing frame 60 (12.28 fps)
2020-03-21 17:05:38 [INFO]: Processing frame 80 (12.39 fps)
2020-03-21 17:05:40 [INFO]: Processing frame 100 (12.94 fps)
2020-03-21 17:05:42 [INFO]: Processing frame 120 (12.38 fps)
2020-03-21 17:05:44 [INFO]: Processing frame 140 (12.00 fps)
2020-03-21 17:05:46 [INFO]: Processing frame 160 (11.95 fps)
2020-03-21 17:05:47 [INFO]: save results to /home/master/JDEdata/2DMOT2015/train/../results/weights/TUD-Stadtmitte.txt
2020-03-21 17:05:47 [INFO]: Evaluate seq: TUD-Stadtmitte
2020-03-21 17:05:47 [INFO]: Time elapsed: 160.89 seconds, FPS: 12.77
                IDF1   IDP   IDR  Rcll  Prcn  GT MT PT ML   FP   FN IDs   FM  MOTA  MOTP IDt IDa IDm
KITTI-13       52.0% 45.4% 60.9% 71.5% 53.2%  42 12 25  5  583  265  57   46  2.6% 0.233   3  54   0
KITTI-17       69.9% 68.8% 71.0% 78.9% 76.5%   9  5  4  0  190  165  10   23 53.3% 0.218   1   8   0
ADL-Rundle-6   49.3% 53.9% 45.4% 74.5% 88.5%  24 11 13  0  487 1276 146  167 61.9% 0.214  75  41   7
PETS09-S2L1    80.6% 82.3% 79.0% 92.0% 95.8%  19 16  3  0  188  371  51   93 86.9% 0.259   4  29   1
TUD-Campus     69.9% 73.2% 66.9% 77.4% 84.8%   8  4  4  0   50   81  12   11 60.2% 0.211   2   7   1
TUD-Stadtmitte 69.7% 77.5% 63.3% 81.5% 99.7%  10  7  3  0    3  214  15   18 79.9% 0.228   4   8   0
OVERALL        64.6% 67.0% 62.4% 81.6% 87.5% 112 55 52  5 1501 2372 291  358 67.7% 0.235  89 147   9
