Namespace(cfg='cfg/yolov3_864x480.cfg', conf_thres=0.5, iou_thres=0.5, min_box_area=200, nms_thres=0.4, save_images=False, save_videos=False, test_mot15=False, test_mot16=False, test_mot17=True, track_buffer=30, weights='/home/master/koi/weights/66_epoch_arcface_sphere.pt')

2020-03-20 12:58:04 [INFO]: start seq: MOT17-02-SDP
2020-03-20 12:58:10 [INFO]: Processing frame 0 (100000.00 fps)
2020-03-20 12:58:13 [INFO]: Processing frame 20 (9.17 fps)
2020-03-20 12:58:15 [INFO]: Processing frame 40 (10.00 fps)
2020-03-20 12:58:18 [INFO]: Processing frame 60 (10.33 fps)
2020-03-20 12:58:20 [INFO]: Processing frame 80 (10.99 fps)
2020-03-20 12:58:22 [INFO]: Processing frame 100 (11.48 fps)
2020-03-20 12:58:24 [INFO]: Processing frame 120 (11.63 fps)
2020-03-20 12:58:26 [INFO]: Processing frame 140 (11.76 fps)
2020-03-20 12:58:29 [INFO]: Processing frame 160 (11.92 fps)
2020-03-20 12:58:31 [INFO]: Processing frame 180 (12.11 fps)
2020-03-20 12:58:33 [INFO]: Processing frame 200 (12.33 fps)
2020-03-20 12:58:35 [INFO]: Processing frame 220 (12.39 fps)
2020-03-20 12:58:37 [INFO]: Processing frame 240 (12.50 fps)
2020-03-20 12:58:39 [INFO]: Processing frame 260 (12.63 fps)
2020-03-20 12:58:42 [INFO]: Processing frame 280 (12.59 fps)
2020-03-20 12:58:44 [INFO]: Processing frame 300 (12.53 fps)
2020-03-20 12:58:46 [INFO]: Processing frame 320 (12.49 fps)
2020-03-20 12:58:49 [INFO]: Processing frame 340 (12.45 fps)
2020-03-20 12:58:51 [INFO]: Processing frame 360 (12.37 fps)
2020-03-20 12:58:53 [INFO]: Processing frame 380 (12.33 fps)
2020-03-20 12:58:56 [INFO]: Processing frame 400 (12.30 fps)
2020-03-20 12:58:58 [INFO]: Processing frame 420 (12.22 fps)
2020-03-20 12:59:01 [INFO]: Processing frame 440 (12.17 fps)
2020-03-20 12:59:04 [INFO]: Processing frame 460 (12.07 fps)
2020-03-20 12:59:06 [INFO]: Processing frame 480 (12.02 fps)
2020-03-20 12:59:09 [INFO]: Processing frame 500 (12.00 fps)
2020-03-20 12:59:11 [INFO]: Processing frame 520 (11.99 fps)
2020-03-20 12:59:13 [INFO]: Processing frame 540 (11.99 fps)
2020-03-20 12:59:16 [INFO]: Processing frame 560 (11.99 fps)
2020-03-20 12:59:18 [INFO]: Processing frame 580 (11.96 fps)
2020-03-20 12:59:20 [INFO]: save results to /home/master/JDEdata/MOT17/images/train/../results/weights/MOT17-02-SDP.txt
2020-03-20 12:59:20 [INFO]: Evaluate seq: MOT17-02-SDP
2020-03-20 12:59:21 [INFO]: start seq: MOT17-04-SDP
2020-03-20 12:59:23 [INFO]: Processing frame 0 (100000.00 fps)
2020-03-20 12:59:25 [INFO]: Processing frame 20 (10.57 fps)
2020-03-20 12:59:28 [INFO]: Processing frame 40 (11.23 fps)
2020-03-20 12:59:30 [INFO]: Processing frame 60 (10.93 fps)
2020-03-20 12:59:33 [INFO]: Processing frame 80 (10.80 fps)
2020-03-20 12:59:36 [INFO]: Processing frame 100 (10.71 fps)
2020-03-20 12:59:39 [INFO]: Processing frame 120 (10.64 fps)
2020-03-20 12:59:41 [INFO]: Processing frame 140 (11.01 fps)
2020-03-20 12:59:43 [INFO]: Processing frame 160 (11.60 fps)
2020-03-20 12:59:45 [INFO]: Processing frame 180 (11.89 fps)
2020-03-20 12:59:47 [INFO]: Processing frame 200 (12.25 fps)
2020-03-20 12:59:48 [INFO]: Processing frame 220 (12.65 fps)
2020-03-20 12:59:50 [INFO]: Processing frame 240 (12.79 fps)
2020-03-20 12:59:52 [INFO]: Processing frame 260 (12.94 fps)
2020-03-20 12:59:55 [INFO]: Processing frame 280 (13.10 fps)
2020-03-20 12:59:57 [INFO]: Processing frame 300 (13.20 fps)
2020-03-20 12:59:59 [INFO]: Processing frame 320 (13.33 fps)
2020-03-20 13:00:01 [INFO]: Processing frame 340 (13.37 fps)
2020-03-20 13:00:03 [INFO]: Processing frame 360 (13.42 fps)
2020-03-20 13:00:05 [INFO]: Processing frame 380 (13.60 fps)
2020-03-20 13:00:07 [INFO]: Processing frame 400 (13.75 fps)
2020-03-20 13:00:09 [INFO]: Processing frame 420 (13.85 fps)
2020-03-20 13:00:11 [INFO]: Processing frame 440 (13.86 fps)
2020-03-20 13:00:13 [INFO]: Processing frame 460 (13.86 fps)
2020-03-20 13:00:15 [INFO]: Processing frame 480 (13.93 fps)
2020-03-20 13:00:17 [INFO]: Processing frame 500 (14.07 fps)
2020-03-20 13:00:19 [INFO]: Processing frame 520 (14.13 fps)
2020-03-20 13:00:21 [INFO]: Processing frame 540 (14.21 fps)
2020-03-20 13:00:23 [INFO]: Processing frame 560 (14.27 fps)
2020-03-20 13:00:25 [INFO]: Processing frame 580 (14.30 fps)
2020-03-20 13:00:27 [INFO]: Processing frame 600 (14.31 fps)
2020-03-20 13:00:29 [INFO]: Processing frame 620 (14.30 fps)
2020-03-20 13:00:31 [INFO]: Processing frame 640 (14.35 fps)
2020-03-20 13:00:33 [INFO]: Processing frame 660 (14.45 fps)
2020-03-20 13:00:35 [INFO]: Processing frame 680 (14.52 fps)
2020-03-20 13:00:37 [INFO]: Processing frame 700 (14.55 fps)
2020-03-20 13:00:39 [INFO]: Processing frame 720 (14.58 fps)
2020-03-20 13:00:41 [INFO]: Processing frame 740 (14.59 fps)
2020-03-20 13:00:43 [INFO]: Processing frame 760 (14.63 fps)
2020-03-20 13:00:45 [INFO]: Processing frame 780 (14.67 fps)
2020-03-20 13:00:47 [INFO]: Processing frame 800 (14.69 fps)
2020-03-20 13:00:49 [INFO]: Processing frame 820 (14.74 fps)
2020-03-20 13:00:51 [INFO]: Processing frame 840 (14.74 fps)
2020-03-20 13:00:53 [INFO]: Processing frame 860 (14.76 fps)
2020-03-20 13:00:55 [INFO]: Processing frame 880 (14.79 fps)
2020-03-20 13:00:57 [INFO]: Processing frame 900 (14.77 fps)
2020-03-20 13:00:59 [INFO]: Processing frame 920 (14.78 fps)
2020-03-20 13:01:01 [INFO]: Processing frame 940 (14.80 fps)
2020-03-20 13:01:03 [INFO]: Processing frame 960 (14.79 fps)
2020-03-20 13:01:05 [INFO]: Processing frame 980 (14.77 fps)
2020-03-20 13:01:08 [INFO]: Processing frame 1000 (14.76 fps)
2020-03-20 13:01:10 [INFO]: Processing frame 1020 (14.73 fps)
2020-03-20 13:01:12 [INFO]: Processing frame 1040 (14.72 fps)
2020-03-20 13:01:13 [INFO]: save results to /home/master/JDEdata/MOT17/images/train/../results/weights/MOT17-04-SDP.txt
2020-03-20 13:01:13 [INFO]: Evaluate seq: MOT17-04-SDP
2020-03-20 13:01:16 [INFO]: start seq: MOT17-05-SDP
2020-03-20 13:01:17 [INFO]: Processing frame 0 (100000.00 fps)
2020-03-20 13:01:18 [INFO]: Processing frame 20 (21.42 fps)
2020-03-20 13:01:19 [INFO]: Processing frame 40 (21.04 fps)
2020-03-20 13:01:20 [INFO]: Processing frame 60 (21.12 fps)
2020-03-20 13:01:21 [INFO]: Processing frame 80 (21.23 fps)
2020-03-20 13:01:22 [INFO]: Processing frame 100 (21.25 fps)
2020-03-20 13:01:23 [INFO]: Processing frame 120 (21.38 fps)
2020-03-20 13:01:24 [INFO]: Processing frame 140 (21.36 fps)
2020-03-20 13:01:26 [INFO]: Processing frame 160 (21.35 fps)
2020-03-20 13:01:27 [INFO]: Processing frame 180 (21.30 fps)
2020-03-20 13:01:28 [INFO]: Processing frame 200 (21.31 fps)
2020-03-20 13:01:29 [INFO]: Processing frame 220 (21.83 fps)
2020-03-20 13:01:29 [INFO]: Processing frame 240 (22.31 fps)
2020-03-20 13:01:30 [INFO]: Processing frame 260 (22.71 fps)
2020-03-20 13:01:31 [INFO]: Processing frame 280 (22.83 fps)
2020-03-20 13:01:32 [INFO]: Processing frame 300 (22.20 fps)
2020-03-20 13:01:34 [INFO]: Processing frame 320 (21.68 fps)
2020-03-20 13:01:35 [INFO]: Processing frame 340 (21.22 fps)
2020-03-20 13:01:37 [INFO]: Processing frame 360 (20.87 fps)
2020-03-20 13:01:38 [INFO]: Processing frame 380 (20.57 fps)
2020-03-20 13:01:39 [INFO]: Processing frame 400 (20.28 fps)
2020-03-20 13:01:41 [INFO]: Processing frame 420 (20.07 fps)
2020-03-20 13:01:42 [INFO]: Processing frame 440 (19.86 fps)
2020-03-20 13:01:43 [INFO]: Processing frame 460 (19.67 fps)
2020-03-20 13:01:45 [INFO]: Processing frame 480 (19.51 fps)
2020-03-20 13:01:46 [INFO]: Processing frame 500 (19.37 fps)
2020-03-20 13:01:47 [INFO]: Processing frame 520 (19.22 fps)
2020-03-20 13:01:49 [INFO]: Processing frame 540 (19.09 fps)
2020-03-20 13:01:50 [INFO]: Processing frame 560 (18.97 fps)
2020-03-20 13:01:52 [INFO]: Processing frame 580 (18.86 fps)
2020-03-20 13:01:53 [INFO]: Processing frame 600 (18.76 fps)
2020-03-20 13:01:54 [INFO]: Processing frame 620 (18.67 fps)
2020-03-20 13:01:56 [INFO]: Processing frame 640 (18.59 fps)
2020-03-20 13:01:57 [INFO]: Processing frame 660 (18.51 fps)
2020-03-20 13:01:58 [INFO]: Processing frame 680 (18.42 fps)
2020-03-20 13:02:00 [INFO]: Processing frame 700 (18.35 fps)
2020-03-20 13:02:01 [INFO]: Processing frame 720 (18.28 fps)
2020-03-20 13:02:03 [INFO]: Processing frame 740 (18.21 fps)
2020-03-20 13:02:04 [INFO]: Processing frame 760 (18.15 fps)
2020-03-20 13:02:05 [INFO]: Processing frame 780 (18.07 fps)
2020-03-20 13:02:07 [INFO]: Processing frame 800 (18.01 fps)
2020-03-20 13:02:08 [INFO]: Processing frame 820 (17.96 fps)
2020-03-20 13:02:09 [INFO]: save results to /home/master/JDEdata/MOT17/images/train/../results/weights/MOT17-05-SDP.txt
2020-03-20 13:02:09 [INFO]: Evaluate seq: MOT17-05-SDP
2020-03-20 13:02:10 [INFO]: start seq: MOT17-09-SDP
2020-03-20 13:02:11 [INFO]: Processing frame 0 (100000.00 fps)
2020-03-20 13:02:13 [INFO]: Processing frame 20 (19.25 fps)
2020-03-20 13:02:15 [INFO]: Processing frame 40 (17.94 fps)
2020-03-20 13:02:17 [INFO]: Processing frame 60 (17.48 fps)
2020-03-20 13:02:19 [INFO]: Processing frame 80 (17.80 fps)
2020-03-20 13:02:21 [INFO]: Processing frame 100 (18.37 fps)
2020-03-20 13:02:22 [INFO]: Processing frame 120 (18.54 fps)
2020-03-20 13:02:24 [INFO]: Processing frame 140 (18.68 fps)
2020-03-20 13:02:26 [INFO]: Processing frame 160 (18.85 fps)
2020-03-20 13:02:27 [INFO]: Processing frame 180 (18.96 fps)
2020-03-20 13:02:29 [INFO]: Processing frame 200 (18.86 fps)
2020-03-20 13:02:31 [INFO]: Processing frame 220 (18.84 fps)
2020-03-20 13:02:33 [INFO]: Processing frame 240 (18.78 fps)
2020-03-20 13:02:35 [INFO]: Processing frame 260 (18.85 fps)
2020-03-20 13:02:36 [INFO]: Processing frame 280 (18.96 fps)
2020-03-20 13:02:38 [INFO]: Processing frame 300 (19.03 fps)
2020-03-20 13:02:40 [INFO]: Processing frame 320 (18.80 fps)
2020-03-20 13:02:42 [INFO]: Processing frame 340 (18.63 fps)
2020-03-20 13:02:44 [INFO]: Processing frame 360 (18.74 fps)
2020-03-20 13:02:46 [INFO]: Processing frame 380 (18.82 fps)
2020-03-20 13:02:48 [INFO]: Processing frame 400 (18.66 fps)
2020-03-20 13:02:50 [INFO]: Processing frame 420 (18.52 fps)
2020-03-20 13:02:52 [INFO]: Processing frame 440 (18.41 fps)
2020-03-20 13:02:54 [INFO]: Processing frame 460 (18.30 fps)
2020-03-20 13:02:56 [INFO]: Processing frame 480 (18.26 fps)
2020-03-20 13:02:58 [INFO]: Processing frame 500 (18.16 fps)
2020-03-20 13:03:00 [INFO]: Processing frame 520 (18.07 fps)
2020-03-20 13:03:00 [INFO]: save results to /home/master/JDEdata/MOT17/images/train/../results/weights/MOT17-09-SDP.txt
2020-03-20 13:03:00 [INFO]: Evaluate seq: MOT17-09-SDP
2020-03-20 13:03:01 [INFO]: start seq: MOT17-10-SDP
2020-03-20 13:03:02 [INFO]: Processing frame 0 (100000.00 fps)
2020-03-20 13:03:04 [INFO]: Processing frame 20 (15.42 fps)
2020-03-20 13:03:06 [INFO]: Processing frame 40 (15.19 fps)
2020-03-20 13:03:08 [INFO]: Processing frame 60 (15.17 fps)
2020-03-20 13:03:10 [INFO]: Processing frame 80 (15.24 fps)
2020-03-20 13:03:12 [INFO]: Processing frame 100 (15.34 fps)
2020-03-20 13:03:14 [INFO]: Processing frame 120 (15.55 fps)
2020-03-20 13:03:16 [INFO]: Processing frame 140 (15.83 fps)
2020-03-20 13:03:18 [INFO]: Processing frame 160 (15.83 fps)
2020-03-20 13:03:20 [INFO]: Processing frame 180 (15.79 fps)
2020-03-20 13:03:21 [INFO]: Processing frame 200 (15.76 fps)
2020-03-20 13:03:23 [INFO]: Processing frame 220 (15.73 fps)
2020-03-20 13:03:25 [INFO]: Processing frame 240 (15.69 fps)
2020-03-20 13:03:27 [INFO]: Processing frame 260 (15.76 fps)
2020-03-20 13:03:29 [INFO]: Processing frame 280 (15.72 fps)
2020-03-20 13:03:31 [INFO]: Processing frame 300 (15.65 fps)
2020-03-20 13:03:33 [INFO]: Processing frame 320 (15.59 fps)
2020-03-20 13:03:35 [INFO]: Processing frame 340 (15.78 fps)
2020-03-20 13:03:37 [INFO]: Processing frame 360 (15.86 fps)
2020-03-20 13:03:39 [INFO]: Processing frame 380 (15.81 fps)
2020-03-20 13:03:41 [INFO]: Processing frame 400 (15.78 fps)
2020-03-20 13:03:43 [INFO]: Processing frame 420 (15.74 fps)
2020-03-20 13:03:46 [INFO]: Processing frame 440 (15.73 fps)
2020-03-20 13:03:48 [INFO]: Processing frame 460 (15.71 fps)
2020-03-20 13:03:50 [INFO]: Processing frame 480 (15.71 fps)
2020-03-20 13:03:52 [INFO]: Processing frame 500 (15.71 fps)
2020-03-20 13:03:54 [INFO]: Processing frame 520 (15.70 fps)
2020-03-20 13:03:56 [INFO]: Processing frame 540 (15.69 fps)
2020-03-20 13:03:58 [INFO]: Processing frame 560 (15.72 fps)
2020-03-20 13:03:59 [INFO]: Processing frame 580 (15.75 fps)
2020-03-20 13:04:01 [INFO]: Processing frame 600 (15.79 fps)
2020-03-20 13:04:03 [INFO]: Processing frame 620 (15.79 fps)
2020-03-20 13:04:05 [INFO]: Processing frame 640 (15.77 fps)
2020-03-20 13:04:07 [INFO]: save results to /home/master/JDEdata/MOT17/images/train/../results/weights/MOT17-10-SDP.txt
2020-03-20 13:04:07 [INFO]: Evaluate seq: MOT17-10-SDP
2020-03-20 13:04:08 [INFO]: start seq: MOT17-11-SDP
2020-03-20 13:04:09 [INFO]: Processing frame 0 (100000.00 fps)
2020-03-20 13:04:11 [INFO]: Processing frame 20 (16.57 fps)
2020-03-20 13:04:13 [INFO]: Processing frame 40 (16.16 fps)
2020-03-20 13:04:15 [INFO]: Processing frame 60 (16.20 fps)
2020-03-20 13:04:17 [INFO]: Processing frame 80 (16.05 fps)
2020-03-20 13:04:19 [INFO]: Processing frame 100 (16.00 fps)
2020-03-20 13:04:21 [INFO]: Processing frame 120 (15.97 fps)
2020-03-20 13:04:23 [INFO]: Processing frame 140 (15.97 fps)
2020-03-20 13:04:25 [INFO]: Processing frame 160 (15.96 fps)
2020-03-20 13:04:27 [INFO]: Processing frame 180 (15.99 fps)
2020-03-20 13:04:28 [INFO]: Processing frame 200 (16.19 fps)
2020-03-20 13:04:30 [INFO]: Processing frame 220 (16.17 fps)
2020-03-20 13:04:33 [INFO]: Processing frame 240 (16.15 fps)
2020-03-20 13:04:35 [INFO]: Processing frame 260 (16.12 fps)
2020-03-20 13:04:37 [INFO]: Processing frame 280 (16.10 fps)
2020-03-20 13:04:38 [INFO]: Processing frame 300 (16.27 fps)
2020-03-20 13:04:40 [INFO]: Processing frame 320 (16.56 fps)
2020-03-20 13:04:42 [INFO]: Processing frame 340 (16.55 fps)
2020-03-20 13:04:44 [INFO]: Processing frame 360 (16.54 fps)
2020-03-20 13:04:46 [INFO]: Processing frame 380 (16.52 fps)
2020-03-20 13:04:48 [INFO]: Processing frame 400 (16.51 fps)
2020-03-20 13:04:49 [INFO]: Processing frame 420 (16.51 fps)
2020-03-20 13:04:51 [INFO]: Processing frame 440 (16.49 fps)
2020-03-20 13:04:53 [INFO]: Processing frame 460 (16.47 fps)
2020-03-20 13:04:55 [INFO]: Processing frame 480 (16.46 fps)
2020-03-20 13:04:57 [INFO]: Processing frame 500 (16.45 fps)
2020-03-20 13:04:59 [INFO]: Processing frame 520 (16.46 fps)
2020-03-20 13:05:01 [INFO]: Processing frame 540 (16.46 fps)
2020-03-20 13:05:03 [INFO]: Processing frame 560 (16.45 fps)
2020-03-20 13:05:05 [INFO]: Processing frame 580 (16.44 fps)
2020-03-20 13:05:07 [INFO]: Processing frame 600 (16.44 fps)
2020-03-20 13:05:09 [INFO]: Processing frame 620 (16.43 fps)
2020-03-20 13:05:11 [INFO]: Processing frame 640 (16.45 fps)
2020-03-20 13:05:13 [INFO]: Processing frame 660 (16.44 fps)
2020-03-20 13:05:15 [INFO]: Processing frame 680 (16.43 fps)
2020-03-20 13:05:17 [INFO]: Processing frame 700 (16.44 fps)
2020-03-20 13:05:19 [INFO]: Processing frame 720 (16.45 fps)
2020-03-20 13:05:21 [INFO]: Processing frame 740 (16.46 fps)
2020-03-20 13:05:22 [INFO]: Processing frame 760 (16.52 fps)
2020-03-20 13:05:24 [INFO]: Processing frame 780 (16.55 fps)
2020-03-20 13:05:26 [INFO]: Processing frame 800 (16.54 fps)
2020-03-20 13:05:28 [INFO]: Processing frame 820 (16.52 fps)
2020-03-20 13:05:30 [INFO]: Processing frame 840 (16.53 fps)
2020-03-20 13:05:32 [INFO]: Processing frame 860 (16.53 fps)
2020-03-20 13:05:34 [INFO]: Processing frame 880 (16.51 fps)
2020-03-20 13:05:36 [INFO]: save results to /home/master/JDEdata/MOT17/images/train/../results/weights/MOT17-11-SDP.txt
2020-03-20 13:05:36 [INFO]: Evaluate seq: MOT17-11-SDP
2020-03-20 13:05:37 [INFO]: start seq: MOT17-13-SDP
2020-03-20 13:05:38 [INFO]: Processing frame 0 (100000.00 fps)
2020-03-20 13:05:40 [INFO]: Processing frame 20 (16.08 fps)
2020-03-20 13:05:42 [INFO]: Processing frame 40 (16.26 fps)
2020-03-20 13:05:44 [INFO]: Processing frame 60 (16.91 fps)
2020-03-20 13:05:46 [INFO]: Processing frame 80 (17.23 fps)
2020-03-20 13:05:48 [INFO]: Processing frame 100 (17.38 fps)
2020-03-20 13:05:50 [INFO]: Processing frame 120 (17.27 fps)
2020-03-20 13:05:52 [INFO]: Processing frame 140 (17.15 fps)
2020-03-20 13:05:54 [INFO]: Processing frame 160 (16.92 fps)
2020-03-20 13:05:56 [INFO]: Processing frame 180 (16.89 fps)
2020-03-20 13:05:58 [INFO]: Processing frame 200 (16.92 fps)
2020-03-20 13:06:00 [INFO]: Processing frame 220 (16.80 fps)
2020-03-20 13:06:02 [INFO]: Processing frame 240 (16.68 fps)
2020-03-20 13:06:04 [INFO]: Processing frame 260 (16.68 fps)
2020-03-20 13:06:05 [INFO]: Processing frame 280 (16.62 fps)
2020-03-20 13:06:07 [INFO]: Processing frame 300 (16.89 fps)
2020-03-20 13:06:09 [INFO]: Processing frame 320 (16.98 fps)
2020-03-20 13:06:11 [INFO]: Processing frame 340 (16.91 fps)
2020-03-20 13:06:13 [INFO]: Processing frame 360 (16.78 fps)
2020-03-20 13:06:15 [INFO]: Processing frame 380 (16.69 fps)
2020-03-20 13:06:17 [INFO]: Processing frame 400 (16.62 fps)
2020-03-20 13:06:19 [INFO]: Processing frame 420 (16.57 fps)
2020-03-20 13:06:21 [INFO]: Processing frame 440 (16.52 fps)
2020-03-20 13:06:23 [INFO]: Processing frame 460 (16.48 fps)
2020-03-20 13:06:25 [INFO]: Processing frame 480 (16.46 fps)
2020-03-20 13:06:27 [INFO]: Processing frame 500 (16.46 fps)
2020-03-20 13:06:29 [INFO]: Processing frame 520 (16.45 fps)
2020-03-20 13:06:31 [INFO]: Processing frame 540 (16.42 fps)
2020-03-20 13:06:33 [INFO]: Processing frame 560 (16.42 fps)
2020-03-20 13:06:36 [INFO]: Processing frame 580 (16.42 fps)
2020-03-20 13:06:38 [INFO]: Processing frame 600 (16.41 fps)
2020-03-20 13:06:40 [INFO]: Processing frame 620 (16.41 fps)
2020-03-20 13:06:41 [INFO]: Processing frame 640 (16.41 fps)
2020-03-20 13:06:44 [INFO]: Processing frame 660 (16.41 fps)
2020-03-20 13:06:46 [INFO]: Processing frame 680 (16.40 fps)
2020-03-20 13:06:48 [INFO]: Processing frame 700 (16.39 fps)
2020-03-20 13:06:50 [INFO]: Processing frame 720 (16.39 fps)
2020-03-20 13:06:52 [INFO]: Processing frame 740 (16.40 fps)
2020-03-20 13:06:53 [INFO]: save results to /home/master/JDEdata/MOT17/images/train/../results/weights/MOT17-13-SDP.txt
2020-03-20 13:06:53 [INFO]: Evaluate seq: MOT17-13-SDP
2020-03-20 13:06:53 [INFO]: Time elapsed: 338.79 seconds, FPS: 15.69
              IDF1   IDP   IDR  Rcll  Prcn  GT  MT  PT ML   FP    FN  IDs    FM  MOTA  MOTP IDt IDa IDm
MOT17-02-SDP 46.8% 52.0% 42.5% 70.6% 86.2%  62  23  30  9 2090  5472  303   473 57.7% 0.227 150  71  17
MOT17-04-SDP 72.8% 81.1% 66.1% 77.9% 95.6%  83  44  27 12 1714 10533  131   351 74.0% 0.179  66  35   6
MOT17-05-SDP 70.6% 73.4% 68.0% 85.6% 92.3% 133  81  45  7  492   996  120   184 76.8% 0.208 101  36  39
MOT17-09-SDP 55.5% 61.9% 50.2% 75.8% 93.4%  26  14  12  0  287  1290  117   151 68.2% 0.198  71  19   8
MOT17-10-SDP 58.8% 64.3% 54.1% 76.2% 90.5%  57  24  31  2 1021  3058  399   663 65.1% 0.233 191  81  13
MOT17-11-SDP 74.9% 77.5% 72.4% 89.1% 95.3%  75  47  23  5  414  1029   61   164 84.1% 0.175  35  21  10
MOT17-13-SDP 62.9% 70.3% 56.8% 72.9% 90.2% 110  45  54 11  922  3150  336   691 62.1% 0.232 190  91  42
OVERALL      65.1% 71.6% 59.7% 77.3% 92.6% 546 278 222 46 6940 25528 1467  2677 69.8% 0.200 804 354 135
