Namespace(cfg='cfg/yolov3_864x480.cfg', conf_thres=0.5, iou_thres=0.5, min_box_area=200, nms_thres=0.4, save_images=False, save_videos=False, test_mot15=False, test_mot16=True, test_mot17=False, track_buffer=30, weights='/home/master/koi/weights/66_epoch_arcface_arc_margin.pt')

2020-03-20 12:58:58 [INFO]: start seq: MOT16-01
2020-03-20 12:59:03 [INFO]: Processing frame 0 (100000.00 fps)
2020-03-20 12:59:06 [INFO]: Processing frame 20 (13.38 fps)
2020-03-20 12:59:07 [INFO]: Processing frame 40 (14.52 fps)
2020-03-20 12:59:09 [INFO]: Processing frame 60 (15.10 fps)
2020-03-20 12:59:11 [INFO]: Processing frame 80 (15.46 fps)
2020-03-20 12:59:13 [INFO]: Processing frame 100 (15.74 fps)
2020-03-20 12:59:15 [INFO]: Processing frame 120 (15.89 fps)
2020-03-20 12:59:17 [INFO]: Processing frame 140 (15.39 fps)
2020-03-20 12:59:20 [INFO]: Processing frame 160 (15.01 fps)
2020-03-20 12:59:22 [INFO]: Processing frame 180 (14.76 fps)
2020-03-20 12:59:24 [INFO]: Processing frame 200 (14.64 fps)
2020-03-20 12:59:26 [INFO]: Processing frame 220 (14.48 fps)
2020-03-20 12:59:29 [INFO]: Processing frame 240 (14.35 fps)
2020-03-20 12:59:31 [INFO]: Processing frame 260 (14.24 fps)
2020-03-20 12:59:33 [INFO]: Processing frame 280 (14.19 fps)
2020-03-20 12:59:35 [INFO]: Processing frame 300 (14.15 fps)
2020-03-20 12:59:37 [INFO]: Processing frame 320 (14.09 fps)
2020-03-20 12:59:39 [INFO]: Processing frame 340 (14.03 fps)
2020-03-20 12:59:42 [INFO]: Processing frame 360 (13.99 fps)
2020-03-20 12:59:44 [INFO]: Processing frame 380 (13.99 fps)
2020-03-20 12:59:46 [INFO]: Processing frame 400 (14.00 fps)
2020-03-20 12:59:48 [INFO]: Processing frame 420 (13.93 fps)
2020-03-20 12:59:50 [INFO]: Processing frame 440 (13.89 fps)
2020-03-20 12:59:51 [INFO]: save results to /home/master/JDEdata/MOT16/test/../results/weights/MOT16-01.txt
2020-03-20 12:59:51 [INFO]: Evaluate seq: MOT16-01
2020-03-20 12:59:52 [INFO]: start seq: MOT16-03
2020-03-20 12:59:53 [INFO]: Processing frame 0 (100000.00 fps)
2020-03-20 12:59:55 [INFO]: Processing frame 20 (11.14 fps)
2020-03-20 12:59:58 [INFO]: Processing frame 40 (11.99 fps)
2020-03-20 13:00:00 [INFO]: Processing frame 60 (12.00 fps)
2020-03-20 13:00:03 [INFO]: Processing frame 80 (11.86 fps)
2020-03-20 13:00:05 [INFO]: Processing frame 100 (12.32 fps)
2020-03-20 13:00:07 [INFO]: Processing frame 120 (12.41 fps)
2020-03-20 13:00:10 [INFO]: Processing frame 140 (12.26 fps)
2020-03-20 13:00:12 [INFO]: Processing frame 160 (12.15 fps)
2020-03-20 13:00:15 [INFO]: Processing frame 180 (12.08 fps)
2020-03-20 13:00:17 [INFO]: Processing frame 200 (11.99 fps)
2020-03-20 13:00:20 [INFO]: Processing frame 220 (11.94 fps)
2020-03-20 13:00:22 [INFO]: Processing frame 240 (11.88 fps)
2020-03-20 13:00:25 [INFO]: Processing frame 260 (11.81 fps)
2020-03-20 13:00:27 [INFO]: Processing frame 280 (11.78 fps)
2020-03-20 13:00:30 [INFO]: Processing frame 300 (11.77 fps)
2020-03-20 13:00:32 [INFO]: Processing frame 320 (11.76 fps)
2020-03-20 13:00:35 [INFO]: Processing frame 340 (11.75 fps)
2020-03-20 13:00:37 [INFO]: Processing frame 360 (11.69 fps)
2020-03-20 13:00:40 [INFO]: Processing frame 380 (11.68 fps)
2020-03-20 13:00:42 [INFO]: Processing frame 400 (11.66 fps)
2020-03-20 13:00:45 [INFO]: Processing frame 420 (11.65 fps)
2020-03-20 13:00:47 [INFO]: Processing frame 440 (11.64 fps)
2020-03-20 13:00:50 [INFO]: Processing frame 460 (11.61 fps)
2020-03-20 13:00:52 [INFO]: Processing frame 480 (11.61 fps)
2020-03-20 13:00:55 [INFO]: Processing frame 500 (11.59 fps)
2020-03-20 13:00:57 [INFO]: Processing frame 520 (11.58 fps)
2020-03-20 13:01:00 [INFO]: Processing frame 540 (11.58 fps)
2020-03-20 13:01:02 [INFO]: Processing frame 560 (11.61 fps)
2020-03-20 13:01:05 [INFO]: Processing frame 580 (11.54 fps)
2020-03-20 13:01:08 [INFO]: Processing frame 600 (11.49 fps)
2020-03-20 13:01:10 [INFO]: Processing frame 620 (11.44 fps)
2020-03-20 13:01:13 [INFO]: Processing frame 640 (11.38 fps)
2020-03-20 13:01:16 [INFO]: Processing frame 660 (11.32 fps)
2020-03-20 13:01:19 [INFO]: Processing frame 680 (11.27 fps)
2020-03-20 13:01:22 [INFO]: Processing frame 700 (11.24 fps)
2020-03-20 13:01:24 [INFO]: Processing frame 720 (11.23 fps)
2020-03-20 13:01:27 [INFO]: Processing frame 740 (11.20 fps)
2020-03-20 13:01:30 [INFO]: Processing frame 760 (11.17 fps)
2020-03-20 13:01:32 [INFO]: Processing frame 780 (11.15 fps)
2020-03-20 13:01:35 [INFO]: Processing frame 800 (11.14 fps)
2020-03-20 13:01:38 [INFO]: Processing frame 820 (11.10 fps)
2020-03-20 13:01:40 [INFO]: Processing frame 840 (11.09 fps)
2020-03-20 13:01:43 [INFO]: Processing frame 860 (11.08 fps)
2020-03-20 13:01:46 [INFO]: Processing frame 880 (11.07 fps)
2020-03-20 13:01:48 [INFO]: Processing frame 900 (11.06 fps)
2020-03-20 13:01:51 [INFO]: Processing frame 920 (11.05 fps)
2020-03-20 13:01:54 [INFO]: Processing frame 940 (11.03 fps)
2020-03-20 13:01:56 [INFO]: Processing frame 960 (11.01 fps)
2020-03-20 13:01:59 [INFO]: Processing frame 980 (11.03 fps)
2020-03-20 13:02:01 [INFO]: Processing frame 1000 (11.01 fps)
2020-03-20 13:02:04 [INFO]: Processing frame 1020 (11.01 fps)
2020-03-20 13:02:07 [INFO]: Processing frame 1040 (10.99 fps)
2020-03-20 13:02:09 [INFO]: Processing frame 1060 (10.97 fps)
2020-03-20 13:02:12 [INFO]: Processing frame 1080 (10.95 fps)
2020-03-20 13:02:15 [INFO]: Processing frame 1100 (10.93 fps)
2020-03-20 13:02:17 [INFO]: Processing frame 1120 (10.92 fps)
2020-03-20 13:02:20 [INFO]: Processing frame 1140 (10.96 fps)
2020-03-20 13:02:22 [INFO]: Processing frame 1160 (11.02 fps)
2020-03-20 13:02:23 [INFO]: Processing frame 1180 (11.10 fps)
2020-03-20 13:02:25 [INFO]: Processing frame 1200 (11.17 fps)
2020-03-20 13:02:28 [INFO]: Processing frame 1220 (11.21 fps)
2020-03-20 13:02:30 [INFO]: Processing frame 1240 (11.26 fps)
2020-03-20 13:02:32 [INFO]: Processing frame 1260 (11.29 fps)
2020-03-20 13:02:34 [INFO]: Processing frame 1280 (11.32 fps)
2020-03-20 13:02:36 [INFO]: Processing frame 1300 (11.36 fps)
2020-03-20 13:02:39 [INFO]: Processing frame 1320 (11.38 fps)
2020-03-20 13:02:41 [INFO]: Processing frame 1340 (11.41 fps)
2020-03-20 13:02:43 [INFO]: Processing frame 1360 (11.43 fps)
2020-03-20 13:02:45 [INFO]: Processing frame 1380 (11.45 fps)
2020-03-20 13:02:48 [INFO]: Processing frame 1400 (11.48 fps)
2020-03-20 13:02:50 [INFO]: Processing frame 1420 (11.50 fps)
2020-03-20 13:02:52 [INFO]: Processing frame 1440 (11.53 fps)
2020-03-20 13:02:54 [INFO]: Processing frame 1460 (11.56 fps)
2020-03-20 13:02:56 [INFO]: Processing frame 1480 (11.59 fps)
2020-03-20 13:02:59 [INFO]: save results to /home/master/JDEdata/MOT16/test/../results/weights/MOT16-03.txt
2020-03-20 13:02:59 [INFO]: Evaluate seq: MOT16-03
2020-03-20 13:03:00 [INFO]: start seq: MOT16-06
2020-03-20 13:03:01 [INFO]: Processing frame 0 (100000.00 fps)
2020-03-20 13:03:03 [INFO]: Processing frame 20 (16.21 fps)
2020-03-20 13:03:04 [INFO]: Processing frame 40 (16.12 fps)
2020-03-20 13:03:05 [INFO]: Processing frame 60 (15.93 fps)
2020-03-20 13:03:07 [INFO]: Processing frame 80 (15.86 fps)
2020-03-20 13:03:08 [INFO]: Processing frame 100 (15.77 fps)
2020-03-20 13:03:10 [INFO]: Processing frame 120 (15.72 fps)
2020-03-20 13:03:11 [INFO]: Processing frame 140 (15.71 fps)
2020-03-20 13:03:13 [INFO]: Processing frame 160 (15.69 fps)
2020-03-20 13:03:13 [INFO]: Processing frame 180 (16.39 fps)
2020-03-20 13:03:14 [INFO]: Processing frame 200 (17.12 fps)
2020-03-20 13:03:15 [INFO]: Processing frame 220 (17.60 fps)
2020-03-20 13:03:16 [INFO]: Processing frame 240 (17.79 fps)
2020-03-20 13:03:17 [INFO]: Processing frame 260 (18.04 fps)
2020-03-20 13:03:18 [INFO]: Processing frame 280 (18.27 fps)
2020-03-20 13:03:19 [INFO]: Processing frame 300 (18.42 fps)
2020-03-20 13:03:21 [INFO]: Processing frame 320 (18.54 fps)
2020-03-20 13:03:22 [INFO]: Processing frame 340 (18.73 fps)
2020-03-20 13:03:23 [INFO]: Processing frame 360 (18.82 fps)
2020-03-20 13:03:24 [INFO]: Processing frame 380 (18.87 fps)
2020-03-20 13:03:25 [INFO]: Processing frame 400 (18.99 fps)
2020-03-20 13:03:26 [INFO]: Processing frame 420 (19.10 fps)
2020-03-20 13:03:27 [INFO]: Processing frame 440 (19.16 fps)
2020-03-20 13:03:28 [INFO]: Processing frame 460 (19.26 fps)
2020-03-20 13:03:29 [INFO]: Processing frame 480 (19.38 fps)
2020-03-20 13:03:30 [INFO]: Processing frame 500 (19.47 fps)
2020-03-20 13:03:31 [INFO]: Processing frame 520 (19.52 fps)
2020-03-20 13:03:32 [INFO]: Processing frame 540 (19.60 fps)
2020-03-20 13:03:33 [INFO]: Processing frame 560 (19.68 fps)
2020-03-20 13:03:34 [INFO]: Processing frame 580 (19.76 fps)
2020-03-20 13:03:35 [INFO]: Processing frame 600 (19.83 fps)
2020-03-20 13:03:36 [INFO]: Processing frame 620 (19.87 fps)
2020-03-20 13:03:37 [INFO]: Processing frame 640 (19.94 fps)
2020-03-20 13:03:38 [INFO]: Processing frame 660 (20.00 fps)
2020-03-20 13:03:39 [INFO]: Processing frame 680 (20.06 fps)
2020-03-20 13:03:40 [INFO]: Processing frame 700 (20.11 fps)
2020-03-20 13:03:41 [INFO]: Processing frame 720 (20.16 fps)
2020-03-20 13:03:42 [INFO]: Processing frame 740 (20.18 fps)
2020-03-20 13:03:43 [INFO]: Processing frame 760 (20.22 fps)
2020-03-20 13:03:44 [INFO]: Processing frame 780 (20.25 fps)
2020-03-20 13:03:45 [INFO]: Processing frame 800 (20.30 fps)
2020-03-20 13:03:47 [INFO]: Processing frame 820 (20.33 fps)
2020-03-20 13:03:48 [INFO]: Processing frame 840 (20.32 fps)
2020-03-20 13:03:49 [INFO]: Processing frame 860 (20.33 fps)
2020-03-20 13:03:50 [INFO]: Processing frame 880 (20.35 fps)
2020-03-20 13:03:51 [INFO]: Processing frame 900 (20.36 fps)
2020-03-20 13:03:52 [INFO]: Processing frame 920 (20.37 fps)
2020-03-20 13:03:53 [INFO]: Processing frame 940 (20.41 fps)
2020-03-20 13:03:54 [INFO]: Processing frame 960 (20.42 fps)
2020-03-20 13:03:55 [INFO]: Processing frame 980 (20.45 fps)
2020-03-20 13:03:56 [INFO]: Processing frame 1000 (20.47 fps)
2020-03-20 13:03:57 [INFO]: Processing frame 1020 (20.48 fps)
2020-03-20 13:03:58 [INFO]: Processing frame 1040 (20.50 fps)
2020-03-20 13:03:59 [INFO]: Processing frame 1060 (20.52 fps)
2020-03-20 13:04:00 [INFO]: Processing frame 1080 (20.53 fps)
2020-03-20 13:04:01 [INFO]: Processing frame 1100 (20.54 fps)
2020-03-20 13:04:02 [INFO]: Processing frame 1120 (20.57 fps)
2020-03-20 13:04:03 [INFO]: Processing frame 1140 (20.58 fps)
2020-03-20 13:04:04 [INFO]: Processing frame 1160 (20.62 fps)
2020-03-20 13:04:05 [INFO]: Processing frame 1180 (20.72 fps)
2020-03-20 13:04:06 [INFO]: save results to /home/master/JDEdata/MOT16/test/../results/weights/MOT16-06.txt
2020-03-20 13:04:06 [INFO]: Evaluate seq: MOT16-06
2020-03-20 13:04:06 [INFO]: start seq: MOT16-07
2020-03-20 13:04:07 [INFO]: Processing frame 0 (100000.00 fps)
2020-03-20 13:04:09 [INFO]: Processing frame 20 (15.57 fps)
2020-03-20 13:04:11 [INFO]: Processing frame 40 (15.68 fps)
2020-03-20 13:04:13 [INFO]: Processing frame 60 (15.52 fps)
2020-03-20 13:04:15 [INFO]: Processing frame 80 (15.67 fps)
2020-03-20 13:04:17 [INFO]: Processing frame 100 (15.73 fps)
2020-03-20 13:04:19 [INFO]: Processing frame 120 (15.86 fps)
2020-03-20 13:04:21 [INFO]: Processing frame 140 (15.75 fps)
2020-03-20 13:04:23 [INFO]: Processing frame 160 (15.64 fps)
2020-03-20 13:04:25 [INFO]: Processing frame 180 (15.55 fps)
2020-03-20 13:04:27 [INFO]: Processing frame 200 (15.40 fps)
2020-03-20 13:04:30 [INFO]: Processing frame 220 (15.33 fps)
2020-03-20 13:04:32 [INFO]: Processing frame 240 (15.33 fps)
2020-03-20 13:04:34 [INFO]: Processing frame 260 (15.25 fps)
2020-03-20 13:04:36 [INFO]: Processing frame 280 (15.20 fps)
2020-03-20 13:04:38 [INFO]: Processing frame 300 (15.17 fps)
2020-03-20 13:04:40 [INFO]: Processing frame 320 (15.17 fps)
2020-03-20 13:04:42 [INFO]: Processing frame 340 (15.11 fps)
2020-03-20 13:04:44 [INFO]: Processing frame 360 (15.08 fps)
2020-03-20 13:04:46 [INFO]: Processing frame 380 (15.10 fps)
2020-03-20 13:04:48 [INFO]: Processing frame 400 (15.13 fps)
2020-03-20 13:04:50 [INFO]: Processing frame 420 (15.14 fps)
2020-03-20 13:04:52 [INFO]: Processing frame 440 (15.12 fps)
2020-03-20 13:04:54 [INFO]: Processing frame 460 (15.09 fps)
2020-03-20 13:04:56 [INFO]: Processing frame 480 (15.15 fps)
2020-03-20 13:04:58 [INFO]: save results to /home/master/JDEdata/MOT16/test/../results/weights/MOT16-07.txt
2020-03-20 13:04:58 [INFO]: Evaluate seq: MOT16-07
2020-03-20 13:04:58 [INFO]: start seq: MOT16-08
2020-03-20 13:04:59 [INFO]: Processing frame 0 (100000.00 fps)
2020-03-20 13:05:01 [INFO]: Processing frame 20 (15.97 fps)
2020-03-20 13:05:03 [INFO]: Processing frame 40 (15.76 fps)
2020-03-20 13:05:05 [INFO]: Processing frame 60 (15.91 fps)
2020-03-20 13:05:07 [INFO]: Processing frame 80 (15.66 fps)
2020-03-20 13:05:09 [INFO]: Processing frame 100 (15.66 fps)
2020-03-20 13:05:11 [INFO]: Processing frame 120 (15.85 fps)
2020-03-20 13:05:13 [INFO]: Processing frame 140 (16.78 fps)
2020-03-20 13:05:14 [INFO]: Processing frame 160 (16.97 fps)
2020-03-20 13:05:16 [INFO]: Processing frame 180 (16.76 fps)
2020-03-20 13:05:18 [INFO]: Processing frame 200 (16.60 fps)
2020-03-20 13:05:20 [INFO]: Processing frame 220 (16.52 fps)
2020-03-20 13:05:22 [INFO]: Processing frame 240 (16.44 fps)
2020-03-20 13:05:24 [INFO]: Processing frame 260 (16.31 fps)
2020-03-20 13:05:26 [INFO]: Processing frame 280 (16.39 fps)
2020-03-20 13:05:28 [INFO]: Processing frame 300 (16.49 fps)
2020-03-20 13:05:30 [INFO]: Processing frame 320 (16.50 fps)
2020-03-20 13:05:32 [INFO]: Processing frame 340 (16.43 fps)
2020-03-20 13:05:34 [INFO]: Processing frame 360 (16.42 fps)
2020-03-20 13:05:36 [INFO]: Processing frame 380 (16.39 fps)
2020-03-20 13:05:38 [INFO]: Processing frame 400 (16.34 fps)
2020-03-20 13:05:40 [INFO]: Processing frame 420 (16.30 fps)
2020-03-20 13:05:42 [INFO]: Processing frame 440 (16.28 fps)
2020-03-20 13:05:44 [INFO]: Processing frame 460 (16.29 fps)
2020-03-20 13:05:46 [INFO]: Processing frame 480 (16.29 fps)
2020-03-20 13:05:48 [INFO]: Processing frame 500 (16.27 fps)
2020-03-20 13:05:50 [INFO]: Processing frame 520 (16.23 fps)
2020-03-20 13:05:52 [INFO]: Processing frame 540 (16.20 fps)
2020-03-20 13:05:54 [INFO]: Processing frame 560 (16.20 fps)
2020-03-20 13:05:56 [INFO]: Processing frame 580 (16.17 fps)
2020-03-20 13:05:58 [INFO]: Processing frame 600 (16.22 fps)
2020-03-20 13:06:00 [INFO]: Processing frame 620 (16.30 fps)
2020-03-20 13:06:00 [INFO]: save results to /home/master/JDEdata/MOT16/test/../results/weights/MOT16-08.txt
2020-03-20 13:06:00 [INFO]: Evaluate seq: MOT16-08
2020-03-20 13:06:01 [INFO]: start seq: MOT16-12
2020-03-20 13:06:02 [INFO]: Processing frame 0 (100000.00 fps)
2020-03-20 13:06:04 [INFO]: Processing frame 20 (16.07 fps)
2020-03-20 13:06:05 [INFO]: Processing frame 40 (15.98 fps)
2020-03-20 13:06:07 [INFO]: Processing frame 60 (15.91 fps)
2020-03-20 13:06:09 [INFO]: Processing frame 80 (15.89 fps)
2020-03-20 13:06:11 [INFO]: Processing frame 100 (15.89 fps)
2020-03-20 13:06:13 [INFO]: Processing frame 120 (15.87 fps)
2020-03-20 13:06:15 [INFO]: Processing frame 140 (15.71 fps)
2020-03-20 13:06:17 [INFO]: Processing frame 160 (15.68 fps)
2020-03-20 13:06:19 [INFO]: Processing frame 180 (15.76 fps)
2020-03-20 13:06:21 [INFO]: Processing frame 200 (15.78 fps)
2020-03-20 13:06:23 [INFO]: Processing frame 220 (15.78 fps)
2020-03-20 13:06:25 [INFO]: Processing frame 240 (15.77 fps)
2020-03-20 13:06:27 [INFO]: Processing frame 260 (15.78 fps)
2020-03-20 13:06:29 [INFO]: Processing frame 280 (15.77 fps)
2020-03-20 13:06:31 [INFO]: Processing frame 300 (15.83 fps)
2020-03-20 13:06:33 [INFO]: Processing frame 320 (15.87 fps)
2020-03-20 13:06:35 [INFO]: Processing frame 340 (15.88 fps)
2020-03-20 13:06:37 [INFO]: Processing frame 360 (15.91 fps)
2020-03-20 13:06:39 [INFO]: Processing frame 380 (15.91 fps)
2020-03-20 13:06:41 [INFO]: Processing frame 400 (15.91 fps)
2020-03-20 13:06:42 [INFO]: Processing frame 420 (16.24 fps)
2020-03-20 13:06:44 [INFO]: Processing frame 440 (16.41 fps)
2020-03-20 13:06:46 [INFO]: Processing frame 460 (16.49 fps)
2020-03-20 13:06:48 [INFO]: Processing frame 480 (16.48 fps)
2020-03-20 13:06:50 [INFO]: Processing frame 500 (16.48 fps)
2020-03-20 13:06:51 [INFO]: Processing frame 520 (16.51 fps)
2020-03-20 13:06:53 [INFO]: Processing frame 540 (16.50 fps)
2020-03-20 13:06:55 [INFO]: Processing frame 560 (16.52 fps)
2020-03-20 13:06:57 [INFO]: Processing frame 580 (16.50 fps)
2020-03-20 13:06:59 [INFO]: Processing frame 600 (16.46 fps)
2020-03-20 13:07:01 [INFO]: Processing frame 620 (16.44 fps)
2020-03-20 13:07:03 [INFO]: Processing frame 640 (16.43 fps)
2020-03-20 13:07:05 [INFO]: Processing frame 660 (16.41 fps)
2020-03-20 13:07:07 [INFO]: Processing frame 680 (16.39 fps)
2020-03-20 13:07:09 [INFO]: Processing frame 700 (16.37 fps)
2020-03-20 13:07:11 [INFO]: Processing frame 720 (16.35 fps)
2020-03-20 13:07:13 [INFO]: Processing frame 740 (16.34 fps)
2020-03-20 13:07:15 [INFO]: Processing frame 760 (16.32 fps)
2020-03-20 13:07:17 [INFO]: Processing frame 780 (16.31 fps)
2020-03-20 13:07:19 [INFO]: Processing frame 800 (16.31 fps)
2020-03-20 13:07:21 [INFO]: Processing frame 820 (16.31 fps)
2020-03-20 13:07:23 [INFO]: Processing frame 840 (16.31 fps)
2020-03-20 13:07:25 [INFO]: Processing frame 860 (16.30 fps)
2020-03-20 13:07:27 [INFO]: Processing frame 880 (16.29 fps)
2020-03-20 13:07:28 [INFO]: save results to /home/master/JDEdata/MOT16/test/../results/weights/MOT16-12.txt
2020-03-20 13:07:28 [INFO]: Evaluate seq: MOT16-12
2020-03-20 13:07:29 [INFO]: start seq: MOT16-14
2020-03-20 13:07:30 [INFO]: Processing frame 0 (100000.00 fps)
2020-03-20 13:07:32 [INFO]: Processing frame 20 (16.54 fps)
2020-03-20 13:07:34 [INFO]: Processing frame 40 (17.91 fps)
2020-03-20 13:07:36 [INFO]: Processing frame 60 (17.99 fps)
2020-03-20 13:07:38 [INFO]: Processing frame 80 (17.68 fps)
2020-03-20 13:07:39 [INFO]: Processing frame 100 (17.35 fps)
2020-03-20 13:07:41 [INFO]: Processing frame 120 (17.25 fps)
2020-03-20 13:07:43 [INFO]: Processing frame 140 (17.02 fps)
2020-03-20 13:07:45 [INFO]: Processing frame 160 (17.05 fps)
2020-03-20 13:07:47 [INFO]: Processing frame 180 (17.25 fps)
2020-03-20 13:07:49 [INFO]: Processing frame 200 (17.47 fps)
2020-03-20 13:07:51 [INFO]: Processing frame 220 (17.51 fps)
2020-03-20 13:07:53 [INFO]: Processing frame 240 (17.36 fps)
2020-03-20 13:07:55 [INFO]: Processing frame 260 (17.30 fps)
2020-03-20 13:07:57 [INFO]: Processing frame 280 (17.57 fps)
2020-03-20 13:07:58 [INFO]: Processing frame 300 (18.00 fps)
2020-03-20 13:08:00 [INFO]: Processing frame 320 (18.43 fps)
2020-03-20 13:08:01 [INFO]: Processing frame 340 (18.84 fps)
2020-03-20 13:08:03 [INFO]: Processing frame 360 (19.16 fps)
2020-03-20 13:08:05 [INFO]: Processing frame 380 (19.33 fps)
2020-03-20 13:08:06 [INFO]: Processing frame 400 (19.44 fps)
2020-03-20 13:08:08 [INFO]: Processing frame 420 (19.54 fps)
2020-03-20 13:08:10 [INFO]: Processing frame 440 (19.62 fps)
2020-03-20 13:08:12 [INFO]: Processing frame 460 (19.69 fps)
2020-03-20 13:08:13 [INFO]: Processing frame 480 (19.73 fps)
2020-03-20 13:08:15 [INFO]: Processing frame 500 (19.78 fps)
2020-03-20 13:08:17 [INFO]: Processing frame 520 (19.84 fps)
2020-03-20 13:08:19 [INFO]: Processing frame 540 (19.92 fps)
2020-03-20 13:08:20 [INFO]: Processing frame 560 (19.98 fps)
2020-03-20 13:08:22 [INFO]: Processing frame 580 (20.04 fps)
2020-03-20 13:08:24 [INFO]: Processing frame 600 (20.10 fps)
2020-03-20 13:08:26 [INFO]: Processing frame 620 (20.15 fps)
2020-03-20 13:08:27 [INFO]: Processing frame 640 (20.20 fps)
2020-03-20 13:08:29 [INFO]: Processing frame 660 (20.26 fps)
2020-03-20 13:08:31 [INFO]: Processing frame 680 (20.33 fps)
2020-03-20 13:08:33 [INFO]: Processing frame 700 (20.42 fps)
2020-03-20 13:08:34 [INFO]: Processing frame 720 (20.52 fps)
2020-03-20 13:08:36 [INFO]: Processing frame 740 (20.62 fps)
2020-03-20 13:08:37 [INFO]: save results to /home/master/JDEdata/MOT16/test/../results/weights/MOT16-14.txt
2020-03-20 13:08:37 [INFO]: Evaluate seq: MOT16-14
2020-03-20 13:08:37 [INFO]: Time elapsed: 381.74 seconds, FPS: 15.51
         IDF1  IDP  IDR Rcll Prcn GT MT PT ML     FP FN IDs  FM  MOTA MOTP IDt IDa IDm
MOT16-01 0.0% 0.0% nan% nan% 0.0%  0  0  0  0   3885  0   0   0 -inf%  nan   0   0   0
MOT16-03 0.0% 0.0% nan% nan% 0.0%  0  0  0  0  90297  0   0   0 -inf%  nan   0   0   0
MOT16-06 0.0% 0.0% nan% nan% 0.0%  0  0  0  0   8750  0   0   0 -inf%  nan   0   0   0
MOT16-07 0.0% 0.0% nan% nan% 0.0%  0  0  0  0  11700  0   0   0 -inf%  nan   0   0   0
MOT16-08 0.0% 0.0% nan% nan% 0.0%  0  0  0  0   9865  0   0   0 -inf%  nan   0   0   0
MOT16-12 0.0% 0.0% nan% nan% 0.0%  0  0  0  0   6154  0   0   0 -inf%  nan   0   0   0
MOT16-14 0.0% 0.0% nan% nan% 0.0%  0  0  0  0  11078  0   0   0 -inf%  nan   0   0   0
OVERALL  0.0% 0.0% nan% nan% 0.0%  0  0  0  0 141729  0   0   0 -inf%  nan   0   0   0
