Namespace(cfg='cfg/yolov3_864x480.cfg', conf_thres=0.5, iou_thres=0.5, min_box_area=200, nms_thres=0.4, save_images=False, save_videos=False, test_mot15=False, test_mot16=False, test_mot17=True, track_buffer=30, weights='../weights/78_epoch_diou_arcface.pt')

2020-03-19 00:59:08 [INFO]: start seq: MOT17-02-SDP
2020-03-19 00:59:30 [INFO]: Processing frame 0 (100000.00 fps)
2020-03-19 00:59:34 [INFO]: Processing frame 20 (5.22 fps)
2020-03-19 00:59:38 [INFO]: Processing frame 40 (6.10 fps)
2020-03-19 00:59:41 [INFO]: Processing frame 60 (6.54 fps)
2020-03-19 00:59:45 [INFO]: Processing frame 80 (6.68 fps)
2020-03-19 00:59:48 [INFO]: Processing frame 100 (6.80 fps)
2020-03-19 00:59:52 [INFO]: Processing frame 120 (6.90 fps)
2020-03-19 00:59:55 [INFO]: Processing frame 140 (6.98 fps)
2020-03-19 00:59:59 [INFO]: Processing frame 160 (7.00 fps)
2020-03-19 01:00:02 [INFO]: Processing frame 180 (7.03 fps)
2020-03-19 01:00:06 [INFO]: Processing frame 200 (7.08 fps)
2020-03-19 01:00:09 [INFO]: Processing frame 220 (7.11 fps)
2020-03-19 01:00:13 [INFO]: Processing frame 240 (7.12 fps)
2020-03-19 01:00:16 [INFO]: Processing frame 260 (7.11 fps)
2020-03-19 01:00:20 [INFO]: Processing frame 280 (7.11 fps)
2020-03-19 01:00:24 [INFO]: Processing frame 300 (7.11 fps)
2020-03-19 01:00:27 [INFO]: Processing frame 320 (7.12 fps)
2020-03-19 01:00:31 [INFO]: Processing frame 340 (7.11 fps)
2020-03-19 01:00:34 [INFO]: Processing frame 360 (7.12 fps)
2020-03-19 01:00:38 [INFO]: Processing frame 380 (7.13 fps)
2020-03-19 01:00:42 [INFO]: Processing frame 400 (7.12 fps)
2020-03-19 01:00:45 [INFO]: Processing frame 420 (7.13 fps)
2020-03-19 01:00:49 [INFO]: Processing frame 440 (7.12 fps)
2020-03-19 01:00:52 [INFO]: Processing frame 460 (7.13 fps)
2020-03-19 01:00:56 [INFO]: Processing frame 480 (7.12 fps)
2020-03-19 01:00:59 [INFO]: Processing frame 500 (7.13 fps)
2020-03-19 01:01:03 [INFO]: Processing frame 520 (7.13 fps)
2020-03-19 01:01:06 [INFO]: Processing frame 540 (7.14 fps)
2020-03-19 01:01:10 [INFO]: Processing frame 560 (7.14 fps)
2020-03-19 01:01:13 [INFO]: Processing frame 580 (7.14 fps)
2020-03-19 01:01:17 [INFO]: save results to /home/master/JDEdata/MOT17/images/train/../results/weights/MOT17-02-SDP.txt
2020-03-19 01:01:17 [INFO]: Evaluate seq: MOT17-02-SDP
2020-03-19 01:01:18 [INFO]: start seq: MOT17-04-SDP
2020-03-19 01:02:16 [INFO]: Processing frame 0 (100000.00 fps)
2020-03-19 01:02:19 [INFO]: Processing frame 20 (6.98 fps)
2020-03-19 01:02:23 [INFO]: Processing frame 40 (6.97 fps)
2020-03-19 01:02:26 [INFO]: Processing frame 60 (7.02 fps)
2020-03-19 01:02:30 [INFO]: Processing frame 80 (7.05 fps)
2020-03-19 01:02:33 [INFO]: Processing frame 100 (7.02 fps)
2020-03-19 01:02:37 [INFO]: Processing frame 120 (6.95 fps)
2020-03-19 01:02:41 [INFO]: Processing frame 140 (6.94 fps)
2020-03-19 01:02:45 [INFO]: Processing frame 160 (6.95 fps)
2020-03-19 01:02:48 [INFO]: Processing frame 180 (6.97 fps)
2020-03-19 01:02:52 [INFO]: Processing frame 200 (6.96 fps)
2020-03-19 01:02:55 [INFO]: Processing frame 220 (6.96 fps)
2020-03-19 01:02:59 [INFO]: Processing frame 240 (6.96 fps)
2020-03-19 01:03:03 [INFO]: Processing frame 260 (6.95 fps)
2020-03-19 01:03:06 [INFO]: Processing frame 280 (6.94 fps)
2020-03-19 01:03:10 [INFO]: Processing frame 300 (6.94 fps)
2020-03-19 01:03:14 [INFO]: Processing frame 320 (6.95 fps)
2020-03-19 01:03:17 [INFO]: Processing frame 340 (6.96 fps)
2020-03-19 01:03:21 [INFO]: Processing frame 360 (6.96 fps)
2020-03-19 01:03:24 [INFO]: Processing frame 380 (6.96 fps)
2020-03-19 01:03:28 [INFO]: Processing frame 400 (6.96 fps)
2020-03-19 01:03:32 [INFO]: Processing frame 420 (6.96 fps)
2020-03-19 01:03:35 [INFO]: Processing frame 440 (6.95 fps)
2020-03-19 01:03:39 [INFO]: Processing frame 460 (6.94 fps)
2020-03-19 01:03:43 [INFO]: Processing frame 480 (6.94 fps)
2020-03-19 01:03:47 [INFO]: Processing frame 500 (6.94 fps)
2020-03-19 01:03:50 [INFO]: Processing frame 520 (6.93 fps)
2020-03-19 01:03:54 [INFO]: Processing frame 540 (6.93 fps)
2020-03-19 01:03:58 [INFO]: Processing frame 560 (6.92 fps)
2020-03-19 01:04:02 [INFO]: Processing frame 580 (6.93 fps)
2020-03-19 01:04:06 [INFO]: Processing frame 600 (6.93 fps)
2020-03-19 01:04:09 [INFO]: Processing frame 620 (6.94 fps)
2020-03-19 01:04:13 [INFO]: Processing frame 640 (6.94 fps)
2020-03-19 01:04:17 [INFO]: Processing frame 660 (6.93 fps)
2020-03-19 01:04:21 [INFO]: Processing frame 680 (6.93 fps)
2020-03-19 01:04:24 [INFO]: Processing frame 700 (6.93 fps)
2020-03-19 01:04:28 [INFO]: Processing frame 720 (6.94 fps)
2020-03-19 01:04:32 [INFO]: Processing frame 740 (6.93 fps)
2020-03-19 01:04:36 [INFO]: Processing frame 760 (6.92 fps)
2020-03-19 01:04:39 [INFO]: Processing frame 780 (6.92 fps)
2020-03-19 01:04:43 [INFO]: Processing frame 800 (6.92 fps)
2020-03-19 01:04:47 [INFO]: Processing frame 820 (6.92 fps)
2020-03-19 01:04:50 [INFO]: Processing frame 840 (6.92 fps)
2020-03-19 01:04:54 [INFO]: Processing frame 860 (6.92 fps)
2020-03-19 01:04:58 [INFO]: Processing frame 880 (6.92 fps)
2020-03-19 01:05:02 [INFO]: Processing frame 900 (6.92 fps)
2020-03-19 01:05:05 [INFO]: Processing frame 920 (6.92 fps)
2020-03-19 01:05:09 [INFO]: Processing frame 940 (6.92 fps)
2020-03-19 01:05:13 [INFO]: Processing frame 960 (6.90 fps)
2020-03-19 01:05:17 [INFO]: Processing frame 980 (6.89 fps)
2020-03-19 01:05:22 [INFO]: Processing frame 1000 (6.86 fps)
2020-03-19 01:05:26 [INFO]: Processing frame 1020 (6.83 fps)
2020-03-19 01:05:30 [INFO]: Processing frame 1040 (6.80 fps)
2020-03-19 01:05:33 [INFO]: save results to /home/master/JDEdata/MOT17/images/train/../results/weights/MOT17-04-SDP.txt
2020-03-19 01:05:33 [INFO]: Evaluate seq: MOT17-04-SDP
2020-03-19 01:05:36 [INFO]: start seq: MOT17-05-SDP
2020-03-19 01:26:48 [INFO]: Processing frame 0 (100000.00 fps)
2020-03-19 01:26:51 [INFO]: Processing frame 20 (6.68 fps)
2020-03-19 01:26:55 [INFO]: Processing frame 40 (6.40 fps)
2020-03-19 01:26:58 [INFO]: Processing frame 60 (6.53 fps)
2020-03-19 01:27:02 [INFO]: Processing frame 80 (6.51 fps)
2020-03-19 01:27:05 [INFO]: Processing frame 100 (6.53 fps)
2020-03-19 01:27:08 [INFO]: Processing frame 120 (6.50 fps)
2020-03-19 01:27:12 [INFO]: Processing frame 140 (6.58 fps)
2020-03-19 01:27:15 [INFO]: Processing frame 160 (6.55 fps)
2020-03-19 01:27:18 [INFO]: Processing frame 180 (6.58 fps)
2020-03-19 01:27:22 [INFO]: Processing frame 200 (6.56 fps)
2020-03-19 01:27:25 [INFO]: Processing frame 220 (6.58 fps)
2020-03-19 01:27:29 [INFO]: Processing frame 240 (6.54 fps)
2020-03-19 01:27:32 [INFO]: Processing frame 260 (6.54 fps)
2020-03-19 01:27:35 [INFO]: Processing frame 280 (6.52 fps)
2020-03-19 01:27:38 [INFO]: Processing frame 300 (6.54 fps)
2020-03-19 01:27:42 [INFO]: Processing frame 320 (6.51 fps)
2020-03-19 01:27:45 [INFO]: Processing frame 340 (6.50 fps)
2020-03-19 01:27:48 [INFO]: Processing frame 360 (6.52 fps)
2020-03-19 01:27:52 [INFO]: Processing frame 380 (6.49 fps)
2020-03-19 01:27:55 [INFO]: Processing frame 400 (6.50 fps)
2020-03-19 01:27:58 [INFO]: Processing frame 420 (6.47 fps)
2020-03-19 01:28:01 [INFO]: Processing frame 440 (6.47 fps)
2020-03-19 01:28:05 [INFO]: Processing frame 460 (6.47 fps)
2020-03-19 01:28:08 [INFO]: Processing frame 480 (6.46 fps)
2020-03-19 01:28:11 [INFO]: Processing frame 500 (6.46 fps)
2020-03-19 01:28:15 [INFO]: Processing frame 520 (6.45 fps)
2020-03-19 01:28:18 [INFO]: Processing frame 540 (6.45 fps)
2020-03-19 01:28:22 [INFO]: Processing frame 560 (6.43 fps)
2020-03-19 01:28:25 [INFO]: Processing frame 580 (6.43 fps)
2020-03-19 01:28:28 [INFO]: Processing frame 600 (6.43 fps)
2020-03-19 01:28:32 [INFO]: Processing frame 620 (6.42 fps)
2020-03-19 01:28:35 [INFO]: Processing frame 640 (6.42 fps)
2020-03-19 01:28:38 [INFO]: Processing frame 660 (6.41 fps)
2020-03-19 01:28:41 [INFO]: Processing frame 680 (6.42 fps)
2020-03-19 01:28:45 [INFO]: Processing frame 700 (6.41 fps)
2020-03-19 01:28:48 [INFO]: Processing frame 720 (6.40 fps)
2020-03-19 01:28:51 [INFO]: Processing frame 740 (6.40 fps)
2020-03-19 01:28:55 [INFO]: Processing frame 760 (6.39 fps)
2020-03-19 01:28:58 [INFO]: Processing frame 780 (6.39 fps)
2020-03-19 01:29:02 [INFO]: Processing frame 800 (6.37 fps)
2020-03-19 01:29:06 [INFO]: Processing frame 820 (6.36 fps)
2020-03-19 01:29:09 [INFO]: save results to /home/master/JDEdata/MOT17/images/train/../results/weights/MOT17-05-SDP.txt
2020-03-19 01:29:09 [INFO]: Evaluate seq: MOT17-05-SDP
2020-03-19 01:29:09 [INFO]: start seq: MOT17-09-SDP
2020-03-19 01:32:09 [INFO]: Processing frame 0 (100000.00 fps)
2020-03-19 01:32:13 [INFO]: Processing frame 20 (6.48 fps)
2020-03-19 01:32:17 [INFO]: Processing frame 40 (6.35 fps)
2020-03-19 01:32:21 [INFO]: Processing frame 60 (6.44 fps)
2020-03-19 01:32:25 [INFO]: Processing frame 80 (6.43 fps)
2020-03-19 01:32:29 [INFO]: Processing frame 100 (6.48 fps)
2020-03-19 01:32:33 [INFO]: Processing frame 120 (6.52 fps)
2020-03-19 01:32:37 [INFO]: Processing frame 140 (6.53 fps)
2020-03-19 01:32:41 [INFO]: Processing frame 160 (6.65 fps)
2020-03-19 01:32:44 [INFO]: Processing frame 180 (6.73 fps)
2020-03-19 01:32:48 [INFO]: Processing frame 200 (6.81 fps)
2020-03-19 01:32:51 [INFO]: Processing frame 220 (6.88 fps)
2020-03-19 01:32:55 [INFO]: Processing frame 240 (6.92 fps)
2020-03-19 01:32:59 [INFO]: Processing frame 260 (6.94 fps)
2020-03-19 01:33:03 [INFO]: Processing frame 280 (6.99 fps)
2020-03-19 01:33:06 [INFO]: Processing frame 300 (7.02 fps)
2020-03-19 01:33:10 [INFO]: Processing frame 320 (7.06 fps)
2020-03-19 01:33:13 [INFO]: Processing frame 340 (7.10 fps)
2020-03-19 01:33:17 [INFO]: Processing frame 360 (7.14 fps)
2020-03-19 01:33:21 [INFO]: Processing frame 380 (7.17 fps)
2020-03-19 01:33:24 [INFO]: Processing frame 400 (7.20 fps)
2020-03-19 01:33:28 [INFO]: Processing frame 420 (7.24 fps)
2020-03-19 01:33:31 [INFO]: Processing frame 440 (7.26 fps)
2020-03-19 01:33:35 [INFO]: Processing frame 460 (7.28 fps)
2020-03-19 01:33:38 [INFO]: Processing frame 480 (7.31 fps)
2020-03-19 01:33:42 [INFO]: Processing frame 500 (7.33 fps)
2020-03-19 01:33:45 [INFO]: Processing frame 520 (7.36 fps)
2020-03-19 01:33:46 [INFO]: save results to /home/master/JDEdata/MOT17/images/train/../results/weights/MOT17-09-SDP.txt
2020-03-19 01:33:46 [INFO]: Evaluate seq: MOT17-09-SDP
2020-03-19 01:33:47 [INFO]: start seq: MOT17-10-SDP
2020-03-19 01:38:28 [INFO]: Processing frame 0 (100000.00 fps)
2020-03-19 01:38:33 [INFO]: Processing frame 20 (5.84 fps)
2020-03-19 01:38:37 [INFO]: Processing frame 40 (5.97 fps)
2020-03-19 01:38:41 [INFO]: Processing frame 60 (5.94 fps)
2020-03-19 01:38:45 [INFO]: Processing frame 80 (5.94 fps)
2020-03-19 01:38:49 [INFO]: Processing frame 100 (5.95 fps)
2020-03-19 01:38:53 [INFO]: Processing frame 120 (5.98 fps)
2020-03-19 01:38:58 [INFO]: Processing frame 140 (5.98 fps)
2020-03-19 01:39:02 [INFO]: Processing frame 160 (5.99 fps)
2020-03-19 01:39:06 [INFO]: Processing frame 180 (6.02 fps)
2020-03-19 01:39:10 [INFO]: Processing frame 200 (6.02 fps)
2020-03-19 01:39:15 [INFO]: Processing frame 220 (5.98 fps)
2020-03-19 01:39:19 [INFO]: Processing frame 240 (5.98 fps)
2020-03-19 01:39:23 [INFO]: Processing frame 260 (5.98 fps)
2020-03-19 01:39:27 [INFO]: Processing frame 280 (5.97 fps)
2020-03-19 01:39:31 [INFO]: Processing frame 300 (5.98 fps)
2020-03-19 01:39:35 [INFO]: Processing frame 320 (6.00 fps)
2020-03-19 01:39:39 [INFO]: Processing frame 340 (6.00 fps)
2020-03-19 01:39:43 [INFO]: Processing frame 360 (5.99 fps)
2020-03-19 01:39:47 [INFO]: Processing frame 380 (5.99 fps)
2020-03-19 01:39:51 [INFO]: Processing frame 400 (6.00 fps)
2020-03-19 01:39:55 [INFO]: Processing frame 420 (6.03 fps)
2020-03-19 01:39:59 [INFO]: Processing frame 440 (6.03 fps)
2020-03-19 01:40:03 [INFO]: Processing frame 460 (6.03 fps)
2020-03-19 01:40:07 [INFO]: Processing frame 480 (6.04 fps)
2020-03-19 01:40:11 [INFO]: Processing frame 500 (6.04 fps)
2020-03-19 01:40:15 [INFO]: Processing frame 520 (6.04 fps)
2020-03-19 01:40:19 [INFO]: Processing frame 540 (6.03 fps)
2020-03-19 01:40:23 [INFO]: Processing frame 560 (6.05 fps)
2020-03-19 01:40:27 [INFO]: Processing frame 580 (6.04 fps)
2020-03-19 01:40:31 [INFO]: Processing frame 600 (6.05 fps)
2020-03-19 01:40:35 [INFO]: Processing frame 620 (6.05 fps)
2020-03-19 01:40:39 [INFO]: Processing frame 640 (6.05 fps)
2020-03-19 01:40:42 [INFO]: save results to /home/master/JDEdata/MOT17/images/train/../results/weights/MOT17-10-SDP.txt
2020-03-19 01:40:42 [INFO]: Evaluate seq: MOT17-10-SDP
2020-03-19 01:40:43 [INFO]: start seq: MOT17-11-SDP
2020-03-19 01:44:20 [INFO]: Processing frame 0 (100000.00 fps)
2020-03-19 01:44:24 [INFO]: Processing frame 20 (6.39 fps)
2020-03-19 01:44:27 [INFO]: Processing frame 40 (8.65 fps)
2020-03-19 01:44:31 [INFO]: Processing frame 60 (7.73 fps)
2020-03-19 01:44:35 [INFO]: Processing frame 80 (7.30 fps)
2020-03-19 01:44:39 [INFO]: Processing frame 100 (7.08 fps)
2020-03-19 01:44:43 [INFO]: Processing frame 120 (6.95 fps)
2020-03-19 01:44:47 [INFO]: Processing frame 140 (6.82 fps)
2020-03-19 01:44:52 [INFO]: Processing frame 160 (6.71 fps)
2020-03-19 01:44:56 [INFO]: Processing frame 180 (6.67 fps)
2020-03-19 01:45:00 [INFO]: Processing frame 200 (6.66 fps)
2020-03-19 01:45:04 [INFO]: Processing frame 220 (6.64 fps)
2020-03-19 01:45:08 [INFO]: Processing frame 240 (6.59 fps)
2020-03-19 01:45:12 [INFO]: Processing frame 260 (6.56 fps)
2020-03-19 01:45:17 [INFO]: Processing frame 280 (6.53 fps)
2020-03-19 01:45:21 [INFO]: Processing frame 300 (6.53 fps)
2020-03-19 01:45:25 [INFO]: Processing frame 320 (6.51 fps)
2020-03-19 01:45:29 [INFO]: Processing frame 340 (6.50 fps)
2020-03-19 01:45:33 [INFO]: Processing frame 360 (6.48 fps)
2020-03-19 01:45:37 [INFO]: Processing frame 380 (6.48 fps)
2020-03-19 01:45:41 [INFO]: Processing frame 400 (6.48 fps)
2020-03-19 01:45:44 [INFO]: Processing frame 420 (6.49 fps)
2020-03-19 01:45:49 [INFO]: Processing frame 440 (6.47 fps)
2020-03-19 01:45:53 [INFO]: Processing frame 460 (6.48 fps)
2020-03-19 01:45:57 [INFO]: Processing frame 480 (6.47 fps)
2020-03-19 01:46:00 [INFO]: Processing frame 500 (6.47 fps)
2020-03-19 01:46:04 [INFO]: Processing frame 520 (6.46 fps)
2020-03-19 01:46:08 [INFO]: Processing frame 540 (6.46 fps)
2020-03-19 01:46:12 [INFO]: Processing frame 560 (6.45 fps)
2020-03-19 01:46:16 [INFO]: Processing frame 580 (6.45 fps)
2020-03-19 01:46:20 [INFO]: Processing frame 600 (6.44 fps)
2020-03-19 01:46:24 [INFO]: Processing frame 620 (6.44 fps)
2020-03-19 01:46:28 [INFO]: Processing frame 640 (6.42 fps)
2020-03-19 01:46:32 [INFO]: Processing frame 660 (6.41 fps)
2020-03-19 01:46:36 [INFO]: Processing frame 680 (6.42 fps)
2020-03-19 01:46:40 [INFO]: Processing frame 700 (6.41 fps)
2020-03-19 01:46:44 [INFO]: Processing frame 720 (6.41 fps)
2020-03-19 01:46:48 [INFO]: Processing frame 740 (6.40 fps)
2020-03-19 01:46:52 [INFO]: Processing frame 760 (6.39 fps)
2020-03-19 01:46:55 [INFO]: Processing frame 780 (6.39 fps)
2020-03-19 01:46:59 [INFO]: Processing frame 800 (6.39 fps)
2020-03-19 01:47:03 [INFO]: Processing frame 820 (6.38 fps)
2020-03-19 01:47:07 [INFO]: Processing frame 840 (6.38 fps)
2020-03-19 01:47:11 [INFO]: Processing frame 860 (6.37 fps)
2020-03-19 01:47:15 [INFO]: Processing frame 880 (6.36 fps)
2020-03-19 01:47:19 [INFO]: save results to /home/master/JDEdata/MOT17/images/train/../results/weights/MOT17-11-SDP.txt
2020-03-19 01:47:19 [INFO]: Evaluate seq: MOT17-11-SDP
2020-03-19 01:47:20 [INFO]: start seq: MOT17-13-SDP
2020-03-19 01:51:12 [INFO]: Processing frame 0 (100000.00 fps)
2020-03-19 01:51:16 [INFO]: Processing frame 20 (6.35 fps)
2020-03-19 01:51:20 [INFO]: Processing frame 40 (6.37 fps)
2020-03-19 01:51:23 [INFO]: Processing frame 60 (7.26 fps)
2020-03-19 01:51:27 [INFO]: Processing frame 80 (7.12 fps)
2020-03-19 01:51:31 [INFO]: Processing frame 100 (7.00 fps)
2020-03-19 01:51:35 [INFO]: Processing frame 120 (6.91 fps)
2020-03-19 01:51:39 [INFO]: Processing frame 140 (6.80 fps)
2020-03-19 01:51:43 [INFO]: Processing frame 160 (6.80 fps)
2020-03-19 01:51:47 [INFO]: Processing frame 180 (6.78 fps)
2020-03-19 01:51:51 [INFO]: Processing frame 200 (6.74 fps)
2020-03-19 01:51:55 [INFO]: Processing frame 220 (6.73 fps)
2020-03-19 01:51:59 [INFO]: Processing frame 240 (6.70 fps)
2020-03-19 01:52:03 [INFO]: Processing frame 260 (6.66 fps)
2020-03-19 01:52:07 [INFO]: Processing frame 280 (6.64 fps)
2020-03-19 01:52:11 [INFO]: Processing frame 300 (6.62 fps)
2020-03-19 01:52:15 [INFO]: Processing frame 320 (6.64 fps)
2020-03-19 01:52:19 [INFO]: Processing frame 340 (6.67 fps)
2020-03-19 01:52:23 [INFO]: Processing frame 360 (6.70 fps)
2020-03-19 01:52:27 [INFO]: Processing frame 380 (6.72 fps)
2020-03-19 01:52:30 [INFO]: Processing frame 400 (6.76 fps)
2020-03-19 01:52:34 [INFO]: Processing frame 420 (6.79 fps)
2020-03-19 01:52:38 [INFO]: Processing frame 440 (6.81 fps)
2020-03-19 01:52:40 [INFO]: Processing frame 460 (6.95 fps)
2020-03-19 01:52:43 [INFO]: Processing frame 480 (7.05 fps)
2020-03-19 01:52:46 [INFO]: Processing frame 500 (7.08 fps)
2020-03-19 01:52:50 [INFO]: Processing frame 520 (7.10 fps)
2020-03-19 01:52:53 [INFO]: Processing frame 540 (7.13 fps)
2020-03-19 01:52:56 [INFO]: Processing frame 560 (7.25 fps)
2020-03-19 01:52:58 [INFO]: Processing frame 580 (7.44 fps)
2020-03-19 01:53:00 [INFO]: Processing frame 600 (7.60 fps)
2020-03-19 01:53:03 [INFO]: Processing frame 620 (7.61 fps)
2020-03-19 01:53:07 [INFO]: Processing frame 640 (7.62 fps)
2020-03-19 01:53:10 [INFO]: Processing frame 660 (7.63 fps)
2020-03-19 01:53:13 [INFO]: Processing frame 680 (7.65 fps)
2020-03-19 01:53:15 [INFO]: Processing frame 700 (7.80 fps)
2020-03-19 01:53:19 [INFO]: Processing frame 720 (7.81 fps)
2020-03-19 01:53:22 [INFO]: Processing frame 740 (7.81 fps)
2020-03-19 01:53:24 [INFO]: save results to /home/master/JDEdata/MOT17/images/train/../results/weights/MOT17-13-SDP.txt
2020-03-19 01:53:24 [INFO]: Evaluate seq: MOT17-13-SDP
2020-03-19 01:53:25 [INFO]: Time elapsed: 787.72 seconds, FPS: 6.75
              IDF1   IDP   IDR  Rcll  Prcn  GT  MT  PT ML   FP    FN  IDs    FM  MOTA  MOTP IDt IDa IDm
MOT17-02-SDP 53.6% 62.1% 47.2% 68.3% 89.9%  62  19  36  7 1420  5884  305   487 59.0% 0.234 130 101  13
MOT17-04-SDP 74.0% 83.5% 66.5% 76.5% 96.2%  83  42  27 14 1428 11153  136   327 73.3% 0.204  55  56   4
MOT17-05-SDP 74.3% 80.1% 69.2% 82.2% 95.0% 133  72  52  9  299  1233  171   219 75.4% 0.216  80  82  25
MOT17-09-SDP 65.8% 75.1% 58.6% 73.3% 93.9%  26  11  15  0  252  1424  109   164 66.5% 0.216  60  28   6
MOT17-10-SDP 60.6% 67.1% 55.2% 76.1% 92.5%  57  27  29  1  798  3067  367   635 67.0% 0.236 158  99   6
MOT17-11-SDP 78.5% 81.8% 75.4% 88.1% 95.6%  75  45  25  5  385  1120   83   184 83.2% 0.182  29  39   5
MOT17-13-SDP 67.9% 76.7% 60.9% 72.2% 91.0% 110  45  57  8  836  3239  320   763 62.2% 0.240 154  92  30
OVERALL      68.6% 76.8% 62.0% 75.8% 94.0% 546 261 241 44 5418 27120 1491  2779 69.7% 0.215 666 497  89
