Namespace(cfg='cfg/yolov3_864x480.cfg', conf_thres=0.5, iou_thres=0.5, min_box_area=200, nms_thres=0.4, save_images=False, save_videos=False, test_mot15=False, test_mot16=False, test_mot17=True, track_buffer=30, weights='../weights/69_epoch_diou_arcface.pt')

2020-03-18 17:40:37 [INFO]: start seq: MOT17-02-SDP
2020-03-18 17:40:43 [INFO]: Processing frame 0 (100000.00 fps)
2020-03-18 17:40:46 [INFO]: Processing frame 20 (8.87 fps)
2020-03-18 17:40:49 [INFO]: Processing frame 40 (9.64 fps)
2020-03-18 17:40:51 [INFO]: Processing frame 60 (9.95 fps)
2020-03-18 17:40:54 [INFO]: Processing frame 80 (10.09 fps)
2020-03-18 17:40:56 [INFO]: Processing frame 100 (10.29 fps)
2020-03-18 17:40:59 [INFO]: Processing frame 120 (10.37 fps)
2020-03-18 17:41:01 [INFO]: Processing frame 140 (10.37 fps)
2020-03-18 17:41:04 [INFO]: Processing frame 160 (10.45 fps)
2020-03-18 17:41:06 [INFO]: Processing frame 180 (10.45 fps)
2020-03-18 17:41:09 [INFO]: Processing frame 200 (10.49 fps)
2020-03-18 17:41:12 [INFO]: Processing frame 220 (10.50 fps)
2020-03-18 17:41:14 [INFO]: Processing frame 240 (10.53 fps)
2020-03-18 17:41:17 [INFO]: Processing frame 260 (10.54 fps)
2020-03-18 17:41:19 [INFO]: Processing frame 280 (10.52 fps)
2020-03-18 17:41:22 [INFO]: Processing frame 300 (10.51 fps)
2020-03-18 17:41:24 [INFO]: Processing frame 320 (10.52 fps)
2020-03-18 17:41:27 [INFO]: Processing frame 340 (10.52 fps)
2020-03-18 17:41:29 [INFO]: Processing frame 360 (10.53 fps)
2020-03-18 17:41:32 [INFO]: Processing frame 380 (10.54 fps)
2020-03-18 17:41:34 [INFO]: Processing frame 400 (10.53 fps)
2020-03-18 17:41:37 [INFO]: Processing frame 420 (10.52 fps)
2020-03-18 17:41:40 [INFO]: Processing frame 440 (10.51 fps)
2020-03-18 17:41:42 [INFO]: Processing frame 460 (10.51 fps)
2020-03-18 17:41:45 [INFO]: Processing frame 480 (10.52 fps)
2020-03-18 17:41:47 [INFO]: Processing frame 500 (10.51 fps)
2020-03-18 17:41:50 [INFO]: Processing frame 520 (10.52 fps)
2020-03-18 17:41:52 [INFO]: Processing frame 540 (10.51 fps)
2020-03-18 17:41:55 [INFO]: Processing frame 560 (10.50 fps)
2020-03-18 17:41:57 [INFO]: Processing frame 580 (10.52 fps)
2020-03-18 17:42:00 [INFO]: save results to /home/master/JDEdata/MOT17/images/train/../results/weights/MOT17-02-SDP.txt
2020-03-18 17:42:00 [INFO]: Evaluate seq: MOT17-02-SDP
2020-03-18 17:42:01 [INFO]: start seq: MOT17-04-SDP
2020-03-18 17:42:02 [INFO]: Processing frame 0 (100000.00 fps)
2020-03-18 17:42:05 [INFO]: Processing frame 20 (10.66 fps)
2020-03-18 17:42:08 [INFO]: Processing frame 40 (10.69 fps)
2020-03-18 17:42:10 [INFO]: Processing frame 60 (10.84 fps)
2020-03-18 17:42:13 [INFO]: Processing frame 80 (10.74 fps)
2020-03-18 17:42:15 [INFO]: Processing frame 100 (10.81 fps)
2020-03-18 17:42:18 [INFO]: Processing frame 120 (10.81 fps)
2020-03-18 17:42:20 [INFO]: Processing frame 140 (10.81 fps)
2020-03-18 17:42:23 [INFO]: Processing frame 160 (10.71 fps)
2020-03-18 17:42:26 [INFO]: Processing frame 180 (10.72 fps)
2020-03-18 17:42:28 [INFO]: Processing frame 200 (10.69 fps)
2020-03-18 17:42:33 [INFO]: Processing frame 220 (9.83 fps)
2020-03-18 17:42:35 [INFO]: Processing frame 240 (9.89 fps)
2020-03-18 17:42:38 [INFO]: Processing frame 260 (9.95 fps)
2020-03-18 17:42:41 [INFO]: Processing frame 280 (9.98 fps)
2020-03-18 17:42:43 [INFO]: Processing frame 300 (9.97 fps)
2020-03-18 17:42:46 [INFO]: Processing frame 320 (10.02 fps)
2020-03-18 17:42:48 [INFO]: Processing frame 340 (10.04 fps)
2020-03-18 17:42:51 [INFO]: Processing frame 360 (10.06 fps)
2020-03-18 17:42:54 [INFO]: Processing frame 380 (10.02 fps)
2020-03-18 17:42:57 [INFO]: Processing frame 400 (9.99 fps)
2020-03-18 17:43:00 [INFO]: Processing frame 420 (10.00 fps)
2020-03-18 17:43:02 [INFO]: Processing frame 440 (10.02 fps)
2020-03-18 17:43:05 [INFO]: Processing frame 460 (10.04 fps)
2020-03-18 17:43:08 [INFO]: Processing frame 480 (10.01 fps)
2020-03-18 17:43:10 [INFO]: Processing frame 500 (10.03 fps)
2020-03-18 17:43:13 [INFO]: Processing frame 520 (10.06 fps)
2020-03-18 17:43:16 [INFO]: Processing frame 540 (10.06 fps)
2020-03-18 17:43:18 [INFO]: Processing frame 560 (10.09 fps)
2020-03-18 17:43:21 [INFO]: Processing frame 580 (10.10 fps)
2020-03-18 17:43:24 [INFO]: Processing frame 600 (10.13 fps)
2020-03-18 17:43:27 [INFO]: Processing frame 620 (10.13 fps)
2020-03-18 17:43:30 [INFO]: Processing frame 640 (10.12 fps)
2020-03-18 17:43:32 [INFO]: Processing frame 660 (10.14 fps)
2020-03-18 17:43:35 [INFO]: Processing frame 680 (10.15 fps)
2020-03-18 17:43:37 [INFO]: Processing frame 700 (10.16 fps)
2020-03-18 17:43:40 [INFO]: Processing frame 720 (10.17 fps)
2020-03-18 17:43:43 [INFO]: Processing frame 740 (10.18 fps)
2020-03-18 17:43:45 [INFO]: Processing frame 760 (10.21 fps)
2020-03-18 17:43:48 [INFO]: Processing frame 780 (10.22 fps)
2020-03-18 17:43:51 [INFO]: Processing frame 800 (10.22 fps)
2020-03-18 17:43:53 [INFO]: Processing frame 820 (10.22 fps)
2020-03-18 17:43:56 [INFO]: Processing frame 840 (10.22 fps)
2020-03-18 17:43:59 [INFO]: Processing frame 860 (10.23 fps)
2020-03-18 17:44:01 [INFO]: Processing frame 880 (10.23 fps)
2020-03-18 17:44:04 [INFO]: Processing frame 900 (10.24 fps)
2020-03-18 17:44:07 [INFO]: Processing frame 920 (10.24 fps)
2020-03-18 17:44:09 [INFO]: Processing frame 940 (10.26 fps)
2020-03-18 17:44:12 [INFO]: Processing frame 960 (10.24 fps)
2020-03-18 17:44:15 [INFO]: Processing frame 980 (10.24 fps)
2020-03-18 17:44:18 [INFO]: Processing frame 1000 (10.23 fps)
2020-03-18 17:44:21 [INFO]: Processing frame 1020 (10.20 fps)
2020-03-18 17:44:24 [INFO]: Processing frame 1040 (10.18 fps)
2020-03-18 17:44:26 [INFO]: save results to /home/master/JDEdata/MOT17/images/train/../results/weights/MOT17-04-SDP.txt
2020-03-18 17:44:26 [INFO]: Evaluate seq: MOT17-04-SDP
2020-03-18 17:44:28 [INFO]: start seq: MOT17-05-SDP
2020-03-18 17:44:30 [INFO]: Processing frame 0 (100000.00 fps)
2020-03-18 17:44:32 [INFO]: Processing frame 20 (11.88 fps)
2020-03-18 17:44:33 [INFO]: Processing frame 40 (12.63 fps)
2020-03-18 17:44:35 [INFO]: Processing frame 60 (12.37 fps)
2020-03-18 17:44:37 [INFO]: Processing frame 80 (11.77 fps)
2020-03-18 17:44:40 [INFO]: Processing frame 100 (11.10 fps)
2020-03-18 17:44:42 [INFO]: Processing frame 120 (10.71 fps)
2020-03-18 17:44:44 [INFO]: Processing frame 140 (10.53 fps)
2020-03-18 17:44:46 [INFO]: Processing frame 160 (10.45 fps)
2020-03-18 17:44:49 [INFO]: Processing frame 180 (10.36 fps)
2020-03-18 17:44:51 [INFO]: Processing frame 200 (10.37 fps)
2020-03-18 17:44:53 [INFO]: Processing frame 220 (10.24 fps)
2020-03-18 17:44:55 [INFO]: Processing frame 240 (10.16 fps)
2020-03-18 17:44:58 [INFO]: Processing frame 260 (10.10 fps)
2020-03-18 17:45:00 [INFO]: Processing frame 280 (10.06 fps)
2020-03-18 17:45:02 [INFO]: Processing frame 300 (9.99 fps)
2020-03-18 17:45:04 [INFO]: Processing frame 320 (9.99 fps)
2020-03-18 17:45:07 [INFO]: Processing frame 340 (9.96 fps)
2020-03-18 17:45:09 [INFO]: Processing frame 360 (9.94 fps)
2020-03-18 17:45:11 [INFO]: Processing frame 380 (9.94 fps)
2020-03-18 17:45:13 [INFO]: Processing frame 400 (9.92 fps)
2020-03-18 17:45:15 [INFO]: Processing frame 420 (9.99 fps)
2020-03-18 17:45:17 [INFO]: Processing frame 440 (10.09 fps)
2020-03-18 17:45:19 [INFO]: Processing frame 460 (10.09 fps)
2020-03-18 17:45:21 [INFO]: Processing frame 480 (10.07 fps)
2020-03-18 17:45:23 [INFO]: Processing frame 500 (10.07 fps)
2020-03-18 17:45:25 [INFO]: Processing frame 520 (10.06 fps)
2020-03-18 17:45:27 [INFO]: Processing frame 540 (10.07 fps)
2020-03-18 17:45:30 [INFO]: Processing frame 560 (10.05 fps)
2020-03-18 17:45:32 [INFO]: Processing frame 580 (10.03 fps)
2020-03-18 17:45:33 [INFO]: Processing frame 600 (10.10 fps)
2020-03-18 17:45:35 [INFO]: Processing frame 620 (10.15 fps)
2020-03-18 17:45:37 [INFO]: Processing frame 640 (10.19 fps)
2020-03-18 17:45:39 [INFO]: Processing frame 660 (10.20 fps)
2020-03-18 17:45:41 [INFO]: Processing frame 680 (10.21 fps)
2020-03-18 17:45:43 [INFO]: Processing frame 700 (10.18 fps)
2020-03-18 17:45:46 [INFO]: Processing frame 720 (10.17 fps)
2020-03-18 17:45:48 [INFO]: Processing frame 740 (10.19 fps)
2020-03-18 17:45:50 [INFO]: Processing frame 760 (10.17 fps)
2020-03-18 17:45:52 [INFO]: Processing frame 780 (10.17 fps)
2020-03-18 17:45:54 [INFO]: Processing frame 800 (10.18 fps)
2020-03-18 17:45:56 [INFO]: Processing frame 820 (10.19 fps)
2020-03-18 17:45:58 [INFO]: save results to /home/master/JDEdata/MOT17/images/train/../results/weights/MOT17-05-SDP.txt
2020-03-18 17:45:58 [INFO]: Evaluate seq: MOT17-05-SDP
2020-03-18 17:45:59 [INFO]: start seq: MOT17-09-SDP
2020-03-18 17:46:00 [INFO]: Processing frame 0 (100000.00 fps)
2020-03-18 17:46:03 [INFO]: Processing frame 20 (8.80 fps)
2020-03-18 17:46:06 [INFO]: Processing frame 40 (8.68 fps)
2020-03-18 17:46:09 [INFO]: Processing frame 60 (8.67 fps)
2020-03-18 17:46:12 [INFO]: Processing frame 80 (8.81 fps)
2020-03-18 17:46:15 [INFO]: Processing frame 100 (8.79 fps)
2020-03-18 17:46:18 [INFO]: Processing frame 120 (8.78 fps)
2020-03-18 17:46:21 [INFO]: Processing frame 140 (8.78 fps)
2020-03-18 17:46:24 [INFO]: Processing frame 160 (8.75 fps)
2020-03-18 17:46:27 [INFO]: Processing frame 180 (8.70 fps)
2020-03-18 17:46:30 [INFO]: Processing frame 200 (8.75 fps)
2020-03-18 17:46:33 [INFO]: Processing frame 220 (8.73 fps)
2020-03-18 17:46:36 [INFO]: Processing frame 240 (8.74 fps)
2020-03-18 17:46:39 [INFO]: Processing frame 260 (8.74 fps)
2020-03-18 17:46:42 [INFO]: Processing frame 280 (8.75 fps)
2020-03-18 17:46:45 [INFO]: Processing frame 300 (8.74 fps)
2020-03-18 17:46:48 [INFO]: Processing frame 320 (8.75 fps)
2020-03-18 17:46:51 [INFO]: Processing frame 340 (8.80 fps)
2020-03-18 17:46:53 [INFO]: Processing frame 360 (8.92 fps)
2020-03-18 17:46:56 [INFO]: Processing frame 380 (8.96 fps)
2020-03-18 17:46:59 [INFO]: Processing frame 400 (9.03 fps)
2020-03-18 17:47:02 [INFO]: Processing frame 420 (9.06 fps)
2020-03-18 17:47:04 [INFO]: Processing frame 440 (9.11 fps)
2020-03-18 17:47:07 [INFO]: Processing frame 460 (9.15 fps)
2020-03-18 17:47:10 [INFO]: Processing frame 480 (9.17 fps)
2020-03-18 17:47:12 [INFO]: Processing frame 500 (9.21 fps)
2020-03-18 17:47:15 [INFO]: Processing frame 520 (9.23 fps)
2020-03-18 17:47:16 [INFO]: save results to /home/master/JDEdata/MOT17/images/train/../results/weights/MOT17-09-SDP.txt
2020-03-18 17:47:16 [INFO]: Evaluate seq: MOT17-09-SDP
2020-03-18 17:47:16 [INFO]: start seq: MOT17-10-SDP
2020-03-18 17:47:18 [INFO]: Processing frame 0 (100000.00 fps)
2020-03-18 17:47:21 [INFO]: Processing frame 20 (9.89 fps)
2020-03-18 17:47:24 [INFO]: Processing frame 40 (9.60 fps)
2020-03-18 17:47:26 [INFO]: Processing frame 60 (9.75 fps)
2020-03-18 17:47:29 [INFO]: Processing frame 80 (9.90 fps)
2020-03-18 17:47:32 [INFO]: Processing frame 100 (9.78 fps)
2020-03-18 17:47:34 [INFO]: Processing frame 120 (9.89 fps)
2020-03-18 17:47:37 [INFO]: Processing frame 140 (9.82 fps)
2020-03-18 17:47:40 [INFO]: Processing frame 160 (9.87 fps)
2020-03-18 17:47:42 [INFO]: Processing frame 180 (9.89 fps)
2020-03-18 17:47:45 [INFO]: Processing frame 200 (9.81 fps)
2020-03-18 17:47:48 [INFO]: Processing frame 220 (9.81 fps)
2020-03-18 17:47:51 [INFO]: Processing frame 240 (9.80 fps)
2020-03-18 17:47:53 [INFO]: Processing frame 260 (9.78 fps)
2020-03-18 17:47:56 [INFO]: Processing frame 280 (9.75 fps)
2020-03-18 17:47:59 [INFO]: Processing frame 300 (9.75 fps)
2020-03-18 17:48:02 [INFO]: Processing frame 320 (9.74 fps)
2020-03-18 17:48:04 [INFO]: Processing frame 340 (9.73 fps)
2020-03-18 17:48:07 [INFO]: Processing frame 360 (9.69 fps)
2020-03-18 17:48:10 [INFO]: Processing frame 380 (9.69 fps)
2020-03-18 17:48:13 [INFO]: Processing frame 400 (9.70 fps)
2020-03-18 17:48:15 [INFO]: Processing frame 420 (9.68 fps)
2020-03-18 17:48:18 [INFO]: Processing frame 440 (9.68 fps)
2020-03-18 17:48:21 [INFO]: Processing frame 460 (9.68 fps)
2020-03-18 17:48:24 [INFO]: Processing frame 480 (9.70 fps)
2020-03-18 17:48:26 [INFO]: Processing frame 500 (9.72 fps)
2020-03-18 17:48:29 [INFO]: Processing frame 520 (9.73 fps)
2020-03-18 17:48:31 [INFO]: Processing frame 540 (9.72 fps)
2020-03-18 17:48:34 [INFO]: Processing frame 560 (9.72 fps)
2020-03-18 17:48:37 [INFO]: Processing frame 580 (9.72 fps)
2020-03-18 17:48:39 [INFO]: Processing frame 600 (9.74 fps)
2020-03-18 17:48:42 [INFO]: Processing frame 620 (9.75 fps)
2020-03-18 17:48:45 [INFO]: Processing frame 640 (9.74 fps)
2020-03-18 17:48:47 [INFO]: save results to /home/master/JDEdata/MOT17/images/train/../results/weights/MOT17-10-SDP.txt
2020-03-18 17:48:47 [INFO]: Evaluate seq: MOT17-10-SDP
2020-03-18 17:48:48 [INFO]: start seq: MOT17-11-SDP
2020-03-18 17:48:49 [INFO]: Processing frame 0 (100000.00 fps)
2020-03-18 17:48:52 [INFO]: Processing frame 20 (9.93 fps)
2020-03-18 17:48:55 [INFO]: Processing frame 40 (10.00 fps)
2020-03-18 17:48:57 [INFO]: Processing frame 60 (10.26 fps)
2020-03-18 17:49:00 [INFO]: Processing frame 80 (10.42 fps)
2020-03-18 17:49:02 [INFO]: Processing frame 100 (10.43 fps)
2020-03-18 17:49:05 [INFO]: Processing frame 120 (10.45 fps)
2020-03-18 17:49:07 [INFO]: Processing frame 140 (10.45 fps)
2020-03-18 17:49:10 [INFO]: Processing frame 160 (10.53 fps)
2020-03-18 17:49:12 [INFO]: Processing frame 180 (10.62 fps)
2020-03-18 17:49:15 [INFO]: Processing frame 200 (10.67 fps)
2020-03-18 17:49:17 [INFO]: Processing frame 220 (10.71 fps)
2020-03-18 17:49:20 [INFO]: Processing frame 240 (10.75 fps)
2020-03-18 17:49:22 [INFO]: Processing frame 260 (10.77 fps)
2020-03-18 17:49:24 [INFO]: Processing frame 280 (10.82 fps)
2020-03-18 17:49:27 [INFO]: Processing frame 300 (10.81 fps)
2020-03-18 17:49:29 [INFO]: Processing frame 320 (10.84 fps)
2020-03-18 17:49:32 [INFO]: Processing frame 340 (10.85 fps)
2020-03-18 17:49:34 [INFO]: Processing frame 360 (10.90 fps)
2020-03-18 17:49:37 [INFO]: Processing frame 380 (10.91 fps)
2020-03-18 17:49:39 [INFO]: Processing frame 400 (10.94 fps)
2020-03-18 17:49:41 [INFO]: Processing frame 420 (10.96 fps)
2020-03-18 17:49:44 [INFO]: Processing frame 440 (10.96 fps)
2020-03-18 17:49:46 [INFO]: Processing frame 460 (10.98 fps)
2020-03-18 17:49:48 [INFO]: Processing frame 480 (11.03 fps)
2020-03-18 17:49:51 [INFO]: Processing frame 500 (11.04 fps)
2020-03-18 17:49:53 [INFO]: Processing frame 520 (11.03 fps)
2020-03-18 17:49:56 [INFO]: Processing frame 540 (11.04 fps)
2020-03-18 17:49:58 [INFO]: Processing frame 560 (11.03 fps)
2020-03-18 17:50:01 [INFO]: Processing frame 580 (11.03 fps)
2020-03-18 17:50:03 [INFO]: Processing frame 600 (11.05 fps)
2020-03-18 17:50:05 [INFO]: Processing frame 620 (11.07 fps)
2020-03-18 17:50:08 [INFO]: Processing frame 640 (11.07 fps)
2020-03-18 17:50:10 [INFO]: Processing frame 660 (11.07 fps)
2020-03-18 17:50:13 [INFO]: Processing frame 680 (11.05 fps)
2020-03-18 17:50:15 [INFO]: Processing frame 700 (11.05 fps)
2020-03-18 17:50:18 [INFO]: Processing frame 720 (11.06 fps)
2020-03-18 17:50:20 [INFO]: Processing frame 740 (11.09 fps)
2020-03-18 17:50:23 [INFO]: Processing frame 760 (11.08 fps)
2020-03-18 17:50:25 [INFO]: Processing frame 780 (11.08 fps)
2020-03-18 17:50:28 [INFO]: Processing frame 800 (11.07 fps)
2020-03-18 17:50:30 [INFO]: Processing frame 820 (11.07 fps)
2020-03-18 17:50:33 [INFO]: Processing frame 840 (11.07 fps)
2020-03-18 17:50:35 [INFO]: Processing frame 860 (11.06 fps)
2020-03-18 17:50:38 [INFO]: Processing frame 880 (11.07 fps)
2020-03-18 17:50:40 [INFO]: save results to /home/master/JDEdata/MOT17/images/train/../results/weights/MOT17-11-SDP.txt
2020-03-18 17:50:40 [INFO]: Evaluate seq: MOT17-11-SDP
2020-03-18 17:50:41 [INFO]: start seq: MOT17-13-SDP
2020-03-18 17:50:42 [INFO]: Processing frame 0 (100000.00 fps)
2020-03-18 17:50:45 [INFO]: Processing frame 20 (11.17 fps)
2020-03-18 17:50:47 [INFO]: Processing frame 40 (11.15 fps)
2020-03-18 17:50:50 [INFO]: Processing frame 60 (11.13 fps)
2020-03-18 17:50:52 [INFO]: Processing frame 80 (10.97 fps)
2020-03-18 17:50:55 [INFO]: Processing frame 100 (11.08 fps)
2020-03-18 17:50:57 [INFO]: Processing frame 120 (11.01 fps)
2020-03-18 17:51:00 [INFO]: Processing frame 140 (10.86 fps)
2020-03-18 17:51:03 [INFO]: Processing frame 160 (10.86 fps)
2020-03-18 17:51:05 [INFO]: Processing frame 180 (10.88 fps)
2020-03-18 17:51:08 [INFO]: Processing frame 200 (10.82 fps)
2020-03-18 17:51:11 [INFO]: Processing frame 220 (10.85 fps)
2020-03-18 17:51:13 [INFO]: Processing frame 240 (10.93 fps)
2020-03-18 17:51:15 [INFO]: Processing frame 260 (10.94 fps)
2020-03-18 17:51:18 [INFO]: Processing frame 280 (10.95 fps)
2020-03-18 17:51:21 [INFO]: Processing frame 300 (10.96 fps)
2020-03-18 17:51:23 [INFO]: Processing frame 320 (10.95 fps)
2020-03-18 17:51:26 [INFO]: Processing frame 340 (10.94 fps)
2020-03-18 17:51:28 [INFO]: Processing frame 360 (10.88 fps)
2020-03-18 17:51:31 [INFO]: Processing frame 380 (10.87 fps)
2020-03-18 17:51:34 [INFO]: Processing frame 400 (10.90 fps)
2020-03-18 17:51:36 [INFO]: Processing frame 420 (10.90 fps)
2020-03-18 17:51:39 [INFO]: Processing frame 440 (10.89 fps)
2020-03-18 17:51:41 [INFO]: Processing frame 460 (10.91 fps)
2020-03-18 17:51:44 [INFO]: Processing frame 480 (10.91 fps)
2020-03-18 17:51:46 [INFO]: Processing frame 500 (10.98 fps)
2020-03-18 17:51:48 [INFO]: Processing frame 520 (10.99 fps)
2020-03-18 17:51:51 [INFO]: Processing frame 540 (11.03 fps)
2020-03-18 17:51:53 [INFO]: Processing frame 560 (11.04 fps)
2020-03-18 17:51:55 [INFO]: Processing frame 580 (11.06 fps)
2020-03-18 17:51:58 [INFO]: Processing frame 600 (11.07 fps)
2020-03-18 17:52:00 [INFO]: Processing frame 620 (11.07 fps)
2020-03-18 17:52:03 [INFO]: Processing frame 640 (11.08 fps)
2020-03-18 17:52:05 [INFO]: Processing frame 660 (11.10 fps)
2020-03-18 17:52:08 [INFO]: Processing frame 680 (11.09 fps)
2020-03-18 17:52:10 [INFO]: Processing frame 700 (11.09 fps)
2020-03-18 17:52:13 [INFO]: Processing frame 720 (11.09 fps)
2020-03-18 17:52:15 [INFO]: Processing frame 740 (11.08 fps)
2020-03-18 17:52:17 [INFO]: save results to /home/master/JDEdata/MOT17/images/train/../results/weights/MOT17-13-SDP.txt
2020-03-18 17:52:17 [INFO]: Evaluate seq: MOT17-13-SDP
2020-03-18 17:52:17 [INFO]: Time elapsed: 515.40 seconds, FPS: 10.31
              IDF1   IDP   IDR  Rcll  Prcn  GT  MT  PT ML   FP    FN  IDs    FM  MOTA  MOTP IDt IDa IDm
MOT17-02-SDP 51.1% 59.2% 44.9% 68.5% 90.3%  62  21  32  9 1373  5849  281   474 59.6% 0.227 134  84  17
MOT17-04-SDP 75.4% 84.9% 67.9% 76.8% 96.1%  83  43  27 13 1481 11023  114   322 73.5% 0.200  49  50   5
MOT17-05-SDP 71.7% 76.6% 67.3% 82.9% 94.3% 133  72  51 10  349  1184  166   214 75.4% 0.214  83  81  28
MOT17-09-SDP 61.0% 68.9% 54.8% 74.4% 93.6%  26  12  14  0  273  1364  131   148 66.8% 0.208  73  35   6
MOT17-10-SDP 60.4% 66.4% 55.5% 76.3% 91.3%  57  27  28  2  930  3047  368   631 66.2% 0.231 157 102   8
MOT17-11-SDP 72.9% 75.7% 70.4% 88.7% 95.4%  75  47  24  4  399  1066   94   176 83.5% 0.178  32  38   3
MOT17-13-SDP 66.7% 76.0% 59.4% 72.1% 92.2% 110  44  55 11  713  3251  281   729 63.5% 0.234 148  91  32
OVERALL      67.7% 75.7% 61.3% 76.1% 93.9% 546 266 231 49 5518 26784 1435  2694 70.0% 0.210 676 481  99
