Namespace(cfg='cfg/yolov3_864x480.cfg', conf_thres=0.5, iou_thres=0.5, min_box_area=200, nms_thres=0.4, save_images=False, save_videos=False, test_mot15=True, test_mot16=False, test_mot17=False, track_buffer=30, weights='../weights/63_epoch_arcface.pt')

2020-03-18 18:09:27 [INFO]: start seq: KITTI-13
2020-03-18 18:29:05 [INFO]: Processing frame 0 (100000.00 fps)
2020-03-18 18:29:08 [INFO]: Processing frame 20 (12.53 fps)
2020-03-18 18:29:11 [INFO]: Processing frame 40 (12.76 fps)
2020-03-18 18:29:13 [INFO]: Processing frame 60 (13.17 fps)
2020-03-18 18:29:16 [INFO]: Processing frame 80 (12.87 fps)
2020-03-18 18:29:18 [INFO]: Processing frame 100 (13.13 fps)
2020-03-18 18:29:20 [INFO]: Processing frame 120 (13.25 fps)
2020-03-18 18:29:23 [INFO]: Processing frame 140 (13.29 fps)
2020-03-18 18:29:25 [INFO]: Processing frame 160 (13.39 fps)
2020-03-18 18:29:27 [INFO]: Processing frame 180 (13.47 fps)
2020-03-18 18:29:29 [INFO]: Processing frame 200 (13.44 fps)
2020-03-18 18:29:32 [INFO]: Processing frame 220 (13.32 fps)
2020-03-18 18:29:35 [INFO]: Processing frame 240 (13.18 fps)
2020-03-18 18:29:37 [INFO]: Processing frame 260 (13.08 fps)
2020-03-18 18:29:39 [INFO]: Processing frame 280 (13.29 fps)
2020-03-18 18:29:42 [INFO]: Processing frame 300 (13.21 fps)
2020-03-18 18:29:44 [INFO]: Processing frame 320 (13.27 fps)
2020-03-18 18:29:46 [INFO]: save results to /home/master/JDEdata/2DMOT2015/train/../results/weights/KITTI-13.txt
2020-03-18 18:29:47 [INFO]: Evaluate seq: KITTI-13
2020-03-18 18:29:48 [INFO]: start seq: KITTI-17
2020-03-18 18:29:58 [INFO]: Processing frame 0 (100000.00 fps)
2020-03-18 18:30:01 [INFO]: Processing frame 20 (14.53 fps)
2020-03-18 18:30:03 [INFO]: Processing frame 40 (14.35 fps)
2020-03-18 18:30:05 [INFO]: Processing frame 60 (14.22 fps)
2020-03-18 18:30:07 [INFO]: Processing frame 80 (15.34 fps)
2020-03-18 18:30:09 [INFO]: Processing frame 100 (14.81 fps)
2020-03-18 18:30:12 [INFO]: Processing frame 120 (14.55 fps)
2020-03-18 18:30:14 [INFO]: Processing frame 140 (14.41 fps)
2020-03-18 18:30:15 [INFO]: save results to /home/master/JDEdata/2DMOT2015/train/../results/weights/KITTI-17.txt
2020-03-18 18:30:16 [INFO]: Evaluate seq: KITTI-17
2020-03-18 18:30:16 [INFO]: start seq: ADL-Rundle-6
2020-03-18 18:30:25 [INFO]: Processing frame 0 (100000.00 fps)
2020-03-18 18:30:28 [INFO]: Processing frame 20 (11.49 fps)
2020-03-18 18:30:31 [INFO]: Processing frame 40 (12.17 fps)
2020-03-18 18:30:34 [INFO]: Processing frame 60 (12.60 fps)
2020-03-18 18:30:37 [INFO]: Processing frame 80 (12.55 fps)
2020-03-18 18:30:40 [INFO]: Processing frame 100 (12.22 fps)
2020-03-18 18:30:43 [INFO]: Processing frame 120 (12.01 fps)
2020-03-18 18:30:46 [INFO]: Processing frame 140 (11.95 fps)
2020-03-18 18:30:49 [INFO]: Processing frame 160 (11.97 fps)
2020-03-18 18:30:52 [INFO]: Processing frame 180 (11.85 fps)
2020-03-18 18:30:55 [INFO]: Processing frame 200 (11.72 fps)
2020-03-18 18:30:58 [INFO]: Processing frame 220 (11.62 fps)
2020-03-18 18:31:01 [INFO]: Processing frame 240 (11.84 fps)
2020-03-18 18:31:04 [INFO]: Processing frame 260 (11.79 fps)
2020-03-18 18:31:07 [INFO]: Processing frame 280 (11.74 fps)
2020-03-18 18:31:10 [INFO]: Processing frame 300 (11.69 fps)
2020-03-18 18:31:13 [INFO]: Processing frame 320 (11.65 fps)
2020-03-18 18:31:16 [INFO]: Processing frame 340 (11.69 fps)
2020-03-18 18:31:19 [INFO]: Processing frame 360 (11.62 fps)
2020-03-18 18:31:22 [INFO]: Processing frame 380 (11.60 fps)
2020-03-18 18:31:25 [INFO]: Processing frame 400 (11.59 fps)
2020-03-18 18:31:28 [INFO]: Processing frame 420 (11.65 fps)
2020-03-18 18:31:31 [INFO]: Processing frame 440 (11.62 fps)
2020-03-18 18:31:34 [INFO]: Processing frame 460 (11.60 fps)
2020-03-18 18:31:37 [INFO]: Processing frame 480 (11.61 fps)
2020-03-18 18:31:41 [INFO]: Processing frame 500 (11.60 fps)
2020-03-18 18:31:44 [INFO]: Processing frame 520 (11.59 fps)
2020-03-18 18:31:45 [INFO]: save results to /home/master/JDEdata/2DMOT2015/train/../results/weights/ADL-Rundle-6.txt
2020-03-18 18:31:45 [INFO]: Evaluate seq: ADL-Rundle-6
2020-03-18 18:31:47 [INFO]: start seq: PETS09-S2L1
2020-03-18 18:31:56 [INFO]: Processing frame 0 (100000.00 fps)
2020-03-18 18:31:58 [INFO]: Processing frame 20 (14.34 fps)
2020-03-18 18:32:01 [INFO]: Processing frame 40 (13.00 fps)
2020-03-18 18:32:03 [INFO]: Processing frame 60 (12.65 fps)
2020-03-18 18:32:06 [INFO]: Processing frame 80 (12.65 fps)
2020-03-18 18:32:08 [INFO]: Processing frame 100 (12.56 fps)
2020-03-18 18:32:10 [INFO]: Processing frame 120 (12.62 fps)
2020-03-18 18:32:13 [INFO]: Processing frame 140 (12.57 fps)
2020-03-18 18:32:15 [INFO]: Processing frame 160 (12.68 fps)
2020-03-18 18:32:18 [INFO]: Processing frame 180 (12.74 fps)
2020-03-18 18:32:20 [INFO]: Processing frame 200 (12.68 fps)
2020-03-18 18:32:22 [INFO]: Processing frame 220 (12.79 fps)
2020-03-18 18:32:25 [INFO]: Processing frame 240 (12.67 fps)
2020-03-18 18:32:27 [INFO]: Processing frame 260 (12.68 fps)
2020-03-18 18:32:30 [INFO]: Processing frame 280 (12.74 fps)
2020-03-18 18:32:32 [INFO]: Processing frame 300 (12.73 fps)
2020-03-18 18:32:35 [INFO]: Processing frame 320 (12.69 fps)
2020-03-18 18:32:37 [INFO]: Processing frame 340 (12.66 fps)
2020-03-18 18:32:40 [INFO]: Processing frame 360 (12.67 fps)
2020-03-18 18:32:42 [INFO]: Processing frame 380 (12.71 fps)
2020-03-18 18:32:44 [INFO]: Processing frame 400 (12.73 fps)
2020-03-18 18:32:46 [INFO]: Processing frame 420 (12.81 fps)
2020-03-18 18:32:49 [INFO]: Processing frame 440 (12.82 fps)
2020-03-18 18:32:51 [INFO]: Processing frame 460 (12.85 fps)
2020-03-18 18:32:54 [INFO]: Processing frame 480 (12.80 fps)
2020-03-18 18:32:56 [INFO]: Processing frame 500 (12.77 fps)
2020-03-18 18:32:59 [INFO]: Processing frame 520 (12.76 fps)
2020-03-18 18:33:01 [INFO]: Processing frame 540 (12.74 fps)
2020-03-18 18:33:04 [INFO]: Processing frame 560 (12.74 fps)
2020-03-18 18:33:06 [INFO]: Processing frame 580 (12.73 fps)
2020-03-18 18:33:09 [INFO]: Processing frame 600 (12.71 fps)
2020-03-18 18:33:11 [INFO]: Processing frame 620 (12.72 fps)
2020-03-18 18:33:13 [INFO]: Processing frame 640 (12.78 fps)
2020-03-18 18:33:16 [INFO]: Processing frame 660 (12.81 fps)
2020-03-18 18:33:18 [INFO]: Processing frame 680 (12.81 fps)
2020-03-18 18:33:21 [INFO]: Processing frame 700 (12.77 fps)
2020-03-18 18:33:23 [INFO]: Processing frame 720 (12.78 fps)
2020-03-18 18:33:25 [INFO]: Processing frame 740 (12.78 fps)
2020-03-18 18:33:28 [INFO]: Processing frame 760 (12.75 fps)
2020-03-18 18:33:30 [INFO]: Processing frame 780 (12.73 fps)
2020-03-18 18:33:32 [INFO]: save results to /home/master/JDEdata/2DMOT2015/train/../results/weights/PETS09-S2L1.txt
2020-03-18 18:33:33 [INFO]: Evaluate seq: PETS09-S2L1
2020-03-18 18:33:34 [INFO]: start seq: TUD-Campus
2020-03-18 18:33:43 [INFO]: Processing frame 0 (100000.00 fps)
2020-03-18 18:33:45 [INFO]: Processing frame 20 (13.44 fps)
2020-03-18 18:33:48 [INFO]: Processing frame 40 (13.02 fps)
2020-03-18 18:33:50 [INFO]: Processing frame 60 (12.86 fps)
2020-03-18 18:33:51 [INFO]: save results to /home/master/JDEdata/2DMOT2015/train/../results/weights/TUD-Campus.txt
2020-03-18 18:33:52 [INFO]: Evaluate seq: TUD-Campus
2020-03-18 18:33:53 [INFO]: start seq: TUD-Stadtmitte
2020-03-18 18:34:01 [INFO]: Processing frame 0 (100000.00 fps)
2020-03-18 18:34:03 [INFO]: Processing frame 20 (18.12 fps)
2020-03-18 18:34:05 [INFO]: Processing frame 40 (16.03 fps)
2020-03-18 18:34:07 [INFO]: Processing frame 60 (15.55 fps)
2020-03-18 18:34:09 [INFO]: Processing frame 80 (15.13 fps)
2020-03-18 18:34:11 [INFO]: Processing frame 100 (14.81 fps)
2020-03-18 18:34:14 [INFO]: Processing frame 120 (14.48 fps)
2020-03-18 18:34:16 [INFO]: Processing frame 140 (14.36 fps)
2020-03-18 18:34:18 [INFO]: Processing frame 160 (14.36 fps)
2020-03-18 18:34:20 [INFO]: save results to /home/master/JDEdata/2DMOT2015/train/../results/weights/TUD-Stadtmitte.txt
2020-03-18 18:34:21 [INFO]: Evaluate seq: TUD-Stadtmitte
2020-03-18 18:34:21 [INFO]: Time elapsed: 161.17 seconds, FPS: 12.75
                IDF1   IDP   IDR  Rcll  Prcn  GT MT PT ML   FP   FN IDs   FM  MOTA  MOTP IDt IDa IDm
KITTI-13       49.8% 41.8% 61.6% 73.0% 49.6%  42 13 24  5  690  251  53   47 -7.0% 0.232   3  51   1
KITTI-17       65.6% 59.2% 73.7% 80.7% 64.9%   9  4  5  0  342  151   7   22 36.1% 0.215   2   4   0
ADL-Rundle-6   51.6% 55.5% 48.3% 76.8% 88.4%  24 13 11  0  506 1162 138  157 63.9% 0.222  79  31   5
PETS09-S2L1    88.2% 89.1% 87.3% 93.2% 95.1%  19 18  1  0  221  316  36   91 87.7% 0.242   7  21   1
TUD-Campus     71.0% 71.8% 70.2% 79.9% 81.8%   8  4  4  0   64   72  16   13 57.7% 0.210   9   3   1
TUD-Stadtmitte 78.2% 86.2% 71.6% 82.8% 99.6%  10  6  4  0    4  199  10   12 81.6% 0.226   4   6   1
OVERALL        68.4% 69.3% 67.5% 83.3% 85.5% 112 58 49  5 1827 2151 260  342 67.1% 0.230 104 116   9
