2020-03-18 01:35:15 [INFO]: start seq: MOT17-02-SDP
2020-03-18 01:36:05 [INFO]: Processing frame 0 (100000.00 fps)
2020-03-18 01:36:10 [INFO]: Processing frame 20 (4.98 fps)
2020-03-18 01:36:13 [INFO]: Processing frame 40 (5.70 fps)
2020-03-18 01:36:17 [INFO]: Processing frame 60 (6.03 fps)
2020-03-18 01:36:21 [INFO]: Processing frame 80 (6.21 fps)
2020-03-18 01:36:25 [INFO]: Processing frame 100 (6.29 fps)
2020-03-18 01:36:28 [INFO]: Processing frame 120 (6.36 fps)
2020-03-18 01:36:32 [INFO]: Processing frame 140 (6.37 fps)
2020-03-18 01:36:36 [INFO]: Processing frame 160 (6.40 fps)
2020-03-18 01:36:40 [INFO]: Processing frame 180 (6.41 fps)
2020-03-18 01:36:44 [INFO]: Processing frame 200 (6.40 fps)
2020-03-18 01:36:48 [INFO]: Processing frame 220 (6.37 fps)
2020-03-18 01:36:52 [INFO]: Processing frame 240 (6.28 fps)
2020-03-18 01:36:56 [INFO]: Processing frame 260 (6.22 fps)
2020-03-18 01:37:01 [INFO]: Processing frame 280 (6.15 fps)
2020-03-18 01:37:05 [INFO]: Processing frame 300 (6.13 fps)
2020-03-18 01:37:10 [INFO]: Processing frame 320 (6.07 fps)
2020-03-18 01:37:14 [INFO]: Processing frame 340 (6.04 fps)
2020-03-18 01:37:18 [INFO]: Processing frame 360 (6.01 fps)
2020-03-18 01:37:23 [INFO]: Processing frame 380 (5.98 fps)
2020-03-18 01:37:27 [INFO]: Processing frame 400 (5.94 fps)
2020-03-18 01:37:32 [INFO]: Processing frame 420 (5.92 fps)
2020-03-18 01:37:36 [INFO]: Processing frame 440 (5.89 fps)
2020-03-18 01:37:40 [INFO]: Processing frame 460 (5.87 fps)
2020-03-18 01:37:45 [INFO]: Processing frame 480 (5.85 fps)
2020-03-18 01:37:49 [INFO]: Processing frame 500 (5.83 fps)
2020-03-18 01:37:54 [INFO]: Processing frame 520 (5.81 fps)
2020-03-18 01:37:58 [INFO]: Processing frame 540 (5.81 fps)
2020-03-18 01:38:02 [INFO]: Processing frame 560 (5.79 fps)
2020-03-18 01:38:07 [INFO]: Processing frame 580 (5.77 fps)
2020-03-18 01:38:11 [INFO]: save results to /home/master/JDEdata/MOT17/images/train/../results/weights/MOT17-02-SDP.txt
2020-03-18 01:38:11 [INFO]: Evaluate seq: MOT17-02-SDP
2020-03-18 01:38:13 [INFO]: start seq: MOT17-04-SDP
2020-03-18 01:38:15 [INFO]: Processing frame 0 (100000.00 fps)
2020-03-18 01:38:20 [INFO]: Processing frame 20 (5.45 fps)
2020-03-18 01:38:24 [INFO]: Processing frame 40 (5.51 fps)
2020-03-18 01:38:28 [INFO]: Processing frame 60 (5.47 fps)
2020-03-18 01:38:33 [INFO]: Processing frame 80 (5.51 fps)
2020-03-18 01:38:37 [INFO]: Processing frame 100 (5.48 fps)
2020-03-18 01:38:42 [INFO]: Processing frame 120 (5.50 fps)
2020-03-18 01:38:46 [INFO]: Processing frame 140 (5.48 fps)
2020-03-18 01:38:51 [INFO]: Processing frame 160 (5.45 fps)
2020-03-18 01:38:55 [INFO]: Processing frame 180 (5.44 fps)
2020-03-18 01:39:00 [INFO]: Processing frame 200 (5.45 fps)
2020-03-18 01:39:04 [INFO]: Processing frame 220 (5.43 fps)
2020-03-18 01:39:09 [INFO]: Processing frame 240 (5.42 fps)
2020-03-18 01:39:13 [INFO]: Processing frame 260 (5.42 fps)
2020-03-18 01:39:18 [INFO]: Processing frame 280 (5.42 fps)
2020-03-18 01:39:22 [INFO]: Processing frame 300 (5.42 fps)
2020-03-18 01:39:27 [INFO]: Processing frame 320 (5.41 fps)
2020-03-18 01:39:31 [INFO]: Processing frame 340 (5.41 fps)
2020-03-18 01:39:36 [INFO]: Processing frame 360 (5.41 fps)
2020-03-18 01:39:40 [INFO]: Processing frame 380 (5.41 fps)
2020-03-18 01:39:45 [INFO]: Processing frame 400 (5.40 fps)
2020-03-18 01:39:49 [INFO]: Processing frame 420 (5.40 fps)
2020-03-18 01:39:54 [INFO]: Processing frame 440 (5.40 fps)
2020-03-18 01:39:59 [INFO]: Processing frame 460 (5.39 fps)
2020-03-18 01:40:03 [INFO]: Processing frame 480 (5.39 fps)
2020-03-18 01:40:08 [INFO]: Processing frame 500 (5.40 fps)
2020-03-18 01:40:12 [INFO]: Processing frame 520 (5.40 fps)
2020-03-18 01:40:17 [INFO]: Processing frame 540 (5.40 fps)
2020-03-18 01:40:21 [INFO]: Processing frame 560 (5.40 fps)
2020-03-18 01:40:26 [INFO]: Processing frame 580 (5.40 fps)
2020-03-18 01:40:30 [INFO]: Processing frame 600 (5.40 fps)
2020-03-18 01:40:35 [INFO]: Processing frame 620 (5.40 fps)
2020-03-18 01:40:39 [INFO]: Processing frame 640 (5.39 fps)
2020-03-18 01:40:44 [INFO]: Processing frame 660 (5.39 fps)
2020-03-18 01:40:48 [INFO]: Processing frame 680 (5.40 fps)
2020-03-18 01:40:53 [INFO]: Processing frame 700 (5.40 fps)
2020-03-18 01:40:57 [INFO]: Processing frame 720 (5.40 fps)
2020-03-18 01:41:02 [INFO]: Processing frame 740 (5.39 fps)
2020-03-18 01:41:06 [INFO]: Processing frame 760 (5.39 fps)
2020-03-18 01:41:11 [INFO]: Processing frame 780 (5.40 fps)
2020-03-18 01:41:15 [INFO]: Processing frame 800 (5.40 fps)
2020-03-18 01:41:20 [INFO]: Processing frame 820 (5.40 fps)
2020-03-18 01:41:24 [INFO]: Processing frame 840 (5.40 fps)
2020-03-18 01:41:29 [INFO]: Processing frame 860 (5.39 fps)
2020-03-18 01:41:33 [INFO]: Processing frame 880 (5.40 fps)
2020-03-18 01:41:37 [INFO]: Processing frame 900 (5.40 fps)
2020-03-18 01:41:42 [INFO]: Processing frame 920 (5.39 fps)
2020-03-18 01:41:47 [INFO]: Processing frame 940 (5.40 fps)
2020-03-18 01:41:51 [INFO]: Processing frame 960 (5.40 fps)
2020-03-18 01:41:56 [INFO]: Processing frame 980 (5.40 fps)
2020-03-18 01:42:00 [INFO]: Processing frame 1000 (5.40 fps)
2020-03-18 01:42:05 [INFO]: Processing frame 1020 (5.40 fps)
2020-03-18 01:42:09 [INFO]: Processing frame 1040 (5.39 fps)
2020-03-18 01:42:12 [INFO]: save results to /home/master/JDEdata/MOT17/images/train/../results/weights/MOT17-04-SDP.txt
2020-03-18 01:42:12 [INFO]: Evaluate seq: MOT17-04-SDP
2020-03-18 01:42:14 [INFO]: start seq: MOT17-05-SDP
2020-03-18 01:42:17 [INFO]: Processing frame 0 (100000.00 fps)
2020-03-18 01:42:20 [INFO]: Processing frame 20 (5.85 fps)
2020-03-18 01:42:24 [INFO]: Processing frame 40 (5.91 fps)
2020-03-18 01:42:27 [INFO]: Processing frame 60 (5.89 fps)
2020-03-18 01:42:31 [INFO]: Processing frame 80 (5.89 fps)
2020-03-18 01:42:34 [INFO]: Processing frame 100 (5.94 fps)
2020-03-18 01:42:38 [INFO]: Processing frame 120 (5.91 fps)
2020-03-18 01:42:42 [INFO]: Processing frame 140 (5.88 fps)
2020-03-18 01:42:45 [INFO]: Processing frame 160 (5.88 fps)
2020-03-18 01:42:49 [INFO]: Processing frame 180 (5.89 fps)
2020-03-18 01:42:52 [INFO]: Processing frame 200 (5.90 fps)
2020-03-18 01:42:55 [INFO]: Processing frame 220 (5.93 fps)
2020-03-18 01:42:59 [INFO]: Processing frame 240 (5.91 fps)
2020-03-18 01:43:03 [INFO]: Processing frame 260 (5.89 fps)
2020-03-18 01:43:06 [INFO]: Processing frame 280 (5.88 fps)
2020-03-18 01:43:10 [INFO]: Processing frame 300 (5.87 fps)
2020-03-18 01:43:14 [INFO]: Processing frame 320 (5.87 fps)
2020-03-18 01:43:17 [INFO]: Processing frame 340 (5.86 fps)
2020-03-18 01:43:21 [INFO]: Processing frame 360 (5.86 fps)
2020-03-18 01:43:24 [INFO]: Processing frame 380 (5.86 fps)
2020-03-18 01:43:28 [INFO]: Processing frame 400 (5.86 fps)
2020-03-18 01:43:32 [INFO]: Processing frame 420 (5.85 fps)
2020-03-18 01:43:35 [INFO]: Processing frame 440 (5.85 fps)
2020-03-18 01:43:39 [INFO]: Processing frame 460 (5.85 fps)
2020-03-18 01:43:42 [INFO]: Processing frame 480 (5.86 fps)
2020-03-18 01:43:46 [INFO]: Processing frame 500 (5.85 fps)
2020-03-18 01:43:50 [INFO]: Processing frame 520 (5.85 fps)
2020-03-18 01:43:53 [INFO]: Processing frame 540 (5.85 fps)
2020-03-18 01:43:57 [INFO]: Processing frame 560 (5.85 fps)
2020-03-18 01:44:00 [INFO]: Processing frame 580 (5.86 fps)
2020-03-18 01:44:04 [INFO]: Processing frame 600 (5.87 fps)
2020-03-18 01:44:07 [INFO]: Processing frame 620 (5.87 fps)
2020-03-18 01:44:11 [INFO]: Processing frame 640 (5.87 fps)
2020-03-18 01:44:14 [INFO]: Processing frame 660 (5.87 fps)
2020-03-18 01:44:18 [INFO]: Processing frame 680 (5.86 fps)
2020-03-18 01:44:22 [INFO]: Processing frame 700 (5.86 fps)
2020-03-18 01:44:25 [INFO]: Processing frame 720 (5.86 fps)
2020-03-18 01:44:29 [INFO]: Processing frame 740 (5.85 fps)
2020-03-18 01:44:32 [INFO]: Processing frame 760 (5.86 fps)
2020-03-18 01:44:36 [INFO]: Processing frame 780 (5.86 fps)
2020-03-18 01:44:39 [INFO]: Processing frame 800 (5.86 fps)
2020-03-18 01:44:43 [INFO]: Processing frame 820 (5.86 fps)
2020-03-18 01:44:46 [INFO]: save results to /home/master/JDEdata/MOT17/images/train/../results/weights/MOT17-05-SDP.txt
2020-03-18 01:44:46 [INFO]: Evaluate seq: MOT17-05-SDP
2020-03-18 01:44:47 [INFO]: start seq: MOT17-09-SDP
2020-03-18 01:44:49 [INFO]: Processing frame 0 (100000.00 fps)
2020-03-18 01:44:53 [INFO]: Processing frame 20 (5.59 fps)
2020-03-18 01:44:58 [INFO]: Processing frame 40 (5.73 fps)
2020-03-18 01:45:02 [INFO]: Processing frame 60 (5.71 fps)
2020-03-18 01:45:06 [INFO]: Processing frame 80 (5.84 fps)
2020-03-18 01:45:10 [INFO]: Processing frame 100 (5.79 fps)
2020-03-18 01:45:14 [INFO]: Processing frame 120 (5.80 fps)
2020-03-18 01:45:19 [INFO]: Processing frame 140 (5.82 fps)
2020-03-18 01:45:23 [INFO]: Processing frame 160 (5.82 fps)
2020-03-18 01:45:27 [INFO]: Processing frame 180 (5.81 fps)
2020-03-18 01:45:31 [INFO]: Processing frame 200 (5.80 fps)
2020-03-18 01:45:36 [INFO]: Processing frame 220 (5.79 fps)
2020-03-18 01:45:40 [INFO]: Processing frame 240 (5.77 fps)
2020-03-18 01:45:44 [INFO]: Processing frame 260 (5.76 fps)
2020-03-18 01:45:49 [INFO]: Processing frame 280 (5.75 fps)
2020-03-18 01:45:53 [INFO]: Processing frame 300 (5.76 fps)
2020-03-18 01:45:57 [INFO]: Processing frame 320 (5.76 fps)
2020-03-18 01:46:01 [INFO]: Processing frame 340 (5.76 fps)
2020-03-18 01:46:05 [INFO]: Processing frame 360 (5.76 fps)
2020-03-18 01:46:10 [INFO]: Processing frame 380 (5.75 fps)
2020-03-18 01:46:14 [INFO]: Processing frame 400 (5.76 fps)
2020-03-18 01:46:18 [INFO]: Processing frame 420 (5.76 fps)
2020-03-18 01:46:22 [INFO]: Processing frame 440 (5.76 fps)
2020-03-18 01:46:27 [INFO]: Processing frame 460 (5.76 fps)
2020-03-18 01:46:31 [INFO]: Processing frame 480 (5.77 fps)
2020-03-18 01:46:35 [INFO]: Processing frame 500 (5.77 fps)
2020-03-18 01:46:39 [INFO]: Processing frame 520 (5.77 fps)
2020-03-18 01:46:40 [INFO]: save results to /home/master/JDEdata/MOT17/images/train/../results/weights/MOT17-09-SDP.txt
2020-03-18 01:46:40 [INFO]: Evaluate seq: MOT17-09-SDP
2020-03-18 01:46:41 [INFO]: start seq: MOT17-10-SDP
2020-03-18 01:46:43 [INFO]: Processing frame 0 (100000.00 fps)
2020-03-18 01:46:47 [INFO]: Processing frame 20 (5.61 fps)
2020-03-18 01:46:52 [INFO]: Processing frame 40 (5.69 fps)
2020-03-18 01:46:56 [INFO]: Processing frame 60 (5.58 fps)
2020-03-18 01:47:00 [INFO]: Processing frame 80 (5.65 fps)
2020-03-18 01:47:04 [INFO]: Processing frame 100 (5.67 fps)
2020-03-18 01:47:09 [INFO]: Processing frame 120 (5.67 fps)
2020-03-18 01:47:13 [INFO]: Processing frame 140 (5.65 fps)
2020-03-18 01:47:17 [INFO]: Processing frame 160 (5.66 fps)
2020-03-18 01:47:21 [INFO]: Processing frame 180 (5.66 fps)
2020-03-18 01:47:26 [INFO]: Processing frame 200 (5.63 fps)
2020-03-18 01:47:30 [INFO]: Processing frame 220 (5.63 fps)
2020-03-18 01:47:34 [INFO]: Processing frame 240 (5.63 fps)
2020-03-18 01:47:39 [INFO]: Processing frame 260 (5.62 fps)
2020-03-18 01:47:43 [INFO]: Processing frame 280 (5.62 fps)
2020-03-18 01:47:47 [INFO]: Processing frame 300 (5.62 fps)
2020-03-18 01:47:51 [INFO]: Processing frame 320 (5.62 fps)
2020-03-18 01:47:56 [INFO]: Processing frame 340 (5.61 fps)
2020-03-18 01:48:00 [INFO]: Processing frame 360 (5.62 fps)
2020-03-18 01:48:04 [INFO]: Processing frame 380 (5.63 fps)
2020-03-18 01:48:08 [INFO]: Processing frame 400 (5.63 fps)
2020-03-18 01:48:13 [INFO]: Processing frame 420 (5.63 fps)
2020-03-18 01:48:17 [INFO]: Processing frame 440 (5.64 fps)
2020-03-18 01:48:21 [INFO]: Processing frame 460 (5.64 fps)
2020-03-18 01:48:25 [INFO]: Processing frame 480 (5.65 fps)
2020-03-18 01:48:29 [INFO]: Processing frame 500 (5.65 fps)
2020-03-18 01:48:34 [INFO]: Processing frame 520 (5.65 fps)
2020-03-18 01:48:38 [INFO]: Processing frame 540 (5.66 fps)
2020-03-18 01:48:42 [INFO]: Processing frame 560 (5.66 fps)
2020-03-18 01:48:46 [INFO]: Processing frame 580 (5.67 fps)
2020-03-18 01:48:50 [INFO]: Processing frame 600 (5.67 fps)
2020-03-18 01:48:55 [INFO]: Processing frame 620 (5.67 fps)
2020-03-18 01:48:59 [INFO]: Processing frame 640 (5.67 fps)
2020-03-18 01:49:02 [INFO]: save results to /home/master/JDEdata/MOT17/images/train/../results/weights/MOT17-10-SDP.txt
2020-03-18 01:49:02 [INFO]: Evaluate seq: MOT17-10-SDP
2020-03-18 01:49:03 [INFO]: start seq: MOT17-11-SDP
2020-03-18 01:49:05 [INFO]: Processing frame 0 (100000.00 fps)
2020-03-18 01:49:09 [INFO]: Processing frame 20 (5.62 fps)
2020-03-18 01:49:13 [INFO]: Processing frame 40 (5.75 fps)
2020-03-18 01:49:18 [INFO]: Processing frame 60 (5.59 fps)
2020-03-18 01:49:22 [INFO]: Processing frame 80 (5.60 fps)
2020-03-18 01:49:26 [INFO]: Processing frame 100 (5.65 fps)
2020-03-18 01:49:30 [INFO]: Processing frame 120 (5.68 fps)
2020-03-18 01:49:34 [INFO]: Processing frame 140 (5.70 fps)
2020-03-18 01:49:39 [INFO]: Processing frame 160 (5.67 fps)
2020-03-18 01:49:43 [INFO]: Processing frame 180 (5.69 fps)
2020-03-18 01:49:47 [INFO]: Processing frame 200 (5.70 fps)
2020-03-18 01:49:51 [INFO]: Processing frame 220 (5.71 fps)
2020-03-18 01:49:55 [INFO]: Processing frame 240 (5.70 fps)
2020-03-18 01:50:00 [INFO]: Processing frame 260 (5.73 fps)
2020-03-18 01:50:04 [INFO]: Processing frame 280 (5.71 fps)
2020-03-18 01:50:08 [INFO]: Processing frame 300 (5.71 fps)
2020-03-18 01:50:12 [INFO]: Processing frame 320 (5.70 fps)
2020-03-18 01:50:17 [INFO]: Processing frame 340 (5.71 fps)
2020-03-18 01:50:21 [INFO]: Processing frame 360 (5.71 fps)
2020-03-18 01:50:25 [INFO]: Processing frame 380 (5.70 fps)
2020-03-18 01:50:29 [INFO]: Processing frame 400 (5.70 fps)
2020-03-18 01:50:34 [INFO]: Processing frame 420 (5.69 fps)
2020-03-18 01:50:38 [INFO]: Processing frame 440 (5.70 fps)
2020-03-18 01:50:42 [INFO]: Processing frame 460 (5.69 fps)
2020-03-18 01:50:46 [INFO]: Processing frame 480 (5.69 fps)
2020-03-18 01:50:51 [INFO]: Processing frame 500 (5.70 fps)
2020-03-18 01:50:55 [INFO]: Processing frame 520 (5.70 fps)
2020-03-18 01:50:59 [INFO]: Processing frame 540 (5.72 fps)
2020-03-18 01:51:03 [INFO]: Processing frame 560 (5.72 fps)
2020-03-18 01:51:07 [INFO]: Processing frame 580 (5.72 fps)
2020-03-18 01:51:11 [INFO]: Processing frame 600 (5.71 fps)
2020-03-18 01:51:16 [INFO]: Processing frame 620 (5.71 fps)
2020-03-18 01:51:20 [INFO]: Processing frame 640 (5.72 fps)
2020-03-18 01:51:24 [INFO]: Processing frame 660 (5.72 fps)
2020-03-18 01:51:28 [INFO]: Processing frame 680 (5.72 fps)
2020-03-18 01:51:32 [INFO]: Processing frame 700 (5.72 fps)
2020-03-18 01:51:37 [INFO]: Processing frame 720 (5.72 fps)
2020-03-18 01:51:41 [INFO]: Processing frame 740 (5.72 fps)
2020-03-18 01:51:45 [INFO]: Processing frame 760 (5.72 fps)
2020-03-18 01:51:49 [INFO]: Processing frame 780 (5.72 fps)
2020-03-18 01:51:54 [INFO]: Processing frame 800 (5.72 fps)
2020-03-18 01:51:58 [INFO]: Processing frame 820 (5.72 fps)
2020-03-18 01:52:02 [INFO]: Processing frame 840 (5.72 fps)
2020-03-18 01:52:06 [INFO]: Processing frame 860 (5.72 fps)
2020-03-18 01:52:10 [INFO]: Processing frame 880 (5.72 fps)
2020-03-18 01:52:15 [INFO]: save results to /home/master/JDEdata/MOT17/images/train/../results/weights/MOT17-11-SDP.txt
2020-03-18 01:52:15 [INFO]: Evaluate seq: MOT17-11-SDP
2020-03-18 01:52:16 [INFO]: start seq: MOT17-13-SDP
2020-03-18 01:52:17 [INFO]: Processing frame 0 (100000.00 fps)
2020-03-18 01:52:22 [INFO]: Processing frame 20 (5.50 fps)
2020-03-18 01:52:26 [INFO]: Processing frame 40 (5.58 fps)
2020-03-18 01:52:30 [INFO]: Processing frame 60 (5.63 fps)
2020-03-18 01:52:34 [INFO]: Processing frame 80 (5.67 fps)
2020-03-18 01:52:39 [INFO]: Processing frame 100 (5.68 fps)
2020-03-18 01:52:43 [INFO]: Processing frame 120 (5.69 fps)
2020-03-18 01:52:47 [INFO]: Processing frame 140 (5.70 fps)
2020-03-18 01:52:52 [INFO]: Processing frame 160 (5.65 fps)
2020-03-18 01:52:56 [INFO]: Processing frame 180 (5.64 fps)
2020-03-18 01:53:00 [INFO]: Processing frame 200 (5.66 fps)
2020-03-18 01:53:05 [INFO]: Processing frame 220 (5.66 fps)
2020-03-18 01:53:09 [INFO]: Processing frame 240 (5.63 fps)
2020-03-18 01:53:14 [INFO]: Processing frame 260 (5.63 fps)
2020-03-18 01:53:18 [INFO]: Processing frame 280 (5.66 fps)
2020-03-18 01:53:22 [INFO]: Processing frame 300 (5.65 fps)
2020-03-18 01:53:26 [INFO]: Processing frame 320 (5.65 fps)
2020-03-18 01:53:31 [INFO]: Processing frame 340 (5.67 fps)
2020-03-18 01:53:35 [INFO]: Processing frame 360 (5.67 fps)
2020-03-18 01:53:39 [INFO]: Processing frame 380 (5.65 fps)
2020-03-18 01:53:44 [INFO]: Processing frame 400 (5.63 fps)
2020-03-18 01:53:48 [INFO]: Processing frame 420 (5.63 fps)
2020-03-18 01:53:53 [INFO]: Processing frame 440 (5.64 fps)
2020-03-18 01:53:57 [INFO]: Processing frame 460 (5.64 fps)
2020-03-18 01:54:01 [INFO]: Processing frame 480 (5.64 fps)
2020-03-18 01:54:06 [INFO]: Processing frame 500 (5.64 fps)
2020-03-18 01:54:10 [INFO]: Processing frame 520 (5.64 fps)
2020-03-18 01:54:14 [INFO]: Processing frame 540 (5.63 fps)
2020-03-18 01:54:18 [INFO]: Processing frame 560 (5.64 fps)
2020-03-18 01:54:23 [INFO]: Processing frame 580 (5.65 fps)
2020-03-18 01:54:27 [INFO]: Processing frame 600 (5.65 fps)
2020-03-18 01:54:31 [INFO]: Processing frame 620 (5.67 fps)
2020-03-18 01:54:35 [INFO]: Processing frame 640 (5.68 fps)
2020-03-18 01:54:39 [INFO]: Processing frame 660 (5.69 fps)
2020-03-18 01:54:43 [INFO]: Processing frame 680 (5.69 fps)
2020-03-18 01:54:48 [INFO]: Processing frame 700 (5.69 fps)
2020-03-18 01:54:52 [INFO]: Processing frame 720 (5.68 fps)
2020-03-18 01:54:56 [INFO]: Processing frame 740 (5.69 fps)
2020-03-18 01:54:59 [INFO]: save results to /home/master/JDEdata/MOT17/images/train/../results/weights/MOT17-13-SDP.txt
2020-03-18 01:54:59 [INFO]: Evaluate seq: MOT17-13-SDP
2020-03-18 01:54:59 [INFO]: Time elapsed: 937.24 seconds, FPS: 5.67
Namespace(cfg='cfg/yolov3_864x480.cfg', conf_thres=0.5, iou_thres=0.5, min_box_area=200, nms_thres=0.4, save_images=False, save_videos=False, test_mot16=False, track_buffer=30, weights='/home/master/kuanzi/weights/66_epoch_arcface.pt')

              IDF1   IDP   IDR  Rcll  Prcn  GT  MT  PT ML   FP    FN  IDs    FM  MOTA  MOTP IDt IDa IDm
MOT17-02-SDP 47.5% 53.8% 42.6% 69.8% 88.2%  62  20  34  8 1744  5605  327   497 58.7% 0.225 151 100  17
MOT17-04-SDP 70.7% 78.8% 64.2% 77.9% 95.6%  83  42  30 11 1694 10526  174   384 73.9% 0.178  67  67   5
MOT17-05-SDP 75.6% 79.6% 71.9% 84.4% 93.5% 133  78  46  9  406  1076  165   219 76.2% 0.204  86  65  27
MOT17-09-SDP 58.0% 65.2% 52.2% 75.7% 94.5%  26  15  11  0  236  1293  122   139 69.0% 0.194  67  28   7
MOT17-10-SDP 60.6% 66.7% 55.5% 76.3% 91.7%  57  24  31  2  888  3046  346   655 66.7% 0.229 159  89   6
MOT17-11-SDP 82.0% 85.2% 79.0% 88.9% 95.8%  75  46  25  4  372  1052   72   167 84.1% 0.171  25  36   5
MOT17-13-SDP 65.9% 73.8% 59.5% 73.1% 90.7% 110  45  55 10  868  3128  308   716 63.0% 0.227 169  94  35
OVERALL      66.0% 73.0% 60.3% 77.1% 93.3% 546 270 232 44 6208 25726 1514  2777 70.2% 0.198 724 479 102
