Namespace(cfg='cfg/yolov3_864x480.cfg', conf_thres=0.5, iou_thres=0.5, min_box_area=200, nms_thres=0.4, save_images=False, save_videos=False, test_mot15=True, test_mot16=False, test_mot17=False, track_buffer=30, weights='../weights/72_epoch_diou_arcface.pt')

2020-03-18 17:28:04 [INFO]: start seq: KITTI-13
2020-03-18 17:28:10 [INFO]: Processing frame 0 (100000.00 fps)
2020-03-18 17:28:13 [INFO]: Processing frame 20 (9.38 fps)
2020-03-18 17:28:14 [INFO]: Processing frame 40 (10.95 fps)
2020-03-18 17:28:16 [INFO]: Processing frame 60 (11.55 fps)
2020-03-18 17:28:18 [INFO]: Processing frame 80 (11.72 fps)
2020-03-18 17:28:20 [INFO]: Processing frame 100 (11.80 fps)
2020-03-18 17:28:22 [INFO]: Processing frame 120 (11.86 fps)
2020-03-18 17:28:24 [INFO]: Processing frame 140 (12.01 fps)
2020-03-18 17:28:26 [INFO]: Processing frame 160 (12.02 fps)
2020-03-18 17:28:28 [INFO]: Processing frame 180 (12.12 fps)
2020-03-18 17:28:30 [INFO]: Processing frame 200 (12.25 fps)
2020-03-18 17:28:31 [INFO]: Processing frame 220 (12.28 fps)
2020-03-18 17:28:33 [INFO]: Processing frame 240 (12.28 fps)
2020-03-18 17:28:35 [INFO]: Processing frame 260 (12.28 fps)
2020-03-18 17:28:37 [INFO]: Processing frame 280 (12.29 fps)
2020-03-18 17:28:39 [INFO]: Processing frame 300 (12.28 fps)
2020-03-18 17:28:41 [INFO]: Processing frame 320 (12.25 fps)
2020-03-18 17:28:43 [INFO]: save results to /home/master/JDEdata/2DMOT2015/train/../results/weights/KITTI-13.txt
2020-03-18 17:28:43 [INFO]: Evaluate seq: KITTI-13
2020-03-18 17:28:43 [INFO]: start seq: KITTI-17
2020-03-18 17:28:45 [INFO]: Processing frame 0 (100000.00 fps)
2020-03-18 17:28:47 [INFO]: Processing frame 20 (13.03 fps)
2020-03-18 17:28:49 [INFO]: Processing frame 40 (13.29 fps)
2020-03-18 17:28:51 [INFO]: Processing frame 60 (12.89 fps)
2020-03-18 17:28:53 [INFO]: Processing frame 80 (12.78 fps)
2020-03-18 17:28:54 [INFO]: Processing frame 100 (12.66 fps)
2020-03-18 17:28:56 [INFO]: Processing frame 120 (12.59 fps)
2020-03-18 17:28:58 [INFO]: Processing frame 140 (12.61 fps)
2020-03-18 17:28:59 [INFO]: save results to /home/master/JDEdata/2DMOT2015/train/../results/weights/KITTI-17.txt
2020-03-18 17:28:59 [INFO]: Evaluate seq: KITTI-17
2020-03-18 17:28:59 [INFO]: start seq: ADL-Rundle-6
2020-03-18 17:29:00 [INFO]: Processing frame 0 (100000.00 fps)
2020-03-18 17:29:03 [INFO]: Processing frame 20 (11.15 fps)
2020-03-18 17:29:05 [INFO]: Processing frame 40 (11.37 fps)
2020-03-18 17:29:08 [INFO]: Processing frame 60 (11.43 fps)
2020-03-18 17:29:10 [INFO]: Processing frame 80 (11.61 fps)
2020-03-18 17:29:13 [INFO]: Processing frame 100 (11.55 fps)
2020-03-18 17:29:15 [INFO]: Processing frame 120 (11.45 fps)
2020-03-18 17:29:17 [INFO]: Processing frame 140 (11.71 fps)
2020-03-18 17:29:20 [INFO]: Processing frame 160 (11.67 fps)
2020-03-18 17:29:22 [INFO]: Processing frame 180 (11.58 fps)
2020-03-18 17:29:25 [INFO]: Processing frame 200 (11.55 fps)
2020-03-18 17:29:27 [INFO]: Processing frame 220 (11.50 fps)
2020-03-18 17:29:30 [INFO]: Processing frame 240 (11.45 fps)
2020-03-18 17:29:32 [INFO]: Processing frame 260 (11.48 fps)
2020-03-18 17:29:35 [INFO]: Processing frame 280 (11.44 fps)
2020-03-18 17:29:38 [INFO]: Processing frame 300 (11.40 fps)
2020-03-18 17:29:40 [INFO]: Processing frame 320 (11.49 fps)
2020-03-18 17:29:42 [INFO]: Processing frame 340 (11.49 fps)
2020-03-18 17:29:45 [INFO]: Processing frame 360 (11.54 fps)
2020-03-18 17:29:47 [INFO]: Processing frame 380 (11.60 fps)
2020-03-18 17:29:49 [INFO]: Processing frame 400 (11.59 fps)
2020-03-18 17:29:52 [INFO]: Processing frame 420 (11.58 fps)
2020-03-18 17:29:54 [INFO]: Processing frame 440 (11.60 fps)
2020-03-18 17:29:57 [INFO]: Processing frame 460 (11.59 fps)
2020-03-18 17:29:59 [INFO]: Processing frame 480 (11.59 fps)
2020-03-18 17:30:02 [INFO]: Processing frame 500 (11.58 fps)
2020-03-18 17:30:05 [INFO]: Processing frame 520 (11.59 fps)
2020-03-18 17:30:05 [INFO]: save results to /home/master/JDEdata/2DMOT2015/train/../results/weights/ADL-Rundle-6.txt
2020-03-18 17:30:05 [INFO]: Evaluate seq: ADL-Rundle-6
2020-03-18 17:30:06 [INFO]: start seq: PETS09-S2L1
2020-03-18 17:30:07 [INFO]: Processing frame 0 (100000.00 fps)
2020-03-18 17:30:09 [INFO]: Processing frame 20 (13.07 fps)
2020-03-18 17:30:11 [INFO]: Processing frame 40 (12.81 fps)
2020-03-18 17:30:13 [INFO]: Processing frame 60 (13.13 fps)
2020-03-18 17:30:14 [INFO]: Processing frame 80 (12.97 fps)
2020-03-18 17:30:16 [INFO]: Processing frame 100 (12.94 fps)
2020-03-18 17:30:18 [INFO]: Processing frame 120 (12.77 fps)
2020-03-18 17:30:20 [INFO]: Processing frame 140 (12.77 fps)
2020-03-18 17:30:22 [INFO]: Processing frame 160 (12.81 fps)
2020-03-18 17:30:24 [INFO]: Processing frame 180 (12.83 fps)
2020-03-18 17:30:26 [INFO]: Processing frame 200 (12.86 fps)
2020-03-18 17:30:27 [INFO]: Processing frame 220 (12.83 fps)
2020-03-18 17:30:29 [INFO]: Processing frame 240 (12.94 fps)
2020-03-18 17:30:31 [INFO]: Processing frame 260 (12.94 fps)
2020-03-18 17:30:33 [INFO]: Processing frame 280 (12.97 fps)
2020-03-18 17:30:35 [INFO]: Processing frame 300 (12.94 fps)
2020-03-18 17:30:36 [INFO]: Processing frame 320 (13.01 fps)
2020-03-18 17:30:38 [INFO]: Processing frame 340 (12.98 fps)
2020-03-18 17:30:40 [INFO]: Processing frame 360 (13.03 fps)
2020-03-18 17:30:42 [INFO]: Processing frame 380 (13.03 fps)
2020-03-18 17:30:43 [INFO]: Processing frame 400 (13.09 fps)
2020-03-18 17:30:45 [INFO]: Processing frame 420 (13.11 fps)
2020-03-18 17:30:47 [INFO]: Processing frame 440 (13.15 fps)
2020-03-18 17:30:49 [INFO]: Processing frame 460 (13.15 fps)
2020-03-18 17:30:51 [INFO]: Processing frame 480 (13.17 fps)
2020-03-18 17:30:52 [INFO]: Processing frame 500 (13.16 fps)
2020-03-18 17:30:54 [INFO]: Processing frame 520 (13.19 fps)
2020-03-18 17:30:56 [INFO]: Processing frame 540 (13.15 fps)
2020-03-18 17:30:58 [INFO]: Processing frame 560 (13.19 fps)
2020-03-18 17:31:00 [INFO]: Processing frame 580 (13.17 fps)
2020-03-18 17:31:01 [INFO]: Processing frame 600 (13.19 fps)
2020-03-18 17:31:03 [INFO]: Processing frame 620 (13.18 fps)
2020-03-18 17:31:05 [INFO]: Processing frame 640 (13.20 fps)
2020-03-18 17:31:06 [INFO]: Processing frame 660 (13.24 fps)
2020-03-18 17:31:08 [INFO]: Processing frame 680 (13.20 fps)
2020-03-18 17:31:10 [INFO]: Processing frame 700 (13.23 fps)
2020-03-18 17:31:12 [INFO]: Processing frame 720 (13.20 fps)
2020-03-18 17:31:14 [INFO]: Processing frame 740 (13.19 fps)
2020-03-18 17:31:16 [INFO]: Processing frame 760 (13.18 fps)
2020-03-18 17:31:18 [INFO]: Processing frame 780 (13.17 fps)
2020-03-18 17:31:19 [INFO]: save results to /home/master/JDEdata/2DMOT2015/train/../results/weights/PETS09-S2L1.txt
2020-03-18 17:31:19 [INFO]: Evaluate seq: PETS09-S2L1
2020-03-18 17:31:19 [INFO]: start seq: TUD-Campus
2020-03-18 17:31:21 [INFO]: Processing frame 0 (100000.00 fps)
2020-03-18 17:31:22 [INFO]: Processing frame 20 (14.14 fps)
2020-03-18 17:31:24 [INFO]: Processing frame 40 (13.39 fps)
2020-03-18 17:31:26 [INFO]: Processing frame 60 (13.41 fps)
2020-03-18 17:31:27 [INFO]: save results to /home/master/JDEdata/2DMOT2015/train/../results/weights/TUD-Campus.txt
2020-03-18 17:31:27 [INFO]: Evaluate seq: TUD-Campus
2020-03-18 17:31:27 [INFO]: start seq: TUD-Stadtmitte
2020-03-18 17:31:28 [INFO]: Processing frame 0 (100000.00 fps)
2020-03-18 17:31:30 [INFO]: Processing frame 20 (13.97 fps)
2020-03-18 17:31:31 [INFO]: Processing frame 40 (13.95 fps)
2020-03-18 17:31:33 [INFO]: Processing frame 60 (14.11 fps)
2020-03-18 17:31:35 [INFO]: Processing frame 80 (13.64 fps)
2020-03-18 17:31:36 [INFO]: Processing frame 100 (13.61 fps)
2020-03-18 17:31:38 [INFO]: Processing frame 120 (13.41 fps)
2020-03-18 17:31:40 [INFO]: Processing frame 140 (13.47 fps)
2020-03-18 17:31:41 [INFO]: Processing frame 160 (13.31 fps)
2020-03-18 17:31:43 [INFO]: save results to /home/master/JDEdata/2DMOT2015/train/../results/weights/TUD-Stadtmitte.txt
2020-03-18 17:31:43 [INFO]: Evaluate seq: TUD-Stadtmitte
2020-03-18 17:31:43 [INFO]: Time elapsed: 163.47 seconds, FPS: 12.57
                IDF1   IDP   IDR  Rcll  Prcn  GT MT PT ML   FP   FN IDs   FM   MOTA  MOTP IDt IDa IDm
KITTI-13       48.6% 40.2% 61.4% 74.0% 48.4%  42 16 21  5  731  242  59   41 -11.1% 0.236   1  58   0
KITTI-17       65.4% 61.0% 70.5% 79.8% 69.1%   9  5  4  0  279  158   8   20  43.1% 0.216   0   8   0
ADL-Rundle-6   53.3% 57.9% 49.3% 75.1% 88.2%  24 12 12  0  501 1247 120  144  62.7% 0.235  62  33   4
PETS09-S2L1    77.4% 78.3% 76.5% 92.9% 95.2%  19 16  3  0  219  329  48   92  87.2% 0.251   5  28   1
TUD-Campus     74.5% 74.1% 74.9% 81.3% 80.4%   8  4  4  0   71   67  12    9  58.2% 0.205   4   5   1
TUD-Stadtmitte 69.9% 77.2% 63.9% 82.4% 99.5%  10  7  3  0    5  204  10   16  81.1% 0.231   4   7   1
OVERALL        64.4% 65.5% 63.3% 82.6% 85.5% 112 60 47  5 1806 2247 257  322  66.6% 0.239  76 139   7
