2020-03-17 16:59:42 [INFO]: start seq: MOT17-02-SDP
2020-03-17 16:59:50 [INFO]: Processing frame 0 (100000.00 fps)
2020-03-17 16:59:56 [INFO]: Processing frame 20 (4.49 fps)
2020-03-17 17:00:00 [INFO]: Processing frame 40 (5.00 fps)
2020-03-17 17:00:04 [INFO]: Processing frame 60 (5.14 fps)
2020-03-17 17:00:08 [INFO]: Processing frame 80 (5.30 fps)
2020-03-17 17:00:12 [INFO]: Processing frame 100 (5.42 fps)
2020-03-17 17:00:16 [INFO]: Processing frame 120 (5.63 fps)
2020-03-17 17:00:20 [INFO]: Processing frame 140 (5.76 fps)
2020-03-17 17:00:23 [INFO]: Processing frame 160 (5.88 fps)
2020-03-17 17:00:27 [INFO]: Processing frame 180 (6.00 fps)
2020-03-17 17:00:30 [INFO]: Processing frame 200 (6.07 fps)
2020-03-17 17:00:34 [INFO]: Processing frame 220 (6.11 fps)
2020-03-17 17:00:38 [INFO]: Processing frame 240 (6.15 fps)
2020-03-17 17:00:42 [INFO]: Processing frame 260 (6.21 fps)
2020-03-17 17:00:45 [INFO]: Processing frame 280 (6.23 fps)
2020-03-17 17:00:49 [INFO]: Processing frame 300 (6.24 fps)
2020-03-17 17:00:53 [INFO]: Processing frame 320 (6.27 fps)
2020-03-17 17:00:57 [INFO]: Processing frame 340 (6.30 fps)
2020-03-17 17:01:00 [INFO]: Processing frame 360 (6.34 fps)
2020-03-17 17:01:04 [INFO]: Processing frame 380 (6.35 fps)
2020-03-17 17:01:08 [INFO]: Processing frame 400 (6.36 fps)
2020-03-17 17:01:12 [INFO]: Processing frame 420 (6.37 fps)
2020-03-17 17:01:15 [INFO]: Processing frame 440 (6.38 fps)
2020-03-17 17:01:19 [INFO]: Processing frame 460 (6.40 fps)
2020-03-17 17:01:23 [INFO]: Processing frame 480 (6.41 fps)
2020-03-17 17:01:27 [INFO]: Processing frame 500 (6.41 fps)
2020-03-17 17:01:31 [INFO]: Processing frame 520 (6.41 fps)
2020-03-17 17:01:35 [INFO]: Processing frame 540 (6.42 fps)
2020-03-17 17:01:39 [INFO]: Processing frame 560 (6.43 fps)
2020-03-17 17:01:42 [INFO]: Processing frame 580 (6.45 fps)
2020-03-17 17:01:46 [INFO]: save results to /home/master/JDEdata/MOT17/images/train/../results/weights/MOT17-02-SDP.txt
2020-03-17 17:01:46 [INFO]: Evaluate seq: MOT17-02-SDP
2020-03-17 17:01:48 [INFO]: start seq: MOT17-04-SDP
2020-03-17 17:01:53 [INFO]: Processing frame 0 (100000.00 fps)
2020-03-17 17:01:57 [INFO]: Processing frame 20 (6.45 fps)
2020-03-17 17:02:01 [INFO]: Processing frame 40 (6.53 fps)
2020-03-17 17:02:05 [INFO]: Processing frame 60 (6.52 fps)
2020-03-17 17:02:09 [INFO]: Processing frame 80 (6.51 fps)
2020-03-17 17:02:13 [INFO]: Processing frame 100 (6.52 fps)
2020-03-17 17:02:17 [INFO]: Processing frame 120 (6.50 fps)
2020-03-17 17:02:21 [INFO]: Processing frame 140 (6.51 fps)
2020-03-17 17:02:25 [INFO]: Processing frame 160 (6.53 fps)
2020-03-17 17:02:29 [INFO]: Processing frame 180 (6.52 fps)
2020-03-17 17:02:34 [INFO]: Processing frame 200 (6.52 fps)
2020-03-17 17:02:38 [INFO]: Processing frame 220 (6.51 fps)
2020-03-17 17:02:42 [INFO]: Processing frame 240 (6.50 fps)
2020-03-17 17:02:46 [INFO]: Processing frame 260 (6.50 fps)
2020-03-17 17:02:50 [INFO]: Processing frame 280 (6.50 fps)
2020-03-17 17:02:54 [INFO]: Processing frame 300 (6.49 fps)
2020-03-17 17:02:58 [INFO]: Processing frame 320 (6.49 fps)
2020-03-17 17:03:02 [INFO]: Processing frame 340 (6.50 fps)
2020-03-17 17:03:06 [INFO]: Processing frame 360 (6.50 fps)
2020-03-17 17:03:10 [INFO]: Processing frame 380 (6.51 fps)
2020-03-17 17:03:15 [INFO]: Processing frame 400 (6.51 fps)
2020-03-17 17:03:19 [INFO]: Processing frame 420 (6.51 fps)
2020-03-17 17:03:23 [INFO]: Processing frame 440 (6.51 fps)
2020-03-17 17:03:27 [INFO]: Processing frame 460 (6.50 fps)
2020-03-17 17:03:31 [INFO]: Processing frame 480 (6.50 fps)
2020-03-17 17:03:35 [INFO]: Processing frame 500 (6.50 fps)
2020-03-17 17:03:39 [INFO]: Processing frame 520 (6.49 fps)
2020-03-17 17:03:43 [INFO]: Processing frame 540 (6.49 fps)
2020-03-17 17:03:47 [INFO]: Processing frame 560 (6.49 fps)
2020-03-17 17:03:51 [INFO]: Processing frame 580 (6.50 fps)
2020-03-17 17:03:55 [INFO]: Processing frame 600 (6.50 fps)
2020-03-17 17:03:59 [INFO]: Processing frame 620 (6.51 fps)
2020-03-17 17:04:03 [INFO]: Processing frame 640 (6.52 fps)
2020-03-17 17:04:06 [INFO]: Processing frame 660 (6.53 fps)
2020-03-17 17:04:10 [INFO]: Processing frame 680 (6.53 fps)
2020-03-17 17:04:15 [INFO]: Processing frame 700 (6.53 fps)
2020-03-17 17:04:19 [INFO]: Processing frame 720 (6.53 fps)
2020-03-17 17:04:23 [INFO]: Processing frame 740 (6.53 fps)
2020-03-17 17:04:27 [INFO]: Processing frame 760 (6.53 fps)
2020-03-17 17:04:31 [INFO]: Processing frame 780 (6.53 fps)
2020-03-17 17:04:35 [INFO]: Processing frame 800 (6.53 fps)
2020-03-17 17:04:39 [INFO]: Processing frame 820 (6.53 fps)
2020-03-17 17:04:43 [INFO]: Processing frame 840 (6.54 fps)
2020-03-17 17:04:47 [INFO]: Processing frame 860 (6.53 fps)
2020-03-17 17:04:51 [INFO]: Processing frame 880 (6.53 fps)
2020-03-17 17:04:55 [INFO]: Processing frame 900 (6.53 fps)
2020-03-17 17:04:59 [INFO]: Processing frame 920 (6.53 fps)
2020-03-17 17:05:03 [INFO]: Processing frame 940 (6.53 fps)
2020-03-17 17:05:07 [INFO]: Processing frame 960 (6.53 fps)
2020-03-17 17:05:11 [INFO]: Processing frame 980 (6.53 fps)
2020-03-17 17:05:15 [INFO]: Processing frame 1000 (6.53 fps)
2020-03-17 17:05:19 [INFO]: Processing frame 1020 (6.53 fps)
2020-03-17 17:05:23 [INFO]: Processing frame 1040 (6.54 fps)
2020-03-17 17:05:25 [INFO]: save results to /home/master/JDEdata/MOT17/images/train/../results/weights/MOT17-04-SDP.txt
2020-03-17 17:05:26 [INFO]: Evaluate seq: MOT17-04-SDP
2020-03-17 17:05:28 [INFO]: start seq: MOT17-05-SDP
2020-03-17 17:05:33 [INFO]: Processing frame 0 (100000.00 fps)
2020-03-17 17:05:36 [INFO]: Processing frame 20 (6.76 fps)
2020-03-17 17:05:39 [INFO]: Processing frame 40 (6.88 fps)
2020-03-17 17:05:43 [INFO]: Processing frame 60 (6.90 fps)
2020-03-17 17:05:46 [INFO]: Processing frame 80 (6.95 fps)
2020-03-17 17:05:49 [INFO]: Processing frame 100 (6.91 fps)
2020-03-17 17:05:52 [INFO]: Processing frame 120 (6.92 fps)
2020-03-17 17:05:55 [INFO]: Processing frame 140 (6.96 fps)
2020-03-17 17:05:59 [INFO]: Processing frame 160 (6.98 fps)
2020-03-17 17:06:02 [INFO]: Processing frame 180 (7.00 fps)
2020-03-17 17:06:05 [INFO]: Processing frame 200 (6.99 fps)
2020-03-17 17:06:08 [INFO]: Processing frame 220 (7.01 fps)
2020-03-17 17:06:11 [INFO]: Processing frame 240 (7.01 fps)
2020-03-17 17:06:14 [INFO]: Processing frame 260 (7.01 fps)
2020-03-17 17:06:17 [INFO]: Processing frame 280 (7.03 fps)
2020-03-17 17:06:20 [INFO]: Processing frame 300 (7.03 fps)
2020-03-17 17:06:23 [INFO]: Processing frame 320 (7.02 fps)
2020-03-17 17:06:26 [INFO]: Processing frame 340 (7.03 fps)
2020-03-17 17:06:29 [INFO]: Processing frame 360 (7.03 fps)
2020-03-17 17:06:32 [INFO]: Processing frame 380 (7.03 fps)
2020-03-17 17:06:35 [INFO]: Processing frame 400 (7.03 fps)
2020-03-17 17:06:38 [INFO]: Processing frame 420 (7.03 fps)
2020-03-17 17:06:41 [INFO]: Processing frame 440 (7.03 fps)
2020-03-17 17:06:44 [INFO]: Processing frame 460 (7.02 fps)
2020-03-17 17:06:47 [INFO]: Processing frame 480 (7.01 fps)
2020-03-17 17:06:50 [INFO]: Processing frame 500 (7.02 fps)
2020-03-17 17:06:53 [INFO]: Processing frame 520 (7.01 fps)
2020-03-17 17:06:57 [INFO]: Processing frame 540 (7.00 fps)
2020-03-17 17:07:00 [INFO]: Processing frame 560 (7.01 fps)
2020-03-17 17:07:03 [INFO]: Processing frame 580 (7.00 fps)
2020-03-17 17:07:06 [INFO]: Processing frame 600 (7.00 fps)
2020-03-17 17:07:09 [INFO]: Processing frame 620 (7.00 fps)
2020-03-17 17:07:12 [INFO]: Processing frame 640 (7.00 fps)
2020-03-17 17:07:15 [INFO]: Processing frame 660 (6.99 fps)
2020-03-17 17:07:18 [INFO]: Processing frame 680 (6.98 fps)
2020-03-17 17:07:22 [INFO]: Processing frame 700 (6.94 fps)
2020-03-17 17:07:25 [INFO]: Processing frame 720 (6.91 fps)
2020-03-17 17:07:29 [INFO]: Processing frame 740 (6.88 fps)
2020-03-17 17:07:32 [INFO]: Processing frame 760 (6.85 fps)
2020-03-17 17:07:36 [INFO]: Processing frame 780 (6.83 fps)
2020-03-17 17:07:39 [INFO]: Processing frame 800 (6.81 fps)
2020-03-17 17:07:43 [INFO]: Processing frame 820 (6.77 fps)
2020-03-17 17:07:46 [INFO]: save results to /home/master/JDEdata/MOT17/images/train/../results/weights/MOT17-05-SDP.txt
2020-03-17 17:07:46 [INFO]: Evaluate seq: MOT17-05-SDP
2020-03-17 17:07:47 [INFO]: start seq: MOT17-09-SDP
2020-03-17 17:07:49 [INFO]: Processing frame 0 (100000.00 fps)
2020-03-17 17:07:53 [INFO]: Processing frame 20 (5.51 fps)
2020-03-17 17:07:57 [INFO]: Processing frame 40 (5.62 fps)
2020-03-17 17:08:02 [INFO]: Processing frame 60 (5.57 fps)
2020-03-17 17:08:06 [INFO]: Processing frame 80 (5.62 fps)
2020-03-17 17:08:10 [INFO]: Processing frame 100 (5.61 fps)
2020-03-17 17:08:14 [INFO]: Processing frame 120 (5.67 fps)
2020-03-17 17:08:19 [INFO]: Processing frame 140 (5.68 fps)
2020-03-17 17:08:23 [INFO]: Processing frame 160 (5.69 fps)
2020-03-17 17:08:27 [INFO]: Processing frame 180 (5.69 fps)
2020-03-17 17:08:31 [INFO]: Processing frame 200 (5.69 fps)
2020-03-17 17:08:36 [INFO]: Processing frame 220 (5.66 fps)
2020-03-17 17:08:40 [INFO]: Processing frame 240 (5.67 fps)
2020-03-17 17:08:44 [INFO]: Processing frame 260 (5.65 fps)
2020-03-17 17:08:48 [INFO]: Processing frame 280 (5.69 fps)
2020-03-17 17:08:52 [INFO]: Processing frame 300 (5.68 fps)
2020-03-17 17:08:57 [INFO]: Processing frame 320 (5.69 fps)
2020-03-17 17:09:01 [INFO]: Processing frame 340 (5.68 fps)
2020-03-17 17:09:05 [INFO]: Processing frame 360 (5.70 fps)
2020-03-17 17:09:09 [INFO]: Processing frame 380 (5.68 fps)
2020-03-17 17:09:13 [INFO]: Processing frame 400 (5.69 fps)
2020-03-17 17:09:18 [INFO]: Processing frame 420 (5.69 fps)
2020-03-17 17:09:22 [INFO]: Processing frame 440 (5.69 fps)
2020-03-17 17:09:26 [INFO]: Processing frame 460 (5.70 fps)
2020-03-17 17:09:30 [INFO]: Processing frame 480 (5.69 fps)
2020-03-17 17:09:35 [INFO]: Processing frame 500 (5.68 fps)
2020-03-17 17:09:39 [INFO]: Processing frame 520 (5.68 fps)
2020-03-17 17:09:40 [INFO]: save results to /home/master/JDEdata/MOT17/images/train/../results/weights/MOT17-09-SDP.txt
2020-03-17 17:09:40 [INFO]: Evaluate seq: MOT17-09-SDP
2020-03-17 17:09:40 [INFO]: start seq: MOT17-10-SDP
2020-03-17 17:09:43 [INFO]: Processing frame 0 (100000.00 fps)
2020-03-17 17:09:47 [INFO]: Processing frame 20 (5.66 fps)
2020-03-17 17:09:51 [INFO]: Processing frame 40 (5.55 fps)
2020-03-17 17:09:55 [INFO]: Processing frame 60 (5.58 fps)
2020-03-17 17:10:00 [INFO]: Processing frame 80 (5.52 fps)
2020-03-17 17:10:04 [INFO]: Processing frame 100 (5.57 fps)
2020-03-17 17:10:08 [INFO]: Processing frame 120 (5.56 fps)
2020-03-17 17:10:12 [INFO]: Processing frame 140 (5.58 fps)
2020-03-17 17:10:17 [INFO]: Processing frame 160 (5.57 fps)
2020-03-17 17:10:21 [INFO]: Processing frame 180 (5.56 fps)
2020-03-17 17:10:25 [INFO]: Processing frame 200 (5.56 fps)
2020-03-17 17:10:29 [INFO]: Processing frame 220 (5.58 fps)
2020-03-17 17:10:34 [INFO]: Processing frame 240 (5.56 fps)
2020-03-17 17:10:38 [INFO]: Processing frame 260 (5.59 fps)
2020-03-17 17:10:42 [INFO]: Processing frame 280 (5.57 fps)
2020-03-17 17:10:46 [INFO]: Processing frame 300 (5.59 fps)
2020-03-17 17:10:51 [INFO]: Processing frame 320 (5.57 fps)
2020-03-17 17:10:55 [INFO]: Processing frame 340 (5.58 fps)
2020-03-17 17:10:59 [INFO]: Processing frame 360 (5.57 fps)
2020-03-17 17:11:03 [INFO]: Processing frame 380 (5.58 fps)
2020-03-17 17:11:08 [INFO]: Processing frame 400 (5.58 fps)
2020-03-17 17:11:12 [INFO]: Processing frame 420 (5.60 fps)
2020-03-17 17:11:16 [INFO]: Processing frame 440 (5.59 fps)
2020-03-17 17:11:20 [INFO]: Processing frame 460 (5.60 fps)
2020-03-17 17:11:25 [INFO]: Processing frame 480 (5.59 fps)
2020-03-17 17:11:29 [INFO]: Processing frame 500 (5.58 fps)
2020-03-17 17:11:33 [INFO]: Processing frame 520 (5.59 fps)
2020-03-17 17:11:37 [INFO]: Processing frame 540 (5.60 fps)
2020-03-17 17:11:41 [INFO]: Processing frame 560 (5.60 fps)
2020-03-17 17:11:46 [INFO]: Processing frame 580 (5.61 fps)
2020-03-17 17:11:50 [INFO]: Processing frame 600 (5.60 fps)
2020-03-17 17:11:54 [INFO]: Processing frame 620 (5.61 fps)
2020-03-17 17:11:58 [INFO]: Processing frame 640 (5.60 fps)
2020-03-17 17:12:01 [INFO]: save results to /home/master/JDEdata/MOT17/images/train/../results/weights/MOT17-10-SDP.txt
2020-03-17 17:12:01 [INFO]: Evaluate seq: MOT17-10-SDP
2020-03-17 17:12:02 [INFO]: start seq: MOT17-11-SDP
2020-03-17 17:12:04 [INFO]: Processing frame 0 (100000.00 fps)
2020-03-17 17:12:05 [INFO]: Processing frame 20 (19.45 fps)
2020-03-17 17:12:09 [INFO]: Processing frame 40 (10.34 fps)
2020-03-17 17:12:12 [INFO]: Processing frame 60 (9.27 fps)
2020-03-17 17:12:16 [INFO]: Processing frame 80 (8.81 fps)
2020-03-17 17:12:19 [INFO]: Processing frame 100 (8.52 fps)
2020-03-17 17:12:22 [INFO]: Processing frame 120 (8.36 fps)
2020-03-17 17:12:26 [INFO]: Processing frame 140 (8.22 fps)
2020-03-17 17:12:29 [INFO]: Processing frame 160 (8.11 fps)
2020-03-17 17:12:32 [INFO]: Processing frame 180 (8.10 fps)
2020-03-17 17:12:36 [INFO]: Processing frame 200 (8.04 fps)
2020-03-17 17:12:39 [INFO]: Processing frame 220 (7.98 fps)
2020-03-17 17:12:42 [INFO]: Processing frame 240 (7.95 fps)
2020-03-17 17:12:46 [INFO]: Processing frame 260 (7.83 fps)
2020-03-17 17:12:49 [INFO]: Processing frame 280 (7.86 fps)
2020-03-17 17:12:51 [INFO]: Processing frame 300 (8.17 fps)
2020-03-17 17:12:55 [INFO]: Processing frame 320 (7.94 fps)
2020-03-17 17:12:59 [INFO]: Processing frame 340 (7.76 fps)
2020-03-17 17:13:04 [INFO]: Processing frame 360 (7.61 fps)
2020-03-17 17:13:08 [INFO]: Processing frame 380 (7.44 fps)
2020-03-17 17:13:12 [INFO]: Processing frame 400 (7.33 fps)
2020-03-17 17:13:17 [INFO]: Processing frame 420 (7.21 fps)
2020-03-17 17:13:21 [INFO]: Processing frame 440 (7.12 fps)
2020-03-17 17:13:25 [INFO]: Processing frame 460 (7.03 fps)
2020-03-17 17:13:29 [INFO]: Processing frame 480 (6.96 fps)
2020-03-17 17:13:34 [INFO]: Processing frame 500 (6.89 fps)
2020-03-17 17:13:38 [INFO]: Processing frame 520 (6.83 fps)
2020-03-17 17:13:42 [INFO]: Processing frame 540 (6.80 fps)
2020-03-17 17:13:46 [INFO]: Processing frame 560 (6.74 fps)
2020-03-17 17:13:50 [INFO]: Processing frame 580 (6.71 fps)
2020-03-17 17:13:54 [INFO]: Processing frame 600 (6.67 fps)
2020-03-17 17:13:58 [INFO]: Processing frame 620 (6.63 fps)
2020-03-17 17:14:03 [INFO]: Processing frame 640 (6.59 fps)
2020-03-17 17:14:07 [INFO]: Processing frame 660 (6.56 fps)
2020-03-17 17:14:11 [INFO]: Processing frame 680 (6.53 fps)
2020-03-17 17:14:15 [INFO]: Processing frame 700 (6.51 fps)
2020-03-17 17:14:20 [INFO]: Processing frame 720 (6.47 fps)
2020-03-17 17:14:24 [INFO]: Processing frame 740 (6.45 fps)
2020-03-17 17:14:28 [INFO]: Processing frame 760 (6.42 fps)
2020-03-17 17:14:32 [INFO]: Processing frame 780 (6.41 fps)
2020-03-17 17:14:37 [INFO]: Processing frame 800 (6.38 fps)
2020-03-17 17:14:41 [INFO]: Processing frame 820 (6.37 fps)
2020-03-17 17:14:45 [INFO]: Processing frame 840 (6.35 fps)
2020-03-17 17:14:49 [INFO]: Processing frame 860 (6.33 fps)
2020-03-17 17:14:53 [INFO]: Processing frame 880 (6.32 fps)
2020-03-17 17:14:57 [INFO]: save results to /home/master/JDEdata/MOT17/images/train/../results/weights/MOT17-11-SDP.txt
2020-03-17 17:14:57 [INFO]: Evaluate seq: MOT17-11-SDP
2020-03-17 17:14:58 [INFO]: start seq: MOT17-13-SDP
2020-03-17 17:15:01 [INFO]: Processing frame 0 (100000.00 fps)
2020-03-17 17:15:05 [INFO]: Processing frame 20 (5.78 fps)
2020-03-17 17:15:09 [INFO]: Processing frame 40 (5.66 fps)
2020-03-17 17:15:13 [INFO]: Processing frame 60 (5.69 fps)
2020-03-17 17:15:18 [INFO]: Processing frame 80 (5.62 fps)
2020-03-17 17:15:22 [INFO]: Processing frame 100 (5.67 fps)
2020-03-17 17:15:26 [INFO]: Processing frame 120 (5.66 fps)
2020-03-17 17:15:30 [INFO]: Processing frame 140 (5.65 fps)
2020-03-17 17:15:35 [INFO]: Processing frame 160 (5.70 fps)
2020-03-17 17:15:39 [INFO]: Processing frame 180 (5.68 fps)
2020-03-17 17:15:43 [INFO]: Processing frame 200 (5.70 fps)
2020-03-17 17:15:47 [INFO]: Processing frame 220 (5.69 fps)
2020-03-17 17:15:52 [INFO]: Processing frame 240 (5.70 fps)
2020-03-17 17:15:56 [INFO]: Processing frame 260 (5.69 fps)
2020-03-17 17:16:00 [INFO]: Processing frame 280 (5.70 fps)
2020-03-17 17:16:05 [INFO]: Processing frame 300 (5.68 fps)
2020-03-17 17:16:09 [INFO]: Processing frame 320 (5.68 fps)
2020-03-17 17:16:13 [INFO]: Processing frame 340 (5.68 fps)
2020-03-17 17:16:17 [INFO]: Processing frame 360 (5.66 fps)
2020-03-17 17:16:22 [INFO]: Processing frame 380 (5.68 fps)
2020-03-17 17:16:26 [INFO]: Processing frame 400 (5.66 fps)
2020-03-17 17:16:30 [INFO]: Processing frame 420 (5.67 fps)
2020-03-17 17:16:34 [INFO]: Processing frame 440 (5.67 fps)
2020-03-17 17:16:39 [INFO]: Processing frame 460 (5.66 fps)
2020-03-17 17:16:43 [INFO]: Processing frame 480 (5.66 fps)
2020-03-17 17:16:47 [INFO]: Processing frame 500 (5.68 fps)
2020-03-17 17:16:51 [INFO]: Processing frame 520 (5.67 fps)
2020-03-17 17:16:55 [INFO]: Processing frame 540 (5.69 fps)
2020-03-17 17:17:00 [INFO]: Processing frame 560 (5.69 fps)
2020-03-17 17:17:04 [INFO]: Processing frame 580 (5.69 fps)
2020-03-17 17:17:08 [INFO]: Processing frame 600 (5.70 fps)
2020-03-17 17:17:12 [INFO]: Processing frame 620 (5.70 fps)
2020-03-17 17:17:16 [INFO]: Processing frame 640 (5.70 fps)
2020-03-17 17:17:21 [INFO]: Processing frame 660 (5.70 fps)
2020-03-17 17:17:25 [INFO]: Processing frame 680 (5.70 fps)
2020-03-17 17:17:29 [INFO]: Processing frame 700 (5.70 fps)
2020-03-17 17:17:33 [INFO]: Processing frame 720 (5.70 fps)
2020-03-17 17:17:38 [INFO]: Processing frame 740 (5.70 fps)
2020-03-17 17:17:40 [INFO]: save results to /home/master/JDEdata/MOT17/images/train/../results/weights/MOT17-13-SDP.txt
2020-03-17 17:17:40 [INFO]: Evaluate seq: MOT17-13-SDP
2020-03-17 17:17:40 [INFO]: Time elapsed: 860.43 seconds, FPS: 6.18
Namespace(cfg='cfg/yolov3_864x480.cfg', conf_thres=0.5, iou_thres=0.5, min_box_area=200, nms_thres=0.4, save_images=False, save_videos=False, test_mot16=False, track_buffer=30, weights='/home/master/kuanzi/weights/66_epoch_diou_arcface.pt.final')

              IDF1   IDP   IDR  Rcll  Prcn  GT  MT  PT ML   FP    FN  IDs    FM  MOTA  MOTP IDt IDa IDm
MOT17-02-SDP 50.6% 57.8% 44.9% 69.1% 89.0%  62  20  34  8 1585  5743  291   465 59.0% 0.232 136  90  18
MOT17-04-SDP 73.0% 81.7% 65.9% 77.4% 96.0%  83  43  29 11 1543 10731  156   347 73.9% 0.184  61  57   5
MOT17-05-SDP 76.7% 81.8% 72.2% 83.4% 94.5% 133  73  50 10  339  1145  128   219 76.7% 0.211  68  60  27
MOT17-09-SDP 53.4% 60.4% 47.8% 74.5% 94.2%  26  13  13  0  244  1359  116   157 67.7% 0.213  68  31   8
MOT17-10-SDP 58.8% 65.3% 53.5% 75.8% 92.5%  57  26  29  2  787  3103  332   634 67.1% 0.234 140  96   6
MOT17-11-SDP 74.2% 77.3% 71.4% 88.4% 95.8%  75  46  25  4  366  1091   77   169 83.7% 0.183  28  36   9
MOT17-13-SDP 67.0% 75.4% 60.4% 72.8% 91.0% 110  48  50 12  843  3162  274   720 63.2% 0.235 154  82  34
OVERALL      66.6% 74.0% 60.4% 76.5% 93.8% 546 269 230 47 5707 26334 1374  2711 70.2% 0.205 655 452 107
Traceback (most recent call last):
  File "track.py", line 183, in <module>
    save_videos=opt.save_videos)
  File "track.py", line 134, in main
    Evaluator.save_summary(summary, os.path.join(result_root, 'summary_{}.xlsx'.format(exp_name)))
  File "/media/master/文档盘/kuanzi/Towards-Realtime-MOT/utils/evaluation.py", line 101, in save_summary
    writer = pd.ExcelWriter(filename)
  File "/home/master/.conda/envs/mot/lib/python3.6/site-packages/pandas/io/excel/_openpyxl.py", line 18, in __init__
    from openpyxl.workbook import Workbook
ModuleNotFoundError: No module named 'openpyxl'
