Namespace(cfg='cfg/yolov3_864x480.cfg', conf_thres=0.5, iou_thres=0.5, min_box_area=200, nms_thres=0.4, save_images=False, save_videos=False, test_mot15=False, test_mot16=False, test_mot17=True, track_buffer=30, weights='../weights/72_epoch_diou_arcface.pt')

2020-03-18 17:26:33 [INFO]: start seq: MOT17-02-SDP
2020-03-18 17:26:40 [INFO]: Processing frame 0 (100000.00 fps)
2020-03-18 17:26:43 [INFO]: Processing frame 20 (8.73 fps)
2020-03-18 17:26:46 [INFO]: Processing frame 40 (9.54 fps)
2020-03-18 17:26:49 [INFO]: Processing frame 60 (9.97 fps)
2020-03-18 17:26:51 [INFO]: Processing frame 80 (9.97 fps)
2020-03-18 17:26:54 [INFO]: Processing frame 100 (10.10 fps)
2020-03-18 17:26:56 [INFO]: Processing frame 120 (10.27 fps)
2020-03-18 17:26:59 [INFO]: Processing frame 140 (10.47 fps)
2020-03-18 17:27:01 [INFO]: Processing frame 160 (10.41 fps)
2020-03-18 17:27:04 [INFO]: Processing frame 180 (10.35 fps)
2020-03-18 17:27:07 [INFO]: Processing frame 200 (10.29 fps)
2020-03-18 17:27:09 [INFO]: Processing frame 220 (10.31 fps)
2020-03-18 17:27:12 [INFO]: Processing frame 240 (10.30 fps)
2020-03-18 17:27:15 [INFO]: Processing frame 260 (10.37 fps)
2020-03-18 17:27:17 [INFO]: Processing frame 280 (10.46 fps)
2020-03-18 17:27:19 [INFO]: Processing frame 300 (10.45 fps)
2020-03-18 17:27:22 [INFO]: Processing frame 320 (10.47 fps)
2020-03-18 17:27:25 [INFO]: Processing frame 340 (10.42 fps)
2020-03-18 17:27:27 [INFO]: Processing frame 360 (10.40 fps)
2020-03-18 17:27:30 [INFO]: Processing frame 380 (10.41 fps)
2020-03-18 17:27:33 [INFO]: Processing frame 400 (10.40 fps)
2020-03-18 17:27:35 [INFO]: Processing frame 420 (10.41 fps)
2020-03-18 17:27:38 [INFO]: Processing frame 440 (10.43 fps)
2020-03-18 17:27:40 [INFO]: Processing frame 460 (10.45 fps)
2020-03-18 17:27:43 [INFO]: Processing frame 480 (10.46 fps)
2020-03-18 17:27:45 [INFO]: Processing frame 500 (10.46 fps)
2020-03-18 17:27:48 [INFO]: Processing frame 520 (10.47 fps)
2020-03-18 17:27:50 [INFO]: Processing frame 540 (10.48 fps)
2020-03-18 17:27:53 [INFO]: Processing frame 560 (10.49 fps)
2020-03-18 17:27:55 [INFO]: Processing frame 580 (10.50 fps)
2020-03-18 17:27:58 [INFO]: save results to /home/master/JDEdata/MOT17/images/train/../results/weights/MOT17-02-SDP.txt
2020-03-18 17:27:58 [INFO]: Evaluate seq: MOT17-02-SDP
2020-03-18 17:27:59 [INFO]: start seq: MOT17-04-SDP
2020-03-18 17:28:01 [INFO]: Processing frame 0 (100000.00 fps)
2020-03-18 17:28:03 [INFO]: Processing frame 20 (10.70 fps)
2020-03-18 17:28:06 [INFO]: Processing frame 40 (10.57 fps)
2020-03-18 17:28:08 [INFO]: Processing frame 60 (10.41 fps)
2020-03-18 17:28:11 [INFO]: Processing frame 80 (10.37 fps)
2020-03-18 17:28:14 [INFO]: Processing frame 100 (10.29 fps)
2020-03-18 17:28:16 [INFO]: Processing frame 120 (10.42 fps)
2020-03-18 17:28:19 [INFO]: Processing frame 140 (10.35 fps)
2020-03-18 17:28:22 [INFO]: Processing frame 160 (10.33 fps)
2020-03-18 17:28:24 [INFO]: Processing frame 180 (10.32 fps)
2020-03-18 17:28:27 [INFO]: Processing frame 200 (10.37 fps)
2020-03-18 17:28:30 [INFO]: Processing frame 220 (10.36 fps)
2020-03-18 17:28:32 [INFO]: Processing frame 240 (10.37 fps)
2020-03-18 17:28:35 [INFO]: Processing frame 260 (10.41 fps)
2020-03-18 17:28:38 [INFO]: Processing frame 280 (10.39 fps)
2020-03-18 17:28:40 [INFO]: Processing frame 300 (10.38 fps)
2020-03-18 17:28:43 [INFO]: Processing frame 320 (10.40 fps)
2020-03-18 17:28:45 [INFO]: Processing frame 340 (10.40 fps)
2020-03-18 17:28:48 [INFO]: Processing frame 360 (10.36 fps)
2020-03-18 17:28:51 [INFO]: Processing frame 380 (10.34 fps)
2020-03-18 17:28:54 [INFO]: Processing frame 400 (10.34 fps)
2020-03-18 17:28:56 [INFO]: Processing frame 420 (10.33 fps)
2020-03-18 17:28:59 [INFO]: Processing frame 440 (10.31 fps)
2020-03-18 17:29:02 [INFO]: Processing frame 460 (10.27 fps)
2020-03-18 17:29:05 [INFO]: Processing frame 480 (10.29 fps)
2020-03-18 17:29:08 [INFO]: Processing frame 500 (10.27 fps)
2020-03-18 17:29:10 [INFO]: Processing frame 520 (10.28 fps)
2020-03-18 17:29:13 [INFO]: Processing frame 540 (10.29 fps)
2020-03-18 17:29:16 [INFO]: Processing frame 560 (10.28 fps)
2020-03-18 17:29:18 [INFO]: Processing frame 580 (10.30 fps)
2020-03-18 17:29:21 [INFO]: Processing frame 600 (10.30 fps)
2020-03-18 17:29:23 [INFO]: Processing frame 620 (10.31 fps)
2020-03-18 17:29:26 [INFO]: Processing frame 640 (10.31 fps)
2020-03-18 17:29:29 [INFO]: Processing frame 660 (10.32 fps)
2020-03-18 17:29:31 [INFO]: Processing frame 680 (10.33 fps)
2020-03-18 17:29:34 [INFO]: Processing frame 700 (10.33 fps)
2020-03-18 17:29:37 [INFO]: Processing frame 720 (10.33 fps)
2020-03-18 17:29:39 [INFO]: Processing frame 740 (10.33 fps)
2020-03-18 17:29:42 [INFO]: Processing frame 760 (10.33 fps)
2020-03-18 17:29:45 [INFO]: Processing frame 780 (10.33 fps)
2020-03-18 17:29:47 [INFO]: Processing frame 800 (10.34 fps)
2020-03-18 17:29:50 [INFO]: Processing frame 820 (10.34 fps)
2020-03-18 17:29:53 [INFO]: Processing frame 840 (10.35 fps)
2020-03-18 17:29:55 [INFO]: Processing frame 860 (10.35 fps)
2020-03-18 17:29:58 [INFO]: Processing frame 880 (10.37 fps)
2020-03-18 17:30:01 [INFO]: Processing frame 900 (10.36 fps)
2020-03-18 17:30:04 [INFO]: Processing frame 920 (10.33 fps)
2020-03-18 17:30:06 [INFO]: Processing frame 940 (10.33 fps)
2020-03-18 17:30:09 [INFO]: Processing frame 960 (10.31 fps)
2020-03-18 17:30:12 [INFO]: Processing frame 980 (10.31 fps)
2020-03-18 17:30:14 [INFO]: Processing frame 1000 (10.32 fps)
2020-03-18 17:30:17 [INFO]: Processing frame 1020 (10.32 fps)
2020-03-18 17:30:20 [INFO]: Processing frame 1040 (10.31 fps)
2020-03-18 17:30:21 [INFO]: save results to /home/master/JDEdata/MOT17/images/train/../results/weights/MOT17-04-SDP.txt
2020-03-18 17:30:21 [INFO]: Evaluate seq: MOT17-04-SDP
2020-03-18 17:30:24 [INFO]: start seq: MOT17-05-SDP
2020-03-18 17:30:25 [INFO]: Processing frame 0 (100000.00 fps)
2020-03-18 17:30:27 [INFO]: Processing frame 20 (12.99 fps)
2020-03-18 17:30:28 [INFO]: Processing frame 40 (13.32 fps)
2020-03-18 17:30:30 [INFO]: Processing frame 60 (13.56 fps)
2020-03-18 17:30:31 [INFO]: Processing frame 80 (13.59 fps)
2020-03-18 17:30:33 [INFO]: Processing frame 100 (13.43 fps)
2020-03-18 17:30:35 [INFO]: Processing frame 120 (13.51 fps)
2020-03-18 17:30:36 [INFO]: Processing frame 140 (13.59 fps)
2020-03-18 17:30:38 [INFO]: Processing frame 160 (13.43 fps)
2020-03-18 17:30:40 [INFO]: Processing frame 180 (13.34 fps)
2020-03-18 17:30:41 [INFO]: Processing frame 200 (13.42 fps)
2020-03-18 17:30:43 [INFO]: Processing frame 220 (13.49 fps)
2020-03-18 17:30:45 [INFO]: Processing frame 240 (13.36 fps)
2020-03-18 17:30:46 [INFO]: Processing frame 260 (13.36 fps)
2020-03-18 17:30:48 [INFO]: Processing frame 280 (13.29 fps)
2020-03-18 17:30:50 [INFO]: Processing frame 300 (13.25 fps)
2020-03-18 17:30:51 [INFO]: Processing frame 320 (13.27 fps)
2020-03-18 17:30:53 [INFO]: Processing frame 340 (13.19 fps)
2020-03-18 17:30:55 [INFO]: Processing frame 360 (13.22 fps)
2020-03-18 17:30:56 [INFO]: Processing frame 380 (13.25 fps)
2020-03-18 17:30:58 [INFO]: Processing frame 400 (13.18 fps)
2020-03-18 17:31:00 [INFO]: Processing frame 420 (13.19 fps)
2020-03-18 17:31:01 [INFO]: Processing frame 440 (13.23 fps)
2020-03-18 17:31:03 [INFO]: Processing frame 460 (13.19 fps)
2020-03-18 17:31:05 [INFO]: Processing frame 480 (13.21 fps)
2020-03-18 17:31:06 [INFO]: Processing frame 500 (13.25 fps)
2020-03-18 17:31:08 [INFO]: Processing frame 520 (13.27 fps)
2020-03-18 17:31:09 [INFO]: Processing frame 540 (13.29 fps)
2020-03-18 17:31:11 [INFO]: Processing frame 560 (13.27 fps)
2020-03-18 17:31:13 [INFO]: Processing frame 580 (13.28 fps)
2020-03-18 17:31:14 [INFO]: Processing frame 600 (13.29 fps)
2020-03-18 17:31:16 [INFO]: Processing frame 620 (13.31 fps)
2020-03-18 17:31:18 [INFO]: Processing frame 640 (13.29 fps)
2020-03-18 17:31:19 [INFO]: Processing frame 660 (13.29 fps)
2020-03-18 17:31:21 [INFO]: Processing frame 680 (13.30 fps)
2020-03-18 17:31:22 [INFO]: Processing frame 700 (13.31 fps)
2020-03-18 17:31:24 [INFO]: Processing frame 720 (13.29 fps)
2020-03-18 17:31:26 [INFO]: Processing frame 740 (13.29 fps)
2020-03-18 17:31:27 [INFO]: Processing frame 760 (13.27 fps)
2020-03-18 17:31:29 [INFO]: Processing frame 780 (13.24 fps)
2020-03-18 17:31:31 [INFO]: Processing frame 800 (13.24 fps)
2020-03-18 17:31:33 [INFO]: Processing frame 820 (13.22 fps)
2020-03-18 17:31:34 [INFO]: save results to /home/master/JDEdata/MOT17/images/train/../results/weights/MOT17-05-SDP.txt
2020-03-18 17:31:34 [INFO]: Evaluate seq: MOT17-05-SDP
2020-03-18 17:31:35 [INFO]: start seq: MOT17-09-SDP
2020-03-18 17:31:36 [INFO]: Processing frame 0 (100000.00 fps)
2020-03-18 17:31:38 [INFO]: Processing frame 20 (12.87 fps)
2020-03-18 17:31:41 [INFO]: Processing frame 40 (12.41 fps)
2020-03-18 17:31:43 [INFO]: Processing frame 60 (12.36 fps)
2020-03-18 17:31:46 [INFO]: Processing frame 80 (12.21 fps)
2020-03-18 17:31:48 [INFO]: Processing frame 100 (11.92 fps)
2020-03-18 17:31:51 [INFO]: Processing frame 120 (11.75 fps)
2020-03-18 17:31:53 [INFO]: Processing frame 140 (11.69 fps)
2020-03-18 17:31:56 [INFO]: Processing frame 160 (11.54 fps)
2020-03-18 17:31:58 [INFO]: Processing frame 180 (11.51 fps)
2020-03-18 17:32:01 [INFO]: Processing frame 200 (11.43 fps)
2020-03-18 17:32:03 [INFO]: Processing frame 220 (11.35 fps)
2020-03-18 17:32:06 [INFO]: Processing frame 240 (11.36 fps)
2020-03-18 17:32:08 [INFO]: Processing frame 260 (11.32 fps)
2020-03-18 17:32:11 [INFO]: Processing frame 280 (11.34 fps)
2020-03-18 17:32:13 [INFO]: Processing frame 300 (11.26 fps)
2020-03-18 17:32:16 [INFO]: Processing frame 320 (11.24 fps)
2020-03-18 17:32:19 [INFO]: Processing frame 340 (11.20 fps)
2020-03-18 17:32:21 [INFO]: Processing frame 360 (11.20 fps)
2020-03-18 17:32:24 [INFO]: Processing frame 380 (11.17 fps)
2020-03-18 17:32:26 [INFO]: Processing frame 400 (11.17 fps)
2020-03-18 17:32:29 [INFO]: Processing frame 420 (11.17 fps)
2020-03-18 17:32:31 [INFO]: Processing frame 440 (11.17 fps)
2020-03-18 17:32:34 [INFO]: Processing frame 460 (11.17 fps)
2020-03-18 17:32:36 [INFO]: Processing frame 480 (11.17 fps)
2020-03-18 17:32:39 [INFO]: Processing frame 500 (11.18 fps)
2020-03-18 17:32:41 [INFO]: Processing frame 520 (11.16 fps)
2020-03-18 17:32:42 [INFO]: save results to /home/master/JDEdata/MOT17/images/train/../results/weights/MOT17-09-SDP.txt
2020-03-18 17:32:42 [INFO]: Evaluate seq: MOT17-09-SDP
2020-03-18 17:32:42 [INFO]: start seq: MOT17-10-SDP
2020-03-18 17:32:44 [INFO]: Processing frame 0 (100000.00 fps)
2020-03-18 17:32:46 [INFO]: Processing frame 20 (10.73 fps)
2020-03-18 17:32:49 [INFO]: Processing frame 40 (10.87 fps)
2020-03-18 17:32:51 [INFO]: Processing frame 60 (10.68 fps)
2020-03-18 17:32:54 [INFO]: Processing frame 80 (10.81 fps)
2020-03-18 17:32:56 [INFO]: Processing frame 100 (10.81 fps)
2020-03-18 17:32:59 [INFO]: Processing frame 120 (10.81 fps)
2020-03-18 17:33:01 [INFO]: Processing frame 140 (10.76 fps)
2020-03-18 17:33:04 [INFO]: Processing frame 160 (10.81 fps)
2020-03-18 17:33:07 [INFO]: Processing frame 180 (10.76 fps)
2020-03-18 17:33:09 [INFO]: Processing frame 200 (10.76 fps)
2020-03-18 17:33:12 [INFO]: Processing frame 220 (10.79 fps)
2020-03-18 17:33:14 [INFO]: Processing frame 240 (10.82 fps)
2020-03-18 17:33:16 [INFO]: Processing frame 260 (10.84 fps)
2020-03-18 17:33:19 [INFO]: Processing frame 280 (10.90 fps)
2020-03-18 17:33:21 [INFO]: Processing frame 300 (10.88 fps)
2020-03-18 17:33:24 [INFO]: Processing frame 320 (10.87 fps)
2020-03-18 17:33:26 [INFO]: Processing frame 340 (10.85 fps)
2020-03-18 17:33:29 [INFO]: Processing frame 360 (10.86 fps)
2020-03-18 17:33:31 [INFO]: Processing frame 380 (10.84 fps)
2020-03-18 17:33:34 [INFO]: Processing frame 400 (10.83 fps)
2020-03-18 17:33:36 [INFO]: Processing frame 420 (10.86 fps)
2020-03-18 17:33:39 [INFO]: Processing frame 440 (10.85 fps)
2020-03-18 17:33:41 [INFO]: Processing frame 460 (10.85 fps)
2020-03-18 17:33:44 [INFO]: Processing frame 480 (10.84 fps)
2020-03-18 17:33:46 [INFO]: Processing frame 500 (10.86 fps)
2020-03-18 17:33:49 [INFO]: Processing frame 520 (10.86 fps)
2020-03-18 17:33:51 [INFO]: Processing frame 540 (10.86 fps)
2020-03-18 17:33:54 [INFO]: Processing frame 560 (10.86 fps)
2020-03-18 17:33:56 [INFO]: Processing frame 580 (10.85 fps)
2020-03-18 17:33:59 [INFO]: Processing frame 600 (10.88 fps)
2020-03-18 17:34:01 [INFO]: Processing frame 620 (10.89 fps)
2020-03-18 17:34:03 [INFO]: Processing frame 640 (10.91 fps)
2020-03-18 17:34:05 [INFO]: save results to /home/master/JDEdata/MOT17/images/train/../results/weights/MOT17-10-SDP.txt
2020-03-18 17:34:05 [INFO]: Evaluate seq: MOT17-10-SDP
2020-03-18 17:34:06 [INFO]: start seq: MOT17-11-SDP
2020-03-18 17:34:07 [INFO]: Processing frame 0 (100000.00 fps)
2020-03-18 17:34:10 [INFO]: Processing frame 20 (10.80 fps)
2020-03-18 17:34:12 [INFO]: Processing frame 40 (10.84 fps)
2020-03-18 17:34:15 [INFO]: Processing frame 60 (10.91 fps)
2020-03-18 17:34:17 [INFO]: Processing frame 80 (11.04 fps)
2020-03-18 17:34:20 [INFO]: Processing frame 100 (10.99 fps)
2020-03-18 17:34:22 [INFO]: Processing frame 120 (11.21 fps)
2020-03-18 17:34:25 [INFO]: Processing frame 140 (11.19 fps)
2020-03-18 17:34:27 [INFO]: Processing frame 160 (11.22 fps)
2020-03-18 17:34:29 [INFO]: Processing frame 180 (11.24 fps)
2020-03-18 17:34:32 [INFO]: Processing frame 200 (11.23 fps)
2020-03-18 17:34:34 [INFO]: Processing frame 220 (11.27 fps)
2020-03-18 17:34:37 [INFO]: Processing frame 240 (11.25 fps)
2020-03-18 17:34:39 [INFO]: Processing frame 260 (11.26 fps)
2020-03-18 17:34:42 [INFO]: Processing frame 280 (11.29 fps)
2020-03-18 17:34:44 [INFO]: Processing frame 300 (11.30 fps)
2020-03-18 17:34:46 [INFO]: Processing frame 320 (11.32 fps)
2020-03-18 17:34:49 [INFO]: Processing frame 340 (11.30 fps)
2020-03-18 17:34:51 [INFO]: Processing frame 360 (11.32 fps)
2020-03-18 17:34:54 [INFO]: Processing frame 380 (11.34 fps)
2020-03-18 17:34:56 [INFO]: Processing frame 400 (11.30 fps)
2020-03-18 17:34:59 [INFO]: Processing frame 420 (11.29 fps)
2020-03-18 17:35:01 [INFO]: Processing frame 440 (11.29 fps)
2020-03-18 17:35:04 [INFO]: Processing frame 460 (11.26 fps)
2020-03-18 17:35:06 [INFO]: Processing frame 480 (11.25 fps)
2020-03-18 17:35:08 [INFO]: Processing frame 500 (11.24 fps)
2020-03-18 17:35:11 [INFO]: Processing frame 520 (11.24 fps)
2020-03-18 17:35:13 [INFO]: Processing frame 540 (11.23 fps)
2020-03-18 17:35:16 [INFO]: Processing frame 560 (11.22 fps)
2020-03-18 17:35:18 [INFO]: Processing frame 580 (11.21 fps)
2020-03-18 17:35:21 [INFO]: Processing frame 600 (11.22 fps)
2020-03-18 17:35:23 [INFO]: Processing frame 620 (11.23 fps)
2020-03-18 17:35:26 [INFO]: Processing frame 640 (11.20 fps)
2020-03-18 17:35:28 [INFO]: Processing frame 660 (11.19 fps)
2020-03-18 17:35:31 [INFO]: Processing frame 680 (11.20 fps)
2020-03-18 17:35:33 [INFO]: Processing frame 700 (11.22 fps)
2020-03-18 17:35:36 [INFO]: Processing frame 720 (11.22 fps)
2020-03-18 17:35:38 [INFO]: Processing frame 740 (11.20 fps)
2020-03-18 17:35:41 [INFO]: Processing frame 760 (11.18 fps)
2020-03-18 17:35:43 [INFO]: Processing frame 780 (11.18 fps)
2020-03-18 17:35:46 [INFO]: Processing frame 800 (11.19 fps)
2020-03-18 17:35:48 [INFO]: Processing frame 820 (11.18 fps)
2020-03-18 17:35:51 [INFO]: Processing frame 840 (11.18 fps)
2020-03-18 17:35:53 [INFO]: Processing frame 860 (11.19 fps)
2020-03-18 17:35:56 [INFO]: Processing frame 880 (11.18 fps)
2020-03-18 17:35:58 [INFO]: save results to /home/master/JDEdata/MOT17/images/train/../results/weights/MOT17-11-SDP.txt
2020-03-18 17:35:58 [INFO]: Evaluate seq: MOT17-11-SDP
2020-03-18 17:35:59 [INFO]: start seq: MOT17-13-SDP
2020-03-18 17:36:00 [INFO]: Processing frame 0 (100000.00 fps)
2020-03-18 17:36:03 [INFO]: Processing frame 20 (11.29 fps)
2020-03-18 17:36:05 [INFO]: Processing frame 40 (11.01 fps)
2020-03-18 17:36:08 [INFO]: Processing frame 60 (11.05 fps)
2020-03-18 17:36:10 [INFO]: Processing frame 80 (11.09 fps)
2020-03-18 17:36:13 [INFO]: Processing frame 100 (11.15 fps)
2020-03-18 17:36:15 [INFO]: Processing frame 120 (11.07 fps)
2020-03-18 17:36:18 [INFO]: Processing frame 140 (11.07 fps)
2020-03-18 17:36:21 [INFO]: Processing frame 160 (11.02 fps)
2020-03-18 17:36:23 [INFO]: Processing frame 180 (10.92 fps)
2020-03-18 17:36:26 [INFO]: Processing frame 200 (10.92 fps)
2020-03-18 17:36:28 [INFO]: Processing frame 220 (10.95 fps)
2020-03-18 17:36:31 [INFO]: Processing frame 240 (10.95 fps)
2020-03-18 17:36:34 [INFO]: Processing frame 260 (10.97 fps)
2020-03-18 17:36:36 [INFO]: Processing frame 280 (10.98 fps)
2020-03-18 17:36:39 [INFO]: Processing frame 300 (10.99 fps)
2020-03-18 17:36:41 [INFO]: Processing frame 320 (10.97 fps)
2020-03-18 17:36:44 [INFO]: Processing frame 340 (10.91 fps)
2020-03-18 17:36:47 [INFO]: Processing frame 360 (10.90 fps)
2020-03-18 17:36:49 [INFO]: Processing frame 380 (10.89 fps)
2020-03-18 17:36:52 [INFO]: Processing frame 400 (10.90 fps)
2020-03-18 17:36:54 [INFO]: Processing frame 420 (10.89 fps)
2020-03-18 17:36:57 [INFO]: Processing frame 440 (10.88 fps)
2020-03-18 17:36:59 [INFO]: Processing frame 460 (10.88 fps)
2020-03-18 17:37:02 [INFO]: Processing frame 480 (10.90 fps)
2020-03-18 17:37:04 [INFO]: Processing frame 500 (10.95 fps)
2020-03-18 17:37:06 [INFO]: Processing frame 520 (10.96 fps)
2020-03-18 17:37:09 [INFO]: Processing frame 540 (10.97 fps)
2020-03-18 17:37:11 [INFO]: Processing frame 560 (11.00 fps)
2020-03-18 17:37:14 [INFO]: Processing frame 580 (11.01 fps)
2020-03-18 17:37:16 [INFO]: Processing frame 600 (11.02 fps)
2020-03-18 17:37:19 [INFO]: Processing frame 620 (11.02 fps)
2020-03-18 17:37:21 [INFO]: Processing frame 640 (11.01 fps)
2020-03-18 17:37:24 [INFO]: Processing frame 660 (11.02 fps)
2020-03-18 17:37:26 [INFO]: Processing frame 680 (11.04 fps)
2020-03-18 17:37:29 [INFO]: Processing frame 700 (11.04 fps)
2020-03-18 17:37:31 [INFO]: Processing frame 720 (11.05 fps)
2020-03-18 17:37:34 [INFO]: Processing frame 740 (11.06 fps)
2020-03-18 17:37:35 [INFO]: save results to /home/master/JDEdata/MOT17/images/train/../results/weights/MOT17-13-SDP.txt
2020-03-18 17:37:35 [INFO]: Evaluate seq: MOT17-13-SDP
2020-03-18 17:37:36 [INFO]: Time elapsed: 477.56 seconds, FPS: 11.13
              IDF1   IDP   IDR  Rcll  Prcn  GT  MT  PT ML   FP    FN  IDs    FM  MOTA  MOTP IDt IDa IDm
MOT17-02-SDP 48.4% 55.7% 42.8% 68.8% 89.5%  62  20  34  8 1506  5796  311   506 59.0% 0.233 134 103  16
MOT17-04-SDP 70.2% 79.0% 63.2% 76.8% 96.0%  83  43  28 12 1508 11022  135   337 73.4% 0.199  55  59   6
MOT17-05-SDP 73.7% 78.5% 69.5% 83.3% 94.1% 133  72  51 10  359  1152  168   218 75.7% 0.212  89  72  28
MOT17-09-SDP 54.3% 61.0% 48.9% 74.8% 93.4%  26  13  13  0  282  1344  133   165 67.0% 0.212  76  38   7
MOT17-10-SDP 56.7% 63.0% 51.6% 75.5% 92.2%  57  25  30  2  824  3150  367   631 66.2% 0.233 144 107   9
MOT17-11-SDP 80.5% 83.2% 77.9% 89.0% 95.0%  75  48  23  4  442  1038   80   164 83.5% 0.175  25  38   7
MOT17-13-SDP 68.0% 77.3% 60.6% 72.2% 92.1% 110  41  58 11  724  3237  274   719 63.6% 0.234 150  93  32
OVERALL      65.3% 72.9% 59.2% 76.2% 93.8% 546 262 237 47 5645 26739 1468  2740 69.9% 0.211 673 510 105
