Namespace(cfg='cfg/yolov3_864x480.cfg', conf_thres=0.5, iou_thres=0.5, min_box_area=200, nms_thres=0.4, save_images=False, save_videos=False, test_mot15=False, test_mot16=False, test_mot17=True, track_buffer=30, weights='../weights/63_epoch_arcface.pt')

2020-03-18 18:10:06 [INFO]: start seq: MOT17-02-SDP
2020-03-18 18:29:04 [INFO]: Processing frame 0 (100000.00 fps)
2020-03-18 18:29:08 [INFO]: Processing frame 20 (12.35 fps)
2020-03-18 18:29:12 [INFO]: Processing frame 40 (10.87 fps)
2020-03-18 18:29:15 [INFO]: Processing frame 60 (11.06 fps)
2020-03-18 18:29:18 [INFO]: Processing frame 80 (10.83 fps)
2020-03-18 18:29:21 [INFO]: Processing frame 100 (10.78 fps)
2020-03-18 18:29:24 [INFO]: Processing frame 120 (10.64 fps)
2020-03-18 18:29:28 [INFO]: Processing frame 140 (10.65 fps)
2020-03-18 18:29:31 [INFO]: Processing frame 160 (10.71 fps)
2020-03-18 18:29:34 [INFO]: Processing frame 180 (10.77 fps)
2020-03-18 18:29:37 [INFO]: Processing frame 200 (10.77 fps)
2020-03-18 18:29:40 [INFO]: Processing frame 220 (10.90 fps)
2020-03-18 18:29:43 [INFO]: Processing frame 240 (10.75 fps)
2020-03-18 18:29:47 [INFO]: Processing frame 260 (10.71 fps)
2020-03-18 18:29:49 [INFO]: Processing frame 280 (10.78 fps)
2020-03-18 18:29:53 [INFO]: Processing frame 300 (10.81 fps)
2020-03-18 18:29:56 [INFO]: Processing frame 320 (10.82 fps)
2020-03-18 18:29:59 [INFO]: Processing frame 340 (10.75 fps)
2020-03-18 18:30:02 [INFO]: Processing frame 360 (10.69 fps)
2020-03-18 18:30:06 [INFO]: Processing frame 380 (10.65 fps)
2020-03-18 18:30:09 [INFO]: Processing frame 400 (10.69 fps)
2020-03-18 18:30:12 [INFO]: Processing frame 420 (10.62 fps)
2020-03-18 18:30:16 [INFO]: Processing frame 440 (10.60 fps)
2020-03-18 18:30:19 [INFO]: Processing frame 460 (10.55 fps)
2020-03-18 18:30:22 [INFO]: Processing frame 480 (10.55 fps)
2020-03-18 18:30:26 [INFO]: Processing frame 500 (10.53 fps)
2020-03-18 18:30:29 [INFO]: Processing frame 520 (10.53 fps)
2020-03-18 18:30:32 [INFO]: Processing frame 540 (10.52 fps)
2020-03-18 18:30:35 [INFO]: Processing frame 560 (10.62 fps)
2020-03-18 18:30:38 [INFO]: Processing frame 580 (10.64 fps)
2020-03-18 18:30:41 [INFO]: save results to /home/master/JDEdata/MOT17/images/train/../results/weights/MOT17-02-SDP.txt
2020-03-18 18:30:42 [INFO]: Evaluate seq: MOT17-02-SDP
2020-03-18 18:30:43 [INFO]: start seq: MOT17-04-SDP
2020-03-18 18:30:52 [INFO]: Processing frame 0 (100000.00 fps)
2020-03-18 18:30:55 [INFO]: Processing frame 20 (11.15 fps)
2020-03-18 18:30:59 [INFO]: Processing frame 40 (10.84 fps)
2020-03-18 18:31:01 [INFO]: Processing frame 60 (11.91 fps)
2020-03-18 18:31:05 [INFO]: Processing frame 80 (11.54 fps)
2020-03-18 18:31:08 [INFO]: Processing frame 100 (11.21 fps)
2020-03-18 18:31:11 [INFO]: Processing frame 120 (10.86 fps)
2020-03-18 18:31:15 [INFO]: Processing frame 140 (10.90 fps)
2020-03-18 18:31:18 [INFO]: Processing frame 160 (10.78 fps)
2020-03-18 18:31:21 [INFO]: Processing frame 180 (10.69 fps)
2020-03-18 18:31:25 [INFO]: Processing frame 200 (10.63 fps)
2020-03-18 18:31:28 [INFO]: Processing frame 220 (10.83 fps)
2020-03-18 18:31:31 [INFO]: Processing frame 240 (10.80 fps)
2020-03-18 18:31:34 [INFO]: Processing frame 260 (10.79 fps)
2020-03-18 18:31:37 [INFO]: Processing frame 280 (10.79 fps)
2020-03-18 18:31:40 [INFO]: Processing frame 300 (10.79 fps)
2020-03-18 18:31:44 [INFO]: Processing frame 320 (10.80 fps)
2020-03-18 18:31:47 [INFO]: Processing frame 340 (10.73 fps)
2020-03-18 18:31:50 [INFO]: Processing frame 360 (10.75 fps)
2020-03-18 18:31:53 [INFO]: Processing frame 380 (10.84 fps)
2020-03-18 18:31:56 [INFO]: Processing frame 400 (10.83 fps)
2020-03-18 18:31:59 [INFO]: Processing frame 420 (10.79 fps)
2020-03-18 18:32:03 [INFO]: Processing frame 440 (10.78 fps)
2020-03-18 18:32:06 [INFO]: Processing frame 460 (10.75 fps)
2020-03-18 18:32:09 [INFO]: Processing frame 480 (10.74 fps)
2020-03-18 18:32:12 [INFO]: Processing frame 500 (10.74 fps)
2020-03-18 18:32:15 [INFO]: Processing frame 520 (10.75 fps)
2020-03-18 18:32:18 [INFO]: Processing frame 540 (10.84 fps)
2020-03-18 18:32:21 [INFO]: Processing frame 560 (10.82 fps)
2020-03-18 18:32:25 [INFO]: Processing frame 580 (10.82 fps)
2020-03-18 18:32:28 [INFO]: Processing frame 600 (10.79 fps)
2020-03-18 18:32:32 [INFO]: Processing frame 620 (10.77 fps)
2020-03-18 18:32:35 [INFO]: Processing frame 640 (10.74 fps)
2020-03-18 18:32:38 [INFO]: Processing frame 660 (10.71 fps)
2020-03-18 18:32:41 [INFO]: Processing frame 680 (10.72 fps)
2020-03-18 18:32:44 [INFO]: Processing frame 700 (10.75 fps)
2020-03-18 18:32:48 [INFO]: Processing frame 720 (10.76 fps)
2020-03-18 18:32:51 [INFO]: Processing frame 740 (10.73 fps)
2020-03-18 18:32:54 [INFO]: Processing frame 760 (10.73 fps)
2020-03-18 18:32:57 [INFO]: Processing frame 780 (10.76 fps)
2020-03-18 18:33:00 [INFO]: Processing frame 800 (10.75 fps)
2020-03-18 18:33:04 [INFO]: Processing frame 820 (10.74 fps)
2020-03-18 18:33:07 [INFO]: Processing frame 840 (10.73 fps)
2020-03-18 18:33:10 [INFO]: Processing frame 860 (10.72 fps)
2020-03-18 18:33:13 [INFO]: Processing frame 880 (10.78 fps)
2020-03-18 18:33:17 [INFO]: Processing frame 900 (10.74 fps)
2020-03-18 18:33:20 [INFO]: Processing frame 920 (10.72 fps)
2020-03-18 18:33:23 [INFO]: Processing frame 940 (10.72 fps)
2020-03-18 18:33:27 [INFO]: Processing frame 960 (10.71 fps)
2020-03-18 18:33:30 [INFO]: Processing frame 980 (10.71 fps)
2020-03-18 18:33:33 [INFO]: Processing frame 1000 (10.68 fps)
2020-03-18 18:33:37 [INFO]: Processing frame 1020 (10.66 fps)
2020-03-18 18:33:40 [INFO]: Processing frame 1040 (10.67 fps)
2020-03-18 18:33:42 [INFO]: save results to /home/master/JDEdata/MOT17/images/train/../results/weights/MOT17-04-SDP.txt
2020-03-18 18:33:43 [INFO]: Evaluate seq: MOT17-04-SDP
2020-03-18 18:33:46 [INFO]: start seq: MOT17-05-SDP
2020-03-18 18:33:55 [INFO]: Processing frame 0 (100000.00 fps)
2020-03-18 18:33:57 [INFO]: Processing frame 20 (12.57 fps)
2020-03-18 18:34:00 [INFO]: Processing frame 40 (12.74 fps)
2020-03-18 18:34:02 [INFO]: Processing frame 60 (13.46 fps)
2020-03-18 18:34:04 [INFO]: Processing frame 80 (13.69 fps)
2020-03-18 18:34:06 [INFO]: Processing frame 100 (13.79 fps)
2020-03-18 18:34:08 [INFO]: Processing frame 120 (13.74 fps)
2020-03-18 18:34:10 [INFO]: Processing frame 140 (13.53 fps)
2020-03-18 18:34:12 [INFO]: Processing frame 160 (13.50 fps)
2020-03-18 18:34:15 [INFO]: Processing frame 180 (13.51 fps)
2020-03-18 18:34:17 [INFO]: Processing frame 200 (13.64 fps)
2020-03-18 18:34:19 [INFO]: Processing frame 220 (13.73 fps)
2020-03-18 18:34:21 [INFO]: Processing frame 240 (13.81 fps)
2020-03-18 18:34:23 [INFO]: Processing frame 260 (13.73 fps)
2020-03-18 18:34:25 [INFO]: Processing frame 280 (13.77 fps)
2020-03-18 18:34:28 [INFO]: Processing frame 300 (13.70 fps)
2020-03-18 18:34:29 [INFO]: Processing frame 320 (13.98 fps)
2020-03-18 18:34:31 [INFO]: Processing frame 340 (13.94 fps)
2020-03-18 18:34:34 [INFO]: Processing frame 360 (13.93 fps)
2020-03-18 18:34:36 [INFO]: Processing frame 380 (13.86 fps)
2020-03-18 18:34:38 [INFO]: Processing frame 400 (13.86 fps)
2020-03-18 18:34:40 [INFO]: Processing frame 420 (13.82 fps)
2020-03-18 18:34:42 [INFO]: Processing frame 440 (13.84 fps)
2020-03-18 18:34:44 [INFO]: Processing frame 460 (13.78 fps)
2020-03-18 18:34:47 [INFO]: Processing frame 480 (13.76 fps)
2020-03-18 18:34:49 [INFO]: Processing frame 500 (13.77 fps)
2020-03-18 18:34:51 [INFO]: Processing frame 520 (13.74 fps)
2020-03-18 18:34:53 [INFO]: Processing frame 540 (13.75 fps)
2020-03-18 18:34:56 [INFO]: Processing frame 560 (13.77 fps)
2020-03-18 18:34:58 [INFO]: Processing frame 580 (13.73 fps)
2020-03-18 18:35:00 [INFO]: Processing frame 600 (13.69 fps)
2020-03-18 18:35:02 [INFO]: Processing frame 620 (13.72 fps)
2020-03-18 18:35:05 [INFO]: Processing frame 640 (13.70 fps)
2020-03-18 18:35:07 [INFO]: Processing frame 660 (13.67 fps)
2020-03-18 18:35:09 [INFO]: Processing frame 680 (13.70 fps)
2020-03-18 18:35:11 [INFO]: Processing frame 700 (13.68 fps)
2020-03-18 18:35:14 [INFO]: Processing frame 720 (13.66 fps)
2020-03-18 18:35:16 [INFO]: Processing frame 740 (13.68 fps)
2020-03-18 18:35:18 [INFO]: Processing frame 760 (13.67 fps)
2020-03-18 18:35:20 [INFO]: Processing frame 780 (13.67 fps)
2020-03-18 18:35:23 [INFO]: Processing frame 800 (13.65 fps)
2020-03-18 18:35:25 [INFO]: Processing frame 820 (13.62 fps)
2020-03-18 18:35:27 [INFO]: save results to /home/master/JDEdata/MOT17/images/train/../results/weights/MOT17-05-SDP.txt
2020-03-18 18:35:28 [INFO]: Evaluate seq: MOT17-05-SDP
2020-03-18 18:35:29 [INFO]: start seq: MOT17-09-SDP
2020-03-18 18:35:38 [INFO]: Processing frame 0 (100000.00 fps)
2020-03-18 18:35:41 [INFO]: Processing frame 20 (11.80 fps)
2020-03-18 18:35:44 [INFO]: Processing frame 40 (12.64 fps)
2020-03-18 18:35:47 [INFO]: Processing frame 60 (12.49 fps)
2020-03-18 18:35:50 [INFO]: Processing frame 80 (12.02 fps)
2020-03-18 18:35:53 [INFO]: Processing frame 100 (12.10 fps)
2020-03-18 18:35:56 [INFO]: Processing frame 120 (12.07 fps)
2020-03-18 18:35:59 [INFO]: Processing frame 140 (11.98 fps)
2020-03-18 18:36:02 [INFO]: Processing frame 160 (12.02 fps)
2020-03-18 18:36:05 [INFO]: Processing frame 180 (12.07 fps)
2020-03-18 18:36:08 [INFO]: Processing frame 200 (12.08 fps)
2020-03-18 18:36:11 [INFO]: Processing frame 220 (11.94 fps)
2020-03-18 18:36:14 [INFO]: Processing frame 240 (11.95 fps)
2020-03-18 18:36:17 [INFO]: Processing frame 260 (11.91 fps)
2020-03-18 18:36:20 [INFO]: Processing frame 280 (11.84 fps)
2020-03-18 18:36:23 [INFO]: Processing frame 300 (11.84 fps)
2020-03-18 18:36:26 [INFO]: Processing frame 320 (11.87 fps)
2020-03-18 18:36:29 [INFO]: Processing frame 340 (12.03 fps)
2020-03-18 18:36:32 [INFO]: Processing frame 360 (12.04 fps)
2020-03-18 18:36:35 [INFO]: Processing frame 380 (12.02 fps)
2020-03-18 18:36:38 [INFO]: Processing frame 400 (12.01 fps)
2020-03-18 18:36:41 [INFO]: Processing frame 420 (12.02 fps)
2020-03-18 18:36:44 [INFO]: Processing frame 440 (11.96 fps)
2020-03-18 18:36:47 [INFO]: Processing frame 460 (11.95 fps)
2020-03-18 18:36:50 [INFO]: Processing frame 480 (11.94 fps)
2020-03-18 18:36:52 [INFO]: Processing frame 500 (12.07 fps)
2020-03-18 18:36:55 [INFO]: Processing frame 520 (12.02 fps)
2020-03-18 18:36:57 [INFO]: save results to /home/master/JDEdata/MOT17/images/train/../results/weights/MOT17-09-SDP.txt
2020-03-18 18:36:57 [INFO]: Evaluate seq: MOT17-09-SDP
2020-03-18 18:36:58 [INFO]: start seq: MOT17-10-SDP
2020-03-18 18:37:07 [INFO]: Processing frame 0 (100000.00 fps)
2020-03-18 18:37:10 [INFO]: Processing frame 20 (10.79 fps)
2020-03-18 18:37:14 [INFO]: Processing frame 40 (10.75 fps)
2020-03-18 18:37:16 [INFO]: Processing frame 60 (11.48 fps)
2020-03-18 18:37:19 [INFO]: Processing frame 80 (11.28 fps)
2020-03-18 18:37:22 [INFO]: Processing frame 100 (11.23 fps)
2020-03-18 18:37:26 [INFO]: Processing frame 120 (11.18 fps)
2020-03-18 18:37:29 [INFO]: Processing frame 140 (11.09 fps)
2020-03-18 18:37:32 [INFO]: Processing frame 160 (11.05 fps)
2020-03-18 18:37:35 [INFO]: Processing frame 180 (10.96 fps)
2020-03-18 18:37:38 [INFO]: Processing frame 200 (11.13 fps)
2020-03-18 18:37:41 [INFO]: Processing frame 220 (11.19 fps)
2020-03-18 18:37:44 [INFO]: Processing frame 240 (11.12 fps)
2020-03-18 18:37:47 [INFO]: Processing frame 260 (11.13 fps)
2020-03-18 18:37:50 [INFO]: Processing frame 280 (11.15 fps)
2020-03-18 18:37:53 [INFO]: Processing frame 300 (11.06 fps)
2020-03-18 18:37:57 [INFO]: Processing frame 320 (11.02 fps)
2020-03-18 18:38:00 [INFO]: Processing frame 340 (11.04 fps)
2020-03-18 18:38:03 [INFO]: Processing frame 360 (11.17 fps)
2020-03-18 18:38:06 [INFO]: Processing frame 380 (11.19 fps)
2020-03-18 18:38:09 [INFO]: Processing frame 400 (11.15 fps)
2020-03-18 18:38:12 [INFO]: Processing frame 420 (11.14 fps)
2020-03-18 18:38:15 [INFO]: Processing frame 440 (11.15 fps)
2020-03-18 18:38:18 [INFO]: Processing frame 460 (11.16 fps)
2020-03-18 18:38:21 [INFO]: Processing frame 480 (11.18 fps)
2020-03-18 18:38:24 [INFO]: Processing frame 500 (11.20 fps)
2020-03-18 18:38:27 [INFO]: Processing frame 520 (11.27 fps)
2020-03-18 18:38:30 [INFO]: Processing frame 540 (11.27 fps)
2020-03-18 18:38:33 [INFO]: Processing frame 560 (11.25 fps)
2020-03-18 18:38:36 [INFO]: Processing frame 580 (11.25 fps)
2020-03-18 18:38:39 [INFO]: Processing frame 600 (11.24 fps)
2020-03-18 18:38:43 [INFO]: Processing frame 620 (11.22 fps)
2020-03-18 18:38:46 [INFO]: Processing frame 640 (11.23 fps)
2020-03-18 18:38:48 [INFO]: save results to /home/master/JDEdata/MOT17/images/train/../results/weights/MOT17-10-SDP.txt
2020-03-18 18:38:48 [INFO]: Evaluate seq: MOT17-10-SDP
2020-03-18 18:38:50 [INFO]: start seq: MOT17-11-SDP
2020-03-18 18:38:59 [INFO]: Processing frame 0 (100000.00 fps)
2020-03-18 18:39:02 [INFO]: Processing frame 20 (11.58 fps)
2020-03-18 18:39:05 [INFO]: Processing frame 40 (11.21 fps)
2020-03-18 18:39:08 [INFO]: Processing frame 60 (11.19 fps)
2020-03-18 18:39:11 [INFO]: Processing frame 80 (12.04 fps)
2020-03-18 18:39:14 [INFO]: Processing frame 100 (11.99 fps)
2020-03-18 18:39:17 [INFO]: Processing frame 120 (11.72 fps)
2020-03-18 18:39:20 [INFO]: Processing frame 140 (11.66 fps)
2020-03-18 18:39:23 [INFO]: Processing frame 160 (11.72 fps)
2020-03-18 18:39:26 [INFO]: Processing frame 180 (11.66 fps)
2020-03-18 18:39:29 [INFO]: Processing frame 200 (11.70 fps)
2020-03-18 18:39:32 [INFO]: Processing frame 220 (11.61 fps)
2020-03-18 18:39:35 [INFO]: Processing frame 240 (11.96 fps)
2020-03-18 18:39:38 [INFO]: Processing frame 260 (11.95 fps)
2020-03-18 18:39:41 [INFO]: Processing frame 280 (11.89 fps)
2020-03-18 18:39:44 [INFO]: Processing frame 300 (11.90 fps)
2020-03-18 18:39:47 [INFO]: Processing frame 320 (11.90 fps)
2020-03-18 18:39:50 [INFO]: Processing frame 340 (11.91 fps)
2020-03-18 18:39:53 [INFO]: Processing frame 360 (11.88 fps)
2020-03-18 18:39:56 [INFO]: Processing frame 380 (11.87 fps)
2020-03-18 18:39:58 [INFO]: Processing frame 400 (12.03 fps)
2020-03-18 18:40:01 [INFO]: Processing frame 420 (12.03 fps)
2020-03-18 18:40:04 [INFO]: Processing frame 440 (11.98 fps)
2020-03-18 18:40:08 [INFO]: Processing frame 460 (11.95 fps)
2020-03-18 18:40:11 [INFO]: Processing frame 480 (11.90 fps)
2020-03-18 18:40:14 [INFO]: Processing frame 500 (11.88 fps)
2020-03-18 18:40:17 [INFO]: Processing frame 520 (11.87 fps)
2020-03-18 18:40:20 [INFO]: Processing frame 540 (11.87 fps)
2020-03-18 18:40:22 [INFO]: Processing frame 560 (11.99 fps)
2020-03-18 18:40:25 [INFO]: Processing frame 580 (11.94 fps)
2020-03-18 18:40:28 [INFO]: Processing frame 600 (11.93 fps)
2020-03-18 18:40:31 [INFO]: Processing frame 620 (11.93 fps)
2020-03-18 18:40:34 [INFO]: Processing frame 640 (11.91 fps)
2020-03-18 18:40:37 [INFO]: Processing frame 660 (11.88 fps)
2020-03-18 18:40:40 [INFO]: Processing frame 680 (11.87 fps)
2020-03-18 18:40:44 [INFO]: Processing frame 700 (11.83 fps)
2020-03-18 18:40:46 [INFO]: Processing frame 720 (11.92 fps)
2020-03-18 18:40:49 [INFO]: Processing frame 740 (11.89 fps)
2020-03-18 18:40:52 [INFO]: Processing frame 760 (11.87 fps)
2020-03-18 18:40:55 [INFO]: Processing frame 780 (11.86 fps)
2020-03-18 18:40:58 [INFO]: Processing frame 800 (11.84 fps)
2020-03-18 18:41:02 [INFO]: Processing frame 820 (11.83 fps)
2020-03-18 18:41:04 [INFO]: Processing frame 840 (11.83 fps)
2020-03-18 18:41:07 [INFO]: Processing frame 860 (11.83 fps)
2020-03-18 18:41:10 [INFO]: Processing frame 880 (11.89 fps)
2020-03-18 18:41:13 [INFO]: save results to /home/master/JDEdata/MOT17/images/train/../results/weights/MOT17-11-SDP.txt
2020-03-18 18:41:14 [INFO]: Evaluate seq: MOT17-11-SDP
2020-03-18 18:41:15 [INFO]: start seq: MOT17-13-SDP
2020-03-18 18:41:24 [INFO]: Processing frame 0 (100000.00 fps)
2020-03-18 18:41:27 [INFO]: Processing frame 20 (11.76 fps)
2020-03-18 18:41:30 [INFO]: Processing frame 40 (11.70 fps)
2020-03-18 18:41:33 [INFO]: Processing frame 60 (12.00 fps)
2020-03-18 18:41:36 [INFO]: Processing frame 80 (11.92 fps)
2020-03-18 18:41:39 [INFO]: Processing frame 100 (11.70 fps)
2020-03-18 18:41:43 [INFO]: Processing frame 120 (11.48 fps)
2020-03-18 18:41:46 [INFO]: Processing frame 140 (11.20 fps)
2020-03-18 18:41:49 [INFO]: Processing frame 160 (11.26 fps)
2020-03-18 18:41:52 [INFO]: Processing frame 180 (11.16 fps)
2020-03-18 18:41:55 [INFO]: Processing frame 200 (11.41 fps)
2020-03-18 18:41:58 [INFO]: Processing frame 220 (11.41 fps)
2020-03-18 18:42:02 [INFO]: Processing frame 240 (11.29 fps)
2020-03-18 18:42:05 [INFO]: Processing frame 260 (11.33 fps)
2020-03-18 18:42:08 [INFO]: Processing frame 280 (11.35 fps)
2020-03-18 18:42:11 [INFO]: Processing frame 300 (11.35 fps)
2020-03-18 18:42:15 [INFO]: Processing frame 320 (11.23 fps)
2020-03-18 18:42:18 [INFO]: Processing frame 340 (11.27 fps)
2020-03-18 18:42:21 [INFO]: Processing frame 360 (11.25 fps)
2020-03-18 18:42:24 [INFO]: Processing frame 380 (11.22 fps)
2020-03-18 18:42:27 [INFO]: Processing frame 400 (11.25 fps)
2020-03-18 18:42:30 [INFO]: Processing frame 420 (11.31 fps)
2020-03-18 18:42:33 [INFO]: Processing frame 440 (11.28 fps)
2020-03-18 18:42:37 [INFO]: Processing frame 460 (11.25 fps)
2020-03-18 18:42:40 [INFO]: Processing frame 480 (11.27 fps)
2020-03-18 18:42:42 [INFO]: Processing frame 500 (11.45 fps)
2020-03-18 18:42:45 [INFO]: Processing frame 520 (11.46 fps)
2020-03-18 18:42:48 [INFO]: Processing frame 540 (11.46 fps)
2020-03-18 18:42:51 [INFO]: Processing frame 560 (11.47 fps)
2020-03-18 18:42:54 [INFO]: Processing frame 580 (11.51 fps)
2020-03-18 18:42:57 [INFO]: Processing frame 600 (11.52 fps)
2020-03-18 18:43:00 [INFO]: Processing frame 620 (11.54 fps)
2020-03-18 18:43:03 [INFO]: Processing frame 640 (11.54 fps)
2020-03-18 18:43:06 [INFO]: Processing frame 660 (11.66 fps)
2020-03-18 18:43:09 [INFO]: Processing frame 680 (11.67 fps)
2020-03-18 18:43:12 [INFO]: Processing frame 700 (11.66 fps)
2020-03-18 18:43:15 [INFO]: Processing frame 720 (11.68 fps)
2020-03-18 18:43:18 [INFO]: Processing frame 740 (11.67 fps)
2020-03-18 18:43:20 [INFO]: save results to /home/master/JDEdata/MOT17/images/train/../results/weights/MOT17-13-SDP.txt
2020-03-18 18:43:20 [INFO]: Evaluate seq: MOT17-13-SDP
2020-03-18 18:43:22 [INFO]: Time elapsed: 458.26 seconds, FPS: 11.60
              IDF1   IDP   IDR  Rcll  Prcn  GT  MT  PT ML   FP    FN  IDs    FM  MOTA  MOTP IDt IDa IDm
MOT17-02-SDP 49.0% 55.8% 43.7% 69.4% 88.6%  62  23  32  7 1662  5679  284   476 59.0% 0.222 141  86  17
MOT17-04-SDP 72.0% 80.7% 65.0% 77.4% 96.2%  83  44  28 11 1466 10730  127   293 74.1% 0.197  48  59   6
MOT17-05-SDP 75.7% 80.1% 71.8% 84.3% 94.1% 133  77  45 11  368  1088  157   222 76.7% 0.206  86  62  24
MOT17-09-SDP 52.9% 58.8% 48.0% 76.6% 93.8%  26  14  12  0  272  1244  143   159 68.8% 0.200  81  33   6
MOT17-10-SDP 58.5% 63.9% 53.9% 76.9% 91.2%  57  27  28  2  957  2966  368   629 66.6% 0.229 153  95   6
MOT17-11-SDP 70.6% 73.0% 68.4% 89.2% 95.2%  75  48  22  5  421  1022   91   168 83.7% 0.172  29  41   5
MOT17-13-SDP 65.6% 72.9% 59.5% 74.1% 90.7% 110  50  49 11  880  3017  314   704 63.8% 0.230 163  91  33
OVERALL      65.3% 72.2% 59.5% 77.1% 93.5% 546 283 216 47 6026 25746 1484  2651 70.4% 0.206 701 467  97
