Namespace(cfg='cfg/yolov3_864x480.cfg', conf_thres=0.5, iou_thres=0.5, min_box_area=200, nms_thres=0.4, save_images=False, save_videos=False, test_mot15=False, test_mot16=True, test_mot17=False, track_buffer=30, weights='/home/master/koi/weights/66_epoch_arcface_sphere.pt')

2020-03-20 12:57:44 [INFO]: start seq: MOT16-01
2020-03-20 12:57:49 [INFO]: Processing frame 0 (100000.00 fps)
2020-03-20 12:57:52 [INFO]: Processing frame 20 (13.29 fps)
2020-03-20 12:57:53 [INFO]: Processing frame 40 (14.54 fps)
2020-03-20 12:57:55 [INFO]: Processing frame 60 (15.00 fps)
2020-03-20 12:57:57 [INFO]: Processing frame 80 (15.27 fps)
2020-03-20 12:57:59 [INFO]: Processing frame 100 (15.47 fps)
2020-03-20 12:58:01 [INFO]: Processing frame 120 (15.55 fps)
2020-03-20 12:58:03 [INFO]: Processing frame 140 (15.64 fps)
2020-03-20 12:58:05 [INFO]: Processing frame 160 (15.68 fps)
2020-03-20 12:58:07 [INFO]: Processing frame 180 (15.72 fps)
2020-03-20 12:58:09 [INFO]: Processing frame 200 (15.71 fps)
2020-03-20 12:58:11 [INFO]: Processing frame 220 (15.62 fps)
2020-03-20 12:58:13 [INFO]: Processing frame 240 (15.13 fps)
2020-03-20 12:58:16 [INFO]: Processing frame 260 (14.72 fps)
2020-03-20 12:58:18 [INFO]: Processing frame 280 (14.40 fps)
2020-03-20 12:58:20 [INFO]: Processing frame 300 (14.41 fps)
2020-03-20 12:58:22 [INFO]: Processing frame 320 (14.35 fps)
2020-03-20 12:58:25 [INFO]: Processing frame 340 (14.27 fps)
2020-03-20 12:58:27 [INFO]: Processing frame 360 (14.19 fps)
2020-03-20 12:58:29 [INFO]: Processing frame 380 (14.13 fps)
2020-03-20 12:58:31 [INFO]: Processing frame 400 (14.08 fps)
2020-03-20 12:58:33 [INFO]: Processing frame 420 (14.06 fps)
2020-03-20 12:58:36 [INFO]: Processing frame 440 (14.00 fps)
2020-03-20 12:58:37 [INFO]: save results to /home/master/JDEdata/MOT16/test/../results/weights/MOT16-01.txt
2020-03-20 12:58:37 [INFO]: Evaluate seq: MOT16-01
2020-03-20 12:58:37 [INFO]: start seq: MOT16-03
2020-03-20 12:58:38 [INFO]: Processing frame 0 (100000.00 fps)
2020-03-20 12:58:40 [INFO]: Processing frame 20 (12.71 fps)
2020-03-20 12:58:43 [INFO]: Processing frame 40 (12.56 fps)
2020-03-20 12:58:45 [INFO]: Processing frame 60 (12.60 fps)
2020-03-20 12:58:48 [INFO]: Processing frame 80 (12.50 fps)
2020-03-20 12:58:50 [INFO]: Processing frame 100 (12.43 fps)
2020-03-20 12:58:52 [INFO]: Processing frame 120 (12.30 fps)
2020-03-20 12:58:55 [INFO]: Processing frame 140 (12.29 fps)
2020-03-20 12:58:57 [INFO]: Processing frame 160 (12.16 fps)
2020-03-20 12:59:00 [INFO]: Processing frame 180 (12.11 fps)
2020-03-20 12:59:02 [INFO]: Processing frame 200 (11.99 fps)
2020-03-20 12:59:05 [INFO]: Processing frame 220 (11.86 fps)
2020-03-20 12:59:07 [INFO]: Processing frame 240 (11.88 fps)
2020-03-20 12:59:10 [INFO]: Processing frame 260 (11.76 fps)
2020-03-20 12:59:13 [INFO]: Processing frame 280 (11.83 fps)
2020-03-20 12:59:15 [INFO]: Processing frame 300 (11.88 fps)
2020-03-20 12:59:17 [INFO]: Processing frame 320 (11.85 fps)
2020-03-20 12:59:20 [INFO]: Processing frame 340 (11.90 fps)
2020-03-20 12:59:22 [INFO]: Processing frame 360 (12.06 fps)
2020-03-20 12:59:24 [INFO]: Processing frame 380 (12.03 fps)
2020-03-20 12:59:27 [INFO]: Processing frame 400 (12.03 fps)
2020-03-20 12:59:30 [INFO]: Processing frame 420 (11.94 fps)
2020-03-20 12:59:32 [INFO]: Processing frame 440 (11.86 fps)
2020-03-20 12:59:35 [INFO]: Processing frame 460 (11.79 fps)
2020-03-20 12:59:38 [INFO]: Processing frame 480 (11.74 fps)
2020-03-20 12:59:40 [INFO]: Processing frame 500 (11.77 fps)
2020-03-20 12:59:42 [INFO]: Processing frame 520 (11.88 fps)
2020-03-20 12:59:44 [INFO]: Processing frame 540 (11.96 fps)
2020-03-20 12:59:47 [INFO]: Processing frame 560 (12.04 fps)
2020-03-20 12:59:49 [INFO]: Processing frame 580 (12.11 fps)
2020-03-20 12:59:51 [INFO]: Processing frame 600 (12.19 fps)
2020-03-20 12:59:53 [INFO]: Processing frame 620 (12.24 fps)
2020-03-20 12:59:55 [INFO]: Processing frame 640 (12.27 fps)
2020-03-20 12:59:58 [INFO]: Processing frame 660 (12.31 fps)
2020-03-20 13:00:00 [INFO]: Processing frame 680 (12.35 fps)
2020-03-20 13:00:02 [INFO]: Processing frame 700 (12.41 fps)
2020-03-20 13:00:04 [INFO]: Processing frame 720 (12.48 fps)
2020-03-20 13:00:06 [INFO]: Processing frame 740 (12.53 fps)
2020-03-20 13:00:08 [INFO]: Processing frame 760 (12.58 fps)
2020-03-20 13:00:11 [INFO]: Processing frame 780 (12.63 fps)
2020-03-20 13:00:13 [INFO]: Processing frame 800 (12.66 fps)
2020-03-20 13:00:15 [INFO]: Processing frame 820 (12.69 fps)
2020-03-20 13:00:17 [INFO]: Processing frame 840 (12.72 fps)
2020-03-20 13:00:19 [INFO]: Processing frame 860 (12.78 fps)
2020-03-20 13:00:22 [INFO]: Processing frame 880 (12.82 fps)
2020-03-20 13:00:24 [INFO]: Processing frame 900 (12.85 fps)
2020-03-20 13:00:26 [INFO]: Processing frame 920 (12.89 fps)
2020-03-20 13:00:28 [INFO]: Processing frame 940 (12.92 fps)
2020-03-20 13:00:30 [INFO]: Processing frame 960 (12.93 fps)
2020-03-20 13:00:33 [INFO]: Processing frame 980 (12.96 fps)
2020-03-20 13:00:35 [INFO]: Processing frame 1000 (13.00 fps)
2020-03-20 13:00:37 [INFO]: Processing frame 1020 (13.03 fps)
2020-03-20 13:00:39 [INFO]: Processing frame 1040 (13.06 fps)
2020-03-20 13:00:41 [INFO]: Processing frame 1060 (13.10 fps)
2020-03-20 13:00:43 [INFO]: Processing frame 1080 (13.13 fps)
2020-03-20 13:00:45 [INFO]: Processing frame 1100 (13.17 fps)
2020-03-20 13:00:47 [INFO]: Processing frame 1120 (13.19 fps)
2020-03-20 13:00:50 [INFO]: Processing frame 1140 (13.23 fps)
2020-03-20 13:00:52 [INFO]: Processing frame 1160 (13.25 fps)
2020-03-20 13:00:54 [INFO]: Processing frame 1180 (13.29 fps)
2020-03-20 13:00:56 [INFO]: Processing frame 1200 (13.31 fps)
2020-03-20 13:00:58 [INFO]: Processing frame 1220 (13.33 fps)
2020-03-20 13:01:00 [INFO]: Processing frame 1240 (13.36 fps)
2020-03-20 13:01:02 [INFO]: Processing frame 1260 (13.39 fps)
2020-03-20 13:01:04 [INFO]: Processing frame 1280 (13.42 fps)
2020-03-20 13:01:07 [INFO]: Processing frame 1300 (13.44 fps)
2020-03-20 13:01:09 [INFO]: Processing frame 1320 (13.46 fps)
2020-03-20 13:01:11 [INFO]: Processing frame 1340 (13.47 fps)
2020-03-20 13:01:13 [INFO]: Processing frame 1360 (13.50 fps)
2020-03-20 13:01:15 [INFO]: Processing frame 1380 (13.55 fps)
2020-03-20 13:01:17 [INFO]: Processing frame 1400 (13.60 fps)
2020-03-20 13:01:19 [INFO]: Processing frame 1420 (13.60 fps)
2020-03-20 13:01:21 [INFO]: Processing frame 1440 (13.63 fps)
2020-03-20 13:01:24 [INFO]: Processing frame 1460 (13.64 fps)
2020-03-20 13:01:26 [INFO]: Processing frame 1480 (13.67 fps)
2020-03-20 13:01:28 [INFO]: save results to /home/master/JDEdata/MOT16/test/../results/weights/MOT16-03.txt
2020-03-20 13:01:29 [INFO]: Evaluate seq: MOT16-03
2020-03-20 13:01:30 [INFO]: start seq: MOT16-06
2020-03-20 13:01:31 [INFO]: Processing frame 0 (100000.00 fps)
2020-03-20 13:01:32 [INFO]: Processing frame 20 (16.18 fps)
2020-03-20 13:01:34 [INFO]: Processing frame 40 (16.16 fps)
2020-03-20 13:01:35 [INFO]: Processing frame 60 (16.10 fps)
2020-03-20 13:01:36 [INFO]: Processing frame 80 (16.17 fps)
2020-03-20 13:01:38 [INFO]: Processing frame 100 (16.29 fps)
2020-03-20 13:01:39 [INFO]: Processing frame 120 (16.28 fps)
2020-03-20 13:01:40 [INFO]: Processing frame 140 (16.36 fps)
2020-03-20 13:01:42 [INFO]: Processing frame 160 (16.40 fps)
2020-03-20 13:01:43 [INFO]: Processing frame 180 (16.41 fps)
2020-03-20 13:01:44 [INFO]: Processing frame 200 (16.43 fps)
2020-03-20 13:01:46 [INFO]: Processing frame 220 (16.44 fps)
2020-03-20 13:01:47 [INFO]: Processing frame 240 (16.45 fps)
2020-03-20 13:01:49 [INFO]: Processing frame 260 (16.44 fps)
2020-03-20 13:01:50 [INFO]: Processing frame 280 (16.42 fps)
2020-03-20 13:01:51 [INFO]: Processing frame 300 (16.41 fps)
2020-03-20 13:01:53 [INFO]: Processing frame 320 (16.41 fps)
2020-03-20 13:01:54 [INFO]: Processing frame 340 (16.41 fps)
2020-03-20 13:01:55 [INFO]: Processing frame 360 (16.42 fps)
2020-03-20 13:01:57 [INFO]: Processing frame 380 (16.42 fps)
2020-03-20 13:01:58 [INFO]: Processing frame 400 (16.42 fps)
2020-03-20 13:01:59 [INFO]: Processing frame 420 (16.44 fps)
2020-03-20 13:02:01 [INFO]: Processing frame 440 (16.43 fps)
2020-03-20 13:02:02 [INFO]: Processing frame 460 (16.42 fps)
2020-03-20 13:02:04 [INFO]: Processing frame 480 (16.42 fps)
2020-03-20 13:02:05 [INFO]: Processing frame 500 (16.42 fps)
2020-03-20 13:02:06 [INFO]: Processing frame 520 (16.40 fps)
2020-03-20 13:02:08 [INFO]: Processing frame 540 (16.40 fps)
2020-03-20 13:02:09 [INFO]: Processing frame 560 (16.39 fps)
2020-03-20 13:02:10 [INFO]: Processing frame 580 (16.62 fps)
2020-03-20 13:02:11 [INFO]: Processing frame 600 (16.86 fps)
2020-03-20 13:02:12 [INFO]: Processing frame 620 (17.02 fps)
2020-03-20 13:02:13 [INFO]: Processing frame 640 (17.12 fps)
2020-03-20 13:02:14 [INFO]: Processing frame 660 (17.25 fps)
2020-03-20 13:02:15 [INFO]: Processing frame 680 (17.38 fps)
2020-03-20 13:02:16 [INFO]: Processing frame 700 (17.50 fps)
2020-03-20 13:02:17 [INFO]: Processing frame 720 (17.61 fps)
2020-03-20 13:02:18 [INFO]: Processing frame 740 (17.69 fps)
2020-03-20 13:02:19 [INFO]: Processing frame 760 (17.76 fps)
2020-03-20 13:02:20 [INFO]: Processing frame 780 (17.82 fps)
2020-03-20 13:02:21 [INFO]: Processing frame 800 (17.88 fps)
2020-03-20 13:02:23 [INFO]: Processing frame 820 (17.94 fps)
2020-03-20 13:02:24 [INFO]: Processing frame 840 (18.01 fps)
2020-03-20 13:02:25 [INFO]: Processing frame 860 (18.04 fps)
2020-03-20 13:02:26 [INFO]: Processing frame 880 (18.09 fps)
2020-03-20 13:02:27 [INFO]: Processing frame 900 (18.13 fps)
2020-03-20 13:02:28 [INFO]: Processing frame 920 (18.18 fps)
2020-03-20 13:02:29 [INFO]: Processing frame 940 (18.24 fps)
2020-03-20 13:02:30 [INFO]: Processing frame 960 (18.28 fps)
2020-03-20 13:02:31 [INFO]: Processing frame 980 (18.34 fps)
2020-03-20 13:02:33 [INFO]: Processing frame 1000 (18.39 fps)
2020-03-20 13:02:34 [INFO]: Processing frame 1020 (18.43 fps)
2020-03-20 13:02:35 [INFO]: Processing frame 1040 (18.47 fps)
2020-03-20 13:02:36 [INFO]: Processing frame 1060 (18.49 fps)
2020-03-20 13:02:37 [INFO]: Processing frame 1080 (18.52 fps)
2020-03-20 13:02:38 [INFO]: Processing frame 1100 (18.56 fps)
2020-03-20 13:02:39 [INFO]: Processing frame 1120 (18.61 fps)
2020-03-20 13:02:40 [INFO]: Processing frame 1140 (18.67 fps)
2020-03-20 13:02:41 [INFO]: Processing frame 1160 (18.71 fps)
2020-03-20 13:02:42 [INFO]: Processing frame 1180 (18.77 fps)
2020-03-20 13:02:43 [INFO]: save results to /home/master/JDEdata/MOT16/test/../results/weights/MOT16-06.txt
2020-03-20 13:02:43 [INFO]: Evaluate seq: MOT16-06
2020-03-20 13:02:43 [INFO]: start seq: MOT16-07
2020-03-20 13:02:45 [INFO]: Processing frame 0 (100000.00 fps)
2020-03-20 13:02:47 [INFO]: Processing frame 20 (15.35 fps)
2020-03-20 13:02:49 [INFO]: Processing frame 40 (15.29 fps)
2020-03-20 13:02:51 [INFO]: Processing frame 60 (15.58 fps)
2020-03-20 13:02:53 [INFO]: Processing frame 80 (15.69 fps)
2020-03-20 13:02:55 [INFO]: Processing frame 100 (15.83 fps)
2020-03-20 13:02:57 [INFO]: Processing frame 120 (15.82 fps)
2020-03-20 13:02:59 [INFO]: Processing frame 140 (15.82 fps)
2020-03-20 13:03:01 [INFO]: Processing frame 160 (15.96 fps)
2020-03-20 13:03:02 [INFO]: Processing frame 180 (16.42 fps)
2020-03-20 13:03:04 [INFO]: Processing frame 200 (16.33 fps)
2020-03-20 13:03:06 [INFO]: Processing frame 220 (16.24 fps)
2020-03-20 13:03:08 [INFO]: Processing frame 240 (16.22 fps)
2020-03-20 13:03:10 [INFO]: Processing frame 260 (16.14 fps)
2020-03-20 13:03:12 [INFO]: Processing frame 280 (16.12 fps)
2020-03-20 13:03:14 [INFO]: Processing frame 300 (16.16 fps)
2020-03-20 13:03:16 [INFO]: Processing frame 320 (16.19 fps)
2020-03-20 13:03:18 [INFO]: Processing frame 340 (16.22 fps)
2020-03-20 13:03:20 [INFO]: Processing frame 360 (16.23 fps)
2020-03-20 13:03:22 [INFO]: Processing frame 380 (16.24 fps)
2020-03-20 13:03:24 [INFO]: Processing frame 400 (16.25 fps)
2020-03-20 13:03:26 [INFO]: Processing frame 420 (16.22 fps)
2020-03-20 13:03:28 [INFO]: Processing frame 440 (16.28 fps)
2020-03-20 13:03:30 [INFO]: Processing frame 460 (16.26 fps)
2020-03-20 13:03:32 [INFO]: Processing frame 480 (16.19 fps)
2020-03-20 13:03:34 [INFO]: save results to /home/master/JDEdata/MOT16/test/../results/weights/MOT16-07.txt
2020-03-20 13:03:34 [INFO]: Evaluate seq: MOT16-07
2020-03-20 13:03:35 [INFO]: start seq: MOT16-08
2020-03-20 13:03:36 [INFO]: Processing frame 0 (100000.00 fps)
2020-03-20 13:03:38 [INFO]: Processing frame 20 (15.44 fps)
2020-03-20 13:03:40 [INFO]: Processing frame 40 (15.61 fps)
2020-03-20 13:03:42 [INFO]: Processing frame 60 (15.78 fps)
2020-03-20 13:03:44 [INFO]: Processing frame 80 (15.77 fps)
2020-03-20 13:03:46 [INFO]: Processing frame 100 (15.68 fps)
2020-03-20 13:03:48 [INFO]: Processing frame 120 (15.83 fps)
2020-03-20 13:03:50 [INFO]: Processing frame 140 (15.95 fps)
2020-03-20 13:03:52 [INFO]: Processing frame 160 (16.10 fps)
2020-03-20 13:03:54 [INFO]: Processing frame 180 (16.07 fps)
2020-03-20 13:03:56 [INFO]: Processing frame 200 (16.21 fps)
2020-03-20 13:03:58 [INFO]: Processing frame 220 (16.43 fps)
2020-03-20 13:04:00 [INFO]: Processing frame 240 (16.60 fps)
2020-03-20 13:04:02 [INFO]: Processing frame 260 (16.70 fps)
2020-03-20 13:04:04 [INFO]: Processing frame 280 (16.68 fps)
2020-03-20 13:04:06 [INFO]: Processing frame 300 (16.57 fps)
2020-03-20 13:04:08 [INFO]: Processing frame 320 (16.76 fps)
2020-03-20 13:04:10 [INFO]: Processing frame 340 (16.98 fps)
2020-03-20 13:04:12 [INFO]: Processing frame 360 (17.06 fps)
2020-03-20 13:04:14 [INFO]: Processing frame 380 (17.00 fps)
2020-03-20 13:04:16 [INFO]: Processing frame 400 (16.90 fps)
2020-03-20 13:04:18 [INFO]: Processing frame 420 (16.82 fps)
2020-03-20 13:04:20 [INFO]: Processing frame 440 (16.81 fps)
2020-03-20 13:04:22 [INFO]: Processing frame 460 (16.76 fps)
2020-03-20 13:04:24 [INFO]: Processing frame 480 (16.77 fps)
2020-03-20 13:04:26 [INFO]: Processing frame 500 (16.77 fps)
2020-03-20 13:04:27 [INFO]: Processing frame 520 (16.84 fps)
2020-03-20 13:04:29 [INFO]: Processing frame 540 (16.90 fps)
2020-03-20 13:04:31 [INFO]: Processing frame 560 (16.87 fps)
2020-03-20 13:04:33 [INFO]: Processing frame 580 (16.86 fps)
2020-03-20 13:04:36 [INFO]: Processing frame 600 (16.81 fps)
2020-03-20 13:04:37 [INFO]: Processing frame 620 (16.83 fps)
2020-03-20 13:04:38 [INFO]: save results to /home/master/JDEdata/MOT16/test/../results/weights/MOT16-08.txt
2020-03-20 13:04:38 [INFO]: Evaluate seq: MOT16-08
2020-03-20 13:04:38 [INFO]: start seq: MOT16-12
2020-03-20 13:04:39 [INFO]: Processing frame 0 (100000.00 fps)
2020-03-20 13:04:41 [INFO]: Processing frame 20 (18.09 fps)
2020-03-20 13:04:43 [INFO]: Processing frame 40 (18.02 fps)
2020-03-20 13:04:45 [INFO]: Processing frame 60 (17.47 fps)
2020-03-20 13:04:47 [INFO]: Processing frame 80 (17.18 fps)
2020-03-20 13:04:49 [INFO]: Processing frame 100 (16.94 fps)
2020-03-20 13:04:51 [INFO]: Processing frame 120 (16.80 fps)
2020-03-20 13:04:53 [INFO]: Processing frame 140 (16.68 fps)
2020-03-20 13:04:55 [INFO]: Processing frame 160 (16.65 fps)
2020-03-20 13:04:57 [INFO]: Processing frame 180 (16.66 fps)
2020-03-20 13:04:59 [INFO]: Processing frame 200 (16.73 fps)
2020-03-20 13:05:01 [INFO]: Processing frame 220 (16.84 fps)
2020-03-20 13:05:02 [INFO]: Processing frame 240 (16.90 fps)
2020-03-20 13:05:04 [INFO]: Processing frame 260 (16.93 fps)
2020-03-20 13:05:06 [INFO]: Processing frame 280 (16.99 fps)
2020-03-20 13:05:08 [INFO]: Processing frame 300 (16.92 fps)
2020-03-20 13:05:10 [INFO]: Processing frame 320 (16.88 fps)
2020-03-20 13:05:12 [INFO]: Processing frame 340 (16.84 fps)
2020-03-20 13:05:14 [INFO]: Processing frame 360 (16.81 fps)
2020-03-20 13:05:16 [INFO]: Processing frame 380 (16.78 fps)
2020-03-20 13:05:18 [INFO]: Processing frame 400 (16.76 fps)
2020-03-20 13:05:20 [INFO]: Processing frame 420 (16.74 fps)
2020-03-20 13:05:22 [INFO]: Processing frame 440 (16.72 fps)
2020-03-20 13:05:24 [INFO]: Processing frame 460 (16.75 fps)
2020-03-20 13:05:26 [INFO]: Processing frame 480 (16.74 fps)
2020-03-20 13:05:27 [INFO]: Processing frame 500 (16.76 fps)
2020-03-20 13:05:29 [INFO]: Processing frame 520 (16.73 fps)
2020-03-20 13:05:31 [INFO]: Processing frame 540 (16.71 fps)
2020-03-20 13:05:33 [INFO]: Processing frame 560 (16.69 fps)
2020-03-20 13:05:35 [INFO]: Processing frame 580 (16.67 fps)
2020-03-20 13:05:37 [INFO]: Processing frame 600 (16.81 fps)
2020-03-20 13:05:39 [INFO]: Processing frame 620 (16.93 fps)
2020-03-20 13:05:41 [INFO]: Processing frame 640 (16.89 fps)
2020-03-20 13:05:43 [INFO]: Processing frame 660 (16.86 fps)
2020-03-20 13:05:44 [INFO]: Processing frame 680 (16.85 fps)
2020-03-20 13:05:46 [INFO]: Processing frame 700 (16.82 fps)
2020-03-20 13:05:48 [INFO]: Processing frame 720 (16.80 fps)
2020-03-20 13:05:50 [INFO]: Processing frame 740 (16.78 fps)
2020-03-20 13:05:52 [INFO]: Processing frame 760 (16.75 fps)
2020-03-20 13:05:54 [INFO]: Processing frame 780 (16.73 fps)
2020-03-20 13:05:56 [INFO]: Processing frame 800 (16.73 fps)
2020-03-20 13:05:58 [INFO]: Processing frame 820 (16.72 fps)
2020-03-20 13:06:00 [INFO]: Processing frame 840 (16.70 fps)
2020-03-20 13:06:02 [INFO]: Processing frame 860 (16.73 fps)
2020-03-20 13:06:04 [INFO]: Processing frame 880 (16.71 fps)
2020-03-20 13:06:06 [INFO]: save results to /home/master/JDEdata/MOT16/test/../results/weights/MOT16-12.txt
2020-03-20 13:06:06 [INFO]: Evaluate seq: MOT16-12
2020-03-20 13:06:06 [INFO]: start seq: MOT16-14
2020-03-20 13:06:08 [INFO]: Processing frame 0 (100000.00 fps)
2020-03-20 13:06:10 [INFO]: Processing frame 20 (15.85 fps)
2020-03-20 13:06:12 [INFO]: Processing frame 40 (15.55 fps)
2020-03-20 13:06:14 [INFO]: Processing frame 60 (15.61 fps)
2020-03-20 13:06:16 [INFO]: Processing frame 80 (15.84 fps)
2020-03-20 13:06:18 [INFO]: Processing frame 100 (15.98 fps)
2020-03-20 13:06:20 [INFO]: Processing frame 120 (16.20 fps)
2020-03-20 13:06:22 [INFO]: Processing frame 140 (16.20 fps)
2020-03-20 13:06:24 [INFO]: Processing frame 160 (16.24 fps)
2020-03-20 13:06:26 [INFO]: Processing frame 180 (16.35 fps)
2020-03-20 13:06:28 [INFO]: Processing frame 200 (16.56 fps)
2020-03-20 13:06:30 [INFO]: Processing frame 220 (16.56 fps)
2020-03-20 13:06:32 [INFO]: Processing frame 240 (16.47 fps)
2020-03-20 13:06:34 [INFO]: Processing frame 260 (16.40 fps)
2020-03-20 13:06:36 [INFO]: Processing frame 280 (16.38 fps)
2020-03-20 13:06:38 [INFO]: Processing frame 300 (16.44 fps)
2020-03-20 13:06:40 [INFO]: Processing frame 320 (16.52 fps)
2020-03-20 13:06:42 [INFO]: Processing frame 340 (16.59 fps)
2020-03-20 13:06:44 [INFO]: Processing frame 360 (16.60 fps)
2020-03-20 13:06:46 [INFO]: Processing frame 380 (16.53 fps)
2020-03-20 13:06:48 [INFO]: Processing frame 400 (16.45 fps)
2020-03-20 13:06:50 [INFO]: Processing frame 420 (16.44 fps)
2020-03-20 13:06:52 [INFO]: Processing frame 440 (16.43 fps)
2020-03-20 13:06:54 [INFO]: Processing frame 460 (16.62 fps)
2020-03-20 13:06:56 [INFO]: Processing frame 480 (16.80 fps)
2020-03-20 13:06:58 [INFO]: Processing frame 500 (16.96 fps)
2020-03-20 13:06:59 [INFO]: Processing frame 520 (17.11 fps)
2020-03-20 13:07:01 [INFO]: Processing frame 540 (17.28 fps)
2020-03-20 13:07:03 [INFO]: Processing frame 560 (17.43 fps)
2020-03-20 13:07:04 [INFO]: Processing frame 580 (17.58 fps)
2020-03-20 13:07:06 [INFO]: Processing frame 600 (17.71 fps)
2020-03-20 13:07:08 [INFO]: Processing frame 620 (17.83 fps)
2020-03-20 13:07:10 [INFO]: Processing frame 640 (17.96 fps)
2020-03-20 13:07:11 [INFO]: Processing frame 660 (18.08 fps)
2020-03-20 13:07:13 [INFO]: Processing frame 680 (18.22 fps)
2020-03-20 13:07:15 [INFO]: Processing frame 700 (18.37 fps)
2020-03-20 13:07:16 [INFO]: Processing frame 720 (18.53 fps)
2020-03-20 13:07:18 [INFO]: Processing frame 740 (18.68 fps)
2020-03-20 13:07:19 [INFO]: save results to /home/master/JDEdata/MOT16/test/../results/weights/MOT16-14.txt
2020-03-20 13:07:19 [INFO]: Evaluate seq: MOT16-14
2020-03-20 13:07:19 [INFO]: Time elapsed: 367.16 seconds, FPS: 16.12
         IDF1  IDP  IDR Rcll Prcn GT MT PT ML     FP FN IDs  FM  MOTA MOTP IDt IDa IDm
MOT16-01 0.0% 0.0% nan% nan% 0.0%  0  0  0  0   3896  0   0   0 -inf%  nan   0   0   0
MOT16-03 0.0% 0.0% nan% nan% 0.0%  0  0  0  0  90678  0   0   0 -inf%  nan   0   0   0
MOT16-06 0.0% 0.0% nan% nan% 0.0%  0  0  0  0   8933  0   0   0 -inf%  nan   0   0   0
MOT16-07 0.0% 0.0% nan% nan% 0.0%  0  0  0  0  11933  0   0   0 -inf%  nan   0   0   0
MOT16-08 0.0% 0.0% nan% nan% 0.0%  0  0  0  0  10066  0   0   0 -inf%  nan   0   0   0
MOT16-12 0.0% 0.0% nan% nan% 0.0%  0  0  0  0   6182  0   0   0 -inf%  nan   0   0   0
MOT16-14 0.0% 0.0% nan% nan% 0.0%  0  0  0  0  11328  0   0   0 -inf%  nan   0   0   0
OVERALL  0.0% 0.0% nan% nan% 0.0%  0  0  0  0 143016  0   0   0 -inf%  nan   0   0   0
