Namespace(cfg='cfg/yolov3_864x480.cfg', conf_thres=0.5, iou_thres=0.5, min_box_area=200, nms_thres=0.4, save_images=False, save_videos=False, test_mot16=False, track_buffer=30, weights='/home/master/kuanzi/weights/72_epoch_arcface.pt')

2020-03-18 15:01:55 [INFO]: start seq: MOT17-02-SDP
2020-03-18 15:02:21 [INFO]: Processing frame 0 (100000.00 fps)
2020-03-18 15:02:25 [INFO]: Processing frame 20 (5.65 fps)
2020-03-18 15:02:29 [INFO]: Processing frame 40 (6.50 fps)
2020-03-18 15:02:31 [INFO]: Processing frame 60 (7.46 fps)
2020-03-18 15:02:34 [INFO]: Processing frame 80 (8.18 fps)
2020-03-18 15:02:36 [INFO]: Processing frame 100 (8.67 fps)
2020-03-18 15:02:38 [INFO]: Processing frame 120 (9.11 fps)
2020-03-18 15:02:41 [INFO]: Processing frame 140 (9.39 fps)
2020-03-18 15:02:43 [INFO]: Processing frame 160 (9.59 fps)
2020-03-18 15:02:46 [INFO]: Processing frame 180 (9.75 fps)
2020-03-18 15:02:48 [INFO]: Processing frame 200 (9.95 fps)
2020-03-18 15:02:51 [INFO]: Processing frame 220 (10.04 fps)
2020-03-18 15:02:53 [INFO]: Processing frame 240 (10.16 fps)
2020-03-18 15:02:55 [INFO]: Processing frame 260 (10.62 fps)
2020-03-18 15:02:56 [INFO]: Processing frame 280 (11.05 fps)
2020-03-18 15:02:58 [INFO]: Processing frame 300 (11.45 fps)
2020-03-18 15:03:00 [INFO]: Processing frame 320 (11.81 fps)
2020-03-18 15:03:03 [INFO]: Processing frame 340 (11.62 fps)
2020-03-18 15:03:06 [INFO]: Processing frame 360 (11.23 fps)
2020-03-18 15:03:09 [INFO]: Processing frame 380 (10.94 fps)
2020-03-18 15:03:13 [INFO]: Processing frame 400 (10.68 fps)
2020-03-18 15:03:16 [INFO]: Processing frame 420 (10.44 fps)
2020-03-18 15:03:20 [INFO]: Processing frame 440 (10.22 fps)
2020-03-18 15:03:23 [INFO]: Processing frame 460 (10.04 fps)
2020-03-18 15:03:27 [INFO]: Processing frame 480 (9.88 fps)
2020-03-18 15:03:31 [INFO]: Processing frame 500 (9.74 fps)
2020-03-18 15:03:34 [INFO]: Processing frame 520 (9.62 fps)
2020-03-18 15:03:38 [INFO]: Processing frame 540 (9.50 fps)
2020-03-18 15:03:41 [INFO]: Processing frame 560 (9.40 fps)
2020-03-18 15:03:45 [INFO]: Processing frame 580 (9.31 fps)
2020-03-18 15:03:48 [INFO]: save results to /home/master/JDEdata/MOT17/images/train/../results/weights/MOT17-02-SDP.txt
2020-03-18 15:03:48 [INFO]: Evaluate seq: MOT17-02-SDP
2020-03-18 15:03:49 [INFO]: start seq: MOT17-04-SDP
2020-03-18 15:03:51 [INFO]: Processing frame 0 (100000.00 fps)
2020-03-18 15:03:54 [INFO]: Processing frame 20 (7.18 fps)
2020-03-18 15:03:58 [INFO]: Processing frame 40 (7.20 fps)
2020-03-18 15:04:01 [INFO]: Processing frame 60 (7.21 fps)
2020-03-18 15:04:05 [INFO]: Processing frame 80 (7.18 fps)
2020-03-18 15:04:08 [INFO]: Processing frame 100 (7.19 fps)
2020-03-18 15:04:12 [INFO]: Processing frame 120 (7.20 fps)
2020-03-18 15:04:15 [INFO]: Processing frame 140 (7.20 fps)
2020-03-18 15:04:19 [INFO]: Processing frame 160 (7.17 fps)
2020-03-18 15:04:22 [INFO]: Processing frame 180 (7.16 fps)
2020-03-18 15:04:26 [INFO]: Processing frame 200 (7.13 fps)
2020-03-18 15:04:30 [INFO]: Processing frame 220 (7.14 fps)
2020-03-18 15:04:33 [INFO]: Processing frame 240 (7.14 fps)
2020-03-18 15:04:37 [INFO]: Processing frame 260 (7.15 fps)
2020-03-18 15:04:40 [INFO]: Processing frame 280 (7.14 fps)
2020-03-18 15:04:44 [INFO]: Processing frame 300 (7.16 fps)
2020-03-18 15:04:48 [INFO]: Processing frame 320 (7.14 fps)
2020-03-18 15:04:51 [INFO]: Processing frame 340 (7.13 fps)
2020-03-18 15:04:55 [INFO]: Processing frame 360 (7.12 fps)
2020-03-18 15:04:58 [INFO]: Processing frame 380 (7.12 fps)
2020-03-18 15:05:02 [INFO]: Processing frame 400 (7.11 fps)
2020-03-18 15:05:06 [INFO]: Processing frame 420 (7.10 fps)
2020-03-18 15:05:09 [INFO]: Processing frame 440 (7.08 fps)
2020-03-18 15:05:13 [INFO]: Processing frame 460 (7.08 fps)
2020-03-18 15:05:17 [INFO]: Processing frame 480 (7.07 fps)
2020-03-18 15:05:20 [INFO]: Processing frame 500 (7.07 fps)
2020-03-18 15:05:24 [INFO]: Processing frame 520 (7.06 fps)
2020-03-18 15:05:28 [INFO]: Processing frame 540 (7.05 fps)
2020-03-18 15:05:31 [INFO]: Processing frame 560 (7.04 fps)
2020-03-18 15:05:35 [INFO]: Processing frame 580 (7.03 fps)
2020-03-18 15:05:39 [INFO]: Processing frame 600 (7.03 fps)
2020-03-18 15:05:42 [INFO]: Processing frame 620 (7.04 fps)
2020-03-18 15:05:46 [INFO]: Processing frame 640 (7.05 fps)
2020-03-18 15:05:49 [INFO]: Processing frame 660 (7.05 fps)
2020-03-18 15:05:53 [INFO]: Processing frame 680 (7.05 fps)
2020-03-18 15:05:57 [INFO]: Processing frame 700 (7.05 fps)
2020-03-18 15:06:00 [INFO]: Processing frame 720 (7.04 fps)
2020-03-18 15:06:04 [INFO]: Processing frame 740 (7.05 fps)
2020-03-18 15:06:07 [INFO]: Processing frame 760 (7.05 fps)
2020-03-18 15:06:11 [INFO]: Processing frame 780 (7.05 fps)
2020-03-18 15:06:15 [INFO]: Processing frame 800 (7.05 fps)
2020-03-18 15:06:18 [INFO]: Processing frame 820 (7.05 fps)
2020-03-18 15:06:22 [INFO]: Processing frame 840 (7.05 fps)
2020-03-18 15:06:26 [INFO]: Processing frame 860 (7.04 fps)
2020-03-18 15:06:29 [INFO]: Processing frame 880 (7.03 fps)
2020-03-18 15:06:33 [INFO]: Processing frame 900 (7.03 fps)
2020-03-18 15:06:36 [INFO]: Processing frame 920 (7.03 fps)
2020-03-18 15:06:40 [INFO]: Processing frame 940 (7.02 fps)
2020-03-18 15:06:44 [INFO]: Processing frame 960 (7.02 fps)
2020-03-18 15:06:48 [INFO]: Processing frame 980 (7.01 fps)
2020-03-18 15:06:52 [INFO]: Processing frame 1000 (7.00 fps)
2020-03-18 15:06:55 [INFO]: Processing frame 1020 (7.00 fps)
2020-03-18 15:06:59 [INFO]: Processing frame 1040 (6.99 fps)
2020-03-18 15:07:01 [INFO]: save results to /home/master/JDEdata/MOT17/images/train/../results/weights/MOT17-04-SDP.txt
2020-03-18 15:07:01 [INFO]: Evaluate seq: MOT17-04-SDP
2020-03-18 15:07:04 [INFO]: start seq: MOT17-05-SDP
2020-03-18 15:07:05 [INFO]: Processing frame 0 (100000.00 fps)
2020-03-18 15:07:08 [INFO]: Processing frame 20 (7.51 fps)
2020-03-18 15:07:11 [INFO]: Processing frame 40 (7.67 fps)
2020-03-18 15:07:14 [INFO]: Processing frame 60 (7.56 fps)
2020-03-18 15:07:16 [INFO]: Processing frame 80 (7.71 fps)
2020-03-18 15:07:19 [INFO]: Processing frame 100 (7.68 fps)
2020-03-18 15:07:22 [INFO]: Processing frame 120 (7.70 fps)
2020-03-18 15:07:25 [INFO]: Processing frame 140 (7.70 fps)
2020-03-18 15:07:27 [INFO]: Processing frame 160 (7.74 fps)
2020-03-18 15:07:30 [INFO]: Processing frame 180 (7.72 fps)
2020-03-18 15:07:33 [INFO]: Processing frame 200 (7.73 fps)
2020-03-18 15:07:35 [INFO]: Processing frame 220 (7.75 fps)
2020-03-18 15:07:38 [INFO]: Processing frame 240 (7.75 fps)
2020-03-18 15:07:41 [INFO]: Processing frame 260 (7.76 fps)
2020-03-18 15:07:44 [INFO]: Processing frame 280 (7.74 fps)
2020-03-18 15:07:46 [INFO]: Processing frame 300 (7.76 fps)
2020-03-18 15:07:49 [INFO]: Processing frame 320 (7.73 fps)
2020-03-18 15:07:52 [INFO]: Processing frame 340 (7.73 fps)
2020-03-18 15:07:55 [INFO]: Processing frame 360 (7.71 fps)
2020-03-18 15:07:57 [INFO]: Processing frame 380 (7.71 fps)
2020-03-18 15:08:00 [INFO]: Processing frame 400 (7.70 fps)
2020-03-18 15:08:03 [INFO]: Processing frame 420 (7.69 fps)
2020-03-18 15:08:06 [INFO]: Processing frame 440 (7.68 fps)
2020-03-18 15:08:08 [INFO]: Processing frame 460 (7.69 fps)
2020-03-18 15:08:11 [INFO]: Processing frame 480 (7.70 fps)
2020-03-18 15:08:14 [INFO]: Processing frame 500 (7.72 fps)
2020-03-18 15:08:16 [INFO]: Processing frame 520 (7.72 fps)
2020-03-18 15:08:19 [INFO]: Processing frame 540 (7.74 fps)
2020-03-18 15:08:22 [INFO]: Processing frame 560 (7.72 fps)
2020-03-18 15:08:25 [INFO]: Processing frame 580 (7.72 fps)
2020-03-18 15:08:27 [INFO]: Processing frame 600 (7.71 fps)
2020-03-18 15:08:30 [INFO]: Processing frame 620 (7.72 fps)
2020-03-18 15:08:33 [INFO]: Processing frame 640 (7.71 fps)
2020-03-18 15:08:36 [INFO]: Processing frame 660 (7.71 fps)
2020-03-18 15:08:38 [INFO]: Processing frame 680 (7.71 fps)
2020-03-18 15:08:41 [INFO]: Processing frame 700 (7.72 fps)
2020-03-18 15:08:44 [INFO]: Processing frame 720 (7.71 fps)
2020-03-18 15:08:47 [INFO]: Processing frame 740 (7.71 fps)
2020-03-18 15:08:49 [INFO]: Processing frame 760 (7.70 fps)
2020-03-18 15:08:52 [INFO]: Processing frame 780 (7.70 fps)
2020-03-18 15:08:55 [INFO]: Processing frame 800 (7.69 fps)
2020-03-18 15:08:58 [INFO]: Processing frame 820 (7.68 fps)
2020-03-18 15:09:00 [INFO]: save results to /home/master/JDEdata/MOT17/images/train/../results/weights/MOT17-05-SDP.txt
2020-03-18 15:09:00 [INFO]: Evaluate seq: MOT17-05-SDP
2020-03-18 15:09:01 [INFO]: start seq: MOT17-09-SDP
2020-03-18 15:09:03 [INFO]: Processing frame 0 (100000.00 fps)
2020-03-18 15:09:06 [INFO]: Processing frame 20 (7.86 fps)
2020-03-18 15:09:09 [INFO]: Processing frame 40 (7.82 fps)
2020-03-18 15:09:13 [INFO]: Processing frame 60 (7.79 fps)
2020-03-18 15:09:16 [INFO]: Processing frame 80 (7.77 fps)
2020-03-18 15:09:19 [INFO]: Processing frame 100 (7.79 fps)
2020-03-18 15:09:22 [INFO]: Processing frame 120 (7.79 fps)
2020-03-18 15:09:26 [INFO]: Processing frame 140 (7.83 fps)
2020-03-18 15:09:29 [INFO]: Processing frame 160 (7.88 fps)
2020-03-18 15:09:32 [INFO]: Processing frame 180 (7.86 fps)
2020-03-18 15:09:36 [INFO]: Processing frame 200 (7.82 fps)
2020-03-18 15:09:39 [INFO]: Processing frame 220 (7.81 fps)
2020-03-18 15:09:42 [INFO]: Processing frame 240 (7.79 fps)
2020-03-18 15:09:45 [INFO]: Processing frame 260 (7.81 fps)
2020-03-18 15:09:49 [INFO]: Processing frame 280 (7.81 fps)
2020-03-18 15:09:52 [INFO]: Processing frame 300 (7.82 fps)
2020-03-18 15:09:55 [INFO]: Processing frame 320 (7.82 fps)
2020-03-18 15:09:59 [INFO]: Processing frame 340 (7.80 fps)
2020-03-18 15:10:02 [INFO]: Processing frame 360 (7.79 fps)
2020-03-18 15:10:05 [INFO]: Processing frame 380 (7.79 fps)
2020-03-18 15:10:09 [INFO]: Processing frame 400 (7.80 fps)
2020-03-18 15:10:12 [INFO]: Processing frame 420 (7.80 fps)
2020-03-18 15:10:15 [INFO]: Processing frame 440 (7.80 fps)
2020-03-18 15:10:19 [INFO]: Processing frame 460 (7.81 fps)
2020-03-18 15:10:22 [INFO]: Processing frame 480 (7.81 fps)
2020-03-18 15:10:25 [INFO]: Processing frame 500 (7.81 fps)
2020-03-18 15:10:29 [INFO]: Processing frame 520 (7.79 fps)
2020-03-18 15:10:29 [INFO]: save results to /home/master/JDEdata/MOT17/images/train/../results/weights/MOT17-09-SDP.txt
2020-03-18 15:10:29 [INFO]: Evaluate seq: MOT17-09-SDP
2020-03-18 15:10:30 [INFO]: start seq: MOT17-10-SDP
2020-03-18 15:10:32 [INFO]: Processing frame 0 (100000.00 fps)
2020-03-18 15:10:35 [INFO]: Processing frame 20 (7.37 fps)
2020-03-18 15:10:39 [INFO]: Processing frame 40 (7.46 fps)
2020-03-18 15:10:42 [INFO]: Processing frame 60 (7.45 fps)
2020-03-18 15:10:45 [INFO]: Processing frame 80 (7.47 fps)
2020-03-18 15:10:49 [INFO]: Processing frame 100 (7.50 fps)
2020-03-18 15:10:52 [INFO]: Processing frame 120 (7.52 fps)
2020-03-18 15:10:55 [INFO]: Processing frame 140 (7.57 fps)
2020-03-18 15:10:58 [INFO]: Processing frame 160 (7.57 fps)
2020-03-18 15:11:02 [INFO]: Processing frame 180 (7.55 fps)
2020-03-18 15:11:05 [INFO]: Processing frame 200 (7.55 fps)
2020-03-18 15:11:09 [INFO]: Processing frame 220 (7.55 fps)
2020-03-18 15:11:12 [INFO]: Processing frame 240 (7.55 fps)
2020-03-18 15:11:15 [INFO]: Processing frame 260 (7.55 fps)
2020-03-18 15:11:19 [INFO]: Processing frame 280 (7.55 fps)
2020-03-18 15:11:22 [INFO]: Processing frame 300 (7.53 fps)
2020-03-18 15:11:25 [INFO]: Processing frame 320 (7.53 fps)
2020-03-18 15:11:29 [INFO]: Processing frame 340 (7.53 fps)
2020-03-18 15:11:32 [INFO]: Processing frame 360 (7.54 fps)
2020-03-18 15:11:35 [INFO]: Processing frame 380 (7.53 fps)
2020-03-18 15:11:39 [INFO]: Processing frame 400 (7.53 fps)
2020-03-18 15:11:42 [INFO]: Processing frame 420 (7.54 fps)
2020-03-18 15:11:45 [INFO]: Processing frame 440 (7.53 fps)
2020-03-18 15:11:49 [INFO]: Processing frame 460 (7.53 fps)
2020-03-18 15:11:52 [INFO]: Processing frame 480 (7.54 fps)
2020-03-18 15:11:55 [INFO]: Processing frame 500 (7.56 fps)
2020-03-18 15:11:58 [INFO]: Processing frame 520 (7.56 fps)
2020-03-18 15:12:02 [INFO]: Processing frame 540 (7.56 fps)
2020-03-18 15:12:05 [INFO]: Processing frame 560 (7.56 fps)
2020-03-18 15:12:09 [INFO]: Processing frame 580 (7.55 fps)
2020-03-18 15:12:12 [INFO]: Processing frame 600 (7.55 fps)
2020-03-18 15:12:15 [INFO]: Processing frame 620 (7.55 fps)
2020-03-18 15:12:19 [INFO]: Processing frame 640 (7.55 fps)
2020-03-18 15:12:21 [INFO]: save results to /home/master/JDEdata/MOT17/images/train/../results/weights/MOT17-10-SDP.txt
2020-03-18 15:12:21 [INFO]: Evaluate seq: MOT17-10-SDP
2020-03-18 15:12:22 [INFO]: start seq: MOT17-11-SDP
2020-03-18 15:12:24 [INFO]: Processing frame 0 (100000.00 fps)
2020-03-18 15:12:27 [INFO]: Processing frame 20 (7.32 fps)
2020-03-18 15:12:31 [INFO]: Processing frame 40 (7.42 fps)
2020-03-18 15:12:34 [INFO]: Processing frame 60 (7.54 fps)
2020-03-18 15:12:37 [INFO]: Processing frame 80 (7.58 fps)
2020-03-18 15:12:40 [INFO]: Processing frame 100 (7.69 fps)
2020-03-18 15:12:44 [INFO]: Processing frame 120 (7.68 fps)
2020-03-18 15:12:47 [INFO]: Processing frame 140 (7.68 fps)
2020-03-18 15:12:50 [INFO]: Processing frame 160 (7.67 fps)
2020-03-18 15:12:54 [INFO]: Processing frame 180 (7.64 fps)
2020-03-18 15:12:57 [INFO]: Processing frame 200 (7.66 fps)
2020-03-18 15:13:00 [INFO]: Processing frame 220 (7.70 fps)
2020-03-18 15:13:03 [INFO]: Processing frame 240 (7.71 fps)
2020-03-18 15:13:07 [INFO]: Processing frame 260 (7.73 fps)
2020-03-18 15:13:10 [INFO]: Processing frame 280 (7.71 fps)
2020-03-18 15:13:13 [INFO]: Processing frame 300 (7.71 fps)
2020-03-18 15:13:17 [INFO]: Processing frame 320 (7.70 fps)
2020-03-18 15:13:20 [INFO]: Processing frame 340 (7.69 fps)
2020-03-18 15:13:23 [INFO]: Processing frame 360 (7.70 fps)
2020-03-18 15:13:26 [INFO]: Processing frame 380 (7.72 fps)
2020-03-18 15:13:30 [INFO]: Processing frame 400 (7.74 fps)
2020-03-18 15:13:33 [INFO]: Processing frame 420 (7.73 fps)
2020-03-18 15:13:36 [INFO]: Processing frame 440 (7.72 fps)
2020-03-18 15:13:39 [INFO]: Processing frame 460 (7.73 fps)
2020-03-18 15:13:43 [INFO]: Processing frame 480 (7.74 fps)
2020-03-18 15:13:46 [INFO]: Processing frame 500 (7.75 fps)
2020-03-18 15:13:49 [INFO]: Processing frame 520 (7.74 fps)
2020-03-18 15:13:52 [INFO]: Processing frame 540 (7.75 fps)
2020-03-18 15:13:56 [INFO]: Processing frame 560 (7.75 fps)
2020-03-18 15:13:59 [INFO]: Processing frame 580 (7.75 fps)
2020-03-18 15:14:02 [INFO]: Processing frame 600 (7.76 fps)
2020-03-18 15:14:05 [INFO]: Processing frame 620 (7.77 fps)
2020-03-18 15:14:09 [INFO]: Processing frame 640 (7.76 fps)
2020-03-18 15:14:12 [INFO]: Processing frame 660 (7.76 fps)
2020-03-18 15:14:15 [INFO]: Processing frame 680 (7.76 fps)
2020-03-18 15:14:18 [INFO]: Processing frame 700 (7.77 fps)
2020-03-18 15:14:22 [INFO]: Processing frame 720 (7.77 fps)
2020-03-18 15:14:25 [INFO]: Processing frame 740 (7.77 fps)
2020-03-18 15:14:28 [INFO]: Processing frame 760 (7.76 fps)
2020-03-18 15:14:32 [INFO]: Processing frame 780 (7.76 fps)
2020-03-18 15:14:35 [INFO]: Processing frame 800 (7.76 fps)
2020-03-18 15:14:38 [INFO]: Processing frame 820 (7.76 fps)
2020-03-18 15:14:42 [INFO]: Processing frame 840 (7.76 fps)
2020-03-18 15:14:45 [INFO]: Processing frame 860 (7.77 fps)
2020-03-18 15:14:48 [INFO]: Processing frame 880 (7.77 fps)
2020-03-18 15:14:51 [INFO]: save results to /home/master/JDEdata/MOT17/images/train/../results/weights/MOT17-11-SDP.txt
2020-03-18 15:14:51 [INFO]: Evaluate seq: MOT17-11-SDP
2020-03-18 15:14:52 [INFO]: start seq: MOT17-13-SDP
2020-03-18 15:14:54 [INFO]: Processing frame 0 (100000.00 fps)
2020-03-18 15:14:58 [INFO]: Processing frame 20 (7.37 fps)
2020-03-18 15:15:01 [INFO]: Processing frame 40 (7.23 fps)
2020-03-18 15:15:05 [INFO]: Processing frame 60 (7.24 fps)
2020-03-18 15:15:08 [INFO]: Processing frame 80 (7.27 fps)
2020-03-18 15:15:12 [INFO]: Processing frame 100 (7.27 fps)
2020-03-18 15:15:15 [INFO]: Processing frame 120 (7.26 fps)
2020-03-18 15:15:19 [INFO]: Processing frame 140 (7.27 fps)
2020-03-18 15:15:22 [INFO]: Processing frame 160 (7.26 fps)
2020-03-18 15:15:26 [INFO]: Processing frame 180 (7.27 fps)
2020-03-18 15:15:29 [INFO]: Processing frame 200 (7.28 fps)
2020-03-18 15:15:33 [INFO]: Processing frame 220 (7.28 fps)
2020-03-18 15:15:36 [INFO]: Processing frame 240 (7.32 fps)
2020-03-18 15:15:39 [INFO]: Processing frame 260 (7.36 fps)
2020-03-18 15:15:42 [INFO]: Processing frame 280 (7.40 fps)
2020-03-18 15:15:45 [INFO]: Processing frame 300 (7.45 fps)
2020-03-18 15:15:49 [INFO]: Processing frame 320 (7.46 fps)
2020-03-18 15:15:55 [INFO]: Processing frame 340 (7.25 fps)
2020-03-18 15:15:59 [INFO]: Processing frame 360 (7.22 fps)
2020-03-18 15:16:02 [INFO]: Processing frame 380 (7.22 fps)
2020-03-18 15:16:06 [INFO]: Processing frame 400 (7.23 fps)
2020-03-18 15:16:09 [INFO]: Processing frame 420 (7.25 fps)
2020-03-18 15:16:12 [INFO]: Processing frame 440 (7.27 fps)
2020-03-18 15:16:16 [INFO]: Processing frame 460 (7.27 fps)
2020-03-18 15:16:19 [INFO]: Processing frame 480 (7.31 fps)
2020-03-18 15:16:22 [INFO]: Processing frame 500 (7.33 fps)
2020-03-18 15:16:25 [INFO]: Processing frame 520 (7.35 fps)
2020-03-18 15:16:29 [INFO]: Processing frame 540 (7.36 fps)
2020-03-18 15:16:32 [INFO]: Processing frame 560 (7.38 fps)
2020-03-18 15:16:35 [INFO]: Processing frame 580 (7.40 fps)
2020-03-18 15:16:38 [INFO]: Processing frame 600 (7.43 fps)
2020-03-18 15:16:42 [INFO]: Processing frame 620 (7.45 fps)
2020-03-18 15:16:45 [INFO]: Processing frame 640 (7.45 fps)
2020-03-18 15:16:48 [INFO]: Processing frame 660 (7.46 fps)
2020-03-18 15:16:52 [INFO]: Processing frame 680 (7.47 fps)
2020-03-18 15:16:55 [INFO]: Processing frame 700 (7.47 fps)
2020-03-18 15:16:58 [INFO]: Processing frame 720 (7.49 fps)
2020-03-18 15:17:02 [INFO]: Processing frame 740 (7.50 fps)
2020-03-18 15:17:03 [INFO]: save results to /home/master/JDEdata/MOT17/images/train/../results/weights/MOT17-13-SDP.txt
2020-03-18 15:17:03 [INFO]: Evaluate seq: MOT17-13-SDP
2020-03-18 15:17:04 [INFO]: Time elapsed: 693.67 seconds, FPS: 7.66
              IDF1   IDP   IDR  Rcll  Prcn  GT  MT  PT ML   FP    FN  IDs    FM  MOTA  MOTP IDt IDa IDm
MOT17-02-SDP 49.7% 57.6% 43.7% 68.1% 89.7%  62  19  35  8 1449  5929  301   477 58.7% 0.215 135 100  15
MOT17-04-SDP 72.3% 80.5% 65.6% 78.1% 95.8%  83  43  29 11 1642 10431  150   319 74.3% 0.188  58  58   6
MOT17-05-SDP 73.1% 76.8% 69.7% 84.8% 93.3% 133  81  45  7  419  1052  207   196 75.7% 0.199 131  67  43
MOT17-09-SDP 60.0% 67.6% 54.0% 75.7% 94.8%  26  14  12  0  219  1292  139   166 69.0% 0.198  85  32   7
MOT17-10-SDP 59.0% 65.2% 54.0% 75.9% 91.7%  57  24  31  2  885  3099  377   636 66.0% 0.225 163  95   8
MOT17-11-SDP 76.9% 79.7% 74.2% 89.2% 95.7%  75  48  23  4  375  1022   86   182 84.3% 0.159  25  39   6
MOT17-13-SDP 67.5% 76.7% 60.3% 72.0% 91.7% 110  45  52 13  759  3254  271   701 63.2% 0.227 155  85  33
OVERALL      66.5% 73.9% 60.5% 76.8% 93.7% 546 274 227 45 5748 26079 1531  2677 70.3% 0.198 752 476 118
