Namespace(cfg='cfg/yolov3_864x480.cfg', conf_thres=0.5, iou_thres=0.5, min_box_area=200, nms_thres=0.4, save_images=False, save_videos=False, test_mot16=False, track_buffer=30, weights='/home/master/kuanzi/weights/63_epoch_diou.pt')

2020-03-18 03:45:09 [INFO]: start seq: MOT17-02-SDP
2020-03-18 03:49:54 [INFO]: Processing frame 0 (100000.00 fps)
2020-03-18 03:50:31 [INFO]: Processing frame 20 (7.13 fps)
2020-03-18 03:50:34 [INFO]: Processing frame 40 (7.16 fps)
2020-03-18 03:50:38 [INFO]: Processing frame 60 (7.25 fps)
2020-03-18 03:50:42 [INFO]: Processing frame 80 (7.10 fps)
2020-03-18 03:50:46 [INFO]: Processing frame 100 (7.06 fps)
2020-03-18 03:50:48 [INFO]: Processing frame 120 (7.81 fps)
2020-03-18 03:50:50 [INFO]: Processing frame 140 (8.33 fps)
2020-03-18 03:50:54 [INFO]: Processing frame 160 (8.07 fps)
2020-03-18 03:51:00 [INFO]: Processing frame 180 (7.98 fps)
2020-03-18 03:51:04 [INFO]: Processing frame 200 (7.82 fps)
2020-03-18 03:51:07 [INFO]: Processing frame 220 (7.81 fps)
2020-03-18 03:51:10 [INFO]: Processing frame 240 (7.82 fps)
2020-03-18 03:51:14 [INFO]: Processing frame 260 (7.75 fps)
2020-03-18 03:51:17 [INFO]: Processing frame 280 (7.93 fps)
2020-03-18 03:51:26 [INFO]: Processing frame 300 (7.82 fps)
2020-03-18 03:51:30 [INFO]: Processing frame 320 (7.81 fps)
2020-03-18 03:51:33 [INFO]: Processing frame 340 (7.79 fps)
2020-03-18 03:51:36 [INFO]: Processing frame 360 (7.87 fps)
2020-03-18 03:51:40 [INFO]: Processing frame 380 (7.81 fps)
2020-03-18 03:51:43 [INFO]: Processing frame 400 (7.85 fps)
2020-03-18 03:51:46 [INFO]: Processing frame 420 (7.92 fps)
2020-03-18 03:51:49 [INFO]: Processing frame 440 (7.97 fps)
2020-03-18 03:51:53 [INFO]: Processing frame 460 (7.88 fps)
2020-03-18 03:51:56 [INFO]: Processing frame 480 (7.94 fps)
2020-03-18 03:52:00 [INFO]: Processing frame 500 (7.87 fps)
2020-03-18 03:52:03 [INFO]: Processing frame 520 (7.93 fps)
2020-03-18 03:52:07 [INFO]: Processing frame 540 (7.91 fps)
2020-03-18 03:52:11 [INFO]: Processing frame 560 (7.86 fps)
2020-03-18 03:52:19 [INFO]: Processing frame 580 (7.91 fps)
2020-03-18 03:52:22 [INFO]: save results to /home/master/JDEdata/MOT17/images/train/../results/weights/MOT17-02-SDP.txt
2020-03-18 03:52:23 [INFO]: Evaluate seq: MOT17-02-SDP
2020-03-18 03:52:24 [INFO]: start seq: MOT17-04-SDP
2020-03-18 03:52:39 [INFO]: Processing frame 0 (100000.00 fps)
2020-03-18 03:52:41 [INFO]: Processing frame 20 (22.25 fps)
2020-03-18 03:52:43 [INFO]: Processing frame 40 (14.19 fps)
2020-03-18 03:52:47 [INFO]: Processing frame 60 (10.32 fps)
2020-03-18 03:52:51 [INFO]: Processing frame 80 (9.95 fps)
2020-03-18 03:52:52 [INFO]: Processing frame 100 (11.18 fps)
2020-03-18 03:52:57 [INFO]: Processing frame 120 (9.94 fps)
2020-03-18 03:53:01 [INFO]: Processing frame 140 (9.26 fps)
2020-03-18 03:53:03 [INFO]: Processing frame 160 (9.99 fps)
2020-03-18 03:53:05 [INFO]: Processing frame 180 (9.98 fps)
2020-03-18 03:53:09 [INFO]: Processing frame 200 (9.49 fps)
2020-03-18 03:53:12 [INFO]: Processing frame 220 (9.51 fps)
2020-03-18 03:53:17 [INFO]: Processing frame 240 (9.17 fps)
2020-03-18 03:53:19 [INFO]: Processing frame 260 (9.25 fps)
2020-03-18 03:53:22 [INFO]: Processing frame 280 (9.28 fps)
2020-03-18 03:53:25 [INFO]: Processing frame 300 (9.45 fps)
2020-03-18 03:53:29 [INFO]: Processing frame 320 (9.20 fps)
2020-03-18 03:53:31 [INFO]: Processing frame 340 (9.39 fps)
2020-03-18 03:53:35 [INFO]: Processing frame 360 (9.23 fps)
2020-03-18 03:53:39 [INFO]: Processing frame 380 (9.05 fps)
2020-03-18 03:53:41 [INFO]: Processing frame 400 (9.25 fps)
2020-03-18 03:53:45 [INFO]: Processing frame 420 (9.17 fps)
2020-03-18 03:53:49 [INFO]: Processing frame 440 (9.00 fps)
2020-03-18 03:53:52 [INFO]: Processing frame 460 (9.14 fps)
2020-03-18 03:53:54 [INFO]: Processing frame 480 (9.31 fps)
2020-03-18 03:53:57 [INFO]: Processing frame 500 (9.23 fps)
2020-03-18 03:54:01 [INFO]: Processing frame 520 (9.09 fps)
2020-03-18 03:54:03 [INFO]: Processing frame 540 (9.27 fps)
2020-03-18 03:54:06 [INFO]: Processing frame 560 (9.31 fps)
2020-03-18 03:54:10 [INFO]: Processing frame 580 (9.18 fps)
2020-03-18 03:54:13 [INFO]: Processing frame 600 (9.19 fps)
2020-03-18 03:54:16 [INFO]: Processing frame 620 (9.20 fps)
2020-03-18 03:54:20 [INFO]: Processing frame 640 (9.11 fps)
2020-03-18 03:54:24 [INFO]: Processing frame 660 (9.09 fps)
2020-03-18 03:54:26 [INFO]: Processing frame 680 (9.20 fps)
2020-03-18 03:54:28 [INFO]: Processing frame 700 (9.30 fps)
2020-03-18 03:54:32 [INFO]: Processing frame 720 (9.18 fps)
2020-03-18 03:54:36 [INFO]: Processing frame 740 (9.19 fps)
2020-03-18 03:54:38 [INFO]: Processing frame 760 (9.21 fps)
2020-03-18 03:54:41 [INFO]: Processing frame 780 (9.28 fps)
2020-03-18 03:54:45 [INFO]: Processing frame 800 (9.18 fps)
2020-03-18 03:54:48 [INFO]: Processing frame 820 (9.15 fps)
2020-03-18 03:54:50 [INFO]: Processing frame 840 (9.28 fps)
2020-03-18 03:54:54 [INFO]: Processing frame 860 (9.19 fps)
2020-03-18 03:54:57 [INFO]: Processing frame 880 (9.19 fps)
2020-03-18 03:55:00 [INFO]: Processing frame 900 (9.20 fps)
2020-03-18 03:55:04 [INFO]: Processing frame 920 (9.14 fps)
2020-03-18 03:55:08 [INFO]: Processing frame 940 (9.12 fps)
2020-03-18 03:55:10 [INFO]: Processing frame 960 (9.22 fps)
2020-03-18 03:55:12 [INFO]: Processing frame 980 (9.25 fps)
2020-03-18 03:55:16 [INFO]: Processing frame 1000 (9.19 fps)
2020-03-18 03:55:20 [INFO]: Processing frame 1020 (9.16 fps)
2020-03-18 03:55:22 [INFO]: Processing frame 1040 (9.20 fps)
2020-03-18 03:55:24 [INFO]: save results to /home/master/JDEdata/MOT17/images/train/../results/weights/MOT17-04-SDP.txt
2020-03-18 03:55:24 [INFO]: Evaluate seq: MOT17-04-SDP
2020-03-18 03:55:26 [INFO]: start seq: MOT17-05-SDP
2020-03-18 03:55:32 [INFO]: Processing frame 0 (100000.00 fps)
2020-03-18 03:55:33 [INFO]: Processing frame 20 (27.06 fps)
2020-03-18 03:55:35 [INFO]: Processing frame 40 (26.41 fps)
2020-03-18 03:55:36 [INFO]: Processing frame 60 (26.09 fps)
2020-03-18 03:55:39 [INFO]: Processing frame 80 (15.60 fps)
2020-03-18 03:55:42 [INFO]: Processing frame 100 (12.58 fps)
2020-03-18 03:55:45 [INFO]: Processing frame 120 (11.61 fps)
2020-03-18 03:55:46 [INFO]: Processing frame 140 (12.62 fps)
2020-03-18 03:55:47 [INFO]: Processing frame 160 (13.50 fps)
2020-03-18 03:55:49 [INFO]: Processing frame 180 (13.50 fps)
2020-03-18 03:55:52 [INFO]: Processing frame 200 (12.36 fps)
2020-03-18 03:55:55 [INFO]: Processing frame 220 (11.63 fps)
2020-03-18 03:55:57 [INFO]: Processing frame 240 (11.61 fps)
2020-03-18 03:55:58 [INFO]: Processing frame 260 (12.12 fps)
2020-03-18 03:55:59 [INFO]: Processing frame 280 (12.61 fps)
2020-03-18 03:56:02 [INFO]: Processing frame 300 (12.11 fps)
2020-03-18 03:56:05 [INFO]: Processing frame 320 (11.50 fps)
2020-03-18 03:56:08 [INFO]: Processing frame 340 (11.16 fps)
2020-03-18 03:56:10 [INFO]: Processing frame 360 (11.53 fps)
2020-03-18 03:56:11 [INFO]: Processing frame 380 (11.88 fps)
2020-03-18 03:56:12 [INFO]: Processing frame 400 (12.10 fps)
2020-03-18 03:56:14 [INFO]: Processing frame 420 (12.03 fps)
2020-03-18 03:56:17 [INFO]: Processing frame 440 (11.96 fps)
2020-03-18 03:56:20 [INFO]: Processing frame 460 (11.62 fps)
2020-03-18 03:56:22 [INFO]: Processing frame 480 (11.59 fps)
2020-03-18 03:56:23 [INFO]: Processing frame 500 (11.87 fps)
2020-03-18 03:56:24 [INFO]: Processing frame 520 (12.14 fps)
2020-03-18 03:56:26 [INFO]: Processing frame 540 (12.26 fps)
2020-03-18 03:56:29 [INFO]: Processing frame 560 (11.96 fps)
2020-03-18 03:56:30 [INFO]: Processing frame 580 (12.11 fps)
2020-03-18 03:56:31 [INFO]: Processing frame 600 (12.33 fps)
2020-03-18 03:56:32 [INFO]: Processing frame 620 (12.55 fps)
2020-03-18 03:56:33 [INFO]: Processing frame 640 (12.76 fps)
2020-03-18 03:56:34 [INFO]: Processing frame 660 (12.97 fps)
2020-03-18 03:56:36 [INFO]: Processing frame 680 (13.17 fps)
2020-03-18 03:56:37 [INFO]: Processing frame 700 (13.36 fps)
2020-03-18 03:56:38 [INFO]: Processing frame 720 (13.54 fps)
2020-03-18 03:56:39 [INFO]: Processing frame 740 (13.73 fps)
2020-03-18 03:56:40 [INFO]: Processing frame 760 (13.90 fps)
2020-03-18 03:56:41 [INFO]: Processing frame 780 (14.07 fps)
2020-03-18 03:56:42 [INFO]: Processing frame 800 (14.23 fps)
2020-03-18 03:56:43 [INFO]: Processing frame 820 (14.39 fps)
2020-03-18 03:56:44 [INFO]: save results to /home/master/JDEdata/MOT17/images/train/../results/weights/MOT17-05-SDP.txt
2020-03-18 03:56:44 [INFO]: Evaluate seq: MOT17-05-SDP
2020-03-18 03:56:45 [INFO]: start seq: MOT17-09-SDP
2020-03-18 03:56:48 [INFO]: Processing frame 0 (100000.00 fps)
2020-03-18 03:56:49 [INFO]: Processing frame 20 (28.47 fps)
2020-03-18 03:56:51 [INFO]: Processing frame 40 (28.35 fps)
2020-03-18 03:56:52 [INFO]: Processing frame 60 (28.19 fps)
2020-03-18 03:56:54 [INFO]: Processing frame 80 (28.13 fps)
2020-03-18 03:56:55 [INFO]: Processing frame 100 (28.05 fps)
2020-03-18 03:56:57 [INFO]: Processing frame 120 (28.05 fps)
2020-03-18 03:56:58 [INFO]: Processing frame 140 (28.07 fps)
2020-03-18 03:57:00 [INFO]: Processing frame 160 (27.97 fps)
2020-03-18 03:57:01 [INFO]: Processing frame 180 (27.85 fps)
2020-03-18 03:57:03 [INFO]: Processing frame 200 (27.60 fps)
2020-03-18 03:57:04 [INFO]: Processing frame 220 (27.37 fps)
2020-03-18 03:57:06 [INFO]: Processing frame 240 (27.21 fps)
2020-03-18 03:57:07 [INFO]: Processing frame 260 (27.13 fps)
2020-03-18 03:57:10 [INFO]: Processing frame 280 (24.14 fps)
2020-03-18 03:57:12 [INFO]: Processing frame 300 (24.29 fps)
2020-03-18 03:57:13 [INFO]: Processing frame 320 (24.42 fps)
2020-03-18 03:57:15 [INFO]: Processing frame 340 (24.55 fps)
2020-03-18 03:57:17 [INFO]: Processing frame 360 (24.68 fps)
2020-03-18 03:57:18 [INFO]: Processing frame 380 (24.78 fps)
2020-03-18 03:57:20 [INFO]: Processing frame 400 (24.88 fps)
2020-03-18 03:57:22 [INFO]: Processing frame 420 (24.92 fps)
2020-03-18 03:57:23 [INFO]: Processing frame 440 (24.96 fps)
2020-03-18 03:57:25 [INFO]: Processing frame 460 (24.99 fps)
2020-03-18 03:57:27 [INFO]: Processing frame 480 (25.00 fps)
2020-03-18 03:57:28 [INFO]: Processing frame 500 (25.03 fps)
2020-03-18 03:57:30 [INFO]: Processing frame 520 (25.09 fps)
2020-03-18 03:57:30 [INFO]: save results to /home/master/JDEdata/MOT17/images/train/../results/weights/MOT17-09-SDP.txt
2020-03-18 03:57:30 [INFO]: Evaluate seq: MOT17-09-SDP
2020-03-18 03:57:31 [INFO]: start seq: MOT17-10-SDP
2020-03-18 03:57:34 [INFO]: Processing frame 0 (100000.00 fps)
2020-03-18 03:57:35 [INFO]: Processing frame 20 (26.02 fps)
2020-03-18 03:57:37 [INFO]: Processing frame 40 (25.36 fps)
2020-03-18 03:57:38 [INFO]: Processing frame 60 (24.77 fps)
2020-03-18 03:57:40 [INFO]: Processing frame 80 (24.71 fps)
2020-03-18 03:57:42 [INFO]: Processing frame 100 (24.70 fps)
2020-03-18 03:57:43 [INFO]: Processing frame 120 (24.73 fps)
2020-03-18 03:57:45 [INFO]: Processing frame 140 (24.71 fps)
2020-03-18 03:57:47 [INFO]: Processing frame 160 (24.78 fps)
2020-03-18 03:57:48 [INFO]: Processing frame 180 (24.73 fps)
2020-03-18 03:57:50 [INFO]: Processing frame 200 (24.66 fps)
2020-03-18 03:57:51 [INFO]: Processing frame 220 (24.61 fps)
2020-03-18 03:57:53 [INFO]: Processing frame 240 (24.56 fps)
2020-03-18 03:57:55 [INFO]: Processing frame 260 (24.50 fps)
2020-03-18 03:57:56 [INFO]: Processing frame 280 (24.44 fps)
2020-03-18 03:57:59 [INFO]: Processing frame 300 (23.36 fps)
2020-03-18 03:58:00 [INFO]: Processing frame 320 (23.07 fps)
2020-03-18 03:58:02 [INFO]: Processing frame 340 (23.12 fps)
2020-03-18 03:58:04 [INFO]: Processing frame 360 (23.19 fps)
2020-03-18 03:58:05 [INFO]: Processing frame 380 (23.24 fps)
2020-03-18 03:58:07 [INFO]: Processing frame 400 (23.29 fps)
2020-03-18 03:58:09 [INFO]: Processing frame 420 (23.35 fps)
2020-03-18 03:58:10 [INFO]: Processing frame 440 (23.42 fps)
2020-03-18 03:58:12 [INFO]: Processing frame 460 (23.47 fps)
2020-03-18 03:58:14 [INFO]: Processing frame 480 (23.53 fps)
2020-03-18 03:58:15 [INFO]: Processing frame 500 (23.60 fps)
2020-03-18 03:58:17 [INFO]: Processing frame 520 (23.66 fps)
2020-03-18 03:58:19 [INFO]: Processing frame 540 (23.71 fps)
2020-03-18 03:58:20 [INFO]: Processing frame 560 (23.75 fps)
2020-03-18 03:58:22 [INFO]: Processing frame 580 (23.78 fps)
2020-03-18 03:58:24 [INFO]: Processing frame 600 (23.81 fps)
2020-03-18 03:58:26 [INFO]: Processing frame 620 (23.34 fps)
2020-03-18 03:58:28 [INFO]: Processing frame 640 (23.27 fps)
2020-03-18 03:58:29 [INFO]: save results to /home/master/JDEdata/MOT17/images/train/../results/weights/MOT17-10-SDP.txt
2020-03-18 03:58:29 [INFO]: Evaluate seq: MOT17-10-SDP
2020-03-18 03:58:30 [INFO]: start seq: MOT17-11-SDP
2020-03-18 03:58:33 [INFO]: Processing frame 0 (100000.00 fps)
2020-03-18 03:58:35 [INFO]: Processing frame 20 (26.55 fps)
2020-03-18 03:58:36 [INFO]: Processing frame 40 (26.61 fps)
2020-03-18 03:58:38 [INFO]: Processing frame 60 (26.65 fps)
2020-03-18 03:58:39 [INFO]: Processing frame 80 (26.68 fps)
2020-03-18 03:58:41 [INFO]: Processing frame 100 (26.70 fps)
2020-03-18 03:58:42 [INFO]: Processing frame 120 (26.74 fps)
2020-03-18 03:58:44 [INFO]: Processing frame 140 (26.73 fps)
2020-03-18 03:58:45 [INFO]: Processing frame 160 (26.55 fps)
2020-03-18 03:58:47 [INFO]: Processing frame 180 (26.52 fps)
2020-03-18 03:58:49 [INFO]: Processing frame 200 (26.48 fps)
2020-03-18 03:58:50 [INFO]: Processing frame 220 (26.46 fps)
2020-03-18 03:58:52 [INFO]: Processing frame 240 (26.46 fps)
2020-03-18 03:58:54 [INFO]: Processing frame 260 (26.43 fps)
2020-03-18 03:58:55 [INFO]: Processing frame 280 (26.40 fps)
2020-03-18 03:58:57 [INFO]: Processing frame 300 (26.40 fps)
2020-03-18 03:58:59 [INFO]: Processing frame 320 (26.41 fps)
2020-03-18 03:59:00 [INFO]: Processing frame 340 (26.42 fps)
2020-03-18 03:59:02 [INFO]: Processing frame 360 (26.43 fps)
2020-03-18 03:59:04 [INFO]: Processing frame 380 (26.46 fps)
2020-03-18 03:59:05 [INFO]: Processing frame 400 (26.47 fps)
2020-03-18 03:59:07 [INFO]: Processing frame 420 (26.48 fps)
2020-03-18 03:59:08 [INFO]: Processing frame 440 (26.46 fps)
2020-03-18 03:59:10 [INFO]: Processing frame 460 (26.41 fps)
2020-03-18 03:59:12 [INFO]: Processing frame 480 (26.12 fps)
2020-03-18 03:59:14 [INFO]: Processing frame 500 (26.13 fps)
2020-03-18 03:59:15 [INFO]: Processing frame 520 (26.14 fps)
2020-03-18 03:59:17 [INFO]: Processing frame 540 (26.16 fps)
2020-03-18 03:59:19 [INFO]: Processing frame 560 (26.18 fps)
2020-03-18 03:59:20 [INFO]: Processing frame 580 (26.21 fps)
2020-03-18 03:59:22 [INFO]: Processing frame 600 (26.24 fps)
2020-03-18 03:59:23 [INFO]: Processing frame 620 (26.25 fps)
2020-03-18 03:59:25 [INFO]: Processing frame 640 (26.22 fps)
2020-03-18 03:59:27 [INFO]: Processing frame 660 (26.20 fps)
2020-03-18 03:59:29 [INFO]: Processing frame 680 (26.19 fps)
2020-03-18 03:59:30 [INFO]: Processing frame 700 (26.18 fps)
2020-03-18 03:59:33 [INFO]: Processing frame 720 (25.68 fps)
2020-03-18 03:59:34 [INFO]: Processing frame 740 (25.72 fps)
2020-03-18 03:59:35 [INFO]: Processing frame 760 (25.75 fps)
2020-03-18 03:59:37 [INFO]: Processing frame 780 (25.80 fps)
2020-03-18 03:59:38 [INFO]: Processing frame 800 (25.84 fps)
2020-03-18 03:59:40 [INFO]: Processing frame 820 (25.88 fps)
2020-03-18 03:59:41 [INFO]: Processing frame 840 (25.92 fps)
2020-03-18 03:59:43 [INFO]: Processing frame 860 (25.94 fps)
2020-03-18 03:59:44 [INFO]: Processing frame 880 (25.96 fps)
2020-03-18 03:59:46 [INFO]: save results to /home/master/JDEdata/MOT17/images/train/../results/weights/MOT17-11-SDP.txt
2020-03-18 03:59:46 [INFO]: Evaluate seq: MOT17-11-SDP
2020-03-18 03:59:47 [INFO]: start seq: MOT17-13-SDP
2020-03-18 03:59:50 [INFO]: Processing frame 0 (100000.00 fps)
2020-03-18 03:59:52 [INFO]: Processing frame 20 (24.79 fps)
2020-03-18 03:59:53 [INFO]: Processing frame 40 (24.47 fps)
2020-03-18 03:59:55 [INFO]: Processing frame 60 (24.33 fps)
2020-03-18 03:59:57 [INFO]: Processing frame 80 (24.23 fps)
2020-03-18 03:59:59 [INFO]: Processing frame 100 (24.05 fps)
2020-03-18 04:00:01 [INFO]: Processing frame 120 (23.80 fps)
2020-03-18 04:00:03 [INFO]: Processing frame 140 (23.62 fps)
2020-03-18 04:00:04 [INFO]: Processing frame 160 (23.77 fps)
2020-03-18 04:00:06 [INFO]: Processing frame 180 (23.83 fps)
2020-03-18 04:00:08 [INFO]: Processing frame 200 (23.90 fps)
2020-03-18 04:00:09 [INFO]: Processing frame 220 (23.94 fps)
2020-03-18 04:00:11 [INFO]: Processing frame 240 (23.99 fps)
2020-03-18 04:00:13 [INFO]: Processing frame 260 (24.04 fps)
2020-03-18 04:00:15 [INFO]: Processing frame 280 (24.11 fps)
2020-03-18 04:00:17 [INFO]: Processing frame 300 (24.16 fps)
2020-03-18 04:00:18 [INFO]: Processing frame 320 (24.16 fps)
2020-03-18 04:00:20 [INFO]: Processing frame 340 (24.11 fps)
2020-03-18 04:00:22 [INFO]: Processing frame 360 (23.81 fps)
2020-03-18 04:00:24 [INFO]: Processing frame 380 (23.19 fps)
2020-03-18 04:00:26 [INFO]: Processing frame 400 (23.32 fps)
2020-03-18 04:00:27 [INFO]: Processing frame 420 (23.45 fps)
2020-03-18 04:00:29 [INFO]: Processing frame 440 (23.52 fps)
2020-03-18 04:00:31 [INFO]: Processing frame 460 (23.49 fps)
2020-03-18 04:00:32 [INFO]: Processing frame 480 (23.56 fps)
2020-03-18 04:00:34 [INFO]: Processing frame 500 (23.66 fps)
2020-03-18 04:00:36 [INFO]: Processing frame 520 (23.73 fps)
2020-03-18 04:00:37 [INFO]: Processing frame 540 (23.76 fps)
2020-03-18 04:00:39 [INFO]: Processing frame 560 (23.83 fps)
2020-03-18 04:00:41 [INFO]: Processing frame 580 (23.91 fps)
2020-03-18 04:00:42 [INFO]: Processing frame 600 (23.99 fps)
2020-03-18 04:00:44 [INFO]: Processing frame 620 (24.06 fps)
2020-03-18 04:00:46 [INFO]: Processing frame 640 (24.12 fps)
2020-03-18 04:00:47 [INFO]: Processing frame 660 (24.18 fps)
2020-03-18 04:00:49 [INFO]: Processing frame 680 (24.24 fps)
2020-03-18 04:00:51 [INFO]: Processing frame 700 (24.30 fps)
2020-03-18 04:00:52 [INFO]: Processing frame 720 (24.35 fps)
2020-03-18 04:00:54 [INFO]: Processing frame 740 (24.40 fps)
2020-03-18 04:00:55 [INFO]: save results to /home/master/JDEdata/MOT17/images/train/../results/weights/MOT17-13-SDP.txt
2020-03-18 04:00:55 [INFO]: Evaluate seq: MOT17-13-SDP
2020-03-18 04:00:56 [INFO]: Time elapsed: 361.63 seconds, FPS: 14.70
              IDF1   IDP   IDR  Rcll  Prcn  GT  MT  PT ML   FP    FN  IDs    FM  MOTA  MOTP IDt IDa IDm
MOT17-02-SDP 47.9% 54.5% 42.8% 69.4% 88.4%  62  22  33  7 1685  5683  308   459 58.7% 0.221 139  93  17
MOT17-04-SDP 70.9% 79.4% 64.0% 77.3% 95.9%  83  44  28 11 1577 10793  133   311 73.7% 0.188  63  54   6
MOT17-05-SDP 74.8% 79.6% 70.5% 83.1% 93.8% 133  74  50  9  382  1171  178   206 75.0% 0.209  97  60  27
MOT17-09-SDP 57.0% 64.9% 50.8% 73.9% 94.4%  26  12  14  0  233  1392  125   178 67.1% 0.207  74  27   6
MOT17-10-SDP 60.7% 68.0% 54.9% 74.7% 92.5%  57  23  32  2  774  3251  314   616 66.2% 0.229 153  84  11
MOT17-11-SDP 72.7% 75.7% 70.0% 88.2% 95.4%  75  46  24  5  403  1118   88   179 82.9% 0.173  25  41   7
MOT17-13-SDP 66.7% 75.8% 59.5% 72.3% 92.0% 110  46  54 10  733  3230  302   719 63.4% 0.235 165  87  42
OVERALL      65.3% 72.8% 59.3% 76.3% 93.7% 546 267 235 44 5787 26638 1448  2668 69.8% 0.203 716 446 116
