Namespace(cfg='cfg/yolov3_864x480.cfg', conf_thres=0.5, iou_thres=0.5, min_box_area=200, nms_thres=0.4, save_images=False, save_videos=False, test_mot16=False, track_buffer=30, weights='/home/master/kuanzi/weights/69_epoch_arcface.pt')

2020-03-18 03:52:10 [INFO]: start seq: MOT17-02-SDP
2020-03-18 03:56:51 [INFO]: Processing frame 0 (100000.00 fps)
2020-03-18 03:56:54 [INFO]: Processing frame 20 (8.61 fps)
2020-03-18 03:56:56 [INFO]: Processing frame 40 (12.15 fps)
2020-03-18 03:56:59 [INFO]: Processing frame 60 (12.28 fps)
2020-03-18 03:57:01 [INFO]: Processing frame 80 (12.64 fps)
2020-03-18 03:57:04 [INFO]: Processing frame 100 (12.06 fps)
2020-03-18 03:57:08 [INFO]: Processing frame 120 (12.05 fps)
2020-03-18 03:57:10 [INFO]: Processing frame 140 (11.91 fps)
2020-03-18 03:57:13 [INFO]: Processing frame 160 (11.62 fps)
2020-03-18 03:57:16 [INFO]: Processing frame 180 (11.41 fps)
2020-03-18 03:57:19 [INFO]: Processing frame 200 (11.32 fps)
2020-03-18 03:57:27 [INFO]: Processing frame 220 (11.24 fps)
2020-03-18 03:57:30 [INFO]: Processing frame 240 (11.19 fps)
2020-03-18 03:57:32 [INFO]: Processing frame 260 (11.18 fps)
2020-03-18 03:57:35 [INFO]: Processing frame 280 (11.18 fps)
2020-03-18 03:57:38 [INFO]: Processing frame 300 (11.15 fps)
2020-03-18 03:57:41 [INFO]: Processing frame 320 (11.07 fps)
2020-03-18 03:57:44 [INFO]: Processing frame 340 (11.06 fps)
2020-03-18 03:57:46 [INFO]: Processing frame 360 (11.03 fps)
2020-03-18 03:57:49 [INFO]: Processing frame 380 (10.96 fps)
2020-03-18 03:57:55 [INFO]: Processing frame 400 (10.87 fps)
2020-03-18 03:57:57 [INFO]: Processing frame 420 (10.83 fps)
2020-03-18 03:58:00 [INFO]: Processing frame 440 (10.80 fps)
2020-03-18 03:58:03 [INFO]: Processing frame 460 (10.74 fps)
2020-03-18 03:58:06 [INFO]: Processing frame 480 (10.72 fps)
2020-03-18 03:58:08 [INFO]: Processing frame 500 (10.71 fps)
2020-03-18 03:58:11 [INFO]: Processing frame 520 (10.68 fps)
2020-03-18 03:58:13 [INFO]: Processing frame 540 (10.90 fps)
2020-03-18 03:58:15 [INFO]: Processing frame 560 (11.10 fps)
2020-03-18 03:58:16 [INFO]: Processing frame 580 (11.30 fps)
2020-03-18 03:58:18 [INFO]: save results to /home/master/JDEdata/MOT17/images/train/../results/weights/MOT17-02-SDP.txt
2020-03-18 03:58:18 [INFO]: Evaluate seq: MOT17-02-SDP
2020-03-18 03:58:19 [INFO]: start seq: MOT17-04-SDP
2020-03-18 04:01:01 [INFO]: Processing frame 0 (100000.00 fps)
2020-03-18 04:01:02 [INFO]: Processing frame 20 (22.79 fps)
2020-03-18 04:01:04 [INFO]: Processing frame 40 (22.55 fps)
2020-03-18 04:01:06 [INFO]: Processing frame 60 (22.61 fps)
2020-03-18 04:01:08 [INFO]: Processing frame 80 (22.63 fps)
2020-03-18 04:01:09 [INFO]: Processing frame 100 (22.65 fps)
2020-03-18 04:01:11 [INFO]: Processing frame 120 (22.47 fps)
2020-03-18 04:01:13 [INFO]: Processing frame 140 (22.43 fps)
2020-03-18 04:01:15 [INFO]: Processing frame 160 (22.34 fps)
2020-03-18 04:01:16 [INFO]: Processing frame 180 (22.21 fps)
2020-03-18 04:01:18 [INFO]: Processing frame 200 (22.12 fps)
2020-03-18 04:01:20 [INFO]: Processing frame 220 (22.09 fps)
2020-03-18 04:01:22 [INFO]: Processing frame 240 (22.07 fps)
2020-03-18 04:01:24 [INFO]: Processing frame 260 (22.02 fps)
2020-03-18 04:01:25 [INFO]: Processing frame 280 (22.04 fps)
2020-03-18 04:01:27 [INFO]: Processing frame 300 (22.04 fps)
2020-03-18 04:01:29 [INFO]: Processing frame 320 (22.00 fps)
2020-03-18 04:01:31 [INFO]: Processing frame 340 (21.96 fps)
2020-03-18 04:01:32 [INFO]: Processing frame 360 (21.95 fps)
2020-03-18 04:01:34 [INFO]: Processing frame 380 (21.94 fps)
2020-03-18 04:01:36 [INFO]: Processing frame 400 (21.90 fps)
2020-03-18 04:01:38 [INFO]: Processing frame 420 (21.86 fps)
2020-03-18 04:01:40 [INFO]: Processing frame 440 (21.83 fps)
2020-03-18 04:01:41 [INFO]: Processing frame 460 (21.78 fps)
2020-03-18 04:01:43 [INFO]: Processing frame 480 (21.78 fps)
2020-03-18 04:01:45 [INFO]: Processing frame 500 (21.77 fps)
2020-03-18 04:01:47 [INFO]: Processing frame 520 (21.76 fps)
2020-03-18 04:01:49 [INFO]: Processing frame 540 (21.76 fps)
2020-03-18 04:01:50 [INFO]: Processing frame 560 (21.76 fps)
2020-03-18 04:01:52 [INFO]: Processing frame 580 (21.71 fps)
2020-03-18 04:01:54 [INFO]: Processing frame 600 (21.69 fps)
2020-03-18 04:01:56 [INFO]: Processing frame 620 (21.69 fps)
2020-03-18 04:01:58 [INFO]: Processing frame 640 (21.68 fps)
2020-03-18 04:01:59 [INFO]: Processing frame 660 (21.65 fps)
2020-03-18 04:02:01 [INFO]: Processing frame 680 (21.63 fps)
2020-03-18 04:02:03 [INFO]: Processing frame 700 (21.61 fps)
2020-03-18 04:02:05 [INFO]: Processing frame 720 (21.58 fps)
2020-03-18 04:02:07 [INFO]: Processing frame 740 (21.56 fps)
2020-03-18 04:02:09 [INFO]: Processing frame 760 (21.55 fps)
2020-03-18 04:02:11 [INFO]: Processing frame 780 (21.52 fps)
2020-03-18 04:02:13 [INFO]: Processing frame 800 (21.51 fps)
2020-03-18 04:02:15 [INFO]: Processing frame 820 (21.51 fps)
2020-03-18 04:02:17 [INFO]: Processing frame 840 (21.51 fps)
2020-03-18 04:02:18 [INFO]: Processing frame 860 (21.50 fps)
2020-03-18 04:02:20 [INFO]: Processing frame 880 (21.49 fps)
2020-03-18 04:02:22 [INFO]: Processing frame 900 (21.48 fps)
2020-03-18 04:02:24 [INFO]: Processing frame 920 (21.47 fps)
2020-03-18 04:02:25 [INFO]: Processing frame 940 (21.47 fps)
2020-03-18 04:02:27 [INFO]: Processing frame 960 (21.45 fps)
2020-03-18 04:02:29 [INFO]: Processing frame 980 (21.42 fps)
2020-03-18 04:02:31 [INFO]: Processing frame 1000 (21.36 fps)
2020-03-18 04:02:33 [INFO]: Processing frame 1020 (21.31 fps)
2020-03-18 04:02:35 [INFO]: Processing frame 1040 (21.30 fps)
2020-03-18 04:02:36 [INFO]: save results to /home/master/JDEdata/MOT17/images/train/../results/weights/MOT17-04-SDP.txt
2020-03-18 04:02:36 [INFO]: Evaluate seq: MOT17-04-SDP
2020-03-18 04:02:39 [INFO]: start seq: MOT17-05-SDP
2020-03-18 04:04:43 [INFO]: Processing frame 0 (100000.00 fps)
2020-03-18 04:04:44 [INFO]: Processing frame 20 (24.17 fps)
2020-03-18 04:04:45 [INFO]: Processing frame 40 (25.03 fps)
2020-03-18 04:04:46 [INFO]: Processing frame 60 (25.46 fps)
2020-03-18 04:04:47 [INFO]: Processing frame 80 (25.84 fps)
2020-03-18 04:04:48 [INFO]: Processing frame 100 (25.87 fps)
2020-03-18 04:04:49 [INFO]: Processing frame 120 (25.92 fps)
2020-03-18 04:04:50 [INFO]: Processing frame 140 (25.97 fps)
2020-03-18 04:04:51 [INFO]: Processing frame 160 (26.02 fps)
2020-03-18 04:04:52 [INFO]: Processing frame 180 (26.05 fps)
2020-03-18 04:04:53 [INFO]: Processing frame 200 (26.06 fps)
2020-03-18 04:04:54 [INFO]: Processing frame 220 (26.07 fps)
2020-03-18 04:04:55 [INFO]: Processing frame 240 (26.07 fps)
2020-03-18 04:04:56 [INFO]: Processing frame 260 (26.04 fps)
2020-03-18 04:04:57 [INFO]: Processing frame 280 (26.01 fps)
2020-03-18 04:04:58 [INFO]: Processing frame 300 (25.99 fps)
2020-03-18 04:04:59 [INFO]: Processing frame 320 (25.97 fps)
2020-03-18 04:05:00 [INFO]: Processing frame 340 (25.95 fps)
2020-03-18 04:05:01 [INFO]: Processing frame 360 (25.97 fps)
2020-03-18 04:05:02 [INFO]: Processing frame 380 (26.00 fps)
2020-03-18 04:05:03 [INFO]: Processing frame 400 (26.00 fps)
2020-03-18 04:05:04 [INFO]: Processing frame 420 (26.02 fps)
2020-03-18 04:05:05 [INFO]: Processing frame 440 (26.05 fps)
2020-03-18 04:05:06 [INFO]: Processing frame 460 (26.05 fps)
2020-03-18 04:05:07 [INFO]: Processing frame 480 (26.07 fps)
2020-03-18 04:05:08 [INFO]: Processing frame 500 (26.10 fps)
2020-03-18 04:05:09 [INFO]: Processing frame 520 (26.11 fps)
2020-03-18 04:05:10 [INFO]: Processing frame 540 (26.11 fps)
2020-03-18 04:05:11 [INFO]: Processing frame 560 (26.11 fps)
2020-03-18 04:05:12 [INFO]: Processing frame 580 (26.12 fps)
2020-03-18 04:05:13 [INFO]: Processing frame 600 (26.13 fps)
2020-03-18 04:05:14 [INFO]: Processing frame 620 (26.15 fps)
2020-03-18 04:05:15 [INFO]: Processing frame 640 (26.15 fps)
2020-03-18 04:05:16 [INFO]: Processing frame 660 (26.17 fps)
2020-03-18 04:05:17 [INFO]: Processing frame 680 (26.18 fps)
2020-03-18 04:05:18 [INFO]: Processing frame 700 (26.18 fps)
2020-03-18 04:05:19 [INFO]: Processing frame 720 (26.17 fps)
2020-03-18 04:05:20 [INFO]: Processing frame 740 (26.17 fps)
2020-03-18 04:05:20 [INFO]: Processing frame 760 (26.16 fps)
2020-03-18 04:05:22 [INFO]: Processing frame 780 (26.14 fps)
2020-03-18 04:05:23 [INFO]: Processing frame 800 (26.12 fps)
2020-03-18 04:05:24 [INFO]: Processing frame 820 (26.10 fps)
2020-03-18 04:05:25 [INFO]: save results to /home/master/JDEdata/MOT17/images/train/../results/weights/MOT17-05-SDP.txt
2020-03-18 04:05:25 [INFO]: Evaluate seq: MOT17-05-SDP
2020-03-18 04:05:26 [INFO]: start seq: MOT17-09-SDP
2020-03-18 04:06:38 [INFO]: Processing frame 0 (100000.00 fps)
2020-03-18 04:06:39 [INFO]: Processing frame 20 (27.09 fps)
2020-03-18 04:06:41 [INFO]: Processing frame 40 (27.33 fps)
2020-03-18 04:06:42 [INFO]: Processing frame 60 (27.33 fps)
2020-03-18 04:06:44 [INFO]: Processing frame 80 (27.16 fps)
2020-03-18 04:06:45 [INFO]: Processing frame 100 (27.10 fps)
2020-03-18 04:06:47 [INFO]: Processing frame 120 (27.04 fps)
2020-03-18 04:06:49 [INFO]: Processing frame 140 (26.96 fps)
2020-03-18 04:06:51 [INFO]: Processing frame 160 (26.84 fps)
2020-03-18 04:06:52 [INFO]: Processing frame 180 (26.74 fps)
2020-03-18 04:06:54 [INFO]: Processing frame 200 (26.56 fps)
2020-03-18 04:06:56 [INFO]: Processing frame 220 (26.42 fps)
2020-03-18 04:06:57 [INFO]: Processing frame 240 (26.28 fps)
2020-03-18 04:06:59 [INFO]: Processing frame 260 (26.15 fps)
2020-03-18 04:07:01 [INFO]: Processing frame 280 (26.08 fps)
2020-03-18 04:07:03 [INFO]: Processing frame 300 (25.95 fps)
2020-03-18 04:07:05 [INFO]: Processing frame 320 (25.90 fps)
2020-03-18 04:07:06 [INFO]: Processing frame 340 (25.89 fps)
2020-03-18 04:07:08 [INFO]: Processing frame 360 (25.93 fps)
2020-03-18 04:07:10 [INFO]: Processing frame 380 (25.92 fps)
2020-03-18 04:07:12 [INFO]: Processing frame 400 (25.95 fps)
2020-03-18 04:07:13 [INFO]: Processing frame 420 (25.96 fps)
2020-03-18 04:07:15 [INFO]: Processing frame 440 (25.94 fps)
2020-03-18 04:07:17 [INFO]: Processing frame 460 (25.94 fps)
2020-03-18 04:07:18 [INFO]: Processing frame 480 (25.95 fps)
2020-03-18 04:07:20 [INFO]: Processing frame 500 (25.92 fps)
2020-03-18 04:07:22 [INFO]: Processing frame 520 (25.92 fps)
2020-03-18 04:07:22 [INFO]: save results to /home/master/JDEdata/MOT17/images/train/../results/weights/MOT17-09-SDP.txt
2020-03-18 04:07:23 [INFO]: Evaluate seq: MOT17-09-SDP
2020-03-18 04:07:23 [INFO]: start seq: MOT17-10-SDP
2020-03-18 04:07:52 [INFO]: Processing frame 0 (100000.00 fps)
2020-03-18 04:07:54 [INFO]: Processing frame 20 (24.66 fps)
2020-03-18 04:07:55 [INFO]: Processing frame 40 (23.66 fps)
2020-03-18 04:07:57 [INFO]: Processing frame 60 (22.78 fps)
2020-03-18 04:07:59 [INFO]: Processing frame 80 (21.68 fps)
2020-03-18 04:08:01 [INFO]: Processing frame 100 (21.93 fps)
2020-03-18 04:08:03 [INFO]: Processing frame 120 (22.20 fps)
2020-03-18 04:08:04 [INFO]: Processing frame 140 (22.19 fps)
2020-03-18 04:08:06 [INFO]: Processing frame 160 (22.16 fps)
2020-03-18 04:08:08 [INFO]: Processing frame 180 (22.00 fps)
2020-03-18 04:08:10 [INFO]: Processing frame 200 (21.42 fps)
2020-03-18 04:08:12 [INFO]: Processing frame 220 (20.96 fps)
2020-03-18 04:08:14 [INFO]: Processing frame 240 (20.59 fps)
2020-03-18 04:08:16 [INFO]: Processing frame 260 (20.46 fps)
2020-03-18 04:08:18 [INFO]: Processing frame 280 (20.58 fps)
2020-03-18 04:08:19 [INFO]: Processing frame 300 (20.59 fps)
2020-03-18 04:08:21 [INFO]: Processing frame 320 (20.60 fps)
2020-03-18 04:08:23 [INFO]: Processing frame 340 (20.61 fps)
2020-03-18 04:08:25 [INFO]: Processing frame 360 (20.73 fps)
2020-03-18 04:08:27 [INFO]: Processing frame 380 (20.85 fps)
2020-03-18 04:08:29 [INFO]: Processing frame 400 (20.89 fps)
2020-03-18 04:08:31 [INFO]: Processing frame 420 (20.90 fps)
2020-03-18 04:08:32 [INFO]: Processing frame 440 (20.94 fps)
2020-03-18 04:08:34 [INFO]: Processing frame 460 (21.01 fps)
2020-03-18 04:08:36 [INFO]: Processing frame 480 (20.71 fps)
2020-03-18 04:08:38 [INFO]: Processing frame 500 (20.80 fps)
2020-03-18 04:08:40 [INFO]: Processing frame 520 (20.79 fps)
2020-03-18 04:08:41 [INFO]: Processing frame 540 (20.92 fps)
2020-03-18 04:08:44 [INFO]: Processing frame 560 (20.60 fps)
2020-03-18 04:08:46 [INFO]: Processing frame 580 (20.51 fps)
2020-03-18 04:08:47 [INFO]: Processing frame 600 (20.55 fps)
2020-03-18 04:08:49 [INFO]: Processing frame 620 (20.46 fps)
2020-03-18 04:08:51 [INFO]: Processing frame 640 (20.50 fps)
2020-03-18 04:08:53 [INFO]: save results to /home/master/JDEdata/MOT17/images/train/../results/weights/MOT17-10-SDP.txt
2020-03-18 04:08:53 [INFO]: Evaluate seq: MOT17-10-SDP
2020-03-18 04:08:54 [INFO]: start seq: MOT17-11-SDP
2020-03-18 04:09:22 [INFO]: Processing frame 0 (100000.00 fps)
2020-03-18 04:09:24 [INFO]: Processing frame 20 (14.80 fps)
2020-03-18 04:09:26 [INFO]: Processing frame 40 (16.10 fps)
2020-03-18 04:09:29 [INFO]: Processing frame 60 (15.77 fps)
2020-03-18 04:09:31 [INFO]: Processing frame 80 (16.44 fps)
2020-03-18 04:09:33 [INFO]: Processing frame 100 (16.89 fps)
2020-03-18 04:09:35 [INFO]: Processing frame 120 (17.52 fps)
2020-03-18 04:09:37 [INFO]: Processing frame 140 (16.41 fps)
2020-03-18 04:09:39 [INFO]: Processing frame 160 (16.39 fps)
2020-03-18 04:09:41 [INFO]: Processing frame 180 (17.13 fps)
2020-03-18 04:09:42 [INFO]: Processing frame 200 (17.70 fps)
2020-03-18 04:09:44 [INFO]: Processing frame 220 (18.14 fps)
2020-03-18 04:09:46 [INFO]: Processing frame 240 (18.49 fps)
2020-03-18 04:09:48 [INFO]: Processing frame 260 (18.56 fps)
2020-03-18 04:09:50 [INFO]: Processing frame 280 (18.80 fps)
2020-03-18 04:09:51 [INFO]: Processing frame 300 (18.90 fps)
2020-03-18 04:09:53 [INFO]: Processing frame 320 (19.18 fps)
2020-03-18 04:09:55 [INFO]: Processing frame 340 (19.26 fps)
2020-03-18 04:09:57 [INFO]: Processing frame 360 (18.87 fps)
2020-03-18 04:09:59 [INFO]: Processing frame 380 (18.58 fps)
2020-03-18 04:10:01 [INFO]: Processing frame 400 (18.63 fps)
2020-03-18 04:10:03 [INFO]: Processing frame 420 (18.37 fps)
2020-03-18 04:10:05 [INFO]: Processing frame 440 (18.11 fps)
2020-03-18 04:10:07 [INFO]: Processing frame 460 (18.21 fps)
2020-03-18 04:10:09 [INFO]: Processing frame 480 (18.25 fps)
2020-03-18 04:10:12 [INFO]: Processing frame 500 (18.05 fps)
2020-03-18 04:10:14 [INFO]: Processing frame 520 (17.87 fps)
2020-03-18 04:10:16 [INFO]: Processing frame 540 (17.93 fps)
2020-03-18 04:10:17 [INFO]: Processing frame 560 (18.10 fps)
2020-03-18 04:10:19 [INFO]: Processing frame 580 (18.18 fps)
2020-03-18 04:10:21 [INFO]: Processing frame 600 (18.15 fps)
2020-03-18 04:10:23 [INFO]: Processing frame 620 (18.11 fps)
2020-03-18 04:10:25 [INFO]: Processing frame 640 (18.22 fps)
2020-03-18 04:10:27 [INFO]: Processing frame 660 (18.11 fps)
2020-03-18 04:10:29 [INFO]: Processing frame 680 (18.12 fps)
2020-03-18 04:10:31 [INFO]: Processing frame 700 (18.09 fps)
2020-03-18 04:10:33 [INFO]: Processing frame 720 (18.10 fps)
2020-03-18 04:10:35 [INFO]: Processing frame 740 (18.07 fps)
2020-03-18 04:10:37 [INFO]: Processing frame 760 (17.97 fps)
2020-03-18 04:10:40 [INFO]: Processing frame 780 (17.89 fps)
2020-03-18 04:10:42 [INFO]: Processing frame 800 (17.90 fps)
2020-03-18 04:10:44 [INFO]: Processing frame 820 (17.69 fps)
2020-03-18 04:10:47 [INFO]: Processing frame 840 (17.63 fps)
2020-03-18 04:10:49 [INFO]: Processing frame 860 (17.51 fps)
2020-03-18 04:10:52 [INFO]: Processing frame 880 (17.47 fps)
2020-03-18 04:10:54 [INFO]: save results to /home/master/JDEdata/MOT17/images/train/../results/weights/MOT17-11-SDP.txt
2020-03-18 04:10:54 [INFO]: Evaluate seq: MOT17-11-SDP
2020-03-18 04:10:55 [INFO]: start seq: MOT17-13-SDP
2020-03-18 04:11:32 [INFO]: Processing frame 0 (100000.00 fps)
2020-03-18 04:11:34 [INFO]: Processing frame 20 (18.01 fps)
2020-03-18 04:11:36 [INFO]: Processing frame 40 (15.83 fps)
2020-03-18 04:11:39 [INFO]: Processing frame 60 (13.97 fps)
2020-03-18 04:11:42 [INFO]: Processing frame 80 (13.18 fps)
2020-03-18 04:11:44 [INFO]: Processing frame 100 (12.80 fps)
2020-03-18 04:11:47 [INFO]: Processing frame 120 (12.53 fps)
2020-03-18 04:11:50 [INFO]: Processing frame 140 (12.76 fps)
2020-03-18 04:11:52 [INFO]: Processing frame 160 (13.21 fps)
2020-03-18 04:11:54 [INFO]: Processing frame 180 (13.51 fps)
2020-03-18 04:11:57 [INFO]: Processing frame 200 (13.37 fps)
2020-03-18 04:12:00 [INFO]: Processing frame 220 (13.15 fps)
2020-03-18 04:12:03 [INFO]: Processing frame 240 (13.09 fps)
2020-03-18 04:12:05 [INFO]: Processing frame 260 (13.01 fps)
2020-03-18 04:12:08 [INFO]: Processing frame 280 (13.09 fps)
2020-03-18 04:12:10 [INFO]: Processing frame 300 (13.22 fps)
2020-03-18 04:12:13 [INFO]: Processing frame 320 (13.44 fps)
2020-03-18 04:12:15 [INFO]: Processing frame 340 (13.51 fps)
2020-03-18 04:12:18 [INFO]: Processing frame 360 (13.50 fps)
2020-03-18 04:12:20 [INFO]: Processing frame 380 (13.65 fps)
2020-03-18 04:12:22 [INFO]: Processing frame 400 (13.81 fps)
2020-03-18 04:12:25 [INFO]: Processing frame 420 (13.83 fps)
2020-03-18 04:12:27 [INFO]: Processing frame 440 (13.87 fps)
2020-03-18 04:12:29 [INFO]: Processing frame 460 (13.87 fps)
2020-03-18 04:12:32 [INFO]: Processing frame 480 (13.97 fps)
2020-03-18 04:12:34 [INFO]: Processing frame 500 (14.13 fps)
2020-03-18 04:12:36 [INFO]: Processing frame 520 (14.14 fps)
2020-03-18 04:12:38 [INFO]: Processing frame 540 (14.26 fps)
2020-03-18 04:12:40 [INFO]: Processing frame 560 (14.31 fps)
2020-03-18 04:12:43 [INFO]: Processing frame 580 (14.38 fps)
2020-03-18 04:12:44 [INFO]: Processing frame 600 (14.53 fps)
2020-03-18 04:12:46 [INFO]: Processing frame 620 (14.75 fps)
2020-03-18 04:12:48 [INFO]: Processing frame 640 (14.95 fps)
2020-03-18 04:12:50 [INFO]: Processing frame 660 (15.15 fps)
2020-03-18 04:12:52 [INFO]: Processing frame 680 (15.26 fps)
2020-03-18 04:12:54 [INFO]: Processing frame 700 (15.26 fps)
2020-03-18 04:12:56 [INFO]: Processing frame 720 (15.36 fps)
2020-03-18 04:12:58 [INFO]: Processing frame 740 (15.45 fps)
2020-03-18 04:12:59 [INFO]: save results to /home/master/JDEdata/MOT17/images/train/../results/weights/MOT17-13-SDP.txt
2020-03-18 04:12:59 [INFO]: Evaluate seq: MOT17-13-SDP
2020-03-18 04:13:01 [INFO]: Time elapsed: 286.07 seconds, FPS: 18.58
              IDF1   IDP   IDR  Rcll  Prcn  GT  MT  PT ML   FP    FN  IDs    FM  MOTA  MOTP IDt IDa IDm
MOT17-02-SDP 49.8% 56.5% 44.5% 69.8% 88.6%  62  21  35  6 1677  5611  315   477 59.1% 0.220 142  96  20
MOT17-04-SDP 74.8% 83.1% 68.0% 78.2% 95.5%  83  42  29 12 1750 10388  146   351 74.2% 0.179  53  67   5
MOT17-05-SDP 74.5% 79.0% 70.6% 84.5% 94.5% 133  78  48  7  341  1075  159   206 77.2% 0.199  86  68  26
MOT17-09-SDP 54.4% 61.1% 49.0% 75.7% 94.4%  26  15  11  0  241  1296  126   152 68.8% 0.190  76  35   7
MOT17-10-SDP 59.5% 65.4% 54.6% 76.7% 91.8%  57  26  29  2  876  2997  383   627 66.9% 0.224 159 109   9
MOT17-11-SDP 79.2% 82.0% 76.5% 89.1% 95.4%  75  44  26  5  401  1029   70   182 84.1% 0.159  26  31   6
MOT17-13-SDP 67.6% 75.8% 61.0% 73.0% 90.7% 110  49  49 12  876  3148  291   690 62.9% 0.225 137  95  32
OVERALL      67.7% 74.7% 61.8% 77.3% 93.4% 546 275 227 44 6162 25544 1490  2685 70.4% 0.195 679 501 105
