opt
 Namespace(accumulated_batches=1, batch_size=8, cfg='cfg/yolov3_864x480.cfg', data_cfg='cfg/ccmcpe.json', epochs=30, latest=False, lr=0.01, print_interval=40, resume=True, test_interval=3, unfreeze_bn=False)
loading data
================================================================================
dataset summary
OrderedDict([('mot17', 547.0), ('caltech', 1043.0), ('citypersons', 0), ('cuhksysu', 11931.0), ('prw', 933.0), ('eth', 0)])
total # identities: 14455
start index
OrderedDict([('mot17', 0), ('caltech', 547.0), ('citypersons', 1590.0), ('cuhksysu', 1590.0), ('prw', 13521.0), ('eth', 14454.0)])
================================================================================
building model
Loading jde finetune weight... /home/master/kuanzi/weights/jde_864x480_uncertainty.pt
model weight loaded
classifer_param
 <generator object Module.parameters at 0x7f86897f9eb8>
classifer_param_value
 [140215809311440]
base_params
 <filter object at 0x7f8689825080>
chk epoch:
 59

layer                                               name  gradient   parameters                shape           mu        sigma
    0                             module.0.conv_0.weight      True          864        [32, 3, 3, 3]     -0.00309        0.372
    1                       module.0.batch_norm_0.weight     False           32                 [32]        0.436        0.286
    2                         module.0.batch_norm_0.bias     False           32                 [32]            0            0
    3                             module.1.conv_1.weight      True        18432       [64, 32, 3, 3]     -0.00908       0.0849
    4                       module.1.batch_norm_1.weight     False           64                 [64]         0.47        0.266
    5                         module.1.batch_norm_1.bias     False           64                 [64]            0            0
    6                             module.2.conv_2.weight      True         2048       [32, 64, 1, 1]      -0.0189        0.169
    7                       module.2.batch_norm_2.weight     False           32                 [32]        0.446        0.284
    8                         module.2.batch_norm_2.bias     False           32                 [32]            0            0
    9                             module.3.conv_3.weight      True        18432       [64, 32, 3, 3]     -0.00355       0.0832
   10                       module.3.batch_norm_3.weight     False           64                 [64]        0.514        0.308
   11                         module.3.batch_norm_3.bias     False           64                 [64]            0            0
   12                             module.5.conv_5.weight      True        73728      [128, 64, 3, 3]     -0.00278       0.0546
   13                       module.5.batch_norm_5.weight     False          128                [128]        0.499        0.293
   14                         module.5.batch_norm_5.bias     False          128                [128]            0            0
   15                             module.6.conv_6.weight      True         8192      [64, 128, 1, 1]     -0.00546       0.0857
   16                       module.6.batch_norm_6.weight     False           64                 [64]        0.546         0.31
   17                         module.6.batch_norm_6.bias     False           64                 [64]            0            0
   18                             module.7.conv_7.weight      True        73728      [128, 64, 3, 3]     -0.00373       0.0469
   19                       module.7.batch_norm_7.weight     False          128                [128]        0.492        0.311
   20                         module.7.batch_norm_7.bias     False          128                [128]            0            0
   21                             module.9.conv_9.weight      True         8192      [64, 128, 1, 1]     -0.00703       0.0962
   22                       module.9.batch_norm_9.weight     False           64                 [64]        0.469          0.3
   23                         module.9.batch_norm_9.bias     False           64                 [64]            0            0
   24                           module.10.conv_10.weight      True        73728      [128, 64, 3, 3]     -0.00286       0.0439
   25                     module.10.batch_norm_10.weight     False          128                [128]        0.463        0.306
   26                       module.10.batch_norm_10.bias     False          128                [128]            0            0
   27                           module.12.conv_12.weight      True       294912     [256, 128, 3, 3]     2.84e-05       0.0344
   28                     module.12.batch_norm_12.weight     False          256                [256]        0.495        0.277
   29                       module.12.batch_norm_12.bias     False          256                [256]            0            0
   30                           module.13.conv_13.weight      True        32768     [128, 256, 1, 1]     -0.00114       0.0484
   31                     module.13.batch_norm_13.weight     False          128                [128]        0.465        0.283
   32                       module.13.batch_norm_13.bias     False          128                [128]            0            0
   33                           module.14.conv_14.weight      True       294912     [256, 128, 3, 3]     -0.00178       0.0278
   34                     module.14.batch_norm_14.weight     False          256                [256]        0.515        0.281
   35                       module.14.batch_norm_14.bias     False          256                [256]            0            0
   36                           module.16.conv_16.weight      True        32768     [128, 256, 1, 1]      -0.0024       0.0537
   37                     module.16.batch_norm_16.weight     False          128                [128]        0.474        0.289
   38                       module.16.batch_norm_16.bias     False          128                [128]            0            0
   39                           module.17.conv_17.weight      True       294912     [256, 128, 3, 3]     -0.00166       0.0283
   40                     module.17.batch_norm_17.weight     False          256                [256]        0.513        0.279
   41                       module.17.batch_norm_17.bias     False          256                [256]            0            0
   42                           module.19.conv_19.weight      True        32768     [128, 256, 1, 1]     -0.00286       0.0535
   43                     module.19.batch_norm_19.weight     False          128                [128]        0.478        0.283
   44                       module.19.batch_norm_19.bias     False          128                [128]            0            0
   45                           module.20.conv_20.weight      True       294912     [256, 128, 3, 3]     -0.00175       0.0269
   46                     module.20.batch_norm_20.weight     False          256                [256]        0.491        0.298
   47                       module.20.batch_norm_20.bias     False          256                [256]            0            0
   48                           module.22.conv_22.weight      True        32768     [128, 256, 1, 1]     -0.00367       0.0549
   49                     module.22.batch_norm_22.weight     False          128                [128]          0.5        0.268
   50                       module.22.batch_norm_22.bias     False          128                [128]            0            0
   51                           module.23.conv_23.weight      True       294912     [256, 128, 3, 3]     -0.00165       0.0271
   52                     module.23.batch_norm_23.weight     False          256                [256]        0.502        0.285
   53                       module.23.batch_norm_23.bias     False          256                [256]            0            0
   54                           module.25.conv_25.weight      True        32768     [128, 256, 1, 1]     -0.00279       0.0544
   55                     module.25.batch_norm_25.weight     False          128                [128]         0.47        0.279
   56                       module.25.batch_norm_25.bias     False          128                [128]            0            0
   57                           module.26.conv_26.weight      True       294912     [256, 128, 3, 3]     -0.00163       0.0264
   58                     module.26.batch_norm_26.weight     False          256                [256]        0.518        0.284
   59                       module.26.batch_norm_26.bias     False          256                [256]            0            0
   60                           module.28.conv_28.weight      True        32768     [128, 256, 1, 1]     -0.00333       0.0535
   61                     module.28.batch_norm_28.weight     False          128                [128]        0.483         0.27
   62                       module.28.batch_norm_28.bias     False          128                [128]            0            0
   63                           module.29.conv_29.weight      True       294912     [256, 128, 3, 3]     -0.00158       0.0253
   64                     module.29.batch_norm_29.weight     False          256                [256]        0.486        0.292
   65                       module.29.batch_norm_29.bias     False          256                [256]            0            0
   66                           module.31.conv_31.weight      True        32768     [128, 256, 1, 1]     -0.00343       0.0531
   67                     module.31.batch_norm_31.weight     False          128                [128]         0.49        0.299
   68                       module.31.batch_norm_31.bias     False          128                [128]            0            0
   69                           module.32.conv_32.weight      True       294912     [256, 128, 3, 3]     -0.00146       0.0242
   70                     module.32.batch_norm_32.weight     False          256                [256]        0.511        0.301
   71                       module.32.batch_norm_32.bias     False          256                [256]            0            0
   72                           module.34.conv_34.weight      True        32768     [128, 256, 1, 1]      -0.0023       0.0515
   73                     module.34.batch_norm_34.weight     False          128                [128]        0.542        0.288
   74                       module.34.batch_norm_34.bias     False          128                [128]            0            0
   75                           module.35.conv_35.weight      True       294912     [256, 128, 3, 3]     -0.00128       0.0235
   76                     module.35.batch_norm_35.weight     False          256                [256]        0.494        0.289
   77                       module.35.batch_norm_35.bias     False          256                [256]            0            0
   78                           module.37.conv_37.weight      True  1.17965e+06     [512, 256, 3, 3]     0.000212       0.0202
   79                     module.37.batch_norm_37.weight     False          512                [512]        0.481        0.291
   80                       module.37.batch_norm_37.bias     False          512                [512]            0            0
   81                           module.38.conv_38.weight      True       131072     [256, 512, 1, 1]    -0.000479       0.0287
   82                     module.38.batch_norm_38.weight     False          256                [256]        0.495        0.291
   83                       module.38.batch_norm_38.bias     False          256                [256]            0            0
   84                           module.39.conv_39.weight      True  1.17965e+06     [512, 256, 3, 3]     -0.00095       0.0158
   85                     module.39.batch_norm_39.weight     False          512                [512]        0.498        0.285
   86                       module.39.batch_norm_39.bias     False          512                [512]            0            0
   87                           module.41.conv_41.weight      True       131072     [256, 512, 1, 1]    -0.000741        0.029
   88                     module.41.batch_norm_41.weight     False          256                [256]        0.475        0.292
   89                       module.41.batch_norm_41.bias     False          256                [256]            0            0
   90                           module.42.conv_42.weight      True  1.17965e+06     [512, 256, 3, 3]    -0.000852       0.0151
   91                     module.42.batch_norm_42.weight     False          512                [512]        0.497        0.287
   92                       module.42.batch_norm_42.bias     False          512                [512]            0            0
   93                           module.44.conv_44.weight      True       131072     [256, 512, 1, 1]     -0.00127       0.0309
   94                     module.44.batch_norm_44.weight     False          256                [256]        0.483        0.279
   95                       module.44.batch_norm_44.bias     False          256                [256]            0            0
   96                           module.45.conv_45.weight      True  1.17965e+06     [512, 256, 3, 3]    -0.000867       0.0156
   97                     module.45.batch_norm_45.weight     False          512                [512]        0.505        0.289
   98                       module.45.batch_norm_45.bias     False          512                [512]            0            0
   99                           module.47.conv_47.weight      True       131072     [256, 512, 1, 1]     -0.00123       0.0316
  100                     module.47.batch_norm_47.weight     False          256                [256]        0.505        0.292
  101                       module.47.batch_norm_47.bias     False          256                [256]            0            0
  102                           module.48.conv_48.weight      True  1.17965e+06     [512, 256, 3, 3]     -0.00086       0.0157
  103                     module.48.batch_norm_48.weight     False          512                [512]        0.508        0.286
  104                       module.48.batch_norm_48.bias     False          512                [512]            0            0
  105                           module.50.conv_50.weight      True       131072     [256, 512, 1, 1]     -0.00104       0.0315
  106                     module.50.batch_norm_50.weight     False          256                [256]        0.488        0.298
  107                       module.50.batch_norm_50.bias     False          256                [256]            0            0
  108                           module.51.conv_51.weight      True  1.17965e+06     [512, 256, 3, 3]    -0.000892       0.0151
  109                     module.51.batch_norm_51.weight     False          512                [512]        0.487         0.28
  110                       module.51.batch_norm_51.bias     False          512                [512]            0            0
  111                           module.53.conv_53.weight      True       131072     [256, 512, 1, 1]     -0.00108       0.0315
  112                     module.53.batch_norm_53.weight     False          256                [256]        0.514        0.291
  113                       module.53.batch_norm_53.bias     False          256                [256]            0            0
  114                           module.54.conv_54.weight      True  1.17965e+06     [512, 256, 3, 3]    -0.000778        0.015
  115                     module.54.batch_norm_54.weight     False          512                [512]        0.503        0.297
  116                       module.54.batch_norm_54.bias     False          512                [512]            0            0
  117                           module.56.conv_56.weight      True       131072     [256, 512, 1, 1]    -0.000711        0.032
  118                     module.56.batch_norm_56.weight     False          256                [256]        0.527        0.292
  119                       module.56.batch_norm_56.bias     False          256                [256]            0            0
  120                           module.57.conv_57.weight      True  1.17965e+06     [512, 256, 3, 3]    -0.000773       0.0149
  121                     module.57.batch_norm_57.weight     False          512                [512]        0.494        0.287
  122                       module.57.batch_norm_57.bias     False          512                [512]            0            0
  123                           module.59.conv_59.weight      True       131072     [256, 512, 1, 1]     -0.00149        0.032
  124                     module.59.batch_norm_59.weight     False          256                [256]        0.486        0.298
  125                       module.59.batch_norm_59.bias     False          256                [256]            0            0
  126                           module.60.conv_60.weight      True  1.17965e+06     [512, 256, 3, 3]    -0.000639       0.0147
  127                     module.60.batch_norm_60.weight     False          512                [512]        0.515        0.291
  128                       module.60.batch_norm_60.bias     False          512                [512]            0            0
  129                           module.62.conv_62.weight      True  4.71859e+06    [1024, 512, 3, 3]    -0.000135      0.00976
  130                     module.62.batch_norm_62.weight     False         1024               [1024]        0.512        0.287
  131                       module.62.batch_norm_62.bias     False         1024               [1024]            0            0
  132                           module.63.conv_63.weight      True       524288    [512, 1024, 1, 1]    -0.000282       0.0158
  133                     module.63.batch_norm_63.weight     False          512                [512]        0.522        0.286
  134                       module.63.batch_norm_63.bias     False          512                [512]            0            0
  135                           module.64.conv_64.weight      True  4.71859e+06    [1024, 512, 3, 3]    -0.000399      0.00801
  136                     module.64.batch_norm_64.weight     False         1024               [1024]         0.51        0.286
  137                       module.64.batch_norm_64.bias     False         1024               [1024]            0            0
  138                           module.66.conv_66.weight      True       524288    [512, 1024, 1, 1]    -0.000318       0.0156
  139                     module.66.batch_norm_66.weight     False          512                [512]        0.495        0.284
  140                       module.66.batch_norm_66.bias     False          512                [512]            0            0
  141                           module.67.conv_67.weight      True  4.71859e+06    [1024, 512, 3, 3]    -0.000345      0.00758
  142                     module.67.batch_norm_67.weight     False         1024               [1024]        0.508        0.285
  143                       module.67.batch_norm_67.bias     False         1024               [1024]            0            0
  144                           module.69.conv_69.weight      True       524288    [512, 1024, 1, 1]    -0.000524       0.0157
  145                     module.69.batch_norm_69.weight     False          512                [512]        0.497        0.282
  146                       module.69.batch_norm_69.bias     False          512                [512]            0            0
  147                           module.70.conv_70.weight      True  4.71859e+06    [1024, 512, 3, 3]    -0.000277      0.00744
  148                     module.70.batch_norm_70.weight     False         1024               [1024]          0.5        0.284
  149                       module.70.batch_norm_70.bias     False         1024               [1024]            0            0
  150                           module.72.conv_72.weight      True       524288    [512, 1024, 1, 1]     -0.00025       0.0158
  151                     module.72.batch_norm_72.weight     False          512                [512]        0.523        0.298
  152                       module.72.batch_norm_72.bias     False          512                [512]            0            0
  153                           module.73.conv_73.weight      True  4.71859e+06    [1024, 512, 3, 3]    -0.000305      0.00734
  154                     module.73.batch_norm_73.weight     False         1024               [1024]          0.5        0.291
  155                       module.73.batch_norm_73.bias     False         1024               [1024]            0            0
  156                           module.75.conv_75.weight      True       524288    [512, 1024, 1, 1]     -0.00115       0.0215
  157                     module.75.batch_norm_75.weight     False          512                [512]        0.496        0.293
  158                       module.75.batch_norm_75.bias     False          512                [512]            0            0
  159                           module.76.conv_76.weight      True  4.71859e+06    [1024, 512, 3, 3]    -0.000175      0.00903
  160                     module.76.batch_norm_76.weight     False         1024               [1024]        0.488        0.289
  161                       module.76.batch_norm_76.bias     False         1024               [1024]            0            0
  162                           module.77.conv_77.weight      True       524288    [512, 1024, 1, 1]     -0.00042       0.0199
  163                     module.77.batch_norm_77.weight     False          512                [512]        0.489         0.29
  164                       module.77.batch_norm_77.bias     False          512                [512]            0            0
  165                           module.78.conv_78.weight      True  4.71859e+06    [1024, 512, 3, 3]    -0.000261      0.00924
  166                     module.78.batch_norm_78.weight     False         1024               [1024]        0.498        0.288
  167                       module.78.batch_norm_78.bias     False         1024               [1024]            0            0
  168                           module.79.conv_79.weight      True       524288    [512, 1024, 1, 1]    -0.000943        0.023
  169                     module.79.batch_norm_79.weight     False          512                [512]        0.482         0.29
  170                       module.79.batch_norm_79.bias     False          512                [512]            0            0
  171                           module.80.conv_80.weight      True  4.71859e+06    [1024, 512, 3, 3]    -0.000633      0.00958
  172                     module.80.batch_norm_80.weight     False         1024               [1024]        0.507        0.286
  173                       module.80.batch_norm_80.bias     False         1024               [1024]            0            0
  174                           module.81.conv_81.weight      True        24576     [24, 1024, 1, 1]    -0.000501        0.124
  175                             module.81.conv_81.bias      True           24                 [24]      -0.0588         1.19
  176                           module.83.conv_83.weight      True   2.3593e+06     [512, 512, 3, 3]      6.4e-06      0.00735
  177                             module.83.conv_83.bias      True          512                [512]     -0.00129        0.015
  178                              module.85.yolo_85.s_c      True            1                  [1]        -7.65          nan
  179                              module.85.yolo_85.s_r      True            1                  [1]        -7.45          nan
  180                             module.85.yolo_85.s_id      True            1                  [1]         0.54          nan
  181                           module.87.conv_87.weight      True       131072     [256, 512, 1, 1]     -0.00108       0.0226
  182                     module.87.batch_norm_87.weight     False          256                [256]        0.514        0.283
  183                       module.87.batch_norm_87.bias     False          256                [256]            0            0
  184                           module.90.conv_90.weight      True       196608     [256, 768, 1, 1]     -0.00169       0.0393
  185                     module.90.batch_norm_90.weight     False          256                [256]        0.495        0.306
  186                       module.90.batch_norm_90.bias     False          256                [256]            0            0
  187                           module.91.conv_91.weight      True  1.17965e+06     [512, 256, 3, 3]    -0.000812       0.0194
  188                     module.91.batch_norm_91.weight     False          512                [512]         0.51        0.294
  189                       module.91.batch_norm_91.bias     False          512                [512]            0            0
  190                           module.92.conv_92.weight      True       131072     [256, 512, 1, 1]     -0.00166       0.0412
  191                     module.92.batch_norm_92.weight     False          256                [256]        0.506        0.267
  192                       module.92.batch_norm_92.bias     False          256                [256]            0            0
  193                           module.93.conv_93.weight      True  1.17965e+06     [512, 256, 3, 3]    -0.000816       0.0176
  194                     module.93.batch_norm_93.weight     False          512                [512]        0.501        0.287
  195                       module.93.batch_norm_93.bias     False          512                [512]            0            0
  196                           module.94.conv_94.weight      True       131072     [256, 512, 1, 1]     -0.00196       0.0401
  197                     module.94.batch_norm_94.weight     False          256                [256]        0.496        0.291
  198                       module.94.batch_norm_94.bias     False          256                [256]            0            0
  199                           module.95.conv_95.weight      True  1.17965e+06     [512, 256, 3, 3]     -0.00138       0.0148
  200                     module.95.batch_norm_95.weight     False          512                [512]        0.495        0.291
  201                       module.95.batch_norm_95.bias     False          512                [512]            0            0
  202                           module.96.conv_96.weight      True        12288      [24, 512, 1, 1]    -0.000944        0.147
  203                             module.96.conv_96.bias      True           24                 [24]     -0.00664        0.592
  204                           module.98.conv_98.weight      True  1.17965e+06     [512, 256, 3, 3]     3.29e-06      0.00984
  205                             module.98.conv_98.bias      True          512                [512]     -0.00029       0.0113
  206                            module.100.yolo_100.s_c      True            1                  [1]        -6.99          nan
  207                            module.100.yolo_100.s_r      True            1                  [1]        -6.39          nan
  208                           module.100.yolo_100.s_id      True            1                  [1]        0.957          nan
  209                         module.102.conv_102.weight      True        32768     [128, 256, 1, 1]    -0.000564       0.0433
  210                   module.102.batch_norm_102.weight     False          128                [128]        0.517        0.274
  211                     module.102.batch_norm_102.bias     False          128                [128]            0            0
  212                         module.105.conv_105.weight      True        49152     [128, 384, 1, 1]      -0.0022       0.0617
  213                   module.105.batch_norm_105.weight     False          128                [128]        0.497        0.279
  214                     module.105.batch_norm_105.bias     False          128                [128]            0            0
  215                         module.106.conv_106.weight      True       294912     [256, 128, 3, 3]     -0.00161       0.0304
  216                   module.106.batch_norm_106.weight     False          256                [256]        0.515        0.269
  217                     module.106.batch_norm_106.bias     False          256                [256]            0            0
  218                         module.107.conv_107.weight      True        32768     [128, 256, 1, 1]      -0.0012       0.0638
  219                   module.107.batch_norm_107.weight     False          128                [128]        0.505        0.275
  220                     module.107.batch_norm_107.bias     False          128                [128]            0            0
  221                         module.108.conv_108.weight      True       294912     [256, 128, 3, 3]     -0.00101       0.0281
  222                   module.108.batch_norm_108.weight     False          256                [256]        0.509        0.285
  223                     module.108.batch_norm_108.bias     False          256                [256]            0            0
  224                         module.109.conv_109.weight      True        32768     [128, 256, 1, 1]     -0.00259        0.066
  225                   module.109.batch_norm_109.weight     False          128                [128]        0.494        0.303
  226                     module.109.batch_norm_109.bias     False          128                [128]            0            0
  227                         module.110.conv_110.weight      True       294912     [256, 128, 3, 3]     -0.00195       0.0235
  228                   module.110.batch_norm_110.weight     False          256                [256]        0.468        0.287
  229                     module.110.batch_norm_110.bias     False          256                [256]            0            0
  230                         module.111.conv_111.weight      True         6144      [24, 256, 1, 1]      -0.0019        0.164
  231                           module.111.conv_111.bias      True           24                 [24]       0.0282         1.07
  232                         module.113.conv_113.weight      True       589824     [512, 128, 3, 3]     2.45e-05       0.0165
  233                           module.113.conv_113.bias      True          512                [512]     4.99e-05       0.0179
  234                            module.115.yolo_115.s_c      True            1                  [1]         -8.1          nan
  235                            module.115.yolo_115.s_r      True            1                  [1]        -5.92          nan
  236                           module.115.yolo_115.s_id      True            1                  [1]       -0.459          nan
  237                           module.classifier.weight      True  7.40096e+06         [14455, 512]      4.2e-06       0.0116
Model Summary: 238 layers, 7.30658e+07 parameters, 7.30132e+07 gradients

begin training...
/home/master/koi/Towards-Realtime-MOT/utils/metric.py:120: UserWarning: nn.init.xavier_uniform is now deprecated in favor of nn.init.xavier_uniform_.
  nn.init.xavier_uniform(self.weight)
2020-03-20 05:04:29 [INFO]:    Epoch       Batch       box      conf        id     total  nTargets      time
/home/master/.conda/envs/mot/lib/python3.6/site-packages/torch/nn/parallel/_functions.py:61: UserWarning: Was asked to gather along dimension 0, but all input tensors were scalars; will instead unsqueeze and return a vector.
  warnings.warn('Was asked to gather along dimension 0, but all '
2020-03-20 05:04:43 [INFO]:    60/29      0/6688   0.00451  0.000769      19.2      -9.5        36      14.5
2020-03-20 05:05:03 [INFO]:    60/29     40/6688     0.005   0.00192      21.4     -8.42      18.9     0.289
2020-03-20 05:05:23 [INFO]:    60/29     80/6688   0.00545   0.00203      20.3     -9.17        20     0.278
2020-03-20 05:05:44 [INFO]:    60/29    120/6688    0.0056   0.00213      19.7     -9.67      19.8     0.298
2020-03-20 05:06:03 [INFO]:    60/29    160/6688   0.00562   0.00209      19.1     -10.2      20.4     0.294
2020-03-20 05:06:24 [INFO]:    60/29    200/6688   0.00562   0.00219      18.9     -10.4      19.8     0.286
2020-03-20 05:06:44 [INFO]:    60/29    240/6688   0.00558   0.00208      18.3     -10.9      19.8     0.305
2020-03-20 05:07:04 [INFO]:    60/29    280/6688   0.00563   0.00209      18.1       -11      19.6     0.305
2020-03-20 05:07:24 [INFO]:    60/29    320/6688    0.0056   0.00215      17.7     -11.3      19.4     0.301
2020-03-20 05:07:44 [INFO]:    60/29    360/6688   0.00561    0.0021      17.3     -11.5      19.3     0.298
2020-03-20 05:08:04 [INFO]:    60/29    400/6688   0.00564   0.00209        17     -11.7      19.3      0.29
2020-03-20 05:08:24 [INFO]:    60/29    440/6688   0.00559    0.0021      16.6     -11.9      19.3      0.29
2020-03-20 05:08:44 [INFO]:    60/29    480/6688    0.0056   0.00209      16.4       -12      19.5     0.299
2020-03-20 05:09:04 [INFO]:    60/29    520/6688   0.00559   0.00207        16     -12.2      19.4     0.318
2020-03-20 05:09:24 [INFO]:    60/29    560/6688   0.00564   0.00208      15.9     -12.3      19.4     0.291
2020-03-20 05:09:44 [INFO]:    60/29    600/6688   0.00563   0.00207      15.6     -12.4      19.4     0.297
2020-03-20 05:10:04 [INFO]:    60/29    640/6688   0.00562   0.00205      15.4     -12.5      19.5     0.301
2020-03-20 05:10:24 [INFO]:    60/29    680/6688   0.00563   0.00202      15.2     -12.7      19.6       0.3
2020-03-20 05:10:44 [INFO]:    60/29    720/6688   0.00566   0.00201        15     -12.7      19.6     0.299
2020-03-20 05:11:04 [INFO]:    60/29    760/6688   0.00565     0.002      14.9     -12.8      19.6     0.307
2020-03-20 05:11:24 [INFO]:    60/29    800/6688   0.00566   0.00203      14.7     -12.9      19.6     0.314
2020-03-20 05:11:44 [INFO]:    60/29    840/6688   0.00564   0.00204      14.6     -12.9      19.5      0.29
2020-03-20 05:12:05 [INFO]:    60/29    880/6688   0.00566   0.00213      14.5     -12.9      19.5     0.295
2020-03-20 05:12:25 [INFO]:    60/29    920/6688   0.00566   0.00214      14.4     -12.9      19.5     0.287
2020-03-20 05:12:45 [INFO]:    60/29    960/6688   0.00565   0.00215      14.2       -13      19.5     0.281
2020-03-20 05:13:05 [INFO]:    60/29   1000/6688   0.00564   0.00215      14.1       -13      19.5     0.293
2020-03-20 05:13:25 [INFO]:    60/29   1040/6688   0.00566   0.00215        14     -13.1      19.5     0.295
2020-03-20 05:13:45 [INFO]:    60/29   1080/6688   0.00565   0.00213      13.9     -13.1      19.4     0.325
2020-03-20 05:14:05 [INFO]:    60/29   1120/6688   0.00566   0.00215      13.8     -13.2      19.5     0.307
2020-03-20 05:14:25 [INFO]:    60/29   1160/6688   0.00566   0.00214      13.7     -13.2      19.7       0.3
2020-03-20 05:14:45 [INFO]:    60/29   1200/6688   0.00565   0.00216      13.6     -13.2      19.7     0.275
2020-03-20 05:15:05 [INFO]:    60/29   1240/6688   0.00566   0.00216      13.5     -13.3      19.7     0.292
2020-03-20 05:15:25 [INFO]:    60/29   1280/6688   0.00567   0.00215      13.4     -13.3      19.8     0.296
2020-03-20 05:15:45 [INFO]:    60/29   1320/6688   0.00567   0.00215      13.3     -13.3      19.8     0.308
2020-03-20 05:16:05 [INFO]:    60/29   1360/6688   0.00566   0.00215      13.2     -13.4      19.8     0.289
2020-03-20 05:16:25 [INFO]:    60/29   1400/6688   0.00566   0.00215      13.1     -13.4      19.9     0.304
2020-03-20 05:16:46 [INFO]:    60/29   1440/6688   0.00566   0.00216      13.1     -13.4      19.9     0.299
2020-03-20 05:17:06 [INFO]:    60/29   1480/6688   0.00568   0.00216        13     -13.4      19.9     0.297
2020-03-20 05:17:26 [INFO]:    60/29   1520/6688   0.00568   0.00217        13     -13.5      19.9      0.29
2020-03-20 05:17:46 [INFO]:    60/29   1560/6688   0.00569   0.00217      12.9     -13.5      19.9     0.292
2020-03-20 05:18:06 [INFO]:    60/29   1600/6688   0.00569   0.00217      12.9     -13.5      19.9     0.309
2020-03-20 05:18:26 [INFO]:    60/29   1640/6688    0.0057   0.00217      12.8     -13.5      19.8     0.278
2020-03-20 05:18:46 [INFO]:    60/29   1680/6688   0.00569   0.00216      12.7     -13.6      19.8     0.299
2020-03-20 05:19:06 [INFO]:    60/29   1720/6688    0.0057   0.00216      12.7     -13.6      19.9     0.301
2020-03-20 05:19:26 [INFO]:    60/29   1760/6688   0.00569   0.00216      12.6     -13.6      19.9     0.299
2020-03-20 05:19:46 [INFO]:    60/29   1800/6688    0.0057   0.00215      12.6     -13.6      19.8     0.296
2020-03-20 05:20:07 [INFO]:    60/29   1840/6688   0.00571   0.00216      12.5     -13.6      19.9      0.29
2020-03-20 05:20:27 [INFO]:    60/29   1880/6688    0.0057   0.00215      12.5     -13.7      19.9     0.316
2020-03-20 05:20:47 [INFO]:    60/29   1920/6688    0.0057   0.00214      12.4     -13.7      19.9     0.284
2020-03-20 05:21:07 [INFO]:    60/29   1960/6688   0.00569   0.00214      12.3     -13.7      19.9     0.286
2020-03-20 05:21:27 [INFO]:    60/29   2000/6688   0.00568   0.00213      12.3     -13.7      19.9     0.277
2020-03-20 05:21:47 [INFO]:    60/29   2040/6688   0.00568   0.00213      12.2     -13.8      19.9     0.297
2020-03-20 05:22:07 [INFO]:    60/29   2080/6688   0.00568   0.00212      12.1     -13.8      19.9     0.296
2020-03-20 05:22:28 [INFO]:    60/29   2120/6688   0.00568   0.00212      12.1     -13.8      19.9     0.288
2020-03-20 05:22:48 [INFO]:    60/29   2160/6688   0.00569   0.00212        12     -13.8      19.9     0.289
2020-03-20 05:23:08 [INFO]:    60/29   2200/6688   0.00569   0.00213        12     -13.8      19.9     0.301
2020-03-20 05:23:28 [INFO]:    60/29   2240/6688   0.00571   0.00213        12     -13.8        20     0.294
2020-03-20 05:23:48 [INFO]:    60/29   2280/6688   0.00571   0.00214      11.9     -13.8        20     0.294
2020-03-20 05:24:08 [INFO]:    60/29   2320/6688   0.00571   0.00213      11.9     -13.8        20     0.296
2020-03-20 05:24:28 [INFO]:    60/29   2360/6688   0.00573   0.00214      11.8     -13.9      20.1     0.284
2020-03-20 05:24:48 [INFO]:    60/29   2400/6688   0.00573   0.00214      11.8     -13.9      20.1     0.295
2020-03-20 05:25:08 [INFO]:    60/29   2440/6688   0.00572   0.00214      11.8     -13.9        20     0.293
2020-03-20 05:25:28 [INFO]:    60/29   2480/6688   0.00573   0.00213      11.7     -13.9        20     0.294
2020-03-20 05:25:48 [INFO]:    60/29   2520/6688   0.00572   0.00214      11.7     -13.9        20     0.284
2020-03-20 05:26:09 [INFO]:    60/29   2560/6688   0.00573   0.00215      11.6     -13.9        20     0.299
2020-03-20 05:26:29 [INFO]:    60/29   2600/6688   0.00572   0.00215      11.6     -13.9        20     0.299
2020-03-20 05:26:49 [INFO]:    60/29   2640/6688   0.00572   0.00214      11.6     -13.9      20.1     0.299
2020-03-20 05:27:09 [INFO]:    60/29   2680/6688   0.00571   0.00214      11.5     -13.9      20.1     0.317
2020-03-20 05:27:29 [INFO]:    60/29   2720/6688   0.00571   0.00214      11.5       -14        20     0.286
2020-03-20 05:27:49 [INFO]:    60/29   2760/6688   0.00571   0.00213      11.5       -14        20     0.288
2020-03-20 05:28:09 [INFO]:    60/29   2800/6688    0.0057   0.00213      11.4       -14        20     0.292
2020-03-20 05:28:29 [INFO]:    60/29   2840/6688   0.00571   0.00212      11.4       -14        20     0.297
2020-03-20 05:28:49 [INFO]:    60/29   2880/6688    0.0057   0.00212      11.4       -14        20     0.293
2020-03-20 05:29:09 [INFO]:    60/29   2920/6688   0.00571   0.00212      11.3       -14        20     0.283
2020-03-20 05:29:29 [INFO]:    60/29   2960/6688    0.0057   0.00212      11.3       -14        20     0.296
2020-03-20 05:29:50 [INFO]:    60/29   3000/6688   0.00571   0.00212      11.3       -14      20.1       0.3
2020-03-20 05:30:10 [INFO]:    60/29   3040/6688   0.00571   0.00212      11.2       -14      20.1     0.294
2020-03-20 05:30:30 [INFO]:    60/29   3080/6688   0.00571   0.00212      11.2     -14.1      20.1     0.298
2020-03-20 05:30:50 [INFO]:    60/29   3120/6688   0.00571   0.00211      11.2     -14.1      20.1     0.305
2020-03-20 05:31:10 [INFO]:    60/29   3160/6688    0.0057   0.00211      11.1     -14.1      20.2     0.295
2020-03-20 05:31:30 [INFO]:    60/29   3200/6688    0.0057   0.00211      11.1     -14.1      20.1     0.306
2020-03-20 05:31:50 [INFO]:    60/29   3240/6688   0.00571   0.00211      11.1     -14.1      20.1     0.329
2020-03-20 05:32:10 [INFO]:    60/29   3280/6688   0.00571   0.00211        11     -14.1      20.1     0.296
2020-03-20 05:32:30 [INFO]:    60/29   3320/6688   0.00572   0.00211        11     -14.1      20.1     0.285
2020-03-20 05:32:50 [INFO]:    60/29   3360/6688   0.00571    0.0021        11     -14.1      20.1      0.28
2020-03-20 05:33:10 [INFO]:    60/29   3400/6688   0.00571    0.0021      10.9     -14.1      20.1     0.303
2020-03-20 05:33:30 [INFO]:    60/29   3440/6688   0.00571    0.0021      10.9     -14.2      20.1     0.297
2020-03-20 05:33:51 [INFO]:    60/29   3480/6688    0.0057    0.0021      10.9     -14.2        20     0.299
2020-03-20 05:34:11 [INFO]:    60/29   3520/6688    0.0057   0.00209      10.8     -14.2        20     0.291
2020-03-20 05:34:31 [INFO]:    60/29   3560/6688    0.0057   0.00209      10.8     -14.2        20     0.301
2020-03-20 05:34:51 [INFO]:    60/29   3600/6688    0.0057   0.00209      10.8     -14.2      20.1     0.306
2020-03-20 05:35:11 [INFO]:    60/29   3640/6688    0.0057   0.00209      10.8     -14.2      20.1      0.29
2020-03-20 05:35:31 [INFO]:    60/29   3680/6688    0.0057   0.00209      10.7     -14.2      20.1     0.314
2020-03-20 05:35:51 [INFO]:    60/29   3720/6688   0.00569   0.00209      10.7     -14.2      20.1     0.286
2020-03-20 05:36:11 [INFO]:    60/29   3760/6688   0.00569   0.00209      10.7     -14.2      20.1     0.327
2020-03-20 05:36:31 [INFO]:    60/29   3800/6688   0.00569   0.00209      10.6     -14.2      20.1     0.295
2020-03-20 05:36:51 [INFO]:    60/29   3840/6688   0.00569   0.00209      10.6     -14.2        20      0.31
2020-03-20 05:37:11 [INFO]:    60/29   3880/6688   0.00569   0.00208      10.6     -14.3        20     0.307
2020-03-20 05:37:32 [INFO]:    60/29   3920/6688   0.00569   0.00208      10.6     -14.3        20     0.279
2020-03-20 05:37:52 [INFO]:    60/29   3960/6688   0.00569   0.00208      10.6     -14.3        20     0.304
2020-03-20 05:38:12 [INFO]:    60/29   4000/6688   0.00568   0.00208      10.5     -14.3        20     0.305
2020-03-20 05:38:32 [INFO]:    60/29   4040/6688   0.00569   0.00208      10.5     -14.3        20     0.295
2020-03-20 05:38:52 [INFO]:    60/29   4080/6688   0.00569   0.00208      10.5     -14.3        20     0.322
2020-03-20 05:39:12 [INFO]:    60/29   4120/6688    0.0057   0.00208      10.5     -14.3      20.1      0.29
2020-03-20 05:39:33 [INFO]:    60/29   4160/6688    0.0057   0.00209      10.4     -14.3      20.1     0.305
2020-03-20 05:39:53 [INFO]:    60/29   4200/6688    0.0057    0.0021      10.4     -14.3      20.1     0.311
2020-03-20 05:40:13 [INFO]:    60/29   4240/6688    0.0057   0.00209      10.4     -14.3      20.1     0.298
2020-03-20 05:40:33 [INFO]:    60/29   4280/6688    0.0057   0.00209      10.4     -14.3      20.1     0.293
2020-03-20 05:40:53 [INFO]:    60/29   4320/6688    0.0057    0.0021      10.4     -14.3      20.1     0.322
2020-03-20 05:41:13 [INFO]:    60/29   4360/6688   0.00571    0.0021      10.4     -14.3        20     0.298
2020-03-20 05:41:34 [INFO]:    60/29   4400/6688    0.0057    0.0021      10.3     -14.3        20     0.304
2020-03-20 05:41:54 [INFO]:    60/29   4440/6688    0.0057    0.0021      10.3     -14.3        20     0.291
2020-03-20 05:42:14 [INFO]:    60/29   4480/6688    0.0057    0.0021      10.3     -14.3        20     0.302
2020-03-20 05:42:34 [INFO]:    60/29   4520/6688    0.0057    0.0021      10.3     -14.3      20.1     0.294
2020-03-20 05:42:54 [INFO]:    60/29   4560/6688    0.0057    0.0021      10.3     -14.3        20     0.309
2020-03-20 05:43:14 [INFO]:    60/29   4600/6688    0.0057   0.00209      10.2     -14.3        20     0.282
2020-03-20 05:43:35 [INFO]:    60/29   4640/6688    0.0057   0.00209      10.2     -14.3        20     0.299
2020-03-20 05:43:55 [INFO]:    60/29   4680/6688    0.0057   0.00209      10.2     -14.3        20     0.288
2020-03-20 05:44:15 [INFO]:    60/29   4720/6688   0.00569   0.00209      10.2     -14.4        20     0.294
2020-03-20 05:44:35 [INFO]:    60/29   4760/6688    0.0057    0.0021      10.2     -14.4        20     0.305
2020-03-20 05:44:55 [INFO]:    60/29   4800/6688   0.00569   0.00209      10.2     -14.4        20     0.297
2020-03-20 05:45:15 [INFO]:    60/29   4840/6688   0.00569   0.00209      10.1     -14.4        20     0.315
2020-03-20 05:45:35 [INFO]:    60/29   4880/6688    0.0057   0.00209      10.1     -14.4        20     0.295
2020-03-20 05:45:55 [INFO]:    60/29   4920/6688   0.00569   0.00209      10.1     -14.4        20     0.295
2020-03-20 05:46:16 [INFO]:    60/29   4960/6688    0.0057   0.00209      10.1     -14.4        20     0.308
2020-03-20 05:46:36 [INFO]:    60/29   5000/6688   0.00569   0.00209      10.1     -14.4        20       0.3
2020-03-20 05:46:56 [INFO]:    60/29   5040/6688   0.00569   0.00209      10.1     -14.4      20.1     0.314
2020-03-20 05:47:16 [INFO]:    60/29   5080/6688   0.00569   0.00208        10     -14.4      20.1     0.296
2020-03-20 05:47:36 [INFO]:    60/29   5120/6688   0.00569   0.00208        10     -14.4      20.1     0.299
2020-03-20 05:47:56 [INFO]:    60/29   5160/6688   0.00569   0.00208        10     -14.4      20.1     0.315
2020-03-20 05:48:17 [INFO]:    60/29   5200/6688   0.00569   0.00208        10     -14.4      20.1     0.309
2020-03-20 05:48:37 [INFO]:    60/29   5240/6688   0.00569   0.00208      9.99     -14.4      20.1     0.284
2020-03-20 05:48:57 [INFO]:    60/29   5280/6688   0.00569   0.00208      9.97     -14.4      20.1     0.286
2020-03-20 05:49:17 [INFO]:    60/29   5320/6688   0.00569   0.00207      9.95     -14.4      20.1     0.322
2020-03-20 05:49:37 [INFO]:    60/29   5360/6688   0.00568   0.00207      9.93     -14.4      20.1     0.319
2020-03-20 05:49:58 [INFO]:    60/29   5400/6688   0.00568   0.00207      9.92     -14.4      20.1     0.318
2020-03-20 05:50:18 [INFO]:    60/29   5440/6688   0.00569   0.00207      9.91     -14.4      20.1     0.314
2020-03-20 05:50:38 [INFO]:    60/29   5480/6688   0.00568   0.00207       9.9     -14.4      20.1     0.307
2020-03-20 05:50:59 [INFO]:    60/29   5520/6688   0.00568   0.00207      9.88     -14.5      20.1     0.311
2020-03-20 05:51:19 [INFO]:    60/29   5560/6688   0.00568   0.00207      9.87     -14.5      20.1     0.283
2020-03-20 05:51:39 [INFO]:    60/29   5600/6688   0.00568   0.00207      9.87     -14.5      20.1      0.31
2020-03-20 05:51:59 [INFO]:    60/29   5640/6688   0.00568   0.00207      9.85     -14.5        20     0.302
2020-03-20 05:52:19 [INFO]:    60/29   5680/6688   0.00568   0.00207      9.83     -14.5        20     0.299
2020-03-20 05:52:39 [INFO]:    60/29   5720/6688   0.00568   0.00207      9.82     -14.5        20       0.3
2020-03-20 05:53:00 [INFO]:    60/29   5760/6688   0.00568   0.00207      9.81     -14.5        20     0.317
2020-03-20 05:53:20 [INFO]:    60/29   5800/6688   0.00568   0.00207       9.8     -14.5      20.1       0.3
2020-03-20 05:53:40 [INFO]:    60/29   5840/6688   0.00568   0.00207      9.78     -14.5        20     0.312
2020-03-20 05:54:00 [INFO]:    60/29   5880/6688   0.00568   0.00207      9.77     -14.5        20     0.296
2020-03-20 05:54:20 [INFO]:    60/29   5920/6688   0.00567   0.00207      9.76     -14.5        20     0.369
2020-03-20 05:54:41 [INFO]:    60/29   5960/6688   0.00567   0.00207      9.74     -14.5        20     0.282
2020-03-20 05:55:01 [INFO]:    60/29   6000/6688   0.00568   0.00207      9.73     -14.5        20     0.325
2020-03-20 05:55:21 [INFO]:    60/29   6040/6688   0.00568   0.00207      9.72     -14.5        20      0.31
2020-03-20 05:55:42 [INFO]:    60/29   6080/6688   0.00568   0.00207       9.7     -14.5        20     0.308
2020-03-20 05:56:02 [INFO]:    60/29   6120/6688   0.00568   0.00207       9.7     -14.5      20.1     0.301
2020-03-20 05:56:22 [INFO]:    60/29   6160/6688   0.00568   0.00206      9.68     -14.5        20     0.314
2020-03-20 05:56:42 [INFO]:    60/29   6200/6688   0.00568   0.00206      9.67     -14.5        20     0.297
2020-03-20 05:57:03 [INFO]:    60/29   6240/6688   0.00567   0.00206      9.65     -14.5      20.1     0.311
2020-03-20 05:57:23 [INFO]:    60/29   6280/6688   0.00568   0.00206      9.65     -14.5        20     0.307
2020-03-20 05:57:43 [INFO]:    60/29   6320/6688   0.00568   0.00206      9.64     -14.5        20     0.303
2020-03-20 05:58:03 [INFO]:    60/29   6360/6688   0.00568   0.00206      9.62     -14.5        20     0.272
2020-03-20 05:58:23 [INFO]:    60/29   6400/6688   0.00567   0.00206      9.61     -14.5        20     0.282
2020-03-20 05:58:44 [INFO]:    60/29   6440/6688   0.00567   0.00206      9.59     -14.5        20     0.291
2020-03-20 05:59:04 [INFO]:    60/29   6480/6688   0.00567   0.00205      9.58     -14.5        20     0.361
2020-03-20 05:59:24 [INFO]:    60/29   6520/6688   0.00567   0.00206      9.57     -14.6        20     0.333
2020-03-20 05:59:45 [INFO]:    60/29   6560/6688   0.00567   0.00206      9.55     -14.6        20      0.29
2020-03-20 06:00:05 [INFO]:    60/29   6600/6688   0.00567   0.00206      9.54     -14.6        20     0.292
2020-03-20 06:00:25 [INFO]:    60/29   6640/6688   0.00567   0.00205      9.53     -14.6        20     0.305
2020-03-20 06:00:45 [INFO]:    60/29   6680/6688   0.00567   0.00205      9.51     -14.6        20     0.301
2020-03-20 06:00:54 [INFO]:    Epoch       Batch       box      conf        id     total  nTargets      time
2020-03-20 06:00:58 [INFO]:    61/29      0/6688   0.00596   0.00625      6.11       -12        17      8.37
2020-03-20 06:01:19 [INFO]:    61/29     40/6688   0.00577   0.00205      6.84     -15.2      19.8      0.31
2020-03-20 06:01:39 [INFO]:    61/29     80/6688   0.00565   0.00215       6.8     -15.2      20.3     0.297
2020-03-20 06:02:00 [INFO]:    61/29    120/6688   0.00578   0.00225      6.69     -15.1        21     0.332
2020-03-20 06:02:21 [INFO]:    61/29    160/6688   0.00569   0.00231      6.52     -15.1      21.7     0.316
2020-03-20 06:02:41 [INFO]:    61/29    200/6688   0.00557   0.00223      6.63     -15.2      21.5     0.318
2020-03-20 06:03:02 [INFO]:    61/29    240/6688   0.00561   0.00216      6.66     -15.2      21.6     0.321
2020-03-20 06:03:22 [INFO]:    61/29    280/6688   0.00561    0.0021      6.58     -15.3      21.5     0.326
2020-03-20 06:03:43 [INFO]:    61/29    320/6688   0.00566   0.00207      6.64     -15.3      21.5     0.307
2020-03-20 06:04:04 [INFO]:    61/29    360/6688   0.00561   0.00209      6.54     -15.3      21.1     0.319
2020-03-20 06:04:24 [INFO]:    61/29    400/6688    0.0056   0.00203      6.57     -15.3        21     0.313
2020-03-20 06:04:44 [INFO]:    61/29    440/6688   0.00559     0.002      6.58     -15.4        21     0.281
2020-03-20 06:05:05 [INFO]:    61/29    480/6688   0.00555   0.00197      6.64     -15.4      20.8     0.312
2020-03-20 06:05:25 [INFO]:    61/29    520/6688   0.00554   0.00197      6.67     -15.4      20.8     0.302
2020-03-20 06:05:46 [INFO]:    61/29    560/6688   0.00558     0.002      6.66     -15.4        21     0.333
2020-03-20 06:06:06 [INFO]:    61/29    600/6688   0.00562   0.00204      6.69     -15.3        21     0.312
2020-03-20 06:06:26 [INFO]:    61/29    640/6688   0.00561   0.00203      6.66     -15.3      20.8     0.299
2020-03-20 06:06:47 [INFO]:    61/29    680/6688   0.00562   0.00202       6.7     -15.3      20.6     0.319
2020-03-20 06:07:07 [INFO]:    61/29    720/6688   0.00563   0.00202      6.73     -15.3      20.4     0.315
2020-03-20 06:07:27 [INFO]:    61/29    760/6688   0.00562   0.00202      6.76     -15.3      20.3     0.309
2020-03-20 06:07:47 [INFO]:    61/29    800/6688   0.00564   0.00202      6.74     -15.3      20.4     0.309
2020-03-20 06:08:08 [INFO]:    61/29    840/6688   0.00565   0.00204      6.77     -15.3      20.4       0.3
2020-03-20 06:08:28 [INFO]:    61/29    880/6688   0.00566   0.00203      6.78     -15.3      20.4     0.298
2020-03-20 06:08:49 [INFO]:    61/29    920/6688   0.00564   0.00203      6.73     -15.3      20.4     0.298
2020-03-20 06:09:09 [INFO]:    61/29    960/6688   0.00565   0.00202      6.71     -15.3      20.3     0.316
2020-03-20 06:09:29 [INFO]:    61/29   1000/6688   0.00564   0.00202      6.74     -15.3      20.3     0.301
2020-03-20 06:09:49 [INFO]:    61/29   1040/6688   0.00562     0.002      6.73     -15.3      20.3     0.298
2020-03-20 06:10:10 [INFO]:    61/29   1080/6688   0.00563   0.00202      6.72     -15.3      20.3     0.306
2020-03-20 06:10:30 [INFO]:    61/29   1120/6688   0.00565   0.00203      6.74     -15.3      20.2     0.319
2020-03-20 06:10:50 [INFO]:    61/29   1160/6688   0.00566   0.00204      6.76     -15.2      20.2      0.32
2020-03-20 06:11:11 [INFO]:    61/29   1200/6688   0.00565   0.00204      6.74     -15.3      20.3     0.303
2020-03-20 06:11:31 [INFO]:    61/29   1240/6688   0.00564   0.00202      6.74     -15.3      20.2     0.311
2020-03-20 06:11:51 [INFO]:    61/29   1280/6688   0.00565   0.00202      6.71     -15.3      20.2     0.297
2020-03-20 06:12:12 [INFO]:    61/29   1320/6688   0.00564   0.00201       6.7     -15.3      20.2     0.297
2020-03-20 06:12:32 [INFO]:    61/29   1360/6688   0.00565     0.002      6.73     -15.3      20.2     0.313
2020-03-20 06:12:52 [INFO]:    61/29   1400/6688   0.00565     0.002      6.73     -15.3      20.2     0.299
2020-03-20 06:13:12 [INFO]:    61/29   1440/6688   0.00565     0.002      6.72     -15.3      20.1     0.316
2020-03-20 06:13:33 [INFO]:    61/29   1480/6688   0.00564     0.002      6.71     -15.3      20.1     0.298
2020-03-20 06:13:53 [INFO]:    61/29   1520/6688   0.00562   0.00199      6.72     -15.3        20     0.295
2020-03-20 06:14:14 [INFO]:    61/29   1560/6688   0.00561   0.00199      6.72     -15.3        20     0.303
2020-03-20 06:14:34 [INFO]:    61/29   1600/6688    0.0056   0.00198      6.69     -15.3        20     0.321
2020-03-20 06:14:54 [INFO]:    61/29   1640/6688   0.00561   0.00198      6.69     -15.3        20       0.3
2020-03-20 06:15:14 [INFO]:    61/29   1680/6688   0.00562   0.00198       6.7     -15.3        20     0.327
2020-03-20 06:15:34 [INFO]:    61/29   1720/6688   0.00563   0.00198       6.7     -15.3        20     0.293
2020-03-20 06:15:55 [INFO]:    61/29   1760/6688   0.00562   0.00198      6.68     -15.3        20     0.301
2020-03-20 06:16:15 [INFO]:    61/29   1800/6688   0.00562   0.00199      6.67     -15.3        20     0.297
2020-03-20 06:16:35 [INFO]:    61/29   1840/6688   0.00561   0.00199      6.66     -15.3        20     0.295
2020-03-20 06:16:55 [INFO]:    61/29   1880/6688   0.00563   0.00199      6.66     -15.3      20.1     0.294
2020-03-20 06:17:16 [INFO]:    61/29   1920/6688   0.00564     0.002      6.68     -15.3      20.1      0.31
2020-03-20 06:17:36 [INFO]:    61/29   1960/6688   0.00564     0.002      6.68     -15.3        20     0.295
2020-03-20 06:17:56 [INFO]:    61/29   2000/6688   0.00563   0.00199      6.67     -15.3        20     0.305
2020-03-20 06:18:17 [INFO]:    61/29   2040/6688   0.00561   0.00199      6.66     -15.3      19.9     0.322
2020-03-20 06:18:37 [INFO]:    61/29   2080/6688   0.00562   0.00199      6.66     -15.3        20     0.303
2020-03-20 06:18:57 [INFO]:    61/29   2120/6688   0.00562   0.00199      6.68     -15.3        20     0.316
2020-03-20 06:19:17 [INFO]:    61/29   2160/6688   0.00563   0.00198      6.68     -15.3        20     0.313
2020-03-20 06:19:38 [INFO]:    61/29   2200/6688   0.00563   0.00199      6.68     -15.3        20     0.317
2020-03-20 06:19:58 [INFO]:    61/29   2240/6688   0.00563   0.00199      6.68     -15.3        20     0.309
2020-03-20 06:20:19 [INFO]:    61/29   2280/6688   0.00562   0.00199      6.69     -15.3        20     0.312
2020-03-20 06:20:39 [INFO]:    61/29   2320/6688   0.00563   0.00198      6.69     -15.3        20     0.304
2020-03-20 06:20:59 [INFO]:    61/29   2360/6688   0.00562   0.00198      6.68     -15.3        20     0.302
2020-03-20 06:21:19 [INFO]:    61/29   2400/6688   0.00562   0.00198      6.68     -15.3        20     0.294
2020-03-20 06:21:40 [INFO]:    61/29   2440/6688   0.00562   0.00199      6.67     -15.3      20.1      0.29
2020-03-20 06:22:00 [INFO]:    61/29   2480/6688   0.00562   0.00198      6.69     -15.3        20     0.302
2020-03-20 06:22:20 [INFO]:    61/29   2520/6688   0.00562   0.00198       6.7     -15.3        20     0.297
2020-03-20 06:22:41 [INFO]:    61/29   2560/6688   0.00562   0.00199       6.7     -15.3        20     0.297
2020-03-20 06:23:01 [INFO]:    61/29   2600/6688   0.00561   0.00199      6.69     -15.3        20     0.292
2020-03-20 06:23:21 [INFO]:    61/29   2640/6688   0.00561   0.00199       6.7     -15.3        20     0.297
2020-03-20 06:23:41 [INFO]:    61/29   2680/6688    0.0056   0.00199       6.7     -15.3        20     0.299
2020-03-20 06:24:02 [INFO]:    61/29   2720/6688    0.0056   0.00199      6.69     -15.3        20     0.316
2020-03-20 06:24:22 [INFO]:    61/29   2760/6688    0.0056   0.00199       6.7     -15.3        20     0.303
2020-03-20 06:24:42 [INFO]:    61/29   2800/6688    0.0056   0.00198      6.69     -15.3        20      0.29
2020-03-20 06:25:02 [INFO]:    61/29   2840/6688   0.00561   0.00199      6.69     -15.3        20     0.304
2020-03-20 06:25:23 [INFO]:    61/29   2880/6688   0.00561   0.00199      6.68     -15.3        20     0.301
2020-03-20 06:25:43 [INFO]:    61/29   2920/6688    0.0056   0.00199      6.67     -15.3        20       0.3
2020-03-20 06:26:03 [INFO]:    61/29   2960/6688   0.00561   0.00199      6.68     -15.3        20     0.322
2020-03-20 06:26:24 [INFO]:    61/29   3000/6688   0.00561   0.00199      6.67     -15.3        20     0.303
2020-03-20 06:26:44 [INFO]:    61/29   3040/6688    0.0056   0.00199      6.66     -15.3        20     0.293
2020-03-20 06:27:04 [INFO]:    61/29   3080/6688    0.0056   0.00198      6.64     -15.3        20      0.31
2020-03-20 06:27:25 [INFO]:    61/29   3120/6688   0.00559   0.00198      6.64     -15.3        20     0.325
2020-03-20 06:27:45 [INFO]:    61/29   3160/6688   0.00559   0.00198      6.63     -15.3        20     0.298
2020-03-20 06:28:05 [INFO]:    61/29   3200/6688    0.0056   0.00198      6.62     -15.3        20     0.314
2020-03-20 06:28:25 [INFO]:    61/29   3240/6688    0.0056   0.00198      6.62     -15.3      19.9     0.292
2020-03-20 06:28:46 [INFO]:    61/29   3280/6688   0.00561   0.00199      6.62     -15.3        20     0.303
2020-03-20 06:29:06 [INFO]:    61/29   3320/6688    0.0056   0.00199       6.6     -15.3        20      0.31
2020-03-20 06:29:26 [INFO]:    61/29   3360/6688   0.00561   0.00199       6.6     -15.3        20     0.302
2020-03-20 06:29:47 [INFO]:    61/29   3400/6688    0.0056   0.00199       6.6     -15.3        20     0.295
2020-03-20 06:30:07 [INFO]:    61/29   3440/6688   0.00562     0.002      6.61     -15.3      20.1     0.319
2020-03-20 06:30:27 [INFO]:    61/29   3480/6688   0.00562     0.002      6.62     -15.3      20.1     0.309
2020-03-20 06:30:48 [INFO]:    61/29   3520/6688   0.00562     0.002      6.62     -15.3        20     0.298
2020-03-20 06:31:08 [INFO]:    61/29   3560/6688   0.00562     0.002      6.62     -15.3      20.1     0.308
2020-03-20 06:31:28 [INFO]:    61/29   3600/6688   0.00563     0.002      6.61     -15.3      20.1     0.319
2020-03-20 06:31:48 [INFO]:    61/29   3640/6688   0.00563     0.002      6.62     -15.3      20.1     0.306
2020-03-20 06:32:09 [INFO]:    61/29   3680/6688   0.00563     0.002      6.62     -15.3      20.1     0.303
2020-03-20 06:32:29 [INFO]:    61/29   3720/6688   0.00563   0.00201      6.62     -15.3      20.1     0.293
2020-03-20 06:32:49 [INFO]:    61/29   3760/6688   0.00563   0.00201      6.62     -15.3      20.1      0.32
2020-03-20 06:33:10 [INFO]:    61/29   3800/6688   0.00563   0.00201      6.61     -15.3        20     0.306
2020-03-20 06:33:30 [INFO]:    61/29   3840/6688   0.00564   0.00201      6.61     -15.3      20.1     0.315
2020-03-20 06:33:50 [INFO]:    61/29   3880/6688   0.00564   0.00201      6.61     -15.3        20       0.3
2020-03-20 06:34:10 [INFO]:    61/29   3920/6688   0.00564   0.00201      6.61     -15.3        20     0.298
2020-03-20 06:34:31 [INFO]:    61/29   3960/6688   0.00563   0.00201      6.61     -15.3        20     0.306
2020-03-20 06:34:51 [INFO]:    61/29   4000/6688   0.00564   0.00202      6.61     -15.3        20     0.314
2020-03-20 06:35:11 [INFO]:    61/29   4040/6688   0.00564   0.00201       6.6     -15.3        20     0.312
2020-03-20 06:35:32 [INFO]:    61/29   4080/6688   0.00564   0.00201       6.6     -15.3        20     0.305
2020-03-20 06:35:52 [INFO]:    61/29   4120/6688   0.00564   0.00201      6.59     -15.3        20     0.303
2020-03-20 06:36:12 [INFO]:    61/29   4160/6688   0.00564   0.00201      6.59     -15.3        20     0.307
2020-03-20 06:36:33 [INFO]:    61/29   4200/6688   0.00564   0.00202      6.59     -15.3        20     0.301
2020-03-20 06:36:53 [INFO]:    61/29   4240/6688   0.00564   0.00202      6.59     -15.3      20.1       0.3
2020-03-20 06:37:13 [INFO]:    61/29   4280/6688   0.00564   0.00201      6.58     -15.3        20     0.306
2020-03-20 06:37:34 [INFO]:    61/29   4320/6688   0.00564   0.00201      6.58     -15.3        20     0.333
2020-03-20 06:37:54 [INFO]:    61/29   4360/6688   0.00564   0.00201      6.58     -15.3      20.1     0.318
2020-03-20 06:38:14 [INFO]:    61/29   4400/6688   0.00564   0.00201      6.57     -15.3      20.1     0.309
2020-03-20 06:38:35 [INFO]:    61/29   4440/6688   0.00564   0.00201      6.57     -15.3      20.1     0.305
2020-03-20 06:38:55 [INFO]:    61/29   4480/6688   0.00563   0.00201      6.57     -15.3      20.1     0.294
2020-03-20 06:39:15 [INFO]:    61/29   4520/6688   0.00563   0.00201      6.56     -15.3      20.1     0.311
2020-03-20 06:39:36 [INFO]:    61/29   4560/6688   0.00563   0.00201      6.56     -15.3      20.1     0.299
2020-03-20 06:39:56 [INFO]:    61/29   4600/6688   0.00562   0.00201      6.55     -15.3      20.1     0.293
2020-03-20 06:40:16 [INFO]:    61/29   4640/6688   0.00562   0.00201      6.55     -15.3      20.1     0.304
2020-03-20 06:40:36 [INFO]:    61/29   4680/6688   0.00562   0.00201      6.56     -15.3      20.1     0.305
2020-03-20 06:40:57 [INFO]:    61/29   4720/6688   0.00562   0.00201      6.55     -15.3      20.1     0.308
2020-03-20 06:41:17 [INFO]:    61/29   4760/6688   0.00562   0.00202      6.55     -15.3      20.1     0.305
2020-03-20 06:41:37 [INFO]:    61/29   4800/6688   0.00562   0.00201      6.55     -15.3        20     0.308
2020-03-20 06:41:57 [INFO]:    61/29   4840/6688   0.00562   0.00201      6.55     -15.3        20      0.33
2020-03-20 06:42:17 [INFO]:    61/29   4880/6688   0.00561   0.00202      6.54     -15.3        20      0.31
2020-03-20 06:42:38 [INFO]:    61/29   4920/6688   0.00562   0.00202      6.54     -15.3        20      0.34
2020-03-20 06:42:58 [INFO]:    61/29   4960/6688   0.00562   0.00201      6.54     -15.3        20     0.314
2020-03-20 06:43:18 [INFO]:    61/29   5000/6688   0.00561   0.00201      6.53     -15.3        20     0.309
2020-03-20 06:43:39 [INFO]:    61/29   5040/6688   0.00561   0.00202      6.53     -15.3        20     0.308
2020-03-20 06:43:59 [INFO]:    61/29   5080/6688   0.00561   0.00201      6.53     -15.3        20      0.29
2020-03-20 06:44:19 [INFO]:    61/29   5120/6688   0.00561   0.00201      6.53     -15.4        20     0.291
2020-03-20 06:44:40 [INFO]:    61/29   5160/6688   0.00561   0.00201      6.52     -15.4        20     0.325
2020-03-20 06:45:00 [INFO]:    61/29   5200/6688   0.00561     0.002      6.52     -15.4        20     0.288
2020-03-20 06:45:20 [INFO]:    61/29   5240/6688   0.00562   0.00201      6.52     -15.4        20     0.311
2020-03-20 06:45:40 [INFO]:    61/29   5280/6688   0.00561   0.00201      6.52     -15.4        20     0.306
2020-03-20 06:46:01 [INFO]:    61/29   5320/6688   0.00561     0.002      6.51     -15.4        20     0.304
2020-03-20 06:46:21 [INFO]:    61/29   5360/6688   0.00561     0.002      6.51     -15.4        20     0.309
2020-03-20 06:46:41 [INFO]:    61/29   5400/6688   0.00561     0.002      6.51     -15.4        20     0.305
2020-03-20 06:47:02 [INFO]:    61/29   5440/6688   0.00561     0.002      6.51     -15.4        20     0.305
2020-03-20 06:47:22 [INFO]:    61/29   5480/6688   0.00561     0.002      6.51     -15.4        20     0.313
2020-03-20 06:47:42 [INFO]:    61/29   5520/6688   0.00561   0.00201       6.5     -15.4        20     0.316
2020-03-20 06:48:02 [INFO]:    61/29   5560/6688   0.00561     0.002       6.5     -15.4        20     0.314
2020-03-20 06:48:22 [INFO]:    61/29   5600/6688   0.00561     0.002       6.5     -15.4        20     0.316
2020-03-20 06:48:43 [INFO]:    61/29   5640/6688   0.00561   0.00201       6.5     -15.4        20     0.297
2020-03-20 06:49:03 [INFO]:    61/29   5680/6688   0.00561   0.00201       6.5     -15.4        20     0.298
2020-03-20 06:49:23 [INFO]:    61/29   5720/6688   0.00561   0.00201       6.5     -15.4        20     0.301
2020-03-20 06:49:43 [INFO]:    61/29   5760/6688   0.00561   0.00201       6.5     -15.4        20     0.317
2020-03-20 06:50:04 [INFO]:    61/29   5800/6688   0.00561   0.00201       6.5     -15.4        20     0.313
2020-03-20 06:50:24 [INFO]:    61/29   5840/6688   0.00561   0.00201       6.5     -15.4        20     0.307
2020-03-20 06:50:45 [INFO]:    61/29   5880/6688   0.00561   0.00201      6.49     -15.4        20     0.322
2020-03-20 06:51:05 [INFO]:    61/29   5920/6688   0.00561   0.00201      6.49     -15.4        20     0.309
2020-03-20 06:51:25 [INFO]:    61/29   5960/6688   0.00561   0.00201      6.49     -15.4        20      0.32
2020-03-20 06:51:45 [INFO]:    61/29   6000/6688   0.00561   0.00201      6.49     -15.4        20     0.285
2020-03-20 06:52:06 [INFO]:    61/29   6040/6688   0.00561   0.00201      6.48     -15.4        20     0.299
2020-03-20 06:52:26 [INFO]:    61/29   6080/6688    0.0056   0.00201      6.48     -15.4        20     0.306
2020-03-20 06:52:46 [INFO]:    61/29   6120/6688    0.0056     0.002      6.47     -15.4        20     0.307
2020-03-20 06:53:07 [INFO]:    61/29   6160/6688    0.0056   0.00201      6.47     -15.4        20     0.291
2020-03-20 06:53:27 [INFO]:    61/29   6200/6688    0.0056   0.00201      6.47     -15.4        20      0.32
2020-03-20 06:53:47 [INFO]:    61/29   6240/6688    0.0056   0.00201      6.46     -15.4        20     0.306
2020-03-20 06:54:07 [INFO]:    61/29   6280/6688    0.0056   0.00201      6.46     -15.4        20     0.305
2020-03-20 06:54:28 [INFO]:    61/29   6320/6688    0.0056   0.00201      6.46     -15.4        20     0.304
2020-03-20 06:54:48 [INFO]:    61/29   6360/6688    0.0056   0.00201      6.45     -15.4        20     0.301
2020-03-20 06:55:08 [INFO]:    61/29   6400/6688    0.0056   0.00201      6.45     -15.4        20     0.297
2020-03-20 06:55:28 [INFO]:    61/29   6440/6688    0.0056     0.002      6.45     -15.4        20       0.3
2020-03-20 06:55:49 [INFO]:    61/29   6480/6688    0.0056     0.002      6.45     -15.4        20     0.315
2020-03-20 06:56:09 [INFO]:    61/29   6520/6688   0.00559   0.00201      6.45     -15.4        20      0.31
2020-03-20 06:56:30 [INFO]:    61/29   6560/6688    0.0056     0.002      6.45     -15.4        20     0.318
2020-03-20 06:56:50 [INFO]:    61/29   6600/6688   0.00559     0.002      6.45     -15.4        20      0.31
2020-03-20 06:57:10 [INFO]:    61/29   6640/6688    0.0056     0.002      6.45     -15.4        20     0.298
2020-03-20 06:57:30 [INFO]:    61/29   6680/6688   0.00559     0.002      6.44     -15.4        20     0.279
2020-03-20 06:57:35 [INFO]:    Epoch       Batch       box      conf        id     total  nTargets      time
2020-03-20 06:57:39 [INFO]:    62/29      0/6688   0.00376   0.00115      5.27       -17        27      5.27
2020-03-20 06:58:01 [INFO]:    62/29     40/6688    0.0058   0.00193      4.88     -15.7      21.4      0.33
2020-03-20 06:58:22 [INFO]:    62/29     80/6688   0.00574   0.00204      5.08     -15.6      20.5     0.313
2020-03-20 06:58:42 [INFO]:    62/29    120/6688   0.00575   0.00207      5.37     -15.6        21     0.324
2020-03-20 06:59:03 [INFO]:    62/29    160/6688    0.0057   0.00213       5.5     -15.5      20.6     0.318
2020-03-20 06:59:23 [INFO]:    62/29    200/6688   0.00562   0.00203      5.56     -15.6      20.1     0.295
2020-03-20 06:59:44 [INFO]:    62/29    240/6688   0.00555   0.00201      5.51     -15.6        20     0.323
